[2025-01-03T14:56:22.149+0000] {local_task_job_runner.py:120} INFO - ::group::Pre task execution logs
[2025-01-03T14:56:22.204+0000] {taskinstance.py:2076} INFO - Dependencies all met for dep_context=non-requeueable deps ti=<TaskInstance: spark_submit_example.spark_submit_task manual__2025-01-03T14:55:30.992888+00:00 [queued]>
[2025-01-03T14:56:22.215+0000] {taskinstance.py:2076} INFO - Dependencies all met for dep_context=requeueable deps ti=<TaskInstance: spark_submit_example.spark_submit_task manual__2025-01-03T14:55:30.992888+00:00 [queued]>
[2025-01-03T14:56:22.216+0000] {taskinstance.py:2306} INFO - Starting attempt 2 of 3
[2025-01-03T14:56:22.254+0000] {taskinstance.py:2330} INFO - Executing <Task(SparkSubmitOperator): spark_submit_task> on 2025-01-03 14:55:30.992888+00:00
[2025-01-03T14:56:22.259+0000] {standard_task_runner.py:63} INFO - Started process 1019 to run task
[2025-01-03T14:56:22.262+0000] {standard_task_runner.py:90} INFO - Running: ['***', 'tasks', 'run', 'spark_submit_example', 'spark_submit_task', 'manual__2025-01-03T14:55:30.992888+00:00', '--job-id', '35', '--raw', '--subdir', 'DAGS_FOLDER/teste_dag.py', '--cfg-path', '/tmp/tmp9wnqh3ia']
[2025-01-03T14:56:22.264+0000] {standard_task_runner.py:91} INFO - Job 35: Subtask spark_submit_task
[2025-01-03T14:56:22.517+0000] {task_command.py:426} INFO - Running <TaskInstance: spark_submit_example.spark_submit_task manual__2025-01-03T14:55:30.992888+00:00 [running]> on host a850abd09b12
[2025-01-03T14:56:22.627+0000] {taskinstance.py:2648} INFO - Exporting env vars: AIRFLOW_CTX_DAG_OWNER='***' AIRFLOW_CTX_DAG_ID='spark_submit_example' AIRFLOW_CTX_TASK_ID='spark_submit_task' AIRFLOW_CTX_EXECUTION_DATE='2025-01-03T14:55:30.992888+00:00' AIRFLOW_CTX_TRY_NUMBER='2' AIRFLOW_CTX_DAG_RUN_ID='manual__2025-01-03T14:55:30.992888+00:00'
[2025-01-03T14:56:22.628+0000] {taskinstance.py:430} INFO - ::endgroup::
[2025-01-03T14:56:22.650+0000] {base.py:84} INFO - Using connection ID 'spark_default' for task execution.
[2025-01-03T14:56:22.651+0000] {spark_submit.py:328} ERROR - Failed to decode base64 keytab: Incorrect padding
[2025-01-03T14:56:22.651+0000] {spark_submit.py:305} INFO - Could not load connection string spark_default, defaulting to spark-master:7077
[2025-01-03T14:56:22.652+0000] {spark_submit.py:474} INFO - Spark-Submit cmd: spark-submit --master spark-master:7077 --conf spark.executor.memory=2g --conf spark.executor.cores=2 --principal *** --name arrow-spark --verbose --deploy-mode client /spark_job/printspark.py
[2025-01-03T14:56:22.739+0000] {spark_submit.py:641} INFO - /home/***/.local/lib/python3.11/site-packages/pyspark/bin/load-spark-env.sh: line 68: ps: command not found
[2025-01-03T14:56:23.945+0000] {spark_submit.py:641} INFO - Using properties file: null
[2025-01-03T14:56:24.100+0000] {spark_submit.py:641} INFO - Parsed arguments:
[2025-01-03T14:56:24.101+0000] {spark_submit.py:641} INFO - master                  spark-master:7077
[2025-01-03T14:56:24.101+0000] {spark_submit.py:641} INFO - remote                  null
[2025-01-03T14:56:24.102+0000] {spark_submit.py:641} INFO - deployMode              client
[2025-01-03T14:56:24.102+0000] {spark_submit.py:641} INFO - executorMemory          2g
[2025-01-03T14:56:24.103+0000] {spark_submit.py:641} INFO - executorCores           2
[2025-01-03T14:56:24.103+0000] {spark_submit.py:641} INFO - totalExecutorCores      null
[2025-01-03T14:56:24.104+0000] {spark_submit.py:641} INFO - propertiesFile          null
[2025-01-03T14:56:24.105+0000] {spark_submit.py:641} INFO - driverMemory            null
[2025-01-03T14:56:24.105+0000] {spark_submit.py:641} INFO - driverCores             null
[2025-01-03T14:56:24.105+0000] {spark_submit.py:641} INFO - driverExtraClassPath    null
[2025-01-03T14:56:24.106+0000] {spark_submit.py:641} INFO - driverExtraLibraryPath  null
[2025-01-03T14:56:24.107+0000] {spark_submit.py:641} INFO - driverExtraJavaOptions  null
[2025-01-03T14:56:24.107+0000] {spark_submit.py:641} INFO - supervise               false
[2025-01-03T14:56:24.107+0000] {spark_submit.py:641} INFO - queue                   null
[2025-01-03T14:56:24.108+0000] {spark_submit.py:641} INFO - numExecutors            null
[2025-01-03T14:56:24.108+0000] {spark_submit.py:641} INFO - files                   null
[2025-01-03T14:56:24.109+0000] {spark_submit.py:641} INFO - pyFiles                 null
[2025-01-03T14:56:24.110+0000] {spark_submit.py:641} INFO - archives                null
[2025-01-03T14:56:24.110+0000] {spark_submit.py:641} INFO - mainClass               null
[2025-01-03T14:56:24.112+0000] {spark_submit.py:641} INFO - primaryResource         file:/spark_job/printspark.py
[2025-01-03T14:56:24.113+0000] {spark_submit.py:641} INFO - name                    arrow-spark
[2025-01-03T14:56:24.114+0000] {spark_submit.py:641} INFO - childArgs               []
[2025-01-03T14:56:24.114+0000] {spark_submit.py:641} INFO - jars                    null
[2025-01-03T14:56:24.115+0000] {spark_submit.py:641} INFO - packages                null
[2025-01-03T14:56:24.115+0000] {spark_submit.py:641} INFO - packagesExclusions      null
[2025-01-03T14:56:24.116+0000] {spark_submit.py:641} INFO - repositories            null
[2025-01-03T14:56:24.117+0000] {spark_submit.py:641} INFO - verbose                 true
[2025-01-03T14:56:24.118+0000] {spark_submit.py:641} INFO - 
[2025-01-03T14:56:24.119+0000] {spark_submit.py:641} INFO - Spark properties used, including those specified through
[2025-01-03T14:56:24.120+0000] {spark_submit.py:641} INFO - --conf and those from the properties file null:
[2025-01-03T14:56:24.120+0000] {spark_submit.py:641} INFO - (spark.executor.cores,2)
[2025-01-03T14:56:24.121+0000] {spark_submit.py:641} INFO - (spark.executor.memory,2g)
[2025-01-03T14:56:24.122+0000] {spark_submit.py:641} INFO - 
[2025-01-03T14:56:24.122+0000] {spark_submit.py:641} INFO - 
[2025-01-03T14:56:24.437+0000] {spark_submit.py:641} INFO - Main class:
[2025-01-03T14:56:24.438+0000] {spark_submit.py:641} INFO - org.apache.spark.deploy.PythonRunner
[2025-01-03T14:56:24.439+0000] {spark_submit.py:641} INFO - Arguments:
[2025-01-03T14:56:24.439+0000] {spark_submit.py:641} INFO - file:/spark_job/printspark.py
[2025-01-03T14:56:24.439+0000] {spark_submit.py:641} INFO - null
[2025-01-03T14:56:24.440+0000] {spark_submit.py:641} INFO - Spark config:
[2025-01-03T14:56:24.441+0000] {spark_submit.py:641} INFO - (spark.app.name,arrow-spark)
[2025-01-03T14:56:24.441+0000] {spark_submit.py:641} INFO - (spark.app.submitTime,1735916184410)
[2025-01-03T14:56:24.441+0000] {spark_submit.py:641} INFO - (spark.executor.cores,2)
[2025-01-03T14:56:24.442+0000] {spark_submit.py:641} INFO - (spark.executor.memory,2g)
[2025-01-03T14:56:24.442+0000] {spark_submit.py:641} INFO - (spark.kerberos.principal,***)
[2025-01-03T14:56:24.442+0000] {spark_submit.py:641} INFO - (spark.master,spark-master:7077)
[2025-01-03T14:56:24.443+0000] {spark_submit.py:641} INFO - (spark.submit.deployMode,client)
[2025-01-03T14:56:24.443+0000] {spark_submit.py:641} INFO - (spark.submit.pyFiles,)
[2025-01-03T14:56:24.443+0000] {spark_submit.py:641} INFO - Classpath elements:
[2025-01-03T14:56:24.444+0000] {spark_submit.py:641} INFO - 
[2025-01-03T14:56:24.444+0000] {spark_submit.py:641} INFO - 
[2025-01-03T14:56:24.445+0000] {spark_submit.py:641} INFO - 
[2025-01-03T14:56:25.760+0000] {spark_submit.py:641} INFO - 25/01/03 14:56:25 INFO SparkContext: Running Spark version 3.5.4
[2025-01-03T14:56:25.762+0000] {spark_submit.py:641} INFO - 25/01/03 14:56:25 INFO SparkContext: OS info Linux, 5.15.153.1-microsoft-standard-WSL2, amd64
[2025-01-03T14:56:25.763+0000] {spark_submit.py:641} INFO - 25/01/03 14:56:25 INFO SparkContext: Java version 17.0.13
[2025-01-03T14:56:25.816+0000] {spark_submit.py:641} INFO - 25/01/03 14:56:25 WARN NativeCodeLoader: Unable to load native-hadoop library for your platform... using builtin-java classes where applicable
[2025-01-03T14:56:25.922+0000] {spark_submit.py:641} INFO - 25/01/03 14:56:25 INFO ResourceUtils: ==============================================================
[2025-01-03T14:56:25.923+0000] {spark_submit.py:641} INFO - 25/01/03 14:56:25 INFO ResourceUtils: No custom resources configured for spark.driver.
[2025-01-03T14:56:25.926+0000] {spark_submit.py:641} INFO - 25/01/03 14:56:25 INFO ResourceUtils: ==============================================================
[2025-01-03T14:56:25.927+0000] {spark_submit.py:641} INFO - 25/01/03 14:56:25 INFO SparkContext: Submitted application: WordCount
[2025-01-03T14:56:25.951+0000] {spark_submit.py:641} INFO - 25/01/03 14:56:25 INFO ResourceProfile: Default ResourceProfile created, executor resources: Map(cores -> name: cores, amount: 2, script: , vendor: , memory -> name: memory, amount: 2048, script: , vendor: , offHeap -> name: offHeap, amount: 0, script: , vendor: ), task resources: Map(cpus -> name: cpus, amount: 1.0)
[2025-01-03T14:56:25.966+0000] {spark_submit.py:641} INFO - 25/01/03 14:56:25 INFO ResourceProfile: Limiting resource is cpus at 2 tasks per executor
[2025-01-03T14:56:25.968+0000] {spark_submit.py:641} INFO - 25/01/03 14:56:25 INFO ResourceProfileManager: Added ResourceProfile id: 0
[2025-01-03T14:56:26.013+0000] {spark_submit.py:641} INFO - 25/01/03 14:56:26 INFO SecurityManager: Changing view acls to: ***
[2025-01-03T14:56:26.013+0000] {spark_submit.py:641} INFO - 25/01/03 14:56:26 INFO SecurityManager: Changing modify acls to: ***
[2025-01-03T14:56:26.014+0000] {spark_submit.py:641} INFO - 25/01/03 14:56:26 INFO SecurityManager: Changing view acls groups to:
[2025-01-03T14:56:26.014+0000] {spark_submit.py:641} INFO - 25/01/03 14:56:26 INFO SecurityManager: Changing modify acls groups to:
[2025-01-03T14:56:26.015+0000] {spark_submit.py:641} INFO - 25/01/03 14:56:26 INFO SecurityManager: SecurityManager: authentication disabled; ui acls disabled; users with view permissions: ***; groups with view permissions: EMPTY; users with modify permissions: ***; groups with modify permissions: EMPTY
[2025-01-03T14:56:26.241+0000] {spark_submit.py:641} INFO - 25/01/03 14:56:26 INFO Utils: Successfully started service 'sparkDriver' on port 37409.
[2025-01-03T14:56:26.282+0000] {spark_submit.py:641} INFO - 25/01/03 14:56:26 INFO SparkEnv: Registering MapOutputTracker
[2025-01-03T14:56:26.323+0000] {spark_submit.py:641} INFO - 25/01/03 14:56:26 INFO SparkEnv: Registering BlockManagerMaster
[2025-01-03T14:56:26.340+0000] {spark_submit.py:641} INFO - 25/01/03 14:56:26 INFO BlockManagerMasterEndpoint: Using org.apache.spark.storage.DefaultTopologyMapper for getting topology information
[2025-01-03T14:56:26.341+0000] {spark_submit.py:641} INFO - 25/01/03 14:56:26 INFO BlockManagerMasterEndpoint: BlockManagerMasterEndpoint up
[2025-01-03T14:56:26.345+0000] {spark_submit.py:641} INFO - 25/01/03 14:56:26 INFO SparkEnv: Registering BlockManagerMasterHeartbeat
[2025-01-03T14:56:26.372+0000] {spark_submit.py:641} INFO - 25/01/03 14:56:26 INFO DiskBlockManager: Created local directory at /tmp/blockmgr-f825fa46-61a1-4b4e-a3b9-0c6b1318abe9
[2025-01-03T14:56:26.387+0000] {spark_submit.py:641} INFO - 25/01/03 14:56:26 INFO MemoryStore: MemoryStore started with capacity 434.4 MiB
[2025-01-03T14:56:26.413+0000] {spark_submit.py:641} INFO - 25/01/03 14:56:26 INFO SparkEnv: Registering OutputCommitCoordinator
[2025-01-03T14:56:26.528+0000] {spark_submit.py:641} INFO - 25/01/03 14:56:26 INFO JettyUtils: Start Jetty 0.0.0.0:4040 for SparkUI
[2025-01-03T14:56:26.586+0000] {spark_submit.py:641} INFO - 25/01/03 14:56:26 INFO Utils: Successfully started service 'SparkUI' on port 4040.
[2025-01-03T14:56:26.744+0000] {spark_submit.py:641} INFO - 25/01/03 14:56:26 INFO StandaloneAppClient$ClientEndpoint: Connecting to master spark://spark-master:7077...
[2025-01-03T14:56:26.795+0000] {spark_submit.py:641} INFO - 25/01/03 14:56:26 INFO TransportClientFactory: Successfully created connection to spark-master/172.18.0.7:7077 after 29 ms (0 ms spent in bootstraps)
[2025-01-03T14:56:26.908+0000] {spark_submit.py:641} INFO - 25/01/03 14:56:26 INFO StandaloneSchedulerBackend: Connected to Spark cluster with app ID app-20250103145626-0002
[2025-01-03T14:56:26.914+0000] {spark_submit.py:641} INFO - 25/01/03 14:56:26 INFO StandaloneAppClient$ClientEndpoint: Executor added: app-20250103145626-0002/0 on worker-20250103145208-172.18.0.6-45559 (172.18.0.6:45559) with 2 core(s)
[2025-01-03T14:56:26.927+0000] {spark_submit.py:641} INFO - 25/01/03 14:56:26 INFO StandaloneSchedulerBackend: Granted executor ID app-20250103145626-0002/0 on hostPort 172.18.0.6:45559 with 2 core(s), 2.0 GiB RAM
[2025-01-03T14:56:26.929+0000] {spark_submit.py:641} INFO - 25/01/03 14:56:26 INFO StandaloneAppClient$ClientEndpoint: Executor added: app-20250103145626-0002/1 on worker-20250103145208-172.18.0.4-33891 (172.18.0.4:33891) with 2 core(s)
[2025-01-03T14:56:26.931+0000] {spark_submit.py:641} INFO - 25/01/03 14:56:26 INFO StandaloneSchedulerBackend: Granted executor ID app-20250103145626-0002/1 on hostPort 172.18.0.4:33891 with 2 core(s), 2.0 GiB RAM
[2025-01-03T14:56:26.943+0000] {spark_submit.py:641} INFO - 25/01/03 14:56:26 INFO Utils: Successfully started service 'org.apache.spark.network.netty.NettyBlockTransferService' on port 45121.
[2025-01-03T14:56:26.945+0000] {spark_submit.py:641} INFO - 25/01/03 14:56:26 INFO NettyBlockTransferService: Server created on a850abd09b12:45121
[2025-01-03T14:56:26.947+0000] {spark_submit.py:641} INFO - 25/01/03 14:56:26 INFO BlockManager: Using org.apache.spark.storage.RandomBlockReplicationPolicy for block replication policy
[2025-01-03T14:56:26.964+0000] {spark_submit.py:641} INFO - 25/01/03 14:56:26 INFO BlockManagerMaster: Registering BlockManager BlockManagerId(driver, a850abd09b12, 45121, None)
[2025-01-03T14:56:26.987+0000] {spark_submit.py:641} INFO - 25/01/03 14:56:26 INFO BlockManagerMasterEndpoint: Registering block manager a850abd09b12:45121 with 434.4 MiB RAM, BlockManagerId(driver, a850abd09b12, 45121, None)
[2025-01-03T14:56:26.988+0000] {spark_submit.py:641} INFO - 25/01/03 14:56:26 INFO BlockManagerMaster: Registered BlockManager BlockManagerId(driver, a850abd09b12, 45121, None)
[2025-01-03T14:56:26.990+0000] {spark_submit.py:641} INFO - 25/01/03 14:56:26 INFO BlockManager: Initialized BlockManager: BlockManagerId(driver, a850abd09b12, 45121, None)
[2025-01-03T14:56:27.011+0000] {spark_submit.py:641} INFO - 25/01/03 14:56:27 INFO StandaloneAppClient$ClientEndpoint: Executor updated: app-20250103145626-0002/0 is now RUNNING
[2025-01-03T14:56:27.024+0000] {spark_submit.py:641} INFO - 25/01/03 14:56:27 INFO StandaloneAppClient$ClientEndpoint: Executor updated: app-20250103145626-0002/1 is now RUNNING
[2025-01-03T14:56:27.283+0000] {spark_submit.py:641} INFO - 25/01/03 14:56:27 INFO StandaloneSchedulerBackend: SchedulerBackend is ready for scheduling beginning after reached minRegisteredResourcesRatio: 0.0
[2025-01-03T14:56:29.758+0000] {spark_submit.py:641} INFO - Traceback (most recent call last):
[2025-01-03T14:56:29.758+0000] {spark_submit.py:641} INFO - File "/spark_job/printspark.py", line 21, in <module>
[2025-01-03T14:56:29.775+0000] {spark_submit.py:641} INFO - text_file = spark.read.text(input_path)
[2025-01-03T14:56:29.776+0000] {spark_submit.py:641} INFO - ^^^^^^^^^^^^^^^^^^^^^^^^^^^
[2025-01-03T14:56:29.776+0000] {spark_submit.py:641} INFO - File "/home/***/.local/lib/python3.11/site-packages/pyspark/python/lib/pyspark.zip/pyspark/sql/readwriter.py", line 615, in text
[2025-01-03T14:56:29.777+0000] {spark_submit.py:641} INFO - File "/home/***/.local/lib/python3.11/site-packages/pyspark/python/lib/py4j-0.10.9.7-src.zip/py4j/java_gateway.py", line 1322, in __call__
[2025-01-03T14:56:29.777+0000] {spark_submit.py:641} INFO - File "/home/***/.local/lib/python3.11/site-packages/pyspark/python/lib/pyspark.zip/pyspark/errors/exceptions/captured.py", line 185, in deco
[2025-01-03T14:56:29.830+0000] {spark_submit.py:641} INFO - pyspark.errors.exceptions.captured.AnalysisException: [PATH_NOT_FOUND] Path does not exist: file:/spark-job/input.txt.
[2025-01-03T14:56:30.143+0000] {taskinstance.py:441} INFO - ::group::Post task execution logs
[2025-01-03T14:56:30.157+0000] {taskinstance.py:2905} ERROR - Task failed with exception
Traceback (most recent call last):
  File "/home/airflow/.local/lib/python3.11/site-packages/airflow/models/taskinstance.py", line 465, in _execute_task
    result = _execute_callable(context=context, **execute_callable_kwargs)
             ^^^^^^^^^^^^^^^^^^^^^^^^^^^^^^^^^^^^^^^^^^^^^^^^^^^^^^^^^^^^^
  File "/home/airflow/.local/lib/python3.11/site-packages/airflow/models/taskinstance.py", line 432, in _execute_callable
    return execute_callable(context=context, **execute_callable_kwargs)
           ^^^^^^^^^^^^^^^^^^^^^^^^^^^^^^^^^^^^^^^^^^^^^^^^^^^^^^^^^^^^
  File "/home/airflow/.local/lib/python3.11/site-packages/airflow/models/baseoperator.py", line 401, in wrapper
    return func(self, *args, **kwargs)
           ^^^^^^^^^^^^^^^^^^^^^^^^^^^
  File "/home/airflow/.local/lib/python3.11/site-packages/airflow/providers/apache/spark/operators/spark_submit.py", line 177, in execute
    self._hook.submit(self.application)
  File "/home/airflow/.local/lib/python3.11/site-packages/airflow/providers/apache/spark/hooks/spark_submit.py", line 567, in submit
    raise AirflowException(
airflow.exceptions.AirflowException: Cannot execute: spark-submit --master spark-master:7077 --conf spark.executor.memory=2g --conf spark.executor.cores=2 --principal *** --name arrow-spark --verbose --deploy-mode client /spark_job/printspark.py. Error code is: 1.
[2025-01-03T14:56:30.163+0000] {taskinstance.py:1206} INFO - Marking task as UP_FOR_RETRY. dag_id=spark_submit_example, task_id=spark_submit_task, run_id=manual__2025-01-03T14:55:30.992888+00:00, execution_date=20250103T145530, start_date=20250103T145622, end_date=20250103T145630
[2025-01-03T14:56:30.194+0000] {standard_task_runner.py:110} ERROR - Failed to execute job 35 for task spark_submit_task (Cannot execute: spark-submit --master spark-master:7077 --conf spark.executor.memory=2g --conf spark.executor.cores=2 --principal *** --name arrow-spark --verbose --deploy-mode client /spark_job/printspark.py. Error code is: 1.; 1019)
[2025-01-03T14:56:30.229+0000] {local_task_job_runner.py:240} INFO - Task exited with return code 1
[2025-01-03T14:56:30.253+0000] {taskinstance.py:3503} INFO - 0 downstream tasks scheduled from follow-on schedule check
[2025-01-03T14:56:30.303+0000] {local_task_job_runner.py:222} INFO - ::endgroup::
