[2025-01-03T14:57:56.526+0000] {local_task_job_runner.py:120} INFO - ::group::Pre task execution logs
[2025-01-03T14:57:56.563+0000] {taskinstance.py:2076} INFO - Dependencies all met for dep_context=non-requeueable deps ti=<TaskInstance: spark_submit_example.spark_submit_task manual__2025-01-03T14:55:30.992888+00:00 [queued]>
[2025-01-03T14:57:56.570+0000] {taskinstance.py:2076} INFO - Dependencies all met for dep_context=requeueable deps ti=<TaskInstance: spark_submit_example.spark_submit_task manual__2025-01-03T14:55:30.992888+00:00 [queued]>
[2025-01-03T14:57:56.571+0000] {taskinstance.py:2306} INFO - Starting attempt 3 of 4
[2025-01-03T14:57:56.596+0000] {taskinstance.py:2330} INFO - Executing <Task(SparkSubmitOperator): spark_submit_task> on 2025-01-03 14:55:30.992888+00:00
[2025-01-03T14:57:56.601+0000] {standard_task_runner.py:63} INFO - Started process 1170 to run task
[2025-01-03T14:57:56.604+0000] {standard_task_runner.py:90} INFO - Running: ['***', 'tasks', 'run', 'spark_submit_example', 'spark_submit_task', 'manual__2025-01-03T14:55:30.992888+00:00', '--job-id', '36', '--raw', '--subdir', 'DAGS_FOLDER/teste_dag.py', '--cfg-path', '/tmp/tmp0_i87zwg']
[2025-01-03T14:57:56.607+0000] {standard_task_runner.py:91} INFO - Job 36: Subtask spark_submit_task
[2025-01-03T14:57:56.821+0000] {task_command.py:426} INFO - Running <TaskInstance: spark_submit_example.spark_submit_task manual__2025-01-03T14:55:30.992888+00:00 [running]> on host a850abd09b12
[2025-01-03T14:57:56.918+0000] {taskinstance.py:2648} INFO - Exporting env vars: AIRFLOW_CTX_DAG_OWNER='***' AIRFLOW_CTX_DAG_ID='spark_submit_example' AIRFLOW_CTX_TASK_ID='spark_submit_task' AIRFLOW_CTX_EXECUTION_DATE='2025-01-03T14:55:30.992888+00:00' AIRFLOW_CTX_TRY_NUMBER='3' AIRFLOW_CTX_DAG_RUN_ID='manual__2025-01-03T14:55:30.992888+00:00'
[2025-01-03T14:57:56.919+0000] {taskinstance.py:430} INFO - ::endgroup::
[2025-01-03T14:57:56.940+0000] {base.py:84} INFO - Using connection ID 'spark_default' for task execution.
[2025-01-03T14:57:56.941+0000] {spark_submit.py:328} ERROR - Failed to decode base64 keytab: Incorrect padding
[2025-01-03T14:57:56.941+0000] {spark_submit.py:305} INFO - Could not load connection string spark_default, defaulting to spark-master:7077
[2025-01-03T14:57:56.942+0000] {spark_submit.py:474} INFO - Spark-Submit cmd: spark-submit --master spark-master:7077 --conf spark.executor.memory=2g --conf spark.executor.cores=2 --principal *** --name arrow-spark --verbose --deploy-mode client /spark_job/printspark.py
[2025-01-03T14:57:57.028+0000] {spark_submit.py:641} INFO - /home/***/.local/lib/python3.11/site-packages/pyspark/bin/load-spark-env.sh: line 68: ps: command not found
[2025-01-03T14:57:58.378+0000] {spark_submit.py:641} INFO - Using properties file: null
[2025-01-03T14:57:58.538+0000] {spark_submit.py:641} INFO - Parsed arguments:
[2025-01-03T14:57:58.539+0000] {spark_submit.py:641} INFO - master                  spark-master:7077
[2025-01-03T14:57:58.540+0000] {spark_submit.py:641} INFO - remote                  null
[2025-01-03T14:57:58.540+0000] {spark_submit.py:641} INFO - deployMode              client
[2025-01-03T14:57:58.541+0000] {spark_submit.py:641} INFO - executorMemory          2g
[2025-01-03T14:57:58.541+0000] {spark_submit.py:641} INFO - executorCores           2
[2025-01-03T14:57:58.542+0000] {spark_submit.py:641} INFO - totalExecutorCores      null
[2025-01-03T14:57:58.542+0000] {spark_submit.py:641} INFO - propertiesFile          null
[2025-01-03T14:57:58.542+0000] {spark_submit.py:641} INFO - driverMemory            null
[2025-01-03T14:57:58.543+0000] {spark_submit.py:641} INFO - driverCores             null
[2025-01-03T14:57:58.543+0000] {spark_submit.py:641} INFO - driverExtraClassPath    null
[2025-01-03T14:57:58.543+0000] {spark_submit.py:641} INFO - driverExtraLibraryPath  null
[2025-01-03T14:57:58.544+0000] {spark_submit.py:641} INFO - driverExtraJavaOptions  null
[2025-01-03T14:57:58.544+0000] {spark_submit.py:641} INFO - supervise               false
[2025-01-03T14:57:58.544+0000] {spark_submit.py:641} INFO - queue                   null
[2025-01-03T14:57:58.545+0000] {spark_submit.py:641} INFO - numExecutors            null
[2025-01-03T14:57:58.545+0000] {spark_submit.py:641} INFO - files                   null
[2025-01-03T14:57:58.545+0000] {spark_submit.py:641} INFO - pyFiles                 null
[2025-01-03T14:57:58.545+0000] {spark_submit.py:641} INFO - archives                null
[2025-01-03T14:57:58.546+0000] {spark_submit.py:641} INFO - mainClass               null
[2025-01-03T14:57:58.546+0000] {spark_submit.py:641} INFO - primaryResource         file:/spark_job/printspark.py
[2025-01-03T14:57:58.546+0000] {spark_submit.py:641} INFO - name                    arrow-spark
[2025-01-03T14:57:58.547+0000] {spark_submit.py:641} INFO - childArgs               []
[2025-01-03T14:57:58.547+0000] {spark_submit.py:641} INFO - jars                    null
[2025-01-03T14:57:58.547+0000] {spark_submit.py:641} INFO - packages                null
[2025-01-03T14:57:58.547+0000] {spark_submit.py:641} INFO - packagesExclusions      null
[2025-01-03T14:57:58.548+0000] {spark_submit.py:641} INFO - repositories            null
[2025-01-03T14:57:58.548+0000] {spark_submit.py:641} INFO - verbose                 true
[2025-01-03T14:57:58.548+0000] {spark_submit.py:641} INFO - 
[2025-01-03T14:57:58.549+0000] {spark_submit.py:641} INFO - Spark properties used, including those specified through
[2025-01-03T14:57:58.549+0000] {spark_submit.py:641} INFO - --conf and those from the properties file null:
[2025-01-03T14:57:58.549+0000] {spark_submit.py:641} INFO - (spark.executor.cores,2)
[2025-01-03T14:57:58.549+0000] {spark_submit.py:641} INFO - (spark.executor.memory,2g)
[2025-01-03T14:57:58.550+0000] {spark_submit.py:641} INFO - 
[2025-01-03T14:57:58.550+0000] {spark_submit.py:641} INFO - 
[2025-01-03T14:57:58.824+0000] {spark_submit.py:641} INFO - Main class:
[2025-01-03T14:57:58.825+0000] {spark_submit.py:641} INFO - org.apache.spark.deploy.PythonRunner
[2025-01-03T14:57:58.826+0000] {spark_submit.py:641} INFO - Arguments:
[2025-01-03T14:57:58.827+0000] {spark_submit.py:641} INFO - file:/spark_job/printspark.py
[2025-01-03T14:57:58.827+0000] {spark_submit.py:641} INFO - null
[2025-01-03T14:57:58.827+0000] {spark_submit.py:641} INFO - Spark config:
[2025-01-03T14:57:58.828+0000] {spark_submit.py:641} INFO - (spark.app.name,arrow-spark)
[2025-01-03T14:57:58.828+0000] {spark_submit.py:641} INFO - (spark.app.submitTime,1735916278798)
[2025-01-03T14:57:58.829+0000] {spark_submit.py:641} INFO - (spark.executor.cores,2)
[2025-01-03T14:57:58.829+0000] {spark_submit.py:641} INFO - (spark.executor.memory,2g)
[2025-01-03T14:57:58.829+0000] {spark_submit.py:641} INFO - (spark.kerberos.principal,***)
[2025-01-03T14:57:58.830+0000] {spark_submit.py:641} INFO - (spark.master,spark-master:7077)
[2025-01-03T14:57:58.830+0000] {spark_submit.py:641} INFO - (spark.submit.deployMode,client)
[2025-01-03T14:57:58.830+0000] {spark_submit.py:641} INFO - (spark.submit.pyFiles,)
[2025-01-03T14:57:58.831+0000] {spark_submit.py:641} INFO - Classpath elements:
[2025-01-03T14:57:58.833+0000] {spark_submit.py:641} INFO - 
[2025-01-03T14:57:58.834+0000] {spark_submit.py:641} INFO - 
[2025-01-03T14:57:58.834+0000] {spark_submit.py:641} INFO - 
[2025-01-03T14:58:00.036+0000] {spark_submit.py:641} INFO - 25/01/03 14:58:00 INFO SparkContext: Running Spark version 3.5.4
[2025-01-03T14:58:00.038+0000] {spark_submit.py:641} INFO - 25/01/03 14:58:00 INFO SparkContext: OS info Linux, 5.15.153.1-microsoft-standard-WSL2, amd64
[2025-01-03T14:58:00.039+0000] {spark_submit.py:641} INFO - 25/01/03 14:58:00 INFO SparkContext: Java version 17.0.13
[2025-01-03T14:58:00.113+0000] {spark_submit.py:641} INFO - 25/01/03 14:58:00 WARN NativeCodeLoader: Unable to load native-hadoop library for your platform... using builtin-java classes where applicable
[2025-01-03T14:58:00.220+0000] {spark_submit.py:641} INFO - 25/01/03 14:58:00 INFO ResourceUtils: ==============================================================
[2025-01-03T14:58:00.221+0000] {spark_submit.py:641} INFO - 25/01/03 14:58:00 INFO ResourceUtils: No custom resources configured for spark.driver.
[2025-01-03T14:58:00.221+0000] {spark_submit.py:641} INFO - 25/01/03 14:58:00 INFO ResourceUtils: ==============================================================
[2025-01-03T14:58:00.222+0000] {spark_submit.py:641} INFO - 25/01/03 14:58:00 INFO SparkContext: Submitted application: WordCount
[2025-01-03T14:58:00.242+0000] {spark_submit.py:641} INFO - 25/01/03 14:58:00 INFO ResourceProfile: Default ResourceProfile created, executor resources: Map(cores -> name: cores, amount: 2, script: , vendor: , memory -> name: memory, amount: 2048, script: , vendor: , offHeap -> name: offHeap, amount: 0, script: , vendor: ), task resources: Map(cpus -> name: cpus, amount: 1.0)
[2025-01-03T14:58:00.253+0000] {spark_submit.py:641} INFO - 25/01/03 14:58:00 INFO ResourceProfile: Limiting resource is cpus at 2 tasks per executor
[2025-01-03T14:58:00.255+0000] {spark_submit.py:641} INFO - 25/01/03 14:58:00 INFO ResourceProfileManager: Added ResourceProfile id: 0
[2025-01-03T14:58:00.317+0000] {spark_submit.py:641} INFO - 25/01/03 14:58:00 INFO SecurityManager: Changing view acls to: ***
[2025-01-03T14:58:00.317+0000] {spark_submit.py:641} INFO - 25/01/03 14:58:00 INFO SecurityManager: Changing modify acls to: ***
[2025-01-03T14:58:00.318+0000] {spark_submit.py:641} INFO - 25/01/03 14:58:00 INFO SecurityManager: Changing view acls groups to:
[2025-01-03T14:58:00.319+0000] {spark_submit.py:641} INFO - 25/01/03 14:58:00 INFO SecurityManager: Changing modify acls groups to:
[2025-01-03T14:58:00.320+0000] {spark_submit.py:641} INFO - 25/01/03 14:58:00 INFO SecurityManager: SecurityManager: authentication disabled; ui acls disabled; users with view permissions: ***; groups with view permissions: EMPTY; users with modify permissions: ***; groups with modify permissions: EMPTY
[2025-01-03T14:58:00.544+0000] {spark_submit.py:641} INFO - 25/01/03 14:58:00 INFO Utils: Successfully started service 'sparkDriver' on port 41517.
[2025-01-03T14:58:00.572+0000] {spark_submit.py:641} INFO - 25/01/03 14:58:00 INFO SparkEnv: Registering MapOutputTracker
[2025-01-03T14:58:00.614+0000] {spark_submit.py:641} INFO - 25/01/03 14:58:00 INFO SparkEnv: Registering BlockManagerMaster
[2025-01-03T14:58:00.630+0000] {spark_submit.py:641} INFO - 25/01/03 14:58:00 INFO BlockManagerMasterEndpoint: Using org.apache.spark.storage.DefaultTopologyMapper for getting topology information
[2025-01-03T14:58:00.631+0000] {spark_submit.py:641} INFO - 25/01/03 14:58:00 INFO BlockManagerMasterEndpoint: BlockManagerMasterEndpoint up
[2025-01-03T14:58:00.635+0000] {spark_submit.py:641} INFO - 25/01/03 14:58:00 INFO SparkEnv: Registering BlockManagerMasterHeartbeat
[2025-01-03T14:58:00.655+0000] {spark_submit.py:641} INFO - 25/01/03 14:58:00 INFO DiskBlockManager: Created local directory at /tmp/blockmgr-5f909de7-5f17-441b-9a1c-3db3c21b0459
[2025-01-03T14:58:00.668+0000] {spark_submit.py:641} INFO - 25/01/03 14:58:00 INFO MemoryStore: MemoryStore started with capacity 434.4 MiB
[2025-01-03T14:58:00.684+0000] {spark_submit.py:641} INFO - 25/01/03 14:58:00 INFO SparkEnv: Registering OutputCommitCoordinator
[2025-01-03T14:58:00.814+0000] {spark_submit.py:641} INFO - 25/01/03 14:58:00 INFO JettyUtils: Start Jetty 0.0.0.0:4040 for SparkUI
[2025-01-03T14:58:00.871+0000] {spark_submit.py:641} INFO - 25/01/03 14:58:00 INFO Utils: Successfully started service 'SparkUI' on port 4040.
[2025-01-03T14:58:01.013+0000] {spark_submit.py:641} INFO - 25/01/03 14:58:01 INFO StandaloneAppClient$ClientEndpoint: Connecting to master spark://spark-master:7077...
[2025-01-03T14:58:01.061+0000] {spark_submit.py:641} INFO - 25/01/03 14:58:01 INFO TransportClientFactory: Successfully created connection to spark-master/172.18.0.7:7077 after 24 ms (0 ms spent in bootstraps)
[2025-01-03T14:58:01.174+0000] {spark_submit.py:641} INFO - 25/01/03 14:58:01 INFO StandaloneSchedulerBackend: Connected to Spark cluster with app ID app-20250103145801-0003
[2025-01-03T14:58:01.196+0000] {spark_submit.py:641} INFO - 25/01/03 14:58:01 INFO StandaloneAppClient$ClientEndpoint: Executor added: app-20250103145801-0003/0 on worker-20250103145208-172.18.0.6-45559 (172.18.0.6:45559) with 2 core(s)
[2025-01-03T14:58:01.202+0000] {spark_submit.py:641} INFO - 25/01/03 14:58:01 INFO StandaloneSchedulerBackend: Granted executor ID app-20250103145801-0003/0 on hostPort 172.18.0.6:45559 with 2 core(s), 2.0 GiB RAM
[2025-01-03T14:58:01.203+0000] {spark_submit.py:641} INFO - 25/01/03 14:58:01 INFO StandaloneAppClient$ClientEndpoint: Executor added: app-20250103145801-0003/1 on worker-20250103145208-172.18.0.4-33891 (172.18.0.4:33891) with 2 core(s)
[2025-01-03T14:58:01.207+0000] {spark_submit.py:641} INFO - 25/01/03 14:58:01 INFO StandaloneSchedulerBackend: Granted executor ID app-20250103145801-0003/1 on hostPort 172.18.0.4:33891 with 2 core(s), 2.0 GiB RAM
[2025-01-03T14:58:01.257+0000] {spark_submit.py:641} INFO - 25/01/03 14:58:01 INFO Utils: Successfully started service 'org.apache.spark.network.netty.NettyBlockTransferService' on port 35315.
[2025-01-03T14:58:01.258+0000] {spark_submit.py:641} INFO - 25/01/03 14:58:01 INFO NettyBlockTransferService: Server created on a850abd09b12:35315
[2025-01-03T14:58:01.260+0000] {spark_submit.py:641} INFO - 25/01/03 14:58:01 INFO BlockManager: Using org.apache.spark.storage.RandomBlockReplicationPolicy for block replication policy
[2025-01-03T14:58:01.262+0000] {spark_submit.py:641} INFO - 25/01/03 14:58:01 INFO StandaloneAppClient$ClientEndpoint: Executor updated: app-20250103145801-0003/0 is now RUNNING
[2025-01-03T14:58:01.267+0000] {spark_submit.py:641} INFO - 25/01/03 14:58:01 INFO BlockManagerMaster: Registering BlockManager BlockManagerId(driver, a850abd09b12, 35315, None)
[2025-01-03T14:58:01.269+0000] {spark_submit.py:641} INFO - 25/01/03 14:58:01 INFO StandaloneAppClient$ClientEndpoint: Executor updated: app-20250103145801-0003/1 is now RUNNING
[2025-01-03T14:58:01.274+0000] {spark_submit.py:641} INFO - 25/01/03 14:58:01 INFO BlockManagerMasterEndpoint: Registering block manager a850abd09b12:35315 with 434.4 MiB RAM, BlockManagerId(driver, a850abd09b12, 35315, None)
[2025-01-03T14:58:01.279+0000] {spark_submit.py:641} INFO - 25/01/03 14:58:01 INFO BlockManagerMaster: Registered BlockManager BlockManagerId(driver, a850abd09b12, 35315, None)
[2025-01-03T14:58:01.281+0000] {spark_submit.py:641} INFO - 25/01/03 14:58:01 INFO BlockManager: Initialized BlockManager: BlockManagerId(driver, a850abd09b12, 35315, None)
[2025-01-03T14:58:01.702+0000] {spark_submit.py:641} INFO - 25/01/03 14:58:01 INFO StandaloneSchedulerBackend: SchedulerBackend is ready for scheduling beginning after reached minRegisteredResourcesRatio: 0.0
[2025-01-03T14:58:02.303+0000] {spark_submit.py:641} INFO - <pyspark.sql.session.SparkSession object at 0x7fdd8d615e10>
[2025-01-03T14:58:02.854+0000] {taskinstance.py:441} INFO - ::group::Post task execution logs
[2025-01-03T14:58:02.868+0000] {taskinstance.py:1206} INFO - Marking task as SUCCESS. dag_id=spark_submit_example, task_id=spark_submit_task, run_id=manual__2025-01-03T14:55:30.992888+00:00, execution_date=20250103T145530, start_date=20250103T145756, end_date=20250103T145802
[2025-01-03T14:58:02.926+0000] {local_task_job_runner.py:240} INFO - Task exited with return code 0
[2025-01-03T14:58:02.947+0000] {taskinstance.py:3503} INFO - 1 downstream tasks scheduled from follow-on schedule check
[2025-01-03T14:58:02.970+0000] {local_task_job_runner.py:222} INFO - ::endgroup::
