[2025-01-03T14:55:34.242+0000] {local_task_job_runner.py:120} INFO - ::group::Pre task execution logs
[2025-01-03T14:55:34.367+0000] {taskinstance.py:2076} INFO - Dependencies all met for dep_context=non-requeueable deps ti=<TaskInstance: spark_submit_example.spark_submit_task manual__2025-01-03T14:55:30.992888+00:00 [queued]>
[2025-01-03T14:55:34.392+0000] {taskinstance.py:2076} INFO - Dependencies all met for dep_context=requeueable deps ti=<TaskInstance: spark_submit_example.spark_submit_task manual__2025-01-03T14:55:30.992888+00:00 [queued]>
[2025-01-03T14:55:34.394+0000] {taskinstance.py:2306} INFO - Starting attempt 1 of 2
[2025-01-03T14:55:34.441+0000] {taskinstance.py:2330} INFO - Executing <Task(SparkSubmitOperator): spark_submit_task> on 2025-01-03 14:55:30.992888+00:00
[2025-01-03T14:55:34.448+0000] {standard_task_runner.py:63} INFO - Started process 740 to run task
[2025-01-03T14:55:34.452+0000] {standard_task_runner.py:90} INFO - Running: ['***', 'tasks', 'run', 'spark_submit_example', 'spark_submit_task', 'manual__2025-01-03T14:55:30.992888+00:00', '--job-id', '34', '--raw', '--subdir', 'DAGS_FOLDER/teste_dag.py', '--cfg-path', '/tmp/tmpuyvvw12i']
[2025-01-03T14:55:34.455+0000] {standard_task_runner.py:91} INFO - Job 34: Subtask spark_submit_task
[2025-01-03T14:55:34.699+0000] {task_command.py:426} INFO - Running <TaskInstance: spark_submit_example.spark_submit_task manual__2025-01-03T14:55:30.992888+00:00 [running]> on host a850abd09b12
[2025-01-03T14:55:34.855+0000] {taskinstance.py:2648} INFO - Exporting env vars: AIRFLOW_CTX_DAG_OWNER='***' AIRFLOW_CTX_DAG_ID='spark_submit_example' AIRFLOW_CTX_TASK_ID='spark_submit_task' AIRFLOW_CTX_EXECUTION_DATE='2025-01-03T14:55:30.992888+00:00' AIRFLOW_CTX_TRY_NUMBER='1' AIRFLOW_CTX_DAG_RUN_ID='manual__2025-01-03T14:55:30.992888+00:00'
[2025-01-03T14:55:34.856+0000] {taskinstance.py:430} INFO - ::endgroup::
[2025-01-03T14:55:34.879+0000] {base.py:84} INFO - Using connection ID 'spark_default' for task execution.
[2025-01-03T14:55:34.880+0000] {spark_submit.py:328} ERROR - Failed to decode base64 keytab: Incorrect padding
[2025-01-03T14:55:34.881+0000] {spark_submit.py:305} INFO - Could not load connection string spark_default, defaulting to spark-master:7077
[2025-01-03T14:55:34.882+0000] {spark_submit.py:474} INFO - Spark-Submit cmd: spark-submit --master spark-master:7077 --conf spark.executor.memory=2g --conf spark.executor.cores=2 --principal *** --name arrow-spark --verbose --deploy-mode client /spark_job/printspark.py
[2025-01-03T14:55:34.992+0000] {spark_submit.py:641} INFO - /home/***/.local/lib/python3.11/site-packages/pyspark/bin/load-spark-env.sh: line 68: ps: command not found
[2025-01-03T14:55:37.489+0000] {spark_submit.py:641} INFO - Using properties file: null
[2025-01-03T14:55:37.677+0000] {spark_submit.py:641} INFO - Parsed arguments:
[2025-01-03T14:55:37.677+0000] {spark_submit.py:641} INFO - master                  spark-master:7077
[2025-01-03T14:55:37.678+0000] {spark_submit.py:641} INFO - remote                  null
[2025-01-03T14:55:37.678+0000] {spark_submit.py:641} INFO - deployMode              client
[2025-01-03T14:55:37.678+0000] {spark_submit.py:641} INFO - executorMemory          2g
[2025-01-03T14:55:37.679+0000] {spark_submit.py:641} INFO - executorCores           2
[2025-01-03T14:55:37.679+0000] {spark_submit.py:641} INFO - totalExecutorCores      null
[2025-01-03T14:55:37.679+0000] {spark_submit.py:641} INFO - propertiesFile          null
[2025-01-03T14:55:37.680+0000] {spark_submit.py:641} INFO - driverMemory            null
[2025-01-03T14:55:37.680+0000] {spark_submit.py:641} INFO - driverCores             null
[2025-01-03T14:55:37.680+0000] {spark_submit.py:641} INFO - driverExtraClassPath    null
[2025-01-03T14:55:37.681+0000] {spark_submit.py:641} INFO - driverExtraLibraryPath  null
[2025-01-03T14:55:37.681+0000] {spark_submit.py:641} INFO - driverExtraJavaOptions  null
[2025-01-03T14:55:37.681+0000] {spark_submit.py:641} INFO - supervise               false
[2025-01-03T14:55:37.681+0000] {spark_submit.py:641} INFO - queue                   null
[2025-01-03T14:55:37.682+0000] {spark_submit.py:641} INFO - numExecutors            null
[2025-01-03T14:55:37.682+0000] {spark_submit.py:641} INFO - files                   null
[2025-01-03T14:55:37.682+0000] {spark_submit.py:641} INFO - pyFiles                 null
[2025-01-03T14:55:37.683+0000] {spark_submit.py:641} INFO - archives                null
[2025-01-03T14:55:37.683+0000] {spark_submit.py:641} INFO - mainClass               null
[2025-01-03T14:55:37.683+0000] {spark_submit.py:641} INFO - primaryResource         file:/spark_job/printspark.py
[2025-01-03T14:55:37.684+0000] {spark_submit.py:641} INFO - name                    arrow-spark
[2025-01-03T14:55:37.684+0000] {spark_submit.py:641} INFO - childArgs               []
[2025-01-03T14:55:37.684+0000] {spark_submit.py:641} INFO - jars                    null
[2025-01-03T14:55:37.684+0000] {spark_submit.py:641} INFO - packages                null
[2025-01-03T14:55:37.685+0000] {spark_submit.py:641} INFO - packagesExclusions      null
[2025-01-03T14:55:37.685+0000] {spark_submit.py:641} INFO - repositories            null
[2025-01-03T14:55:37.685+0000] {spark_submit.py:641} INFO - verbose                 true
[2025-01-03T14:55:37.686+0000] {spark_submit.py:641} INFO - 
[2025-01-03T14:55:37.686+0000] {spark_submit.py:641} INFO - Spark properties used, including those specified through
[2025-01-03T14:55:37.686+0000] {spark_submit.py:641} INFO - --conf and those from the properties file null:
[2025-01-03T14:55:37.686+0000] {spark_submit.py:641} INFO - (spark.executor.cores,2)
[2025-01-03T14:55:37.687+0000] {spark_submit.py:641} INFO - (spark.executor.memory,2g)
[2025-01-03T14:55:37.687+0000] {spark_submit.py:641} INFO - 
[2025-01-03T14:55:37.688+0000] {spark_submit.py:641} INFO - 
[2025-01-03T14:55:38.055+0000] {spark_submit.py:641} INFO - Main class:
[2025-01-03T14:55:38.056+0000] {spark_submit.py:641} INFO - org.apache.spark.deploy.PythonRunner
[2025-01-03T14:55:38.056+0000] {spark_submit.py:641} INFO - Arguments:
[2025-01-03T14:55:38.057+0000] {spark_submit.py:641} INFO - file:/spark_job/printspark.py
[2025-01-03T14:55:38.057+0000] {spark_submit.py:641} INFO - null
[2025-01-03T14:55:38.057+0000] {spark_submit.py:641} INFO - Spark config:
[2025-01-03T14:55:38.057+0000] {spark_submit.py:641} INFO - (spark.app.name,arrow-spark)
[2025-01-03T14:55:38.058+0000] {spark_submit.py:641} INFO - (spark.app.submitTime,1735916138038)
[2025-01-03T14:55:38.058+0000] {spark_submit.py:641} INFO - (spark.executor.cores,2)
[2025-01-03T14:55:38.058+0000] {spark_submit.py:641} INFO - (spark.executor.memory,2g)
[2025-01-03T14:55:38.059+0000] {spark_submit.py:641} INFO - (spark.kerberos.principal,***)
[2025-01-03T14:55:38.059+0000] {spark_submit.py:641} INFO - (spark.master,spark-master:7077)
[2025-01-03T14:55:38.060+0000] {spark_submit.py:641} INFO - (spark.submit.deployMode,client)
[2025-01-03T14:55:38.060+0000] {spark_submit.py:641} INFO - (spark.submit.pyFiles,)
[2025-01-03T14:55:38.060+0000] {spark_submit.py:641} INFO - Classpath elements:
[2025-01-03T14:55:38.061+0000] {spark_submit.py:641} INFO - 
[2025-01-03T14:55:38.061+0000] {spark_submit.py:641} INFO - 
[2025-01-03T14:55:38.061+0000] {spark_submit.py:641} INFO - 
[2025-01-03T14:55:39.493+0000] {spark_submit.py:641} INFO - 25/01/03 14:55:39 INFO SparkContext: Running Spark version 3.5.4
[2025-01-03T14:55:39.496+0000] {spark_submit.py:641} INFO - 25/01/03 14:55:39 INFO SparkContext: OS info Linux, 5.15.153.1-microsoft-standard-WSL2, amd64
[2025-01-03T14:55:39.498+0000] {spark_submit.py:641} INFO - 25/01/03 14:55:39 INFO SparkContext: Java version 17.0.13
[2025-01-03T14:55:39.693+0000] {spark_submit.py:641} INFO - 25/01/03 14:55:39 WARN NativeCodeLoader: Unable to load native-hadoop library for your platform... using builtin-java classes where applicable
[2025-01-03T14:55:39.950+0000] {spark_submit.py:641} INFO - 25/01/03 14:55:39 INFO ResourceUtils: ==============================================================
[2025-01-03T14:55:39.952+0000] {spark_submit.py:641} INFO - 25/01/03 14:55:39 INFO ResourceUtils: No custom resources configured for spark.driver.
[2025-01-03T14:55:39.952+0000] {spark_submit.py:641} INFO - 25/01/03 14:55:39 INFO ResourceUtils: ==============================================================
[2025-01-03T14:55:39.953+0000] {spark_submit.py:641} INFO - 25/01/03 14:55:39 INFO SparkContext: Submitted application: WordCount
[2025-01-03T14:55:40.040+0000] {spark_submit.py:641} INFO - 25/01/03 14:55:40 INFO ResourceProfile: Default ResourceProfile created, executor resources: Map(cores -> name: cores, amount: 2, script: , vendor: , memory -> name: memory, amount: 2048, script: , vendor: , offHeap -> name: offHeap, amount: 0, script: , vendor: ), task resources: Map(cpus -> name: cpus, amount: 1.0)
[2025-01-03T14:55:40.067+0000] {spark_submit.py:641} INFO - 25/01/03 14:55:40 INFO ResourceProfile: Limiting resource is cpus at 2 tasks per executor
[2025-01-03T14:55:40.073+0000] {spark_submit.py:641} INFO - 25/01/03 14:55:40 INFO ResourceProfileManager: Added ResourceProfile id: 0
[2025-01-03T14:55:40.230+0000] {spark_submit.py:641} INFO - 25/01/03 14:55:40 INFO SecurityManager: Changing view acls to: ***
[2025-01-03T14:55:40.231+0000] {spark_submit.py:641} INFO - 25/01/03 14:55:40 INFO SecurityManager: Changing modify acls to: ***
[2025-01-03T14:55:40.233+0000] {spark_submit.py:641} INFO - 25/01/03 14:55:40 INFO SecurityManager: Changing view acls groups to:
[2025-01-03T14:55:40.233+0000] {spark_submit.py:641} INFO - 25/01/03 14:55:40 INFO SecurityManager: Changing modify acls groups to:
[2025-01-03T14:55:40.234+0000] {spark_submit.py:641} INFO - 25/01/03 14:55:40 INFO SecurityManager: SecurityManager: authentication disabled; ui acls disabled; users with view permissions: ***; groups with view permissions: EMPTY; users with modify permissions: ***; groups with modify permissions: EMPTY
[2025-01-03T14:55:40.731+0000] {spark_submit.py:641} INFO - 25/01/03 14:55:40 INFO Utils: Successfully started service 'sparkDriver' on port 36767.
[2025-01-03T14:55:40.791+0000] {spark_submit.py:641} INFO - 25/01/03 14:55:40 INFO SparkEnv: Registering MapOutputTracker
[2025-01-03T14:55:40.848+0000] {spark_submit.py:641} INFO - 25/01/03 14:55:40 INFO SparkEnv: Registering BlockManagerMaster
[2025-01-03T14:55:40.873+0000] {spark_submit.py:641} INFO - 25/01/03 14:55:40 INFO BlockManagerMasterEndpoint: Using org.apache.spark.storage.DefaultTopologyMapper for getting topology information
[2025-01-03T14:55:40.875+0000] {spark_submit.py:641} INFO - 25/01/03 14:55:40 INFO BlockManagerMasterEndpoint: BlockManagerMasterEndpoint up
[2025-01-03T14:55:40.882+0000] {spark_submit.py:641} INFO - 25/01/03 14:55:40 INFO SparkEnv: Registering BlockManagerMasterHeartbeat
[2025-01-03T14:55:40.918+0000] {spark_submit.py:641} INFO - 25/01/03 14:55:40 INFO DiskBlockManager: Created local directory at /tmp/blockmgr-118e0e28-3667-4b5a-8957-9a56c5403233
[2025-01-03T14:55:40.963+0000] {spark_submit.py:641} INFO - 25/01/03 14:55:40 INFO MemoryStore: MemoryStore started with capacity 434.4 MiB
[2025-01-03T14:55:41.000+0000] {spark_submit.py:641} INFO - 25/01/03 14:55:40 INFO SparkEnv: Registering OutputCommitCoordinator
[2025-01-03T14:55:41.201+0000] {spark_submit.py:641} INFO - 25/01/03 14:55:41 INFO JettyUtils: Start Jetty 0.0.0.0:4040 for SparkUI
[2025-01-03T14:55:41.325+0000] {spark_submit.py:641} INFO - 25/01/03 14:55:41 WARN Utils: Service 'SparkUI' could not bind on port 4040. Attempting port 4041.
[2025-01-03T14:55:41.353+0000] {spark_submit.py:641} INFO - 25/01/03 14:55:41 INFO Utils: Successfully started service 'SparkUI' on port 4041.
[2025-01-03T14:55:41.640+0000] {spark_submit.py:641} INFO - 25/01/03 14:55:41 INFO StandaloneAppClient$ClientEndpoint: Connecting to master spark://spark-master:7077...
[2025-01-03T14:55:41.718+0000] {spark_submit.py:641} INFO - 25/01/03 14:55:41 INFO TransportClientFactory: Successfully created connection to spark-master/172.18.0.7:7077 after 38 ms (0 ms spent in bootstraps)
[2025-01-03T14:55:42.089+0000] {spark_submit.py:641} INFO - 25/01/03 14:55:42 INFO StandaloneSchedulerBackend: Connected to Spark cluster with app ID app-20250103145542-0001
[2025-01-03T14:55:42.114+0000] {spark_submit.py:641} INFO - 25/01/03 14:55:42 INFO Utils: Successfully started service 'org.apache.spark.network.netty.NettyBlockTransferService' on port 38521.
[2025-01-03T14:55:42.115+0000] {spark_submit.py:641} INFO - 25/01/03 14:55:42 INFO NettyBlockTransferService: Server created on a850abd09b12:38521
[2025-01-03T14:55:42.135+0000] {spark_submit.py:641} INFO - 25/01/03 14:55:42 INFO BlockManager: Using org.apache.spark.storage.RandomBlockReplicationPolicy for block replication policy
[2025-01-03T14:55:42.135+0000] {spark_submit.py:641} INFO - 25/01/03 14:55:42 INFO BlockManagerMaster: Registering BlockManager BlockManagerId(driver, a850abd09b12, 38521, None)
[2025-01-03T14:55:42.138+0000] {spark_submit.py:641} INFO - 25/01/03 14:55:42 INFO BlockManagerMasterEndpoint: Registering block manager a850abd09b12:38521 with 434.4 MiB RAM, BlockManagerId(driver, a850abd09b12, 38521, None)
[2025-01-03T14:55:42.166+0000] {spark_submit.py:641} INFO - 25/01/03 14:55:42 INFO BlockManagerMaster: Registered BlockManager BlockManagerId(driver, a850abd09b12, 38521, None)
[2025-01-03T14:55:42.166+0000] {spark_submit.py:641} INFO - 25/01/03 14:55:42 INFO BlockManager: Initialized BlockManager: BlockManagerId(driver, a850abd09b12, 38521, None)
[2025-01-03T14:55:42.962+0000] {spark_submit.py:641} INFO - 25/01/03 14:55:42 INFO StandaloneSchedulerBackend: SchedulerBackend is ready for scheduling beginning after reached minRegisteredResourcesRatio: 0.0
[2025-01-03T14:55:48.403+0000] {spark_submit.py:641} INFO - Traceback (most recent call last):
[2025-01-03T14:55:48.404+0000] {spark_submit.py:641} INFO - File "/spark_job/printspark.py", line 21, in <module>
[2025-01-03T14:55:48.418+0000] {spark_submit.py:641} INFO - text_file = spark.read.text(input_path)
[2025-01-03T14:55:48.419+0000] {spark_submit.py:641} INFO - ^^^^^^^^^^^^^^^^^^^^^^^^^^^
[2025-01-03T14:55:48.419+0000] {spark_submit.py:641} INFO - File "/home/***/.local/lib/python3.11/site-packages/pyspark/python/lib/pyspark.zip/pyspark/sql/readwriter.py", line 615, in text
[2025-01-03T14:55:48.420+0000] {spark_submit.py:641} INFO - File "/home/***/.local/lib/python3.11/site-packages/pyspark/python/lib/py4j-0.10.9.7-src.zip/py4j/java_gateway.py", line 1322, in __call__
[2025-01-03T14:55:48.420+0000] {spark_submit.py:641} INFO - File "/home/***/.local/lib/python3.11/site-packages/pyspark/python/lib/pyspark.zip/pyspark/errors/exceptions/captured.py", line 185, in deco
[2025-01-03T14:55:48.436+0000] {spark_submit.py:641} INFO - pyspark.errors.exceptions.captured.AnalysisException: [PATH_NOT_FOUND] Path does not exist: file:/opt/input.txt.
[2025-01-03T14:55:49.017+0000] {taskinstance.py:441} INFO - ::group::Post task execution logs
[2025-01-03T14:55:49.032+0000] {taskinstance.py:2905} ERROR - Task failed with exception
Traceback (most recent call last):
  File "/home/airflow/.local/lib/python3.11/site-packages/airflow/models/taskinstance.py", line 465, in _execute_task
    result = _execute_callable(context=context, **execute_callable_kwargs)
             ^^^^^^^^^^^^^^^^^^^^^^^^^^^^^^^^^^^^^^^^^^^^^^^^^^^^^^^^^^^^^
  File "/home/airflow/.local/lib/python3.11/site-packages/airflow/models/taskinstance.py", line 432, in _execute_callable
    return execute_callable(context=context, **execute_callable_kwargs)
           ^^^^^^^^^^^^^^^^^^^^^^^^^^^^^^^^^^^^^^^^^^^^^^^^^^^^^^^^^^^^
  File "/home/airflow/.local/lib/python3.11/site-packages/airflow/models/baseoperator.py", line 401, in wrapper
    return func(self, *args, **kwargs)
           ^^^^^^^^^^^^^^^^^^^^^^^^^^^
  File "/home/airflow/.local/lib/python3.11/site-packages/airflow/providers/apache/spark/operators/spark_submit.py", line 177, in execute
    self._hook.submit(self.application)
  File "/home/airflow/.local/lib/python3.11/site-packages/airflow/providers/apache/spark/hooks/spark_submit.py", line 567, in submit
    raise AirflowException(
airflow.exceptions.AirflowException: Cannot execute: spark-submit --master spark-master:7077 --conf spark.executor.memory=2g --conf spark.executor.cores=2 --principal *** --name arrow-spark --verbose --deploy-mode client /spark_job/printspark.py. Error code is: 1.
[2025-01-03T14:55:49.037+0000] {taskinstance.py:1206} INFO - Marking task as UP_FOR_RETRY. dag_id=spark_submit_example, task_id=spark_submit_task, run_id=manual__2025-01-03T14:55:30.992888+00:00, execution_date=20250103T145530, start_date=20250103T145534, end_date=20250103T145549
[2025-01-03T14:55:49.141+0000] {standard_task_runner.py:110} ERROR - Failed to execute job 34 for task spark_submit_task (Cannot execute: spark-submit --master spark-master:7077 --conf spark.executor.memory=2g --conf spark.executor.cores=2 --principal *** --name arrow-spark --verbose --deploy-mode client /spark_job/printspark.py. Error code is: 1.; 740)
[2025-01-03T14:55:49.182+0000] {local_task_job_runner.py:240} INFO - Task exited with return code 1
[2025-01-03T14:55:49.206+0000] {taskinstance.py:3503} INFO - 0 downstream tasks scheduled from follow-on schedule check
[2025-01-03T14:55:49.233+0000] {local_task_job_runner.py:222} INFO - ::endgroup::
