[2025-01-03T14:59:06.754+0000] {local_task_job_runner.py:120} INFO - ::group::Pre task execution logs
[2025-01-03T14:59:06.837+0000] {taskinstance.py:2076} INFO - Dependencies all met for dep_context=non-requeueable deps ti=<TaskInstance: spark_submit_example.spark_submit_task manual__2025-01-03T14:55:30.992888+00:00 [queued]>
[2025-01-03T14:59:06.846+0000] {taskinstance.py:2076} INFO - Dependencies all met for dep_context=requeueable deps ti=<TaskInstance: spark_submit_example.spark_submit_task manual__2025-01-03T14:55:30.992888+00:00 [queued]>
[2025-01-03T14:59:06.848+0000] {taskinstance.py:2306} INFO - Starting attempt 4 of 5
[2025-01-03T14:59:06.881+0000] {taskinstance.py:2330} INFO - Executing <Task(SparkSubmitOperator): spark_submit_task> on 2025-01-03 14:55:30.992888+00:00
[2025-01-03T14:59:06.886+0000] {standard_task_runner.py:63} INFO - Started process 1319 to run task
[2025-01-03T14:59:06.889+0000] {standard_task_runner.py:90} INFO - Running: ['***', 'tasks', 'run', 'spark_submit_example', 'spark_submit_task', 'manual__2025-01-03T14:55:30.992888+00:00', '--job-id', '38', '--raw', '--subdir', 'DAGS_FOLDER/teste_dag.py', '--cfg-path', '/tmp/tmp2xe3haic']
[2025-01-03T14:59:06.891+0000] {standard_task_runner.py:91} INFO - Job 38: Subtask spark_submit_task
[2025-01-03T14:59:07.110+0000] {task_command.py:426} INFO - Running <TaskInstance: spark_submit_example.spark_submit_task manual__2025-01-03T14:55:30.992888+00:00 [running]> on host a850abd09b12
[2025-01-03T14:59:07.228+0000] {taskinstance.py:2648} INFO - Exporting env vars: AIRFLOW_CTX_DAG_OWNER='***' AIRFLOW_CTX_DAG_ID='spark_submit_example' AIRFLOW_CTX_TASK_ID='spark_submit_task' AIRFLOW_CTX_EXECUTION_DATE='2025-01-03T14:55:30.992888+00:00' AIRFLOW_CTX_TRY_NUMBER='4' AIRFLOW_CTX_DAG_RUN_ID='manual__2025-01-03T14:55:30.992888+00:00'
[2025-01-03T14:59:07.229+0000] {taskinstance.py:430} INFO - ::endgroup::
[2025-01-03T14:59:07.253+0000] {base.py:84} INFO - Using connection ID 'spark_default' for task execution.
[2025-01-03T14:59:07.254+0000] {spark_submit.py:328} ERROR - Failed to decode base64 keytab: Incorrect padding
[2025-01-03T14:59:07.255+0000] {spark_submit.py:305} INFO - Could not load connection string spark_default, defaulting to spark-master:7077
[2025-01-03T14:59:07.256+0000] {spark_submit.py:474} INFO - Spark-Submit cmd: spark-submit --master spark-master:7077 --conf spark.executor.memory=2g --conf spark.executor.cores=2 --principal *** --name arrow-spark --verbose --deploy-mode client /spark_job/printspark.py
[2025-01-03T14:59:07.345+0000] {spark_submit.py:641} INFO - /home/***/.local/lib/python3.11/site-packages/pyspark/bin/load-spark-env.sh: line 68: ps: command not found
[2025-01-03T14:59:08.633+0000] {spark_submit.py:641} INFO - Using properties file: null
[2025-01-03T14:59:08.752+0000] {spark_submit.py:641} INFO - Parsed arguments:
[2025-01-03T14:59:08.753+0000] {spark_submit.py:641} INFO - master                  spark-master:7077
[2025-01-03T14:59:08.754+0000] {spark_submit.py:641} INFO - remote                  null
[2025-01-03T14:59:08.754+0000] {spark_submit.py:641} INFO - deployMode              client
[2025-01-03T14:59:08.754+0000] {spark_submit.py:641} INFO - executorMemory          2g
[2025-01-03T14:59:08.755+0000] {spark_submit.py:641} INFO - executorCores           2
[2025-01-03T14:59:08.755+0000] {spark_submit.py:641} INFO - totalExecutorCores      null
[2025-01-03T14:59:08.755+0000] {spark_submit.py:641} INFO - propertiesFile          null
[2025-01-03T14:59:08.755+0000] {spark_submit.py:641} INFO - driverMemory            null
[2025-01-03T14:59:08.756+0000] {spark_submit.py:641} INFO - driverCores             null
[2025-01-03T14:59:08.756+0000] {spark_submit.py:641} INFO - driverExtraClassPath    null
[2025-01-03T14:59:08.756+0000] {spark_submit.py:641} INFO - driverExtraLibraryPath  null
[2025-01-03T14:59:08.756+0000] {spark_submit.py:641} INFO - driverExtraJavaOptions  null
[2025-01-03T14:59:08.757+0000] {spark_submit.py:641} INFO - supervise               false
[2025-01-03T14:59:08.757+0000] {spark_submit.py:641} INFO - queue                   null
[2025-01-03T14:59:08.757+0000] {spark_submit.py:641} INFO - numExecutors            null
[2025-01-03T14:59:08.758+0000] {spark_submit.py:641} INFO - files                   null
[2025-01-03T14:59:08.758+0000] {spark_submit.py:641} INFO - pyFiles                 null
[2025-01-03T14:59:08.758+0000] {spark_submit.py:641} INFO - archives                null
[2025-01-03T14:59:08.759+0000] {spark_submit.py:641} INFO - mainClass               null
[2025-01-03T14:59:08.759+0000] {spark_submit.py:641} INFO - primaryResource         file:/spark_job/printspark.py
[2025-01-03T14:59:08.759+0000] {spark_submit.py:641} INFO - name                    arrow-spark
[2025-01-03T14:59:08.759+0000] {spark_submit.py:641} INFO - childArgs               []
[2025-01-03T14:59:08.760+0000] {spark_submit.py:641} INFO - jars                    null
[2025-01-03T14:59:08.760+0000] {spark_submit.py:641} INFO - packages                null
[2025-01-03T14:59:08.760+0000] {spark_submit.py:641} INFO - packagesExclusions      null
[2025-01-03T14:59:08.761+0000] {spark_submit.py:641} INFO - repositories            null
[2025-01-03T14:59:08.761+0000] {spark_submit.py:641} INFO - verbose                 true
[2025-01-03T14:59:08.761+0000] {spark_submit.py:641} INFO - 
[2025-01-03T14:59:08.762+0000] {spark_submit.py:641} INFO - Spark properties used, including those specified through
[2025-01-03T14:59:08.762+0000] {spark_submit.py:641} INFO - --conf and those from the properties file null:
[2025-01-03T14:59:08.762+0000] {spark_submit.py:641} INFO - (spark.executor.cores,2)
[2025-01-03T14:59:08.762+0000] {spark_submit.py:641} INFO - (spark.executor.memory,2g)
[2025-01-03T14:59:08.763+0000] {spark_submit.py:641} INFO - 
[2025-01-03T14:59:08.763+0000] {spark_submit.py:641} INFO - 
[2025-01-03T14:59:09.006+0000] {spark_submit.py:641} INFO - Main class:
[2025-01-03T14:59:09.007+0000] {spark_submit.py:641} INFO - org.apache.spark.deploy.PythonRunner
[2025-01-03T14:59:09.007+0000] {spark_submit.py:641} INFO - Arguments:
[2025-01-03T14:59:09.008+0000] {spark_submit.py:641} INFO - file:/spark_job/printspark.py
[2025-01-03T14:59:09.008+0000] {spark_submit.py:641} INFO - null
[2025-01-03T14:59:09.009+0000] {spark_submit.py:641} INFO - Spark config:
[2025-01-03T14:59:09.009+0000] {spark_submit.py:641} INFO - (spark.app.name,arrow-spark)
[2025-01-03T14:59:09.010+0000] {spark_submit.py:641} INFO - (spark.app.submitTime,1735916348989)
[2025-01-03T14:59:09.010+0000] {spark_submit.py:641} INFO - (spark.executor.cores,2)
[2025-01-03T14:59:09.011+0000] {spark_submit.py:641} INFO - (spark.executor.memory,2g)
[2025-01-03T14:59:09.011+0000] {spark_submit.py:641} INFO - (spark.kerberos.principal,***)
[2025-01-03T14:59:09.012+0000] {spark_submit.py:641} INFO - (spark.master,spark-master:7077)
[2025-01-03T14:59:09.012+0000] {spark_submit.py:641} INFO - (spark.submit.deployMode,client)
[2025-01-03T14:59:09.012+0000] {spark_submit.py:641} INFO - (spark.submit.pyFiles,)
[2025-01-03T14:59:09.013+0000] {spark_submit.py:641} INFO - Classpath elements:
[2025-01-03T14:59:09.013+0000] {spark_submit.py:641} INFO - 
[2025-01-03T14:59:09.013+0000] {spark_submit.py:641} INFO - 
[2025-01-03T14:59:09.014+0000] {spark_submit.py:641} INFO - 
[2025-01-03T14:59:10.180+0000] {spark_submit.py:641} INFO - 25/01/03 14:59:10 INFO SparkContext: Running Spark version 3.5.4
[2025-01-03T14:59:10.183+0000] {spark_submit.py:641} INFO - 25/01/03 14:59:10 INFO SparkContext: OS info Linux, 5.15.153.1-microsoft-standard-WSL2, amd64
[2025-01-03T14:59:10.184+0000] {spark_submit.py:641} INFO - 25/01/03 14:59:10 INFO SparkContext: Java version 17.0.13
[2025-01-03T14:59:10.240+0000] {spark_submit.py:641} INFO - 25/01/03 14:59:10 WARN NativeCodeLoader: Unable to load native-hadoop library for your platform... using builtin-java classes where applicable
[2025-01-03T14:59:10.322+0000] {spark_submit.py:641} INFO - 25/01/03 14:59:10 INFO ResourceUtils: ==============================================================
[2025-01-03T14:59:10.323+0000] {spark_submit.py:641} INFO - 25/01/03 14:59:10 INFO ResourceUtils: No custom resources configured for spark.driver.
[2025-01-03T14:59:10.324+0000] {spark_submit.py:641} INFO - 25/01/03 14:59:10 INFO ResourceUtils: ==============================================================
[2025-01-03T14:59:10.324+0000] {spark_submit.py:641} INFO - 25/01/03 14:59:10 INFO SparkContext: Submitted application: WordCount
[2025-01-03T14:59:10.346+0000] {spark_submit.py:641} INFO - 25/01/03 14:59:10 INFO ResourceProfile: Default ResourceProfile created, executor resources: Map(cores -> name: cores, amount: 2, script: , vendor: , memory -> name: memory, amount: 2048, script: , vendor: , offHeap -> name: offHeap, amount: 0, script: , vendor: ), task resources: Map(cpus -> name: cpus, amount: 1.0)
[2025-01-03T14:59:10.356+0000] {spark_submit.py:641} INFO - 25/01/03 14:59:10 INFO ResourceProfile: Limiting resource is cpus at 2 tasks per executor
[2025-01-03T14:59:10.358+0000] {spark_submit.py:641} INFO - 25/01/03 14:59:10 INFO ResourceProfileManager: Added ResourceProfile id: 0
[2025-01-03T14:59:10.413+0000] {spark_submit.py:641} INFO - 25/01/03 14:59:10 INFO SecurityManager: Changing view acls to: ***
[2025-01-03T14:59:10.414+0000] {spark_submit.py:641} INFO - 25/01/03 14:59:10 INFO SecurityManager: Changing modify acls to: ***
[2025-01-03T14:59:10.415+0000] {spark_submit.py:641} INFO - 25/01/03 14:59:10 INFO SecurityManager: Changing view acls groups to:
[2025-01-03T14:59:10.415+0000] {spark_submit.py:641} INFO - 25/01/03 14:59:10 INFO SecurityManager: Changing modify acls groups to:
[2025-01-03T14:59:10.416+0000] {spark_submit.py:641} INFO - 25/01/03 14:59:10 INFO SecurityManager: SecurityManager: authentication disabled; ui acls disabled; users with view permissions: ***; groups with view permissions: EMPTY; users with modify permissions: ***; groups with modify permissions: EMPTY
[2025-01-03T14:59:10.629+0000] {spark_submit.py:641} INFO - 25/01/03 14:59:10 INFO Utils: Successfully started service 'sparkDriver' on port 39619.
[2025-01-03T14:59:10.661+0000] {spark_submit.py:641} INFO - 25/01/03 14:59:10 INFO SparkEnv: Registering MapOutputTracker
[2025-01-03T14:59:10.693+0000] {spark_submit.py:641} INFO - 25/01/03 14:59:10 INFO SparkEnv: Registering BlockManagerMaster
[2025-01-03T14:59:10.707+0000] {spark_submit.py:641} INFO - 25/01/03 14:59:10 INFO BlockManagerMasterEndpoint: Using org.apache.spark.storage.DefaultTopologyMapper for getting topology information
[2025-01-03T14:59:10.708+0000] {spark_submit.py:641} INFO - 25/01/03 14:59:10 INFO BlockManagerMasterEndpoint: BlockManagerMasterEndpoint up
[2025-01-03T14:59:10.712+0000] {spark_submit.py:641} INFO - 25/01/03 14:59:10 INFO SparkEnv: Registering BlockManagerMasterHeartbeat
[2025-01-03T14:59:10.731+0000] {spark_submit.py:641} INFO - 25/01/03 14:59:10 INFO DiskBlockManager: Created local directory at /tmp/blockmgr-67dcd197-46c6-4287-b385-0fcb7e589413
[2025-01-03T14:59:10.743+0000] {spark_submit.py:641} INFO - 25/01/03 14:59:10 INFO MemoryStore: MemoryStore started with capacity 434.4 MiB
[2025-01-03T14:59:10.770+0000] {spark_submit.py:641} INFO - 25/01/03 14:59:10 INFO SparkEnv: Registering OutputCommitCoordinator
[2025-01-03T14:59:10.886+0000] {spark_submit.py:641} INFO - 25/01/03 14:59:10 INFO JettyUtils: Start Jetty 0.0.0.0:4040 for SparkUI
[2025-01-03T14:59:10.943+0000] {spark_submit.py:641} INFO - 25/01/03 14:59:10 INFO Utils: Successfully started service 'SparkUI' on port 4040.
[2025-01-03T14:59:11.066+0000] {spark_submit.py:641} INFO - 25/01/03 14:59:11 INFO StandaloneAppClient$ClientEndpoint: Connecting to master spark://spark-master:7077...
[2025-01-03T14:59:11.114+0000] {spark_submit.py:641} INFO - 25/01/03 14:59:11 INFO TransportClientFactory: Successfully created connection to spark-master/172.18.0.7:7077 after 27 ms (0 ms spent in bootstraps)
[2025-01-03T14:59:11.227+0000] {spark_submit.py:641} INFO - 25/01/03 14:59:11 INFO StandaloneSchedulerBackend: Connected to Spark cluster with app ID app-20250103145911-0004
[2025-01-03T14:59:11.248+0000] {spark_submit.py:641} INFO - 25/01/03 14:59:11 INFO StandaloneAppClient$ClientEndpoint: Executor added: app-20250103145911-0004/0 on worker-20250103145208-172.18.0.6-45559 (172.18.0.6:45559) with 2 core(s)
[2025-01-03T14:59:11.250+0000] {spark_submit.py:641} INFO - 25/01/03 14:59:11 INFO StandaloneSchedulerBackend: Granted executor ID app-20250103145911-0004/0 on hostPort 172.18.0.6:45559 with 2 core(s), 2.0 GiB RAM
[2025-01-03T14:59:11.258+0000] {spark_submit.py:641} INFO - 25/01/03 14:59:11 INFO StandaloneAppClient$ClientEndpoint: Executor added: app-20250103145911-0004/1 on worker-20250103145208-172.18.0.4-33891 (172.18.0.4:33891) with 2 core(s)
[2025-01-03T14:59:11.260+0000] {spark_submit.py:641} INFO - 25/01/03 14:59:11 INFO StandaloneSchedulerBackend: Granted executor ID app-20250103145911-0004/1 on hostPort 172.18.0.4:33891 with 2 core(s), 2.0 GiB RAM
[2025-01-03T14:59:11.263+0000] {spark_submit.py:641} INFO - 25/01/03 14:59:11 INFO Utils: Successfully started service 'org.apache.spark.network.netty.NettyBlockTransferService' on port 33883.
[2025-01-03T14:59:11.265+0000] {spark_submit.py:641} INFO - 25/01/03 14:59:11 INFO NettyBlockTransferService: Server created on a850abd09b12:33883
[2025-01-03T14:59:11.267+0000] {spark_submit.py:641} INFO - 25/01/03 14:59:11 INFO BlockManager: Using org.apache.spark.storage.RandomBlockReplicationPolicy for block replication policy
[2025-01-03T14:59:11.289+0000] {spark_submit.py:641} INFO - 25/01/03 14:59:11 INFO BlockManagerMaster: Registering BlockManager BlockManagerId(driver, a850abd09b12, 33883, None)
[2025-01-03T14:59:11.310+0000] {spark_submit.py:641} INFO - 25/01/03 14:59:11 INFO BlockManagerMasterEndpoint: Registering block manager a850abd09b12:33883 with 434.4 MiB RAM, BlockManagerId(driver, a850abd09b12, 33883, None)
[2025-01-03T14:59:11.321+0000] {spark_submit.py:641} INFO - 25/01/03 14:59:11 INFO BlockManagerMaster: Registered BlockManager BlockManagerId(driver, a850abd09b12, 33883, None)
[2025-01-03T14:59:11.323+0000] {spark_submit.py:641} INFO - 25/01/03 14:59:11 INFO BlockManager: Initialized BlockManager: BlockManagerId(driver, a850abd09b12, 33883, None)
[2025-01-03T14:59:11.327+0000] {spark_submit.py:641} INFO - 25/01/03 14:59:11 INFO StandaloneAppClient$ClientEndpoint: Executor updated: app-20250103145911-0004/0 is now RUNNING
[2025-01-03T14:59:11.339+0000] {spark_submit.py:641} INFO - 25/01/03 14:59:11 INFO StandaloneAppClient$ClientEndpoint: Executor updated: app-20250103145911-0004/1 is now RUNNING
[2025-01-03T14:59:11.662+0000] {spark_submit.py:641} INFO - 25/01/03 14:59:11 INFO StandaloneSchedulerBackend: SchedulerBackend is ready for scheduling beginning after reached minRegisteredResourcesRatio: 0.0
[2025-01-03T14:59:11.970+0000] {spark_submit.py:641} INFO - <pyspark.sql.session.SparkSession object at 0x7f4db6e35910>
[2025-01-03T14:59:12.301+0000] {taskinstance.py:441} INFO - ::group::Post task execution logs
[2025-01-03T14:59:12.315+0000] {taskinstance.py:1206} INFO - Marking task as SUCCESS. dag_id=spark_submit_example, task_id=spark_submit_task, run_id=manual__2025-01-03T14:55:30.992888+00:00, execution_date=20250103T145530, start_date=20250103T145906, end_date=20250103T145912
[2025-01-03T14:59:12.382+0000] {local_task_job_runner.py:240} INFO - Task exited with return code 0
[2025-01-03T14:59:12.393+0000] {local_task_job_runner.py:222} INFO - ::endgroup::
