[2025-01-03T13:23:11.393+0000] {local_task_job_runner.py:120} INFO - ::group::Pre task execution logs
[2025-01-03T13:23:11.436+0000] {taskinstance.py:2076} INFO - Dependencies all met for dep_context=non-requeueable deps ti=<TaskInstance: spark_submit_example.spark_submit_task manual__2025-01-03T13:21:19.493025+00:00 [queued]>
[2025-01-03T13:23:11.447+0000] {taskinstance.py:2076} INFO - Dependencies all met for dep_context=requeueable deps ti=<TaskInstance: spark_submit_example.spark_submit_task manual__2025-01-03T13:21:19.493025+00:00 [queued]>
[2025-01-03T13:23:11.448+0000] {taskinstance.py:2306} INFO - Starting attempt 3 of 4
[2025-01-03T13:23:11.482+0000] {taskinstance.py:2330} INFO - Executing <Task(SparkSubmitOperator): spark_submit_task> on 2025-01-03 13:21:19.493025+00:00
[2025-01-03T13:23:11.488+0000] {standard_task_runner.py:63} INFO - Started process 399 to run task
[2025-01-03T13:23:11.491+0000] {standard_task_runner.py:90} INFO - Running: ['***', 'tasks', 'run', 'spark_submit_example', 'spark_submit_task', 'manual__2025-01-03T13:21:19.493025+00:00', '--job-id', '6', '--raw', '--subdir', 'DAGS_FOLDER/teste_dag.py', '--cfg-path', '/tmp/tmpe2w84__n']
[2025-01-03T13:23:11.493+0000] {standard_task_runner.py:91} INFO - Job 6: Subtask spark_submit_task
[2025-01-03T13:23:11.740+0000] {task_command.py:426} INFO - Running <TaskInstance: spark_submit_example.spark_submit_task manual__2025-01-03T13:21:19.493025+00:00 [running]> on host e30ed761b3cd
[2025-01-03T13:23:11.842+0000] {taskinstance.py:2648} INFO - Exporting env vars: AIRFLOW_CTX_DAG_OWNER='***' AIRFLOW_CTX_DAG_ID='spark_submit_example' AIRFLOW_CTX_TASK_ID='spark_submit_task' AIRFLOW_CTX_EXECUTION_DATE='2025-01-03T13:21:19.493025+00:00' AIRFLOW_CTX_TRY_NUMBER='3' AIRFLOW_CTX_DAG_RUN_ID='manual__2025-01-03T13:21:19.493025+00:00'
[2025-01-03T13:23:11.843+0000] {taskinstance.py:430} INFO - ::endgroup::
[2025-01-03T13:23:11.866+0000] {base.py:84} INFO - Using connection ID 'spark_default' for task execution.
[2025-01-03T13:23:11.867+0000] {spark_submit.py:328} ERROR - Failed to decode base64 keytab: Incorrect padding
[2025-01-03T13:23:11.868+0000] {spark_submit.py:305} INFO - Could not load connection string spark_default, defaulting to spark-master:7077
[2025-01-03T13:23:11.869+0000] {spark_submit.py:474} INFO - Spark-Submit cmd: spark-submit --master spark-master:7077 --conf spark.master=spark://spark:7077 --num-executors 2 --executor-cores 2 --executor-memory 2g --driver-memory 2g --name example --verbose --deploy-mode client /spark_job/printspark.py
[2025-01-03T13:23:11.958+0000] {spark_submit.py:641} INFO - /home/***/.local/lib/python3.11/site-packages/pyspark/bin/load-spark-env.sh: line 68: ps: command not found
[2025-01-03T13:23:13.252+0000] {spark_submit.py:641} INFO - Using properties file: null
[2025-01-03T13:23:13.394+0000] {spark_submit.py:641} INFO - Parsed arguments:
[2025-01-03T13:23:13.394+0000] {spark_submit.py:641} INFO - master                  spark-master:7077
[2025-01-03T13:23:13.395+0000] {spark_submit.py:641} INFO - remote                  null
[2025-01-03T13:23:13.395+0000] {spark_submit.py:641} INFO - deployMode              client
[2025-01-03T13:23:13.395+0000] {spark_submit.py:641} INFO - executorMemory          2g
[2025-01-03T13:23:13.396+0000] {spark_submit.py:641} INFO - executorCores           2
[2025-01-03T13:23:13.396+0000] {spark_submit.py:641} INFO - totalExecutorCores      null
[2025-01-03T13:23:13.396+0000] {spark_submit.py:641} INFO - propertiesFile          null
[2025-01-03T13:23:13.396+0000] {spark_submit.py:641} INFO - driverMemory            2g
[2025-01-03T13:23:13.397+0000] {spark_submit.py:641} INFO - driverCores             null
[2025-01-03T13:23:13.397+0000] {spark_submit.py:641} INFO - driverExtraClassPath    null
[2025-01-03T13:23:13.397+0000] {spark_submit.py:641} INFO - driverExtraLibraryPath  null
[2025-01-03T13:23:13.398+0000] {spark_submit.py:641} INFO - driverExtraJavaOptions  null
[2025-01-03T13:23:13.398+0000] {spark_submit.py:641} INFO - supervise               false
[2025-01-03T13:23:13.399+0000] {spark_submit.py:641} INFO - queue                   null
[2025-01-03T13:23:13.399+0000] {spark_submit.py:641} INFO - numExecutors            2
[2025-01-03T13:23:13.399+0000] {spark_submit.py:641} INFO - files                   null
[2025-01-03T13:23:13.400+0000] {spark_submit.py:641} INFO - pyFiles                 null
[2025-01-03T13:23:13.400+0000] {spark_submit.py:641} INFO - archives                null
[2025-01-03T13:23:13.400+0000] {spark_submit.py:641} INFO - mainClass               null
[2025-01-03T13:23:13.401+0000] {spark_submit.py:641} INFO - primaryResource         file:/spark_job/printspark.py
[2025-01-03T13:23:13.401+0000] {spark_submit.py:641} INFO - name                    example
[2025-01-03T13:23:13.402+0000] {spark_submit.py:641} INFO - childArgs               []
[2025-01-03T13:23:13.402+0000] {spark_submit.py:641} INFO - jars                    null
[2025-01-03T13:23:13.402+0000] {spark_submit.py:641} INFO - packages                null
[2025-01-03T13:23:13.403+0000] {spark_submit.py:641} INFO - packagesExclusions      null
[2025-01-03T13:23:13.403+0000] {spark_submit.py:641} INFO - repositories            null
[2025-01-03T13:23:13.404+0000] {spark_submit.py:641} INFO - verbose                 true
[2025-01-03T13:23:13.404+0000] {spark_submit.py:641} INFO - 
[2025-01-03T13:23:13.404+0000] {spark_submit.py:641} INFO - Spark properties used, including those specified through
[2025-01-03T13:23:13.405+0000] {spark_submit.py:641} INFO - --conf and those from the properties file null:
[2025-01-03T13:23:13.405+0000] {spark_submit.py:641} INFO - (spark.driver.memory,2g)
[2025-01-03T13:23:13.405+0000] {spark_submit.py:641} INFO - (spark.master,spark://spark:7077)
[2025-01-03T13:23:13.405+0000] {spark_submit.py:641} INFO - 
[2025-01-03T13:23:13.406+0000] {spark_submit.py:641} INFO - 
[2025-01-03T13:23:13.670+0000] {spark_submit.py:641} INFO - Main class:
[2025-01-03T13:23:13.671+0000] {spark_submit.py:641} INFO - org.apache.spark.deploy.PythonRunner
[2025-01-03T13:23:13.671+0000] {spark_submit.py:641} INFO - Arguments:
[2025-01-03T13:23:13.671+0000] {spark_submit.py:641} INFO - file:/spark_job/printspark.py
[2025-01-03T13:23:13.672+0000] {spark_submit.py:641} INFO - null
[2025-01-03T13:23:13.673+0000] {spark_submit.py:641} INFO - Spark config:
[2025-01-03T13:23:13.673+0000] {spark_submit.py:641} INFO - (spark.app.name,example)
[2025-01-03T13:23:13.674+0000] {spark_submit.py:641} INFO - (spark.app.submitTime,1735910593650)
[2025-01-03T13:23:13.674+0000] {spark_submit.py:641} INFO - (spark.driver.memory,2g)
[2025-01-03T13:23:13.674+0000] {spark_submit.py:641} INFO - (spark.executor.cores,2)
[2025-01-03T13:23:13.675+0000] {spark_submit.py:641} INFO - (spark.executor.memory,2g)
[2025-01-03T13:23:13.675+0000] {spark_submit.py:641} INFO - (spark.master,spark-master:7077)
[2025-01-03T13:23:13.676+0000] {spark_submit.py:641} INFO - (spark.submit.deployMode,client)
[2025-01-03T13:23:13.676+0000] {spark_submit.py:641} INFO - (spark.submit.pyFiles,)
[2025-01-03T13:23:13.676+0000] {spark_submit.py:641} INFO - Classpath elements:
[2025-01-03T13:23:13.677+0000] {spark_submit.py:641} INFO - 
[2025-01-03T13:23:13.677+0000] {spark_submit.py:641} INFO - 
[2025-01-03T13:23:13.677+0000] {spark_submit.py:641} INFO - 
[2025-01-03T13:23:15.012+0000] {spark_submit.py:641} INFO - 25/01/03 13:23:15 INFO SparkContext: Running Spark version 3.5.4
[2025-01-03T13:23:15.014+0000] {spark_submit.py:641} INFO - 25/01/03 13:23:15 INFO SparkContext: OS info Linux, 5.15.153.1-microsoft-standard-WSL2, amd64
[2025-01-03T13:23:15.015+0000] {spark_submit.py:641} INFO - 25/01/03 13:23:15 INFO SparkContext: Java version 17.0.13
[2025-01-03T13:23:15.070+0000] {spark_submit.py:641} INFO - 25/01/03 13:23:15 WARN NativeCodeLoader: Unable to load native-hadoop library for your platform... using builtin-java classes where applicable
[2025-01-03T13:23:15.161+0000] {spark_submit.py:641} INFO - 25/01/03 13:23:15 INFO ResourceUtils: ==============================================================
[2025-01-03T13:23:15.162+0000] {spark_submit.py:641} INFO - 25/01/03 13:23:15 INFO ResourceUtils: No custom resources configured for spark.driver.
[2025-01-03T13:23:15.162+0000] {spark_submit.py:641} INFO - 25/01/03 13:23:15 INFO ResourceUtils: ==============================================================
[2025-01-03T13:23:15.163+0000] {spark_submit.py:641} INFO - 25/01/03 13:23:15 INFO SparkContext: Submitted application: example
[2025-01-03T13:23:15.184+0000] {spark_submit.py:641} INFO - 25/01/03 13:23:15 INFO ResourceProfile: Default ResourceProfile created, executor resources: Map(cores -> name: cores, amount: 2, script: , vendor: , memory -> name: memory, amount: 2048, script: , vendor: , offHeap -> name: offHeap, amount: 0, script: , vendor: ), task resources: Map(cpus -> name: cpus, amount: 1.0)
[2025-01-03T13:23:15.197+0000] {spark_submit.py:641} INFO - 25/01/03 13:23:15 INFO ResourceProfile: Limiting resource is cpus at 2 tasks per executor
[2025-01-03T13:23:15.199+0000] {spark_submit.py:641} INFO - 25/01/03 13:23:15 INFO ResourceProfileManager: Added ResourceProfile id: 0
[2025-01-03T13:23:15.249+0000] {spark_submit.py:641} INFO - 25/01/03 13:23:15 INFO SecurityManager: Changing view acls to: ***
[2025-01-03T13:23:15.250+0000] {spark_submit.py:641} INFO - 25/01/03 13:23:15 INFO SecurityManager: Changing modify acls to: ***
[2025-01-03T13:23:15.251+0000] {spark_submit.py:641} INFO - 25/01/03 13:23:15 INFO SecurityManager: Changing view acls groups to:
[2025-01-03T13:23:15.251+0000] {spark_submit.py:641} INFO - 25/01/03 13:23:15 INFO SecurityManager: Changing modify acls groups to:
[2025-01-03T13:23:15.251+0000] {spark_submit.py:641} INFO - 25/01/03 13:23:15 INFO SecurityManager: SecurityManager: authentication disabled; ui acls disabled; users with view permissions: ***; groups with view permissions: EMPTY; users with modify permissions: ***; groups with modify permissions: EMPTY
[2025-01-03T13:23:15.501+0000] {spark_submit.py:641} INFO - 25/01/03 13:23:15 INFO Utils: Successfully started service 'sparkDriver' on port 37647.
[2025-01-03T13:23:15.532+0000] {spark_submit.py:641} INFO - 25/01/03 13:23:15 INFO SparkEnv: Registering MapOutputTracker
[2025-01-03T13:23:15.569+0000] {spark_submit.py:641} INFO - 25/01/03 13:23:15 INFO SparkEnv: Registering BlockManagerMaster
[2025-01-03T13:23:15.587+0000] {spark_submit.py:641} INFO - 25/01/03 13:23:15 INFO BlockManagerMasterEndpoint: Using org.apache.spark.storage.DefaultTopologyMapper for getting topology information
[2025-01-03T13:23:15.588+0000] {spark_submit.py:641} INFO - 25/01/03 13:23:15 INFO BlockManagerMasterEndpoint: BlockManagerMasterEndpoint up
[2025-01-03T13:23:15.593+0000] {spark_submit.py:641} INFO - 25/01/03 13:23:15 INFO SparkEnv: Registering BlockManagerMasterHeartbeat
[2025-01-03T13:23:15.617+0000] {spark_submit.py:641} INFO - 25/01/03 13:23:15 INFO DiskBlockManager: Created local directory at /tmp/blockmgr-70db7dfd-b6b7-4d49-a110-0c3c84f8b385
[2025-01-03T13:23:15.631+0000] {spark_submit.py:641} INFO - 25/01/03 13:23:15 INFO MemoryStore: MemoryStore started with capacity 1048.8 MiB
[2025-01-03T13:23:15.655+0000] {spark_submit.py:641} INFO - 25/01/03 13:23:15 INFO SparkEnv: Registering OutputCommitCoordinator
[2025-01-03T13:23:15.802+0000] {spark_submit.py:641} INFO - 25/01/03 13:23:15 INFO JettyUtils: Start Jetty 0.0.0.0:4040 for SparkUI
[2025-01-03T13:23:15.878+0000] {spark_submit.py:641} INFO - 25/01/03 13:23:15 INFO Utils: Successfully started service 'SparkUI' on port 4040.
[2025-01-03T13:23:15.930+0000] {spark_submit.py:641} INFO - 25/01/03 13:23:15 ERROR SparkContext: Error initializing SparkContext.
[2025-01-03T13:23:15.931+0000] {spark_submit.py:641} INFO - org.apache.spark.SparkException: Could not parse Master URL: 'spark-master:7077'
[2025-01-03T13:23:15.931+0000] {spark_submit.py:641} INFO - at org.apache.spark.SparkContext$.org$apache$spark$SparkContext$$createTaskScheduler(SparkContext.scala:3194)
[2025-01-03T13:23:15.932+0000] {spark_submit.py:641} INFO - at org.apache.spark.SparkContext.<init>(SparkContext.scala:577)
[2025-01-03T13:23:15.932+0000] {spark_submit.py:641} INFO - at org.apache.spark.api.java.JavaSparkContext.<init>(JavaSparkContext.scala:58)
[2025-01-03T13:23:15.932+0000] {spark_submit.py:641} INFO - at java.base/jdk.internal.reflect.NativeConstructorAccessorImpl.newInstance0(Native Method)
[2025-01-03T13:23:15.933+0000] {spark_submit.py:641} INFO - at java.base/jdk.internal.reflect.NativeConstructorAccessorImpl.newInstance(NativeConstructorAccessorImpl.java:77)
[2025-01-03T13:23:15.933+0000] {spark_submit.py:641} INFO - at java.base/jdk.internal.reflect.DelegatingConstructorAccessorImpl.newInstance(DelegatingConstructorAccessorImpl.java:45)
[2025-01-03T13:23:15.934+0000] {spark_submit.py:641} INFO - at java.base/java.lang.reflect.Constructor.newInstanceWithCaller(Constructor.java:500)
[2025-01-03T13:23:15.934+0000] {spark_submit.py:641} INFO - at java.base/java.lang.reflect.Constructor.newInstance(Constructor.java:481)
[2025-01-03T13:23:15.934+0000] {spark_submit.py:641} INFO - at py4j.reflection.MethodInvoker.invoke(MethodInvoker.java:247)
[2025-01-03T13:23:15.934+0000] {spark_submit.py:641} INFO - at py4j.reflection.ReflectionEngine.invoke(ReflectionEngine.java:374)
[2025-01-03T13:23:15.935+0000] {spark_submit.py:641} INFO - at py4j.Gateway.invoke(Gateway.java:238)
[2025-01-03T13:23:15.935+0000] {spark_submit.py:641} INFO - at py4j.commands.ConstructorCommand.invokeConstructor(ConstructorCommand.java:80)
[2025-01-03T13:23:15.935+0000] {spark_submit.py:641} INFO - at py4j.commands.ConstructorCommand.execute(ConstructorCommand.java:69)
[2025-01-03T13:23:15.936+0000] {spark_submit.py:641} INFO - at py4j.ClientServerConnection.waitForCommands(ClientServerConnection.java:182)
[2025-01-03T13:23:15.936+0000] {spark_submit.py:641} INFO - at py4j.ClientServerConnection.run(ClientServerConnection.java:106)
[2025-01-03T13:23:15.936+0000] {spark_submit.py:641} INFO - at java.base/java.lang.Thread.run(Thread.java:840)
[2025-01-03T13:23:15.937+0000] {spark_submit.py:641} INFO - 25/01/03 13:23:15 INFO SparkContext: SparkContext is stopping with exitCode 0.
[2025-01-03T13:23:15.943+0000] {spark_submit.py:641} INFO - 25/01/03 13:23:15 INFO SparkUI: Stopped Spark web UI at http://e30ed761b3cd:4040
[2025-01-03T13:23:15.979+0000] {spark_submit.py:641} INFO - 25/01/03 13:23:15 INFO MapOutputTrackerMasterEndpoint: MapOutputTrackerMasterEndpoint stopped!
[2025-01-03T13:23:15.990+0000] {spark_submit.py:641} INFO - 25/01/03 13:23:15 INFO MemoryStore: MemoryStore cleared
[2025-01-03T13:23:15.991+0000] {spark_submit.py:641} INFO - 25/01/03 13:23:15 INFO BlockManager: BlockManager stopped
[2025-01-03T13:23:15.998+0000] {spark_submit.py:641} INFO - 25/01/03 13:23:15 INFO BlockManagerMaster: BlockManagerMaster stopped
[2025-01-03T13:23:16.000+0000] {spark_submit.py:641} INFO - 25/01/03 13:23:15 WARN MetricsSystem: Stopping a MetricsSystem that is not running
[2025-01-03T13:23:16.002+0000] {spark_submit.py:641} INFO - 25/01/03 13:23:16 INFO OutputCommitCoordinator$OutputCommitCoordinatorEndpoint: OutputCommitCoordinator stopped!
[2025-01-03T13:23:16.020+0000] {spark_submit.py:641} INFO - 25/01/03 13:23:16 INFO SparkContext: Successfully stopped SparkContext
[2025-01-03T13:23:16.021+0000] {spark_submit.py:641} INFO - Traceback (most recent call last):
[2025-01-03T13:23:16.021+0000] {spark_submit.py:641} INFO - File "/spark_job/printspark.py", line 3, in <module>
[2025-01-03T13:23:16.023+0000] {spark_submit.py:641} INFO - spark = SparkSession.builder.getOrCreate()
[2025-01-03T13:23:16.024+0000] {spark_submit.py:641} INFO - ^^^^^^^^^^^^^^^^^^^^^^^^^^^^^^^^^^
[2025-01-03T13:23:16.024+0000] {spark_submit.py:641} INFO - File "/home/***/.local/lib/python3.11/site-packages/pyspark/python/lib/pyspark.zip/pyspark/sql/session.py", line 497, in getOrCreate
[2025-01-03T13:23:16.024+0000] {spark_submit.py:641} INFO - File "/home/***/.local/lib/python3.11/site-packages/pyspark/python/lib/pyspark.zip/pyspark/context.py", line 515, in getOrCreate
[2025-01-03T13:23:16.025+0000] {spark_submit.py:641} INFO - File "/home/***/.local/lib/python3.11/site-packages/pyspark/python/lib/pyspark.zip/pyspark/context.py", line 203, in __init__
[2025-01-03T13:23:16.025+0000] {spark_submit.py:641} INFO - File "/home/***/.local/lib/python3.11/site-packages/pyspark/python/lib/pyspark.zip/pyspark/context.py", line 296, in _do_init
[2025-01-03T13:23:16.026+0000] {spark_submit.py:641} INFO - File "/home/***/.local/lib/python3.11/site-packages/pyspark/python/lib/pyspark.zip/pyspark/context.py", line 421, in _initialize_context
[2025-01-03T13:23:16.026+0000] {spark_submit.py:641} INFO - File "/home/***/.local/lib/python3.11/site-packages/pyspark/python/lib/py4j-0.10.9.7-src.zip/py4j/java_gateway.py", line 1587, in __call__
[2025-01-03T13:23:16.026+0000] {spark_submit.py:641} INFO - File "/home/***/.local/lib/python3.11/site-packages/pyspark/python/lib/py4j-0.10.9.7-src.zip/py4j/protocol.py", line 326, in get_return_value
[2025-01-03T13:23:16.029+0000] {spark_submit.py:641} INFO - py4j.protocol.Py4JJavaError: An error occurred while calling None.org.apache.spark.api.java.JavaSparkContext.
[2025-01-03T13:23:16.029+0000] {spark_submit.py:641} INFO - : org.apache.spark.SparkException: Could not parse Master URL: 'spark-master:7077'
[2025-01-03T13:23:16.030+0000] {spark_submit.py:641} INFO - at org.apache.spark.SparkContext$.org$apache$spark$SparkContext$$createTaskScheduler(SparkContext.scala:3194)
[2025-01-03T13:23:16.030+0000] {spark_submit.py:641} INFO - at org.apache.spark.SparkContext.<init>(SparkContext.scala:577)
[2025-01-03T13:23:16.030+0000] {spark_submit.py:641} INFO - at org.apache.spark.api.java.JavaSparkContext.<init>(JavaSparkContext.scala:58)
[2025-01-03T13:23:16.031+0000] {spark_submit.py:641} INFO - at java.base/jdk.internal.reflect.NativeConstructorAccessorImpl.newInstance0(Native Method)
[2025-01-03T13:23:16.031+0000] {spark_submit.py:641} INFO - at java.base/jdk.internal.reflect.NativeConstructorAccessorImpl.newInstance(NativeConstructorAccessorImpl.java:77)
[2025-01-03T13:23:16.031+0000] {spark_submit.py:641} INFO - at java.base/jdk.internal.reflect.DelegatingConstructorAccessorImpl.newInstance(DelegatingConstructorAccessorImpl.java:45)
[2025-01-03T13:23:16.032+0000] {spark_submit.py:641} INFO - at java.base/java.lang.reflect.Constructor.newInstanceWithCaller(Constructor.java:500)
[2025-01-03T13:23:16.032+0000] {spark_submit.py:641} INFO - at java.base/java.lang.reflect.Constructor.newInstance(Constructor.java:481)
[2025-01-03T13:23:16.032+0000] {spark_submit.py:641} INFO - at py4j.reflection.MethodInvoker.invoke(MethodInvoker.java:247)
[2025-01-03T13:23:16.033+0000] {spark_submit.py:641} INFO - at py4j.reflection.ReflectionEngine.invoke(ReflectionEngine.java:374)
[2025-01-03T13:23:16.033+0000] {spark_submit.py:641} INFO - at py4j.Gateway.invoke(Gateway.java:238)
[2025-01-03T13:23:16.033+0000] {spark_submit.py:641} INFO - at py4j.commands.ConstructorCommand.invokeConstructor(ConstructorCommand.java:80)
[2025-01-03T13:23:16.034+0000] {spark_submit.py:641} INFO - at py4j.commands.ConstructorCommand.execute(ConstructorCommand.java:69)
[2025-01-03T13:23:16.034+0000] {spark_submit.py:641} INFO - at py4j.ClientServerConnection.waitForCommands(ClientServerConnection.java:182)
[2025-01-03T13:23:16.035+0000] {spark_submit.py:641} INFO - at py4j.ClientServerConnection.run(ClientServerConnection.java:106)
[2025-01-03T13:23:16.035+0000] {spark_submit.py:641} INFO - at java.base/java.lang.Thread.run(Thread.java:840)
[2025-01-03T13:23:16.035+0000] {spark_submit.py:641} INFO - 
[2025-01-03T13:23:16.090+0000] {spark_submit.py:641} INFO - 25/01/03 13:23:16 INFO ShutdownHookManager: Shutdown hook called
[2025-01-03T13:23:16.090+0000] {spark_submit.py:641} INFO - 25/01/03 13:23:16 INFO ShutdownHookManager: Deleting directory /tmp/spark-11240b03-4b1c-4a4b-b687-09602a91dab7
[2025-01-03T13:23:16.095+0000] {spark_submit.py:641} INFO - 25/01/03 13:23:16 INFO ShutdownHookManager: Deleting directory /tmp/spark-d101bc15-6126-497a-b82f-c183d150e61b
[2025-01-03T13:23:16.136+0000] {taskinstance.py:441} INFO - ::group::Post task execution logs
[2025-01-03T13:23:16.150+0000] {taskinstance.py:2905} ERROR - Task failed with exception
Traceback (most recent call last):
  File "/home/airflow/.local/lib/python3.11/site-packages/airflow/models/taskinstance.py", line 465, in _execute_task
    result = _execute_callable(context=context, **execute_callable_kwargs)
             ^^^^^^^^^^^^^^^^^^^^^^^^^^^^^^^^^^^^^^^^^^^^^^^^^^^^^^^^^^^^^
  File "/home/airflow/.local/lib/python3.11/site-packages/airflow/models/taskinstance.py", line 432, in _execute_callable
    return execute_callable(context=context, **execute_callable_kwargs)
           ^^^^^^^^^^^^^^^^^^^^^^^^^^^^^^^^^^^^^^^^^^^^^^^^^^^^^^^^^^^^
  File "/home/airflow/.local/lib/python3.11/site-packages/airflow/models/baseoperator.py", line 401, in wrapper
    return func(self, *args, **kwargs)
           ^^^^^^^^^^^^^^^^^^^^^^^^^^^
  File "/home/airflow/.local/lib/python3.11/site-packages/airflow/providers/apache/spark/operators/spark_submit.py", line 177, in execute
    self._hook.submit(self.application)
  File "/home/airflow/.local/lib/python3.11/site-packages/airflow/providers/apache/spark/hooks/spark_submit.py", line 567, in submit
    raise AirflowException(
airflow.exceptions.AirflowException: Cannot execute: spark-submit --master spark-master:7077 --conf spark.master=spark://spark:7077 --num-executors 2 --executor-cores 2 --executor-memory 2g --driver-memory 2g --name example --verbose --deploy-mode client /spark_job/printspark.py. Error code is: 1.
[2025-01-03T13:23:16.154+0000] {taskinstance.py:1206} INFO - Marking task as UP_FOR_RETRY. dag_id=spark_submit_example, task_id=spark_submit_task, run_id=manual__2025-01-03T13:21:19.493025+00:00, execution_date=20250103T132119, start_date=20250103T132311, end_date=20250103T132316
[2025-01-03T13:23:16.190+0000] {standard_task_runner.py:110} ERROR - Failed to execute job 6 for task spark_submit_task (Cannot execute: spark-submit --master spark-master:7077 --conf spark.master=spark://spark:7077 --num-executors 2 --executor-cores 2 --executor-memory 2g --driver-memory 2g --name example --verbose --deploy-mode client /spark_job/printspark.py. Error code is: 1.; 399)
[2025-01-03T13:23:16.243+0000] {local_task_job_runner.py:240} INFO - Task exited with return code 1
[2025-01-03T13:23:16.413+0000] {taskinstance.py:3503} INFO - 0 downstream tasks scheduled from follow-on schedule check
[2025-01-03T13:23:16.439+0000] {local_task_job_runner.py:222} INFO - ::endgroup::
