[2025-01-03T13:39:35.941+0000] {local_task_job_runner.py:120} INFO - ::group::Pre task execution logs
[2025-01-03T13:39:35.993+0000] {taskinstance.py:2076} INFO - Dependencies all met for dep_context=non-requeueable deps ti=<TaskInstance: spark_submit_example.spark_submit_task manual__2025-01-03T13:21:19.493025+00:00 [queued]>
[2025-01-03T13:39:36.002+0000] {taskinstance.py:2076} INFO - Dependencies all met for dep_context=requeueable deps ti=<TaskInstance: spark_submit_example.spark_submit_task manual__2025-01-03T13:21:19.493025+00:00 [queued]>
[2025-01-03T13:39:36.003+0000] {taskinstance.py:2306} INFO - Starting attempt 7 of 8
[2025-01-03T13:39:36.051+0000] {taskinstance.py:2330} INFO - Executing <Task(SparkSubmitOperator): spark_submit_task> on 2025-01-03 13:21:19.493025+00:00
[2025-01-03T13:39:36.058+0000] {standard_task_runner.py:63} INFO - Started process 1004 to run task
[2025-01-03T13:39:36.062+0000] {standard_task_runner.py:90} INFO - Running: ['***', 'tasks', 'run', 'spark_submit_example', 'spark_submit_task', 'manual__2025-01-03T13:21:19.493025+00:00', '--job-id', '13', '--raw', '--subdir', 'DAGS_FOLDER/teste_dag.py', '--cfg-path', '/tmp/tmpycn2q_9i']
[2025-01-03T13:39:36.065+0000] {standard_task_runner.py:91} INFO - Job 13: Subtask spark_submit_task
[2025-01-03T13:39:36.295+0000] {task_command.py:426} INFO - Running <TaskInstance: spark_submit_example.spark_submit_task manual__2025-01-03T13:21:19.493025+00:00 [running]> on host e30ed761b3cd
[2025-01-03T13:39:36.434+0000] {taskinstance.py:2648} INFO - Exporting env vars: AIRFLOW_CTX_DAG_OWNER='***' AIRFLOW_CTX_DAG_ID='spark_submit_example' AIRFLOW_CTX_TASK_ID='spark_submit_task' AIRFLOW_CTX_EXECUTION_DATE='2025-01-03T13:21:19.493025+00:00' AIRFLOW_CTX_TRY_NUMBER='7' AIRFLOW_CTX_DAG_RUN_ID='manual__2025-01-03T13:21:19.493025+00:00'
[2025-01-03T13:39:36.435+0000] {taskinstance.py:430} INFO - ::endgroup::
[2025-01-03T13:39:36.463+0000] {base.py:84} INFO - Using connection ID 'spark_default' for task execution.
[2025-01-03T13:39:36.468+0000] {spark_submit.py:328} ERROR - Failed to decode base64 keytab: Incorrect padding
[2025-01-03T13:39:36.468+0000] {spark_submit.py:305} INFO - Could not load connection string spark_default, defaulting to spark-master:7077
[2025-01-03T13:39:36.469+0000] {spark_submit.py:474} INFO - Spark-Submit cmd: spark-submit --master spark-master:7077 --conf spark.executor.memory=2g --conf spark.executor.cores=2 --principal *** --name arrow-spark --verbose --deploy-mode client /spark_job/printspark.py
[2025-01-03T13:39:36.574+0000] {spark_submit.py:641} INFO - /home/***/.local/lib/python3.11/site-packages/pyspark/bin/load-spark-env.sh: line 68: ps: command not found
[2025-01-03T13:39:38.176+0000] {spark_submit.py:641} INFO - Using properties file: null
[2025-01-03T13:39:38.325+0000] {spark_submit.py:641} INFO - Parsed arguments:
[2025-01-03T13:39:38.325+0000] {spark_submit.py:641} INFO - master                  spark-master:7077
[2025-01-03T13:39:38.326+0000] {spark_submit.py:641} INFO - remote                  null
[2025-01-03T13:39:38.326+0000] {spark_submit.py:641} INFO - deployMode              client
[2025-01-03T13:39:38.327+0000] {spark_submit.py:641} INFO - executorMemory          2g
[2025-01-03T13:39:38.327+0000] {spark_submit.py:641} INFO - executorCores           2
[2025-01-03T13:39:38.328+0000] {spark_submit.py:641} INFO - totalExecutorCores      null
[2025-01-03T13:39:38.328+0000] {spark_submit.py:641} INFO - propertiesFile          null
[2025-01-03T13:39:38.329+0000] {spark_submit.py:641} INFO - driverMemory            null
[2025-01-03T13:39:38.329+0000] {spark_submit.py:641} INFO - driverCores             null
[2025-01-03T13:39:38.330+0000] {spark_submit.py:641} INFO - driverExtraClassPath    null
[2025-01-03T13:39:38.330+0000] {spark_submit.py:641} INFO - driverExtraLibraryPath  null
[2025-01-03T13:39:38.330+0000] {spark_submit.py:641} INFO - driverExtraJavaOptions  null
[2025-01-03T13:39:38.331+0000] {spark_submit.py:641} INFO - supervise               false
[2025-01-03T13:39:38.332+0000] {spark_submit.py:641} INFO - queue                   null
[2025-01-03T13:39:38.332+0000] {spark_submit.py:641} INFO - numExecutors            null
[2025-01-03T13:39:38.333+0000] {spark_submit.py:641} INFO - files                   null
[2025-01-03T13:39:38.333+0000] {spark_submit.py:641} INFO - pyFiles                 null
[2025-01-03T13:39:38.333+0000] {spark_submit.py:641} INFO - archives                null
[2025-01-03T13:39:38.334+0000] {spark_submit.py:641} INFO - mainClass               null
[2025-01-03T13:39:38.334+0000] {spark_submit.py:641} INFO - primaryResource         file:/spark_job/printspark.py
[2025-01-03T13:39:38.335+0000] {spark_submit.py:641} INFO - name                    arrow-spark
[2025-01-03T13:39:38.335+0000] {spark_submit.py:641} INFO - childArgs               []
[2025-01-03T13:39:38.336+0000] {spark_submit.py:641} INFO - jars                    null
[2025-01-03T13:39:38.336+0000] {spark_submit.py:641} INFO - packages                null
[2025-01-03T13:39:38.337+0000] {spark_submit.py:641} INFO - packagesExclusions      null
[2025-01-03T13:39:38.337+0000] {spark_submit.py:641} INFO - repositories            null
[2025-01-03T13:39:38.337+0000] {spark_submit.py:641} INFO - verbose                 true
[2025-01-03T13:39:38.338+0000] {spark_submit.py:641} INFO - 
[2025-01-03T13:39:38.338+0000] {spark_submit.py:641} INFO - Spark properties used, including those specified through
[2025-01-03T13:39:38.339+0000] {spark_submit.py:641} INFO - --conf and those from the properties file null:
[2025-01-03T13:39:38.339+0000] {spark_submit.py:641} INFO - (spark.executor.cores,2)
[2025-01-03T13:39:38.340+0000] {spark_submit.py:641} INFO - (spark.executor.memory,2g)
[2025-01-03T13:39:38.340+0000] {spark_submit.py:641} INFO - 
[2025-01-03T13:39:38.340+0000] {spark_submit.py:641} INFO - 
[2025-01-03T13:39:38.600+0000] {spark_submit.py:641} INFO - Main class:
[2025-01-03T13:39:38.600+0000] {spark_submit.py:641} INFO - org.apache.spark.deploy.PythonRunner
[2025-01-03T13:39:38.601+0000] {spark_submit.py:641} INFO - Arguments:
[2025-01-03T13:39:38.601+0000] {spark_submit.py:641} INFO - file:/spark_job/printspark.py
[2025-01-03T13:39:38.602+0000] {spark_submit.py:641} INFO - null
[2025-01-03T13:39:38.603+0000] {spark_submit.py:641} INFO - Spark config:
[2025-01-03T13:39:38.603+0000] {spark_submit.py:641} INFO - (spark.app.name,arrow-spark)
[2025-01-03T13:39:38.603+0000] {spark_submit.py:641} INFO - (spark.app.submitTime,1735911578581)
[2025-01-03T13:39:38.604+0000] {spark_submit.py:641} INFO - (spark.executor.cores,2)
[2025-01-03T13:39:38.604+0000] {spark_submit.py:641} INFO - (spark.executor.memory,2g)
[2025-01-03T13:39:38.604+0000] {spark_submit.py:641} INFO - (spark.kerberos.principal,***)
[2025-01-03T13:39:38.605+0000] {spark_submit.py:641} INFO - (spark.master,spark-master:7077)
[2025-01-03T13:39:38.605+0000] {spark_submit.py:641} INFO - (spark.submit.deployMode,client)
[2025-01-03T13:39:38.606+0000] {spark_submit.py:641} INFO - (spark.submit.pyFiles,)
[2025-01-03T13:39:38.606+0000] {spark_submit.py:641} INFO - Classpath elements:
[2025-01-03T13:39:38.606+0000] {spark_submit.py:641} INFO - 
[2025-01-03T13:39:38.607+0000] {spark_submit.py:641} INFO - 
[2025-01-03T13:39:38.607+0000] {spark_submit.py:641} INFO - 
[2025-01-03T13:39:40.035+0000] {spark_submit.py:641} INFO - 25/01/03 13:39:40 INFO SparkContext: Running Spark version 3.5.4
[2025-01-03T13:39:40.037+0000] {spark_submit.py:641} INFO - 25/01/03 13:39:40 INFO SparkContext: OS info Linux, 5.15.153.1-microsoft-standard-WSL2, amd64
[2025-01-03T13:39:40.038+0000] {spark_submit.py:641} INFO - 25/01/03 13:39:40 INFO SparkContext: Java version 17.0.13
[2025-01-03T13:39:40.105+0000] {spark_submit.py:641} INFO - 25/01/03 13:39:40 WARN NativeCodeLoader: Unable to load native-hadoop library for your platform... using builtin-java classes where applicable
[2025-01-03T13:39:40.253+0000] {spark_submit.py:641} INFO - 25/01/03 13:39:40 INFO ResourceUtils: ==============================================================
[2025-01-03T13:39:40.255+0000] {spark_submit.py:641} INFO - 25/01/03 13:39:40 INFO ResourceUtils: No custom resources configured for spark.driver.
[2025-01-03T13:39:40.255+0000] {spark_submit.py:641} INFO - 25/01/03 13:39:40 INFO ResourceUtils: ==============================================================
[2025-01-03T13:39:40.256+0000] {spark_submit.py:641} INFO - 25/01/03 13:39:40 INFO SparkContext: Submitted application: WordCount
[2025-01-03T13:39:40.287+0000] {spark_submit.py:641} INFO - 25/01/03 13:39:40 INFO ResourceProfile: Default ResourceProfile created, executor resources: Map(cores -> name: cores, amount: 2, script: , vendor: , memory -> name: memory, amount: 2048, script: , vendor: , offHeap -> name: offHeap, amount: 0, script: , vendor: ), task resources: Map(cpus -> name: cpus, amount: 1.0)
[2025-01-03T13:39:40.301+0000] {spark_submit.py:641} INFO - 25/01/03 13:39:40 INFO ResourceProfile: Limiting resource is cpus at 2 tasks per executor
[2025-01-03T13:39:40.305+0000] {spark_submit.py:641} INFO - 25/01/03 13:39:40 INFO ResourceProfileManager: Added ResourceProfile id: 0
[2025-01-03T13:39:40.401+0000] {spark_submit.py:641} INFO - 25/01/03 13:39:40 INFO SecurityManager: Changing view acls to: ***
[2025-01-03T13:39:40.402+0000] {spark_submit.py:641} INFO - 25/01/03 13:39:40 INFO SecurityManager: Changing modify acls to: ***
[2025-01-03T13:39:40.403+0000] {spark_submit.py:641} INFO - 25/01/03 13:39:40 INFO SecurityManager: Changing view acls groups to:
[2025-01-03T13:39:40.403+0000] {spark_submit.py:641} INFO - 25/01/03 13:39:40 INFO SecurityManager: Changing modify acls groups to:
[2025-01-03T13:39:40.404+0000] {spark_submit.py:641} INFO - 25/01/03 13:39:40 INFO SecurityManager: SecurityManager: authentication disabled; ui acls disabled; users with view permissions: ***; groups with view permissions: EMPTY; users with modify permissions: ***; groups with modify permissions: EMPTY
[2025-01-03T13:39:40.727+0000] {spark_submit.py:641} INFO - 25/01/03 13:39:40 INFO Utils: Successfully started service 'sparkDriver' on port 35377.
[2025-01-03T13:39:40.760+0000] {spark_submit.py:641} INFO - 25/01/03 13:39:40 INFO SparkEnv: Registering MapOutputTracker
[2025-01-03T13:39:40.800+0000] {spark_submit.py:641} INFO - 25/01/03 13:39:40 INFO SparkEnv: Registering BlockManagerMaster
[2025-01-03T13:39:40.824+0000] {spark_submit.py:641} INFO - 25/01/03 13:39:40 INFO BlockManagerMasterEndpoint: Using org.apache.spark.storage.DefaultTopologyMapper for getting topology information
[2025-01-03T13:39:40.825+0000] {spark_submit.py:641} INFO - 25/01/03 13:39:40 INFO BlockManagerMasterEndpoint: BlockManagerMasterEndpoint up
[2025-01-03T13:39:40.830+0000] {spark_submit.py:641} INFO - 25/01/03 13:39:40 INFO SparkEnv: Registering BlockManagerMasterHeartbeat
[2025-01-03T13:39:40.858+0000] {spark_submit.py:641} INFO - 25/01/03 13:39:40 INFO DiskBlockManager: Created local directory at /tmp/blockmgr-261abad7-61f2-481f-bc25-330c90c7b1d7
[2025-01-03T13:39:40.883+0000] {spark_submit.py:641} INFO - 25/01/03 13:39:40 INFO MemoryStore: MemoryStore started with capacity 434.4 MiB
[2025-01-03T13:39:40.905+0000] {spark_submit.py:641} INFO - 25/01/03 13:39:40 INFO SparkEnv: Registering OutputCommitCoordinator
[2025-01-03T13:39:41.074+0000] {spark_submit.py:641} INFO - 25/01/03 13:39:41 INFO JettyUtils: Start Jetty 0.0.0.0:4040 for SparkUI
[2025-01-03T13:39:41.157+0000] {spark_submit.py:641} INFO - 25/01/03 13:39:41 INFO Utils: Successfully started service 'SparkUI' on port 4040.
[2025-01-03T13:39:41.237+0000] {spark_submit.py:641} INFO - 25/01/03 13:39:41 ERROR SparkContext: Error initializing SparkContext.
[2025-01-03T13:39:41.238+0000] {spark_submit.py:641} INFO - org.apache.spark.SparkException: Could not parse Master URL: 'spark-master:7077'
[2025-01-03T13:39:41.238+0000] {spark_submit.py:641} INFO - at org.apache.spark.SparkContext$.org$apache$spark$SparkContext$$createTaskScheduler(SparkContext.scala:3194)
[2025-01-03T13:39:41.239+0000] {spark_submit.py:641} INFO - at org.apache.spark.SparkContext.<init>(SparkContext.scala:577)
[2025-01-03T13:39:41.239+0000] {spark_submit.py:641} INFO - at org.apache.spark.api.java.JavaSparkContext.<init>(JavaSparkContext.scala:58)
[2025-01-03T13:39:41.240+0000] {spark_submit.py:641} INFO - at java.base/jdk.internal.reflect.NativeConstructorAccessorImpl.newInstance0(Native Method)
[2025-01-03T13:39:41.240+0000] {spark_submit.py:641} INFO - at java.base/jdk.internal.reflect.NativeConstructorAccessorImpl.newInstance(NativeConstructorAccessorImpl.java:77)
[2025-01-03T13:39:41.240+0000] {spark_submit.py:641} INFO - at java.base/jdk.internal.reflect.DelegatingConstructorAccessorImpl.newInstance(DelegatingConstructorAccessorImpl.java:45)
[2025-01-03T13:39:41.241+0000] {spark_submit.py:641} INFO - at java.base/java.lang.reflect.Constructor.newInstanceWithCaller(Constructor.java:500)
[2025-01-03T13:39:41.241+0000] {spark_submit.py:641} INFO - at java.base/java.lang.reflect.Constructor.newInstance(Constructor.java:481)
[2025-01-03T13:39:41.242+0000] {spark_submit.py:641} INFO - at py4j.reflection.MethodInvoker.invoke(MethodInvoker.java:247)
[2025-01-03T13:39:41.242+0000] {spark_submit.py:641} INFO - at py4j.reflection.ReflectionEngine.invoke(ReflectionEngine.java:374)
[2025-01-03T13:39:41.242+0000] {spark_submit.py:641} INFO - at py4j.Gateway.invoke(Gateway.java:238)
[2025-01-03T13:39:41.243+0000] {spark_submit.py:641} INFO - at py4j.commands.ConstructorCommand.invokeConstructor(ConstructorCommand.java:80)
[2025-01-03T13:39:41.243+0000] {spark_submit.py:641} INFO - at py4j.commands.ConstructorCommand.execute(ConstructorCommand.java:69)
[2025-01-03T13:39:41.244+0000] {spark_submit.py:641} INFO - at py4j.ClientServerConnection.waitForCommands(ClientServerConnection.java:182)
[2025-01-03T13:39:41.244+0000] {spark_submit.py:641} INFO - at py4j.ClientServerConnection.run(ClientServerConnection.java:106)
[2025-01-03T13:39:41.244+0000] {spark_submit.py:641} INFO - at java.base/java.lang.Thread.run(Thread.java:840)
[2025-01-03T13:39:41.245+0000] {spark_submit.py:641} INFO - 25/01/03 13:39:41 INFO SparkContext: SparkContext is stopping with exitCode 0.
[2025-01-03T13:39:41.256+0000] {spark_submit.py:641} INFO - 25/01/03 13:39:41 INFO SparkUI: Stopped Spark web UI at http://e30ed761b3cd:4040
[2025-01-03T13:39:41.328+0000] {spark_submit.py:641} INFO - 25/01/03 13:39:41 INFO MapOutputTrackerMasterEndpoint: MapOutputTrackerMasterEndpoint stopped!
[2025-01-03T13:39:41.373+0000] {spark_submit.py:641} INFO - 25/01/03 13:39:41 INFO MemoryStore: MemoryStore cleared
[2025-01-03T13:39:41.374+0000] {spark_submit.py:641} INFO - 25/01/03 13:39:41 INFO BlockManager: BlockManager stopped
[2025-01-03T13:39:41.385+0000] {spark_submit.py:641} INFO - 25/01/03 13:39:41 INFO BlockManagerMaster: BlockManagerMaster stopped
[2025-01-03T13:39:41.386+0000] {spark_submit.py:641} INFO - 25/01/03 13:39:41 WARN MetricsSystem: Stopping a MetricsSystem that is not running
[2025-01-03T13:39:41.389+0000] {spark_submit.py:641} INFO - 25/01/03 13:39:41 INFO OutputCommitCoordinator$OutputCommitCoordinatorEndpoint: OutputCommitCoordinator stopped!
[2025-01-03T13:39:41.407+0000] {spark_submit.py:641} INFO - 25/01/03 13:39:41 INFO SparkContext: Successfully stopped SparkContext
[2025-01-03T13:39:41.408+0000] {spark_submit.py:641} INFO - Traceback (most recent call last):
[2025-01-03T13:39:41.409+0000] {spark_submit.py:641} INFO - File "/spark_job/printspark.py", line 5, in <module>
[2025-01-03T13:39:41.412+0000] {spark_submit.py:641} INFO - spark = SparkSession.builder.appName("WordCount").getOrCreate()
[2025-01-03T13:39:41.413+0000] {spark_submit.py:641} INFO - ^^^^^^^^^^^^^^^^^^^^^^^^^^^^^^^^^^^^^^^^^^^^^^^^^^^^^^^
[2025-01-03T13:39:41.414+0000] {spark_submit.py:641} INFO - File "/home/***/.local/lib/python3.11/site-packages/pyspark/python/lib/pyspark.zip/pyspark/sql/session.py", line 497, in getOrCreate
[2025-01-03T13:39:41.415+0000] {spark_submit.py:641} INFO - File "/home/***/.local/lib/python3.11/site-packages/pyspark/python/lib/pyspark.zip/pyspark/context.py", line 515, in getOrCreate
[2025-01-03T13:39:41.416+0000] {spark_submit.py:641} INFO - File "/home/***/.local/lib/python3.11/site-packages/pyspark/python/lib/pyspark.zip/pyspark/context.py", line 203, in __init__
[2025-01-03T13:39:41.416+0000] {spark_submit.py:641} INFO - File "/home/***/.local/lib/python3.11/site-packages/pyspark/python/lib/pyspark.zip/pyspark/context.py", line 296, in _do_init
[2025-01-03T13:39:41.417+0000] {spark_submit.py:641} INFO - File "/home/***/.local/lib/python3.11/site-packages/pyspark/python/lib/pyspark.zip/pyspark/context.py", line 421, in _initialize_context
[2025-01-03T13:39:41.417+0000] {spark_submit.py:641} INFO - File "/home/***/.local/lib/python3.11/site-packages/pyspark/python/lib/py4j-0.10.9.7-src.zip/py4j/java_gateway.py", line 1587, in __call__
[2025-01-03T13:39:41.418+0000] {spark_submit.py:641} INFO - File "/home/***/.local/lib/python3.11/site-packages/pyspark/python/lib/py4j-0.10.9.7-src.zip/py4j/protocol.py", line 326, in get_return_value
[2025-01-03T13:39:41.419+0000] {spark_submit.py:641} INFO - py4j.protocol.Py4JJavaError: An error occurred while calling None.org.apache.spark.api.java.JavaSparkContext.
[2025-01-03T13:39:41.419+0000] {spark_submit.py:641} INFO - : org.apache.spark.SparkException: Could not parse Master URL: 'spark-master:7077'
[2025-01-03T13:39:41.420+0000] {spark_submit.py:641} INFO - at org.apache.spark.SparkContext$.org$apache$spark$SparkContext$$createTaskScheduler(SparkContext.scala:3194)
[2025-01-03T13:39:41.420+0000] {spark_submit.py:641} INFO - at org.apache.spark.SparkContext.<init>(SparkContext.scala:577)
[2025-01-03T13:39:41.421+0000] {spark_submit.py:641} INFO - at org.apache.spark.api.java.JavaSparkContext.<init>(JavaSparkContext.scala:58)
[2025-01-03T13:39:41.421+0000] {spark_submit.py:641} INFO - at java.base/jdk.internal.reflect.NativeConstructorAccessorImpl.newInstance0(Native Method)
[2025-01-03T13:39:41.421+0000] {spark_submit.py:641} INFO - at java.base/jdk.internal.reflect.NativeConstructorAccessorImpl.newInstance(NativeConstructorAccessorImpl.java:77)
[2025-01-03T13:39:41.422+0000] {spark_submit.py:641} INFO - at java.base/jdk.internal.reflect.DelegatingConstructorAccessorImpl.newInstance(DelegatingConstructorAccessorImpl.java:45)
[2025-01-03T13:39:41.422+0000] {spark_submit.py:641} INFO - at java.base/java.lang.reflect.Constructor.newInstanceWithCaller(Constructor.java:500)
[2025-01-03T13:39:41.423+0000] {spark_submit.py:641} INFO - at java.base/java.lang.reflect.Constructor.newInstance(Constructor.java:481)
[2025-01-03T13:39:41.423+0000] {spark_submit.py:641} INFO - at py4j.reflection.MethodInvoker.invoke(MethodInvoker.java:247)
[2025-01-03T13:39:41.424+0000] {spark_submit.py:641} INFO - at py4j.reflection.ReflectionEngine.invoke(ReflectionEngine.java:374)
[2025-01-03T13:39:41.424+0000] {spark_submit.py:641} INFO - at py4j.Gateway.invoke(Gateway.java:238)
[2025-01-03T13:39:41.425+0000] {spark_submit.py:641} INFO - at py4j.commands.ConstructorCommand.invokeConstructor(ConstructorCommand.java:80)
[2025-01-03T13:39:41.425+0000] {spark_submit.py:641} INFO - at py4j.commands.ConstructorCommand.execute(ConstructorCommand.java:69)
[2025-01-03T13:39:41.426+0000] {spark_submit.py:641} INFO - at py4j.ClientServerConnection.waitForCommands(ClientServerConnection.java:182)
[2025-01-03T13:39:41.426+0000] {spark_submit.py:641} INFO - at py4j.ClientServerConnection.run(ClientServerConnection.java:106)
[2025-01-03T13:39:41.426+0000] {spark_submit.py:641} INFO - at java.base/java.lang.Thread.run(Thread.java:840)
[2025-01-03T13:39:41.427+0000] {spark_submit.py:641} INFO - 
[2025-01-03T13:39:41.530+0000] {spark_submit.py:641} INFO - 25/01/03 13:39:41 INFO ShutdownHookManager: Shutdown hook called
[2025-01-03T13:39:41.531+0000] {spark_submit.py:641} INFO - 25/01/03 13:39:41 INFO ShutdownHookManager: Deleting directory /tmp/spark-830ae8c6-834c-488c-aaca-7838012910ca
[2025-01-03T13:39:41.536+0000] {spark_submit.py:641} INFO - 25/01/03 13:39:41 INFO ShutdownHookManager: Deleting directory /tmp/spark-d9d44f10-debc-456c-8597-8480b54f9553
[2025-01-03T13:39:41.569+0000] {taskinstance.py:441} INFO - ::group::Post task execution logs
[2025-01-03T13:39:41.584+0000] {taskinstance.py:2905} ERROR - Task failed with exception
Traceback (most recent call last):
  File "/home/airflow/.local/lib/python3.11/site-packages/airflow/models/taskinstance.py", line 465, in _execute_task
    result = _execute_callable(context=context, **execute_callable_kwargs)
             ^^^^^^^^^^^^^^^^^^^^^^^^^^^^^^^^^^^^^^^^^^^^^^^^^^^^^^^^^^^^^
  File "/home/airflow/.local/lib/python3.11/site-packages/airflow/models/taskinstance.py", line 432, in _execute_callable
    return execute_callable(context=context, **execute_callable_kwargs)
           ^^^^^^^^^^^^^^^^^^^^^^^^^^^^^^^^^^^^^^^^^^^^^^^^^^^^^^^^^^^^
  File "/home/airflow/.local/lib/python3.11/site-packages/airflow/models/baseoperator.py", line 401, in wrapper
    return func(self, *args, **kwargs)
           ^^^^^^^^^^^^^^^^^^^^^^^^^^^
  File "/home/airflow/.local/lib/python3.11/site-packages/airflow/providers/apache/spark/operators/spark_submit.py", line 177, in execute
    self._hook.submit(self.application)
  File "/home/airflow/.local/lib/python3.11/site-packages/airflow/providers/apache/spark/hooks/spark_submit.py", line 567, in submit
    raise AirflowException(
airflow.exceptions.AirflowException: Cannot execute: spark-submit --master spark-master:7077 --conf spark.executor.memory=2g --conf spark.executor.cores=2 --principal *** --name arrow-spark --verbose --deploy-mode client /spark_job/printspark.py. Error code is: 1.
[2025-01-03T13:39:41.589+0000] {taskinstance.py:1206} INFO - Marking task as UP_FOR_RETRY. dag_id=spark_submit_example, task_id=spark_submit_task, run_id=manual__2025-01-03T13:21:19.493025+00:00, execution_date=20250103T132119, start_date=20250103T133935, end_date=20250103T133941
[2025-01-03T13:39:41.643+0000] {standard_task_runner.py:110} ERROR - Failed to execute job 13 for task spark_submit_task (Cannot execute: spark-submit --master spark-master:7077 --conf spark.executor.memory=2g --conf spark.executor.cores=2 --principal *** --name arrow-spark --verbose --deploy-mode client /spark_job/printspark.py. Error code is: 1.; 1004)
[2025-01-03T13:39:41.663+0000] {local_task_job_runner.py:240} INFO - Task exited with return code 1
[2025-01-03T13:39:41.686+0000] {taskinstance.py:3503} INFO - 0 downstream tasks scheduled from follow-on schedule check
[2025-01-03T13:39:41.709+0000] {local_task_job_runner.py:222} INFO - ::endgroup::
