[2025-01-03T13:53:59.012+0000] {local_task_job_runner.py:120} INFO - ::group::Pre task execution logs
[2025-01-03T13:53:59.049+0000] {taskinstance.py:2076} INFO - Dependencies all met for dep_context=non-requeueable deps ti=<TaskInstance: spark_submit_example.spark_submit_task manual__2025-01-03T13:21:19.493025+00:00 [queued]>
[2025-01-03T13:53:59.060+0000] {taskinstance.py:2076} INFO - Dependencies all met for dep_context=requeueable deps ti=<TaskInstance: spark_submit_example.spark_submit_task manual__2025-01-03T13:21:19.493025+00:00 [queued]>
[2025-01-03T13:53:59.061+0000] {taskinstance.py:2306} INFO - Starting attempt 11 of 12
[2025-01-03T13:53:59.090+0000] {taskinstance.py:2330} INFO - Executing <Task(SparkSubmitOperator): spark_submit_task> on 2025-01-03 13:21:19.493025+00:00
[2025-01-03T13:53:59.096+0000] {standard_task_runner.py:63} INFO - Started process 320 to run task
[2025-01-03T13:53:59.098+0000] {standard_task_runner.py:90} INFO - Running: ['***', 'tasks', 'run', 'spark_submit_example', 'spark_submit_task', 'manual__2025-01-03T13:21:19.493025+00:00', '--job-id', '21', '--raw', '--subdir', 'DAGS_FOLDER/teste_dag.py', '--cfg-path', '/tmp/tmpbtq4c359']
[2025-01-03T13:53:59.101+0000] {standard_task_runner.py:91} INFO - Job 21: Subtask spark_submit_task
[2025-01-03T13:53:59.338+0000] {task_command.py:426} INFO - Running <TaskInstance: spark_submit_example.spark_submit_task manual__2025-01-03T13:21:19.493025+00:00 [running]> on host c97300dc4188
[2025-01-03T13:53:59.494+0000] {taskinstance.py:2648} INFO - Exporting env vars: AIRFLOW_CTX_DAG_OWNER='***' AIRFLOW_CTX_DAG_ID='spark_submit_example' AIRFLOW_CTX_TASK_ID='spark_submit_task' AIRFLOW_CTX_EXECUTION_DATE='2025-01-03T13:21:19.493025+00:00' AIRFLOW_CTX_TRY_NUMBER='11' AIRFLOW_CTX_DAG_RUN_ID='manual__2025-01-03T13:21:19.493025+00:00'
[2025-01-03T13:53:59.495+0000] {taskinstance.py:430} INFO - ::endgroup::
[2025-01-03T13:53:59.526+0000] {base.py:84} INFO - Using connection ID 'spark_default' for task execution.
[2025-01-03T13:53:59.527+0000] {spark_submit.py:328} ERROR - Failed to decode base64 keytab: Incorrect padding
[2025-01-03T13:53:59.528+0000] {spark_submit.py:305} INFO - Could not load connection string spark_default, defaulting to spark-master:7077
[2025-01-03T13:53:59.529+0000] {spark_submit.py:474} INFO - Spark-Submit cmd: spark-submit --master spark-master:7077 --conf spark.executor.memory=2g --conf spark.executor.cores=2 --principal *** --name arrow-spark --verbose --deploy-mode client /spark_job/printspark.py
[2025-01-03T13:53:59.657+0000] {spark_submit.py:641} INFO - /home/***/.local/lib/python3.11/site-packages/pyspark/bin/load-spark-env.sh: line 68: ps: command not found
[2025-01-03T13:54:01.225+0000] {spark_submit.py:641} INFO - Using properties file: null
[2025-01-03T13:54:01.360+0000] {spark_submit.py:641} INFO - Parsed arguments:
[2025-01-03T13:54:01.361+0000] {spark_submit.py:641} INFO - master                  spark-master:7077
[2025-01-03T13:54:01.361+0000] {spark_submit.py:641} INFO - remote                  null
[2025-01-03T13:54:01.362+0000] {spark_submit.py:641} INFO - deployMode              client
[2025-01-03T13:54:01.362+0000] {spark_submit.py:641} INFO - executorMemory          2g
[2025-01-03T13:54:01.363+0000] {spark_submit.py:641} INFO - executorCores           2
[2025-01-03T13:54:01.363+0000] {spark_submit.py:641} INFO - totalExecutorCores      null
[2025-01-03T13:54:01.363+0000] {spark_submit.py:641} INFO - propertiesFile          null
[2025-01-03T13:54:01.364+0000] {spark_submit.py:641} INFO - driverMemory            null
[2025-01-03T13:54:01.364+0000] {spark_submit.py:641} INFO - driverCores             null
[2025-01-03T13:54:01.364+0000] {spark_submit.py:641} INFO - driverExtraClassPath    null
[2025-01-03T13:54:01.365+0000] {spark_submit.py:641} INFO - driverExtraLibraryPath  null
[2025-01-03T13:54:01.365+0000] {spark_submit.py:641} INFO - driverExtraJavaOptions  null
[2025-01-03T13:54:01.366+0000] {spark_submit.py:641} INFO - supervise               false
[2025-01-03T13:54:01.366+0000] {spark_submit.py:641} INFO - queue                   null
[2025-01-03T13:54:01.366+0000] {spark_submit.py:641} INFO - numExecutors            null
[2025-01-03T13:54:01.367+0000] {spark_submit.py:641} INFO - files                   null
[2025-01-03T13:54:01.367+0000] {spark_submit.py:641} INFO - pyFiles                 null
[2025-01-03T13:54:01.369+0000] {spark_submit.py:641} INFO - archives                null
[2025-01-03T13:54:01.369+0000] {spark_submit.py:641} INFO - mainClass               null
[2025-01-03T13:54:01.370+0000] {spark_submit.py:641} INFO - primaryResource         file:/spark_job/printspark.py
[2025-01-03T13:54:01.370+0000] {spark_submit.py:641} INFO - name                    arrow-spark
[2025-01-03T13:54:01.371+0000] {spark_submit.py:641} INFO - childArgs               []
[2025-01-03T13:54:01.372+0000] {spark_submit.py:641} INFO - jars                    null
[2025-01-03T13:54:01.373+0000] {spark_submit.py:641} INFO - packages                null
[2025-01-03T13:54:01.374+0000] {spark_submit.py:641} INFO - packagesExclusions      null
[2025-01-03T13:54:01.375+0000] {spark_submit.py:641} INFO - repositories            null
[2025-01-03T13:54:01.379+0000] {spark_submit.py:641} INFO - verbose                 true
[2025-01-03T13:54:01.380+0000] {spark_submit.py:641} INFO - 
[2025-01-03T13:54:01.381+0000] {spark_submit.py:641} INFO - Spark properties used, including those specified through
[2025-01-03T13:54:01.381+0000] {spark_submit.py:641} INFO - --conf and those from the properties file null:
[2025-01-03T13:54:01.381+0000] {spark_submit.py:641} INFO - (spark.executor.cores,2)
[2025-01-03T13:54:01.382+0000] {spark_submit.py:641} INFO - (spark.executor.memory,2g)
[2025-01-03T13:54:01.382+0000] {spark_submit.py:641} INFO - 
[2025-01-03T13:54:01.382+0000] {spark_submit.py:641} INFO - 
[2025-01-03T13:54:01.703+0000] {spark_submit.py:641} INFO - Main class:
[2025-01-03T13:54:01.705+0000] {spark_submit.py:641} INFO - org.apache.spark.deploy.PythonRunner
[2025-01-03T13:54:01.706+0000] {spark_submit.py:641} INFO - Arguments:
[2025-01-03T13:54:01.708+0000] {spark_submit.py:641} INFO - file:/spark_job/printspark.py
[2025-01-03T13:54:01.712+0000] {spark_submit.py:641} INFO - null
[2025-01-03T13:54:01.713+0000] {spark_submit.py:641} INFO - Spark config:
[2025-01-03T13:54:01.714+0000] {spark_submit.py:641} INFO - (spark.app.name,arrow-spark)
[2025-01-03T13:54:01.714+0000] {spark_submit.py:641} INFO - (spark.app.submitTime,1735912441665)
[2025-01-03T13:54:01.715+0000] {spark_submit.py:641} INFO - (spark.executor.cores,2)
[2025-01-03T13:54:01.715+0000] {spark_submit.py:641} INFO - (spark.executor.memory,2g)
[2025-01-03T13:54:01.716+0000] {spark_submit.py:641} INFO - (spark.kerberos.principal,***)
[2025-01-03T13:54:01.717+0000] {spark_submit.py:641} INFO - (spark.master,spark-master:7077)
[2025-01-03T13:54:01.717+0000] {spark_submit.py:641} INFO - (spark.submit.deployMode,client)
[2025-01-03T13:54:01.718+0000] {spark_submit.py:641} INFO - (spark.submit.pyFiles,)
[2025-01-03T13:54:01.718+0000] {spark_submit.py:641} INFO - Classpath elements:
[2025-01-03T13:54:01.719+0000] {spark_submit.py:641} INFO - 
[2025-01-03T13:54:01.720+0000] {spark_submit.py:641} INFO - 
[2025-01-03T13:54:01.720+0000] {spark_submit.py:641} INFO - 
[2025-01-03T13:54:02.976+0000] {spark_submit.py:641} INFO - 25/01/03 13:54:02 INFO SparkContext: Running Spark version 3.5.4
[2025-01-03T13:54:02.981+0000] {spark_submit.py:641} INFO - 25/01/03 13:54:02 INFO SparkContext: OS info Linux, 5.15.153.1-microsoft-standard-WSL2, amd64
[2025-01-03T13:54:02.987+0000] {spark_submit.py:641} INFO - 25/01/03 13:54:02 INFO SparkContext: Java version 17.0.13
[2025-01-03T13:54:03.090+0000] {spark_submit.py:641} INFO - 25/01/03 13:54:03 WARN NativeCodeLoader: Unable to load native-hadoop library for your platform... using builtin-java classes where applicable
[2025-01-03T13:54:03.210+0000] {spark_submit.py:641} INFO - 25/01/03 13:54:03 INFO ResourceUtils: ==============================================================
[2025-01-03T13:54:03.211+0000] {spark_submit.py:641} INFO - 25/01/03 13:54:03 INFO ResourceUtils: No custom resources configured for spark.driver.
[2025-01-03T13:54:03.211+0000] {spark_submit.py:641} INFO - 25/01/03 13:54:03 INFO ResourceUtils: ==============================================================
[2025-01-03T13:54:03.212+0000] {spark_submit.py:641} INFO - 25/01/03 13:54:03 INFO SparkContext: Submitted application: WordCount
[2025-01-03T13:54:03.245+0000] {spark_submit.py:641} INFO - 25/01/03 13:54:03 INFO ResourceProfile: Default ResourceProfile created, executor resources: Map(cores -> name: cores, amount: 2, script: , vendor: , memory -> name: memory, amount: 2048, script: , vendor: , offHeap -> name: offHeap, amount: 0, script: , vendor: ), task resources: Map(cpus -> name: cpus, amount: 1.0)
[2025-01-03T13:54:03.257+0000] {spark_submit.py:641} INFO - 25/01/03 13:54:03 INFO ResourceProfile: Limiting resource is cpus at 2 tasks per executor
[2025-01-03T13:54:03.259+0000] {spark_submit.py:641} INFO - 25/01/03 13:54:03 INFO ResourceProfileManager: Added ResourceProfile id: 0
[2025-01-03T13:54:03.320+0000] {spark_submit.py:641} INFO - 25/01/03 13:54:03 INFO SecurityManager: Changing view acls to: ***
[2025-01-03T13:54:03.321+0000] {spark_submit.py:641} INFO - 25/01/03 13:54:03 INFO SecurityManager: Changing modify acls to: ***
[2025-01-03T13:54:03.322+0000] {spark_submit.py:641} INFO - 25/01/03 13:54:03 INFO SecurityManager: Changing view acls groups to:
[2025-01-03T13:54:03.322+0000] {spark_submit.py:641} INFO - 25/01/03 13:54:03 INFO SecurityManager: Changing modify acls groups to:
[2025-01-03T13:54:03.323+0000] {spark_submit.py:641} INFO - 25/01/03 13:54:03 INFO SecurityManager: SecurityManager: authentication disabled; ui acls disabled; users with view permissions: ***; groups with view permissions: EMPTY; users with modify permissions: ***; groups with modify permissions: EMPTY
[2025-01-03T13:54:03.588+0000] {spark_submit.py:641} INFO - 25/01/03 13:54:03 INFO Utils: Successfully started service 'sparkDriver' on port 36903.
[2025-01-03T13:54:03.622+0000] {spark_submit.py:641} INFO - 25/01/03 13:54:03 INFO SparkEnv: Registering MapOutputTracker
[2025-01-03T13:54:03.661+0000] {spark_submit.py:641} INFO - 25/01/03 13:54:03 INFO SparkEnv: Registering BlockManagerMaster
[2025-01-03T13:54:03.678+0000] {spark_submit.py:641} INFO - 25/01/03 13:54:03 INFO BlockManagerMasterEndpoint: Using org.apache.spark.storage.DefaultTopologyMapper for getting topology information
[2025-01-03T13:54:03.679+0000] {spark_submit.py:641} INFO - 25/01/03 13:54:03 INFO BlockManagerMasterEndpoint: BlockManagerMasterEndpoint up
[2025-01-03T13:54:03.694+0000] {spark_submit.py:641} INFO - 25/01/03 13:54:03 INFO SparkEnv: Registering BlockManagerMasterHeartbeat
[2025-01-03T13:54:03.731+0000] {spark_submit.py:641} INFO - 25/01/03 13:54:03 INFO DiskBlockManager: Created local directory at /tmp/blockmgr-29ef9e37-1d16-4793-b4ff-02c9436ba54f
[2025-01-03T13:54:03.750+0000] {spark_submit.py:641} INFO - 25/01/03 13:54:03 INFO MemoryStore: MemoryStore started with capacity 434.4 MiB
[2025-01-03T13:54:03.774+0000] {spark_submit.py:641} INFO - 25/01/03 13:54:03 INFO SparkEnv: Registering OutputCommitCoordinator
[2025-01-03T13:54:03.927+0000] {spark_submit.py:641} INFO - 25/01/03 13:54:03 INFO JettyUtils: Start Jetty 0.0.0.0:4040 for SparkUI
[2025-01-03T13:54:03.995+0000] {spark_submit.py:641} INFO - 25/01/03 13:54:03 INFO Utils: Successfully started service 'SparkUI' on port 4040.
[2025-01-03T13:54:04.046+0000] {spark_submit.py:641} INFO - 25/01/03 13:54:04 ERROR SparkContext: Error initializing SparkContext.
[2025-01-03T13:54:04.047+0000] {spark_submit.py:641} INFO - org.apache.spark.SparkException: Could not parse Master URL: 'spark-master:7077'
[2025-01-03T13:54:04.048+0000] {spark_submit.py:641} INFO - at org.apache.spark.SparkContext$.org$apache$spark$SparkContext$$createTaskScheduler(SparkContext.scala:3194)
[2025-01-03T13:54:04.048+0000] {spark_submit.py:641} INFO - at org.apache.spark.SparkContext.<init>(SparkContext.scala:577)
[2025-01-03T13:54:04.048+0000] {spark_submit.py:641} INFO - at org.apache.spark.api.java.JavaSparkContext.<init>(JavaSparkContext.scala:58)
[2025-01-03T13:54:04.048+0000] {spark_submit.py:641} INFO - at java.base/jdk.internal.reflect.NativeConstructorAccessorImpl.newInstance0(Native Method)
[2025-01-03T13:54:04.049+0000] {spark_submit.py:641} INFO - at java.base/jdk.internal.reflect.NativeConstructorAccessorImpl.newInstance(NativeConstructorAccessorImpl.java:77)
[2025-01-03T13:54:04.049+0000] {spark_submit.py:641} INFO - at java.base/jdk.internal.reflect.DelegatingConstructorAccessorImpl.newInstance(DelegatingConstructorAccessorImpl.java:45)
[2025-01-03T13:54:04.049+0000] {spark_submit.py:641} INFO - at java.base/java.lang.reflect.Constructor.newInstanceWithCaller(Constructor.java:500)
[2025-01-03T13:54:04.050+0000] {spark_submit.py:641} INFO - at java.base/java.lang.reflect.Constructor.newInstance(Constructor.java:481)
[2025-01-03T13:54:04.050+0000] {spark_submit.py:641} INFO - at py4j.reflection.MethodInvoker.invoke(MethodInvoker.java:247)
[2025-01-03T13:54:04.050+0000] {spark_submit.py:641} INFO - at py4j.reflection.ReflectionEngine.invoke(ReflectionEngine.java:374)
[2025-01-03T13:54:04.050+0000] {spark_submit.py:641} INFO - at py4j.Gateway.invoke(Gateway.java:238)
[2025-01-03T13:54:04.051+0000] {spark_submit.py:641} INFO - at py4j.commands.ConstructorCommand.invokeConstructor(ConstructorCommand.java:80)
[2025-01-03T13:54:04.051+0000] {spark_submit.py:641} INFO - at py4j.commands.ConstructorCommand.execute(ConstructorCommand.java:69)
[2025-01-03T13:54:04.051+0000] {spark_submit.py:641} INFO - at py4j.ClientServerConnection.waitForCommands(ClientServerConnection.java:182)
[2025-01-03T13:54:04.052+0000] {spark_submit.py:641} INFO - at py4j.ClientServerConnection.run(ClientServerConnection.java:106)
[2025-01-03T13:54:04.052+0000] {spark_submit.py:641} INFO - at java.base/java.lang.Thread.run(Thread.java:840)
[2025-01-03T13:54:04.052+0000] {spark_submit.py:641} INFO - 25/01/03 13:54:04 INFO SparkContext: SparkContext is stopping with exitCode 0.
[2025-01-03T13:54:04.070+0000] {spark_submit.py:641} INFO - 25/01/03 13:54:04 INFO SparkUI: Stopped Spark web UI at http://c97300dc4188:4040
[2025-01-03T13:54:04.105+0000] {spark_submit.py:641} INFO - 25/01/03 13:54:04 INFO MapOutputTrackerMasterEndpoint: MapOutputTrackerMasterEndpoint stopped!
[2025-01-03T13:54:04.116+0000] {spark_submit.py:641} INFO - 25/01/03 13:54:04 INFO MemoryStore: MemoryStore cleared
[2025-01-03T13:54:04.117+0000] {spark_submit.py:641} INFO - 25/01/03 13:54:04 INFO BlockManager: BlockManager stopped
[2025-01-03T13:54:04.124+0000] {spark_submit.py:641} INFO - 25/01/03 13:54:04 INFO BlockManagerMaster: BlockManagerMaster stopped
[2025-01-03T13:54:04.125+0000] {spark_submit.py:641} INFO - 25/01/03 13:54:04 WARN MetricsSystem: Stopping a MetricsSystem that is not running
[2025-01-03T13:54:04.127+0000] {spark_submit.py:641} INFO - 25/01/03 13:54:04 INFO OutputCommitCoordinator$OutputCommitCoordinatorEndpoint: OutputCommitCoordinator stopped!
[2025-01-03T13:54:04.139+0000] {spark_submit.py:641} INFO - 25/01/03 13:54:04 INFO SparkContext: Successfully stopped SparkContext
[2025-01-03T13:54:04.140+0000] {spark_submit.py:641} INFO - Traceback (most recent call last):
[2025-01-03T13:54:04.140+0000] {spark_submit.py:641} INFO - File "/spark_job/printspark.py", line 5, in <module>
[2025-01-03T13:54:04.142+0000] {spark_submit.py:641} INFO - spark = SparkSession.builder.appName("WordCount").getOrCreate()
[2025-01-03T13:54:04.143+0000] {spark_submit.py:641} INFO - ^^^^^^^^^^^^^^^^^^^^^^^^^^^^^^^^^^^^^^^^^^^^^^^^^^^^^^^
[2025-01-03T13:54:04.143+0000] {spark_submit.py:641} INFO - File "/home/***/.local/lib/python3.11/site-packages/pyspark/python/lib/pyspark.zip/pyspark/sql/session.py", line 497, in getOrCreate
[2025-01-03T13:54:04.144+0000] {spark_submit.py:641} INFO - File "/home/***/.local/lib/python3.11/site-packages/pyspark/python/lib/pyspark.zip/pyspark/context.py", line 515, in getOrCreate
[2025-01-03T13:54:04.144+0000] {spark_submit.py:641} INFO - File "/home/***/.local/lib/python3.11/site-packages/pyspark/python/lib/pyspark.zip/pyspark/context.py", line 203, in __init__
[2025-01-03T13:54:04.145+0000] {spark_submit.py:641} INFO - File "/home/***/.local/lib/python3.11/site-packages/pyspark/python/lib/pyspark.zip/pyspark/context.py", line 296, in _do_init
[2025-01-03T13:54:04.145+0000] {spark_submit.py:641} INFO - File "/home/***/.local/lib/python3.11/site-packages/pyspark/python/lib/pyspark.zip/pyspark/context.py", line 421, in _initialize_context
[2025-01-03T13:54:04.146+0000] {spark_submit.py:641} INFO - File "/home/***/.local/lib/python3.11/site-packages/pyspark/python/lib/py4j-0.10.9.7-src.zip/py4j/java_gateway.py", line 1587, in __call__
[2025-01-03T13:54:04.146+0000] {spark_submit.py:641} INFO - File "/home/***/.local/lib/python3.11/site-packages/pyspark/python/lib/py4j-0.10.9.7-src.zip/py4j/protocol.py", line 326, in get_return_value
[2025-01-03T13:54:04.146+0000] {spark_submit.py:641} INFO - py4j.protocol.Py4JJavaError: An error occurred while calling None.org.apache.spark.api.java.JavaSparkContext.
[2025-01-03T13:54:04.147+0000] {spark_submit.py:641} INFO - : org.apache.spark.SparkException: Could not parse Master URL: 'spark-master:7077'
[2025-01-03T13:54:04.147+0000] {spark_submit.py:641} INFO - at org.apache.spark.SparkContext$.org$apache$spark$SparkContext$$createTaskScheduler(SparkContext.scala:3194)
[2025-01-03T13:54:04.148+0000] {spark_submit.py:641} INFO - at org.apache.spark.SparkContext.<init>(SparkContext.scala:577)
[2025-01-03T13:54:04.148+0000] {spark_submit.py:641} INFO - at org.apache.spark.api.java.JavaSparkContext.<init>(JavaSparkContext.scala:58)
[2025-01-03T13:54:04.148+0000] {spark_submit.py:641} INFO - at java.base/jdk.internal.reflect.NativeConstructorAccessorImpl.newInstance0(Native Method)
[2025-01-03T13:54:04.149+0000] {spark_submit.py:641} INFO - at java.base/jdk.internal.reflect.NativeConstructorAccessorImpl.newInstance(NativeConstructorAccessorImpl.java:77)
[2025-01-03T13:54:04.149+0000] {spark_submit.py:641} INFO - at java.base/jdk.internal.reflect.DelegatingConstructorAccessorImpl.newInstance(DelegatingConstructorAccessorImpl.java:45)
[2025-01-03T13:54:04.150+0000] {spark_submit.py:641} INFO - at java.base/java.lang.reflect.Constructor.newInstanceWithCaller(Constructor.java:500)
[2025-01-03T13:54:04.150+0000] {spark_submit.py:641} INFO - at java.base/java.lang.reflect.Constructor.newInstance(Constructor.java:481)
[2025-01-03T13:54:04.150+0000] {spark_submit.py:641} INFO - at py4j.reflection.MethodInvoker.invoke(MethodInvoker.java:247)
[2025-01-03T13:54:04.151+0000] {spark_submit.py:641} INFO - at py4j.reflection.ReflectionEngine.invoke(ReflectionEngine.java:374)
[2025-01-03T13:54:04.151+0000] {spark_submit.py:641} INFO - at py4j.Gateway.invoke(Gateway.java:238)
[2025-01-03T13:54:04.151+0000] {spark_submit.py:641} INFO - at py4j.commands.ConstructorCommand.invokeConstructor(ConstructorCommand.java:80)
[2025-01-03T13:54:04.152+0000] {spark_submit.py:641} INFO - at py4j.commands.ConstructorCommand.execute(ConstructorCommand.java:69)
[2025-01-03T13:54:04.152+0000] {spark_submit.py:641} INFO - at py4j.ClientServerConnection.waitForCommands(ClientServerConnection.java:182)
[2025-01-03T13:54:04.152+0000] {spark_submit.py:641} INFO - at py4j.ClientServerConnection.run(ClientServerConnection.java:106)
[2025-01-03T13:54:04.153+0000] {spark_submit.py:641} INFO - at java.base/java.lang.Thread.run(Thread.java:840)
[2025-01-03T13:54:04.154+0000] {spark_submit.py:641} INFO - 
[2025-01-03T13:54:04.211+0000] {spark_submit.py:641} INFO - 25/01/03 13:54:04 INFO ShutdownHookManager: Shutdown hook called
[2025-01-03T13:54:04.213+0000] {spark_submit.py:641} INFO - 25/01/03 13:54:04 INFO ShutdownHookManager: Deleting directory /tmp/spark-331fa6a9-1aff-44bf-93aa-bb450f15091f
[2025-01-03T13:54:04.219+0000] {spark_submit.py:641} INFO - 25/01/03 13:54:04 INFO ShutdownHookManager: Deleting directory /tmp/spark-efc28129-66d2-4144-a158-4663781ec46c
[2025-01-03T13:54:04.256+0000] {taskinstance.py:441} INFO - ::group::Post task execution logs
[2025-01-03T13:54:04.272+0000] {taskinstance.py:2905} ERROR - Task failed with exception
Traceback (most recent call last):
  File "/home/airflow/.local/lib/python3.11/site-packages/airflow/models/taskinstance.py", line 465, in _execute_task
    result = _execute_callable(context=context, **execute_callable_kwargs)
             ^^^^^^^^^^^^^^^^^^^^^^^^^^^^^^^^^^^^^^^^^^^^^^^^^^^^^^^^^^^^^
  File "/home/airflow/.local/lib/python3.11/site-packages/airflow/models/taskinstance.py", line 432, in _execute_callable
    return execute_callable(context=context, **execute_callable_kwargs)
           ^^^^^^^^^^^^^^^^^^^^^^^^^^^^^^^^^^^^^^^^^^^^^^^^^^^^^^^^^^^^
  File "/home/airflow/.local/lib/python3.11/site-packages/airflow/models/baseoperator.py", line 401, in wrapper
    return func(self, *args, **kwargs)
           ^^^^^^^^^^^^^^^^^^^^^^^^^^^
  File "/home/airflow/.local/lib/python3.11/site-packages/airflow/providers/apache/spark/operators/spark_submit.py", line 177, in execute
    self._hook.submit(self.application)
  File "/home/airflow/.local/lib/python3.11/site-packages/airflow/providers/apache/spark/hooks/spark_submit.py", line 567, in submit
    raise AirflowException(
airflow.exceptions.AirflowException: Cannot execute: spark-submit --master spark-master:7077 --conf spark.executor.memory=2g --conf spark.executor.cores=2 --principal *** --name arrow-spark --verbose --deploy-mode client /spark_job/printspark.py. Error code is: 1.
[2025-01-03T13:54:04.278+0000] {taskinstance.py:1206} INFO - Marking task as UP_FOR_RETRY. dag_id=spark_submit_example, task_id=spark_submit_task, run_id=manual__2025-01-03T13:21:19.493025+00:00, execution_date=20250103T132119, start_date=20250103T135359, end_date=20250103T135404
[2025-01-03T13:54:04.354+0000] {standard_task_runner.py:110} ERROR - Failed to execute job 21 for task spark_submit_task (Cannot execute: spark-submit --master spark-master:7077 --conf spark.executor.memory=2g --conf spark.executor.cores=2 --principal *** --name arrow-spark --verbose --deploy-mode client /spark_job/printspark.py. Error code is: 1.; 320)
[2025-01-03T13:54:04.371+0000] {local_task_job_runner.py:240} INFO - Task exited with return code 1
[2025-01-03T13:54:04.403+0000] {taskinstance.py:3503} INFO - 0 downstream tasks scheduled from follow-on schedule check
[2025-01-03T13:54:04.428+0000] {local_task_job_runner.py:222} INFO - ::endgroup::
