[2025-01-03T13:44:42.897+0000] {local_task_job_runner.py:120} INFO - ::group::Pre task execution logs
[2025-01-03T13:44:42.933+0000] {taskinstance.py:2076} INFO - Dependencies all met for dep_context=non-requeueable deps ti=<TaskInstance: spark_submit_example.spark_submit_task manual__2025-01-03T13:21:19.493025+00:00 [queued]>
[2025-01-03T13:44:42.941+0000] {taskinstance.py:2076} INFO - Dependencies all met for dep_context=requeueable deps ti=<TaskInstance: spark_submit_example.spark_submit_task manual__2025-01-03T13:21:19.493025+00:00 [queued]>
[2025-01-03T13:44:42.942+0000] {taskinstance.py:2306} INFO - Starting attempt 8 of 8
[2025-01-03T13:44:42.975+0000] {taskinstance.py:2330} INFO - Executing <Task(SparkSubmitOperator): spark_submit_task> on 2025-01-03 13:21:19.493025+00:00
[2025-01-03T13:44:42.980+0000] {standard_task_runner.py:63} INFO - Started process 180 to run task
[2025-01-03T13:44:42.983+0000] {standard_task_runner.py:90} INFO - Running: ['***', 'tasks', 'run', 'spark_submit_example', 'spark_submit_task', 'manual__2025-01-03T13:21:19.493025+00:00', '--job-id', '15', '--raw', '--subdir', 'DAGS_FOLDER/teste_dag.py', '--cfg-path', '/tmp/tmp82cvy6vn']
[2025-01-03T13:44:42.985+0000] {standard_task_runner.py:91} INFO - Job 15: Subtask spark_submit_task
[2025-01-03T13:44:43.211+0000] {task_command.py:426} INFO - Running <TaskInstance: spark_submit_example.spark_submit_task manual__2025-01-03T13:21:19.493025+00:00 [running]> on host 188e18f30668
[2025-01-03T13:44:43.332+0000] {taskinstance.py:2648} INFO - Exporting env vars: AIRFLOW_CTX_DAG_OWNER='***' AIRFLOW_CTX_DAG_ID='spark_submit_example' AIRFLOW_CTX_TASK_ID='spark_submit_task' AIRFLOW_CTX_EXECUTION_DATE='2025-01-03T13:21:19.493025+00:00' AIRFLOW_CTX_TRY_NUMBER='8' AIRFLOW_CTX_DAG_RUN_ID='manual__2025-01-03T13:21:19.493025+00:00'
[2025-01-03T13:44:43.334+0000] {taskinstance.py:430} INFO - ::endgroup::
[2025-01-03T13:44:43.360+0000] {base.py:84} INFO - Using connection ID 'spark_default' for task execution.
[2025-01-03T13:44:43.361+0000] {spark_submit.py:328} ERROR - Failed to decode base64 keytab: Incorrect padding
[2025-01-03T13:44:43.362+0000] {spark_submit.py:305} INFO - Could not load connection string spark_default, defaulting to spark-master:7077
[2025-01-03T13:44:43.363+0000] {spark_submit.py:474} INFO - Spark-Submit cmd: spark-submit --master spark-master:7077 --conf spark.executor.memory=2g --conf spark.executor.cores=2 --principal *** --name arrow-spark --verbose --deploy-mode client /spark_job/printspark.py
[2025-01-03T13:44:43.462+0000] {spark_submit.py:641} INFO - /home/***/.local/lib/python3.11/site-packages/pyspark/bin/load-spark-env.sh: line 68: ps: command not found
[2025-01-03T13:44:45.085+0000] {spark_submit.py:641} INFO - Using properties file: null
[2025-01-03T13:44:45.215+0000] {spark_submit.py:641} INFO - Parsed arguments:
[2025-01-03T13:44:45.216+0000] {spark_submit.py:641} INFO - master                  spark-master:7077
[2025-01-03T13:44:45.216+0000] {spark_submit.py:641} INFO - remote                  null
[2025-01-03T13:44:45.217+0000] {spark_submit.py:641} INFO - deployMode              client
[2025-01-03T13:44:45.217+0000] {spark_submit.py:641} INFO - executorMemory          2g
[2025-01-03T13:44:45.217+0000] {spark_submit.py:641} INFO - executorCores           2
[2025-01-03T13:44:45.218+0000] {spark_submit.py:641} INFO - totalExecutorCores      null
[2025-01-03T13:44:45.218+0000] {spark_submit.py:641} INFO - propertiesFile          null
[2025-01-03T13:44:45.218+0000] {spark_submit.py:641} INFO - driverMemory            null
[2025-01-03T13:44:45.219+0000] {spark_submit.py:641} INFO - driverCores             null
[2025-01-03T13:44:45.219+0000] {spark_submit.py:641} INFO - driverExtraClassPath    null
[2025-01-03T13:44:45.219+0000] {spark_submit.py:641} INFO - driverExtraLibraryPath  null
[2025-01-03T13:44:45.220+0000] {spark_submit.py:641} INFO - driverExtraJavaOptions  null
[2025-01-03T13:44:45.220+0000] {spark_submit.py:641} INFO - supervise               false
[2025-01-03T13:44:45.221+0000] {spark_submit.py:641} INFO - queue                   null
[2025-01-03T13:44:45.221+0000] {spark_submit.py:641} INFO - numExecutors            null
[2025-01-03T13:44:45.222+0000] {spark_submit.py:641} INFO - files                   null
[2025-01-03T13:44:45.222+0000] {spark_submit.py:641} INFO - pyFiles                 null
[2025-01-03T13:44:45.223+0000] {spark_submit.py:641} INFO - archives                null
[2025-01-03T13:44:45.223+0000] {spark_submit.py:641} INFO - mainClass               null
[2025-01-03T13:44:45.223+0000] {spark_submit.py:641} INFO - primaryResource         file:/spark_job/printspark.py
[2025-01-03T13:44:45.224+0000] {spark_submit.py:641} INFO - name                    arrow-spark
[2025-01-03T13:44:45.224+0000] {spark_submit.py:641} INFO - childArgs               []
[2025-01-03T13:44:45.225+0000] {spark_submit.py:641} INFO - jars                    null
[2025-01-03T13:44:45.225+0000] {spark_submit.py:641} INFO - packages                null
[2025-01-03T13:44:45.226+0000] {spark_submit.py:641} INFO - packagesExclusions      null
[2025-01-03T13:44:45.226+0000] {spark_submit.py:641} INFO - repositories            null
[2025-01-03T13:44:45.227+0000] {spark_submit.py:641} INFO - verbose                 true
[2025-01-03T13:44:45.228+0000] {spark_submit.py:641} INFO - 
[2025-01-03T13:44:45.228+0000] {spark_submit.py:641} INFO - Spark properties used, including those specified through
[2025-01-03T13:44:45.228+0000] {spark_submit.py:641} INFO - --conf and those from the properties file null:
[2025-01-03T13:44:45.229+0000] {spark_submit.py:641} INFO - (spark.executor.cores,2)
[2025-01-03T13:44:45.230+0000] {spark_submit.py:641} INFO - (spark.executor.memory,2g)
[2025-01-03T13:44:45.230+0000] {spark_submit.py:641} INFO - 
[2025-01-03T13:44:45.231+0000] {spark_submit.py:641} INFO - 
[2025-01-03T13:44:45.514+0000] {spark_submit.py:641} INFO - Main class:
[2025-01-03T13:44:45.516+0000] {spark_submit.py:641} INFO - org.apache.spark.deploy.PythonRunner
[2025-01-03T13:44:45.516+0000] {spark_submit.py:641} INFO - Arguments:
[2025-01-03T13:44:45.517+0000] {spark_submit.py:641} INFO - file:/spark_job/printspark.py
[2025-01-03T13:44:45.517+0000] {spark_submit.py:641} INFO - null
[2025-01-03T13:44:45.517+0000] {spark_submit.py:641} INFO - Spark config:
[2025-01-03T13:44:45.518+0000] {spark_submit.py:641} INFO - (spark.app.name,arrow-spark)
[2025-01-03T13:44:45.518+0000] {spark_submit.py:641} INFO - (spark.app.submitTime,1735911885483)
[2025-01-03T13:44:45.519+0000] {spark_submit.py:641} INFO - (spark.executor.cores,2)
[2025-01-03T13:44:45.519+0000] {spark_submit.py:641} INFO - (spark.executor.memory,2g)
[2025-01-03T13:44:45.519+0000] {spark_submit.py:641} INFO - (spark.kerberos.principal,***)
[2025-01-03T13:44:45.520+0000] {spark_submit.py:641} INFO - (spark.master,spark-master:7077)
[2025-01-03T13:44:45.520+0000] {spark_submit.py:641} INFO - (spark.submit.deployMode,client)
[2025-01-03T13:44:45.521+0000] {spark_submit.py:641} INFO - (spark.submit.pyFiles,)
[2025-01-03T13:44:45.521+0000] {spark_submit.py:641} INFO - Classpath elements:
[2025-01-03T13:44:45.521+0000] {spark_submit.py:641} INFO - 
[2025-01-03T13:44:45.522+0000] {spark_submit.py:641} INFO - 
[2025-01-03T13:44:45.522+0000] {spark_submit.py:641} INFO - 
[2025-01-03T13:44:46.874+0000] {spark_submit.py:641} INFO - 25/01/03 13:44:46 INFO SparkContext: Running Spark version 3.5.4
[2025-01-03T13:44:46.877+0000] {spark_submit.py:641} INFO - 25/01/03 13:44:46 INFO SparkContext: OS info Linux, 5.15.153.1-microsoft-standard-WSL2, amd64
[2025-01-03T13:44:46.877+0000] {spark_submit.py:641} INFO - 25/01/03 13:44:46 INFO SparkContext: Java version 17.0.13
[2025-01-03T13:44:46.940+0000] {spark_submit.py:641} INFO - 25/01/03 13:44:46 WARN NativeCodeLoader: Unable to load native-hadoop library for your platform... using builtin-java classes where applicable
[2025-01-03T13:44:47.049+0000] {spark_submit.py:641} INFO - 25/01/03 13:44:47 INFO ResourceUtils: ==============================================================
[2025-01-03T13:44:47.050+0000] {spark_submit.py:641} INFO - 25/01/03 13:44:47 INFO ResourceUtils: No custom resources configured for spark.driver.
[2025-01-03T13:44:47.051+0000] {spark_submit.py:641} INFO - 25/01/03 13:44:47 INFO ResourceUtils: ==============================================================
[2025-01-03T13:44:47.052+0000] {spark_submit.py:641} INFO - 25/01/03 13:44:47 INFO SparkContext: Submitted application: WordCount
[2025-01-03T13:44:47.082+0000] {spark_submit.py:641} INFO - 25/01/03 13:44:47 INFO ResourceProfile: Default ResourceProfile created, executor resources: Map(cores -> name: cores, amount: 2, script: , vendor: , memory -> name: memory, amount: 2048, script: , vendor: , offHeap -> name: offHeap, amount: 0, script: , vendor: ), task resources: Map(cpus -> name: cpus, amount: 1.0)
[2025-01-03T13:44:47.102+0000] {spark_submit.py:641} INFO - 25/01/03 13:44:47 INFO ResourceProfile: Limiting resource is cpus at 2 tasks per executor
[2025-01-03T13:44:47.108+0000] {spark_submit.py:641} INFO - 25/01/03 13:44:47 INFO ResourceProfileManager: Added ResourceProfile id: 0
[2025-01-03T13:44:47.197+0000] {spark_submit.py:641} INFO - 25/01/03 13:44:47 INFO SecurityManager: Changing view acls to: ***
[2025-01-03T13:44:47.198+0000] {spark_submit.py:641} INFO - 25/01/03 13:44:47 INFO SecurityManager: Changing modify acls to: ***
[2025-01-03T13:44:47.199+0000] {spark_submit.py:641} INFO - 25/01/03 13:44:47 INFO SecurityManager: Changing view acls groups to:
[2025-01-03T13:44:47.200+0000] {spark_submit.py:641} INFO - 25/01/03 13:44:47 INFO SecurityManager: Changing modify acls groups to:
[2025-01-03T13:44:47.203+0000] {spark_submit.py:641} INFO - 25/01/03 13:44:47 INFO SecurityManager: SecurityManager: authentication disabled; ui acls disabled; users with view permissions: ***; groups with view permissions: EMPTY; users with modify permissions: ***; groups with modify permissions: EMPTY
[2025-01-03T13:44:47.528+0000] {spark_submit.py:641} INFO - 25/01/03 13:44:47 INFO Utils: Successfully started service 'sparkDriver' on port 35173.
[2025-01-03T13:44:47.587+0000] {spark_submit.py:641} INFO - 25/01/03 13:44:47 INFO SparkEnv: Registering MapOutputTracker
[2025-01-03T13:44:47.677+0000] {spark_submit.py:641} INFO - 25/01/03 13:44:47 INFO SparkEnv: Registering BlockManagerMaster
[2025-01-03T13:44:47.728+0000] {spark_submit.py:641} INFO - 25/01/03 13:44:47 INFO BlockManagerMasterEndpoint: Using org.apache.spark.storage.DefaultTopologyMapper for getting topology information
[2025-01-03T13:44:47.731+0000] {spark_submit.py:641} INFO - 25/01/03 13:44:47 INFO BlockManagerMasterEndpoint: BlockManagerMasterEndpoint up
[2025-01-03T13:44:47.738+0000] {spark_submit.py:641} INFO - 25/01/03 13:44:47 INFO SparkEnv: Registering BlockManagerMasterHeartbeat
[2025-01-03T13:44:47.798+0000] {spark_submit.py:641} INFO - 25/01/03 13:44:47 INFO DiskBlockManager: Created local directory at /tmp/blockmgr-4cfd755c-e6d0-424d-886e-2af88aed081d
[2025-01-03T13:44:47.823+0000] {spark_submit.py:641} INFO - 25/01/03 13:44:47 INFO MemoryStore: MemoryStore started with capacity 434.4 MiB
[2025-01-03T13:44:47.852+0000] {spark_submit.py:641} INFO - 25/01/03 13:44:47 INFO SparkEnv: Registering OutputCommitCoordinator
[2025-01-03T13:44:48.098+0000] {spark_submit.py:641} INFO - 25/01/03 13:44:48 INFO JettyUtils: Start Jetty 0.0.0.0:4040 for SparkUI
[2025-01-03T13:44:48.221+0000] {spark_submit.py:641} INFO - 25/01/03 13:44:48 INFO Utils: Successfully started service 'SparkUI' on port 4040.
[2025-01-03T13:44:48.299+0000] {spark_submit.py:641} INFO - 25/01/03 13:44:48 ERROR SparkContext: Error initializing SparkContext.
[2025-01-03T13:44:48.300+0000] {spark_submit.py:641} INFO - org.apache.spark.SparkException: Could not parse Master URL: 'spark-master:7077'
[2025-01-03T13:44:48.300+0000] {spark_submit.py:641} INFO - at org.apache.spark.SparkContext$.org$apache$spark$SparkContext$$createTaskScheduler(SparkContext.scala:3194)
[2025-01-03T13:44:48.301+0000] {spark_submit.py:641} INFO - at org.apache.spark.SparkContext.<init>(SparkContext.scala:577)
[2025-01-03T13:44:48.301+0000] {spark_submit.py:641} INFO - at org.apache.spark.api.java.JavaSparkContext.<init>(JavaSparkContext.scala:58)
[2025-01-03T13:44:48.303+0000] {spark_submit.py:641} INFO - at java.base/jdk.internal.reflect.NativeConstructorAccessorImpl.newInstance0(Native Method)
[2025-01-03T13:44:48.304+0000] {spark_submit.py:641} INFO - at java.base/jdk.internal.reflect.NativeConstructorAccessorImpl.newInstance(NativeConstructorAccessorImpl.java:77)
[2025-01-03T13:44:48.304+0000] {spark_submit.py:641} INFO - at java.base/jdk.internal.reflect.DelegatingConstructorAccessorImpl.newInstance(DelegatingConstructorAccessorImpl.java:45)
[2025-01-03T13:44:48.305+0000] {spark_submit.py:641} INFO - at java.base/java.lang.reflect.Constructor.newInstanceWithCaller(Constructor.java:500)
[2025-01-03T13:44:48.305+0000] {spark_submit.py:641} INFO - at java.base/java.lang.reflect.Constructor.newInstance(Constructor.java:481)
[2025-01-03T13:44:48.305+0000] {spark_submit.py:641} INFO - at py4j.reflection.MethodInvoker.invoke(MethodInvoker.java:247)
[2025-01-03T13:44:48.306+0000] {spark_submit.py:641} INFO - at py4j.reflection.ReflectionEngine.invoke(ReflectionEngine.java:374)
[2025-01-03T13:44:48.306+0000] {spark_submit.py:641} INFO - at py4j.Gateway.invoke(Gateway.java:238)
[2025-01-03T13:44:48.308+0000] {spark_submit.py:641} INFO - at py4j.commands.ConstructorCommand.invokeConstructor(ConstructorCommand.java:80)
[2025-01-03T13:44:48.309+0000] {spark_submit.py:641} INFO - at py4j.commands.ConstructorCommand.execute(ConstructorCommand.java:69)
[2025-01-03T13:44:48.309+0000] {spark_submit.py:641} INFO - at py4j.ClientServerConnection.waitForCommands(ClientServerConnection.java:182)
[2025-01-03T13:44:48.309+0000] {spark_submit.py:641} INFO - at py4j.ClientServerConnection.run(ClientServerConnection.java:106)
[2025-01-03T13:44:48.310+0000] {spark_submit.py:641} INFO - at java.base/java.lang.Thread.run(Thread.java:840)
[2025-01-03T13:44:48.310+0000] {spark_submit.py:641} INFO - 25/01/03 13:44:48 INFO SparkContext: SparkContext is stopping with exitCode 0.
[2025-01-03T13:44:48.325+0000] {spark_submit.py:641} INFO - 25/01/03 13:44:48 INFO SparkUI: Stopped Spark web UI at http://188e18f30668:4040
[2025-01-03T13:44:48.375+0000] {spark_submit.py:641} INFO - 25/01/03 13:44:48 INFO MapOutputTrackerMasterEndpoint: MapOutputTrackerMasterEndpoint stopped!
[2025-01-03T13:44:48.391+0000] {spark_submit.py:641} INFO - 25/01/03 13:44:48 INFO MemoryStore: MemoryStore cleared
[2025-01-03T13:44:48.392+0000] {spark_submit.py:641} INFO - 25/01/03 13:44:48 INFO BlockManager: BlockManager stopped
[2025-01-03T13:44:48.400+0000] {spark_submit.py:641} INFO - 25/01/03 13:44:48 INFO BlockManagerMaster: BlockManagerMaster stopped
[2025-01-03T13:44:48.401+0000] {spark_submit.py:641} INFO - 25/01/03 13:44:48 WARN MetricsSystem: Stopping a MetricsSystem that is not running
[2025-01-03T13:44:48.405+0000] {spark_submit.py:641} INFO - 25/01/03 13:44:48 INFO OutputCommitCoordinator$OutputCommitCoordinatorEndpoint: OutputCommitCoordinator stopped!
[2025-01-03T13:44:48.422+0000] {spark_submit.py:641} INFO - 25/01/03 13:44:48 INFO SparkContext: Successfully stopped SparkContext
[2025-01-03T13:44:48.422+0000] {spark_submit.py:641} INFO - Traceback (most recent call last):
[2025-01-03T13:44:48.423+0000] {spark_submit.py:641} INFO - File "/spark_job/printspark.py", line 5, in <module>
[2025-01-03T13:44:48.425+0000] {spark_submit.py:641} INFO - spark = SparkSession.builder.appName("WordCount").getOrCreate()
[2025-01-03T13:44:48.425+0000] {spark_submit.py:641} INFO - ^^^^^^^^^^^^^^^^^^^^^^^^^^^^^^^^^^^^^^^^^^^^^^^^^^^^^^^
[2025-01-03T13:44:48.426+0000] {spark_submit.py:641} INFO - File "/home/***/.local/lib/python3.11/site-packages/pyspark/python/lib/pyspark.zip/pyspark/sql/session.py", line 497, in getOrCreate
[2025-01-03T13:44:48.426+0000] {spark_submit.py:641} INFO - File "/home/***/.local/lib/python3.11/site-packages/pyspark/python/lib/pyspark.zip/pyspark/context.py", line 515, in getOrCreate
[2025-01-03T13:44:48.426+0000] {spark_submit.py:641} INFO - File "/home/***/.local/lib/python3.11/site-packages/pyspark/python/lib/pyspark.zip/pyspark/context.py", line 203, in __init__
[2025-01-03T13:44:48.427+0000] {spark_submit.py:641} INFO - File "/home/***/.local/lib/python3.11/site-packages/pyspark/python/lib/pyspark.zip/pyspark/context.py", line 296, in _do_init
[2025-01-03T13:44:48.427+0000] {spark_submit.py:641} INFO - File "/home/***/.local/lib/python3.11/site-packages/pyspark/python/lib/pyspark.zip/pyspark/context.py", line 421, in _initialize_context
[2025-01-03T13:44:48.428+0000] {spark_submit.py:641} INFO - File "/home/***/.local/lib/python3.11/site-packages/pyspark/python/lib/py4j-0.10.9.7-src.zip/py4j/java_gateway.py", line 1587, in __call__
[2025-01-03T13:44:48.428+0000] {spark_submit.py:641} INFO - File "/home/***/.local/lib/python3.11/site-packages/pyspark/python/lib/py4j-0.10.9.7-src.zip/py4j/protocol.py", line 326, in get_return_value
[2025-01-03T13:44:48.429+0000] {spark_submit.py:641} INFO - py4j.protocol.Py4JJavaError: An error occurred while calling None.org.apache.spark.api.java.JavaSparkContext.
[2025-01-03T13:44:48.431+0000] {spark_submit.py:641} INFO - : org.apache.spark.SparkException: Could not parse Master URL: 'spark-master:7077'
[2025-01-03T13:44:48.432+0000] {spark_submit.py:641} INFO - at org.apache.spark.SparkContext$.org$apache$spark$SparkContext$$createTaskScheduler(SparkContext.scala:3194)
[2025-01-03T13:44:48.433+0000] {spark_submit.py:641} INFO - at org.apache.spark.SparkContext.<init>(SparkContext.scala:577)
[2025-01-03T13:44:48.433+0000] {spark_submit.py:641} INFO - at org.apache.spark.api.java.JavaSparkContext.<init>(JavaSparkContext.scala:58)
[2025-01-03T13:44:48.434+0000] {spark_submit.py:641} INFO - at java.base/jdk.internal.reflect.NativeConstructorAccessorImpl.newInstance0(Native Method)
[2025-01-03T13:44:48.435+0000] {spark_submit.py:641} INFO - at java.base/jdk.internal.reflect.NativeConstructorAccessorImpl.newInstance(NativeConstructorAccessorImpl.java:77)
[2025-01-03T13:44:48.436+0000] {spark_submit.py:641} INFO - at java.base/jdk.internal.reflect.DelegatingConstructorAccessorImpl.newInstance(DelegatingConstructorAccessorImpl.java:45)
[2025-01-03T13:44:48.437+0000] {spark_submit.py:641} INFO - at java.base/java.lang.reflect.Constructor.newInstanceWithCaller(Constructor.java:500)
[2025-01-03T13:44:48.437+0000] {spark_submit.py:641} INFO - at java.base/java.lang.reflect.Constructor.newInstance(Constructor.java:481)
[2025-01-03T13:44:48.438+0000] {spark_submit.py:641} INFO - at py4j.reflection.MethodInvoker.invoke(MethodInvoker.java:247)
[2025-01-03T13:44:48.440+0000] {spark_submit.py:641} INFO - at py4j.reflection.ReflectionEngine.invoke(ReflectionEngine.java:374)
[2025-01-03T13:44:48.441+0000] {spark_submit.py:641} INFO - at py4j.Gateway.invoke(Gateway.java:238)
[2025-01-03T13:44:48.441+0000] {spark_submit.py:641} INFO - at py4j.commands.ConstructorCommand.invokeConstructor(ConstructorCommand.java:80)
[2025-01-03T13:44:48.442+0000] {spark_submit.py:641} INFO - at py4j.commands.ConstructorCommand.execute(ConstructorCommand.java:69)
[2025-01-03T13:44:48.442+0000] {spark_submit.py:641} INFO - at py4j.ClientServerConnection.waitForCommands(ClientServerConnection.java:182)
[2025-01-03T13:44:48.442+0000] {spark_submit.py:641} INFO - at py4j.ClientServerConnection.run(ClientServerConnection.java:106)
[2025-01-03T13:44:48.443+0000] {spark_submit.py:641} INFO - at java.base/java.lang.Thread.run(Thread.java:840)
[2025-01-03T13:44:48.443+0000] {spark_submit.py:641} INFO - 
[2025-01-03T13:44:48.527+0000] {spark_submit.py:641} INFO - 25/01/03 13:44:48 INFO ShutdownHookManager: Shutdown hook called
[2025-01-03T13:44:48.528+0000] {spark_submit.py:641} INFO - 25/01/03 13:44:48 INFO ShutdownHookManager: Deleting directory /tmp/spark-68c31ea4-6785-4107-9aba-f9659d5a0cc4
[2025-01-03T13:44:48.535+0000] {spark_submit.py:641} INFO - 25/01/03 13:44:48 INFO ShutdownHookManager: Deleting directory /tmp/spark-79661d8c-3a4a-4773-bc5b-67e94c4d9783
[2025-01-03T13:44:48.580+0000] {taskinstance.py:441} INFO - ::group::Post task execution logs
[2025-01-03T13:44:48.596+0000] {taskinstance.py:2905} ERROR - Task failed with exception
Traceback (most recent call last):
  File "/home/airflow/.local/lib/python3.11/site-packages/airflow/models/taskinstance.py", line 465, in _execute_task
    result = _execute_callable(context=context, **execute_callable_kwargs)
             ^^^^^^^^^^^^^^^^^^^^^^^^^^^^^^^^^^^^^^^^^^^^^^^^^^^^^^^^^^^^^
  File "/home/airflow/.local/lib/python3.11/site-packages/airflow/models/taskinstance.py", line 432, in _execute_callable
    return execute_callable(context=context, **execute_callable_kwargs)
           ^^^^^^^^^^^^^^^^^^^^^^^^^^^^^^^^^^^^^^^^^^^^^^^^^^^^^^^^^^^^
  File "/home/airflow/.local/lib/python3.11/site-packages/airflow/models/baseoperator.py", line 401, in wrapper
    return func(self, *args, **kwargs)
           ^^^^^^^^^^^^^^^^^^^^^^^^^^^
  File "/home/airflow/.local/lib/python3.11/site-packages/airflow/providers/apache/spark/operators/spark_submit.py", line 177, in execute
    self._hook.submit(self.application)
  File "/home/airflow/.local/lib/python3.11/site-packages/airflow/providers/apache/spark/hooks/spark_submit.py", line 567, in submit
    raise AirflowException(
airflow.exceptions.AirflowException: Cannot execute: spark-submit --master spark-master:7077 --conf spark.executor.memory=2g --conf spark.executor.cores=2 --principal *** --name arrow-spark --verbose --deploy-mode client /spark_job/printspark.py. Error code is: 1.
[2025-01-03T13:44:48.602+0000] {taskinstance.py:1206} INFO - Marking task as FAILED. dag_id=spark_submit_example, task_id=spark_submit_task, run_id=manual__2025-01-03T13:21:19.493025+00:00, execution_date=20250103T132119, start_date=20250103T134442, end_date=20250103T134448
[2025-01-03T13:44:48.634+0000] {standard_task_runner.py:110} ERROR - Failed to execute job 15 for task spark_submit_task (Cannot execute: spark-submit --master spark-master:7077 --conf spark.executor.memory=2g --conf spark.executor.cores=2 --principal *** --name arrow-spark --verbose --deploy-mode client /spark_job/printspark.py. Error code is: 1.; 180)
[2025-01-03T13:44:48.673+0000] {local_task_job_runner.py:240} INFO - Task exited with return code 1
[2025-01-03T13:44:48.917+0000] {taskinstance.py:3503} INFO - 0 downstream tasks scheduled from follow-on schedule check
[2025-01-03T13:44:48.942+0000] {local_task_job_runner.py:222} INFO - ::endgroup::
