[2025-01-03T13:44:56.679+0000] {local_task_job_runner.py:120} INFO - ::group::Pre task execution logs
[2025-01-03T13:44:56.734+0000] {taskinstance.py:2076} INFO - Dependencies all met for dep_context=non-requeueable deps ti=<TaskInstance: spark_submit_example.spark_submit_task manual__2025-01-03T13:21:19.493025+00:00 [queued]>
[2025-01-03T13:44:56.746+0000] {taskinstance.py:2076} INFO - Dependencies all met for dep_context=requeueable deps ti=<TaskInstance: spark_submit_example.spark_submit_task manual__2025-01-03T13:21:19.493025+00:00 [queued]>
[2025-01-03T13:44:56.747+0000] {taskinstance.py:2306} INFO - Starting attempt 9 of 10
[2025-01-03T13:44:56.782+0000] {taskinstance.py:2330} INFO - Executing <Task(SparkSubmitOperator): spark_submit_task> on 2025-01-03 13:21:19.493025+00:00
[2025-01-03T13:44:56.787+0000] {standard_task_runner.py:63} INFO - Started process 289 to run task
[2025-01-03T13:44:56.791+0000] {standard_task_runner.py:90} INFO - Running: ['***', 'tasks', 'run', 'spark_submit_example', 'spark_submit_task', 'manual__2025-01-03T13:21:19.493025+00:00', '--job-id', '17', '--raw', '--subdir', 'DAGS_FOLDER/teste_dag.py', '--cfg-path', '/tmp/tmpw9kic5tw']
[2025-01-03T13:44:56.794+0000] {standard_task_runner.py:91} INFO - Job 17: Subtask spark_submit_task
[2025-01-03T13:44:57.018+0000] {task_command.py:426} INFO - Running <TaskInstance: spark_submit_example.spark_submit_task manual__2025-01-03T13:21:19.493025+00:00 [running]> on host 188e18f30668
[2025-01-03T13:44:57.148+0000] {taskinstance.py:2648} INFO - Exporting env vars: AIRFLOW_CTX_DAG_OWNER='***' AIRFLOW_CTX_DAG_ID='spark_submit_example' AIRFLOW_CTX_TASK_ID='spark_submit_task' AIRFLOW_CTX_EXECUTION_DATE='2025-01-03T13:21:19.493025+00:00' AIRFLOW_CTX_TRY_NUMBER='9' AIRFLOW_CTX_DAG_RUN_ID='manual__2025-01-03T13:21:19.493025+00:00'
[2025-01-03T13:44:57.149+0000] {taskinstance.py:430} INFO - ::endgroup::
[2025-01-03T13:44:57.176+0000] {base.py:84} INFO - Using connection ID 'spark_default' for task execution.
[2025-01-03T13:44:57.177+0000] {spark_submit.py:328} ERROR - Failed to decode base64 keytab: Incorrect padding
[2025-01-03T13:44:57.178+0000] {spark_submit.py:305} INFO - Could not load connection string spark_default, defaulting to spark-master:7077
[2025-01-03T13:44:57.179+0000] {spark_submit.py:474} INFO - Spark-Submit cmd: spark-submit --master spark-master:7077 --conf spark.executor.memory=2g --conf spark.executor.cores=2 --principal *** --name arrow-spark --verbose --deploy-mode client /spark_job/printspark.py
[2025-01-03T13:44:57.294+0000] {spark_submit.py:641} INFO - /home/***/.local/lib/python3.11/site-packages/pyspark/bin/load-spark-env.sh: line 68: ps: command not found
[2025-01-03T13:44:58.621+0000] {spark_submit.py:641} INFO - Using properties file: null
[2025-01-03T13:44:58.752+0000] {spark_submit.py:641} INFO - Parsed arguments:
[2025-01-03T13:44:58.753+0000] {spark_submit.py:641} INFO - master                  spark-master:7077
[2025-01-03T13:44:58.753+0000] {spark_submit.py:641} INFO - remote                  null
[2025-01-03T13:44:58.754+0000] {spark_submit.py:641} INFO - deployMode              client
[2025-01-03T13:44:58.754+0000] {spark_submit.py:641} INFO - executorMemory          2g
[2025-01-03T13:44:58.754+0000] {spark_submit.py:641} INFO - executorCores           2
[2025-01-03T13:44:58.755+0000] {spark_submit.py:641} INFO - totalExecutorCores      null
[2025-01-03T13:44:58.755+0000] {spark_submit.py:641} INFO - propertiesFile          null
[2025-01-03T13:44:58.755+0000] {spark_submit.py:641} INFO - driverMemory            null
[2025-01-03T13:44:58.756+0000] {spark_submit.py:641} INFO - driverCores             null
[2025-01-03T13:44:58.756+0000] {spark_submit.py:641} INFO - driverExtraClassPath    null
[2025-01-03T13:44:58.757+0000] {spark_submit.py:641} INFO - driverExtraLibraryPath  null
[2025-01-03T13:44:58.758+0000] {spark_submit.py:641} INFO - driverExtraJavaOptions  null
[2025-01-03T13:44:58.759+0000] {spark_submit.py:641} INFO - supervise               false
[2025-01-03T13:44:58.759+0000] {spark_submit.py:641} INFO - queue                   null
[2025-01-03T13:44:58.760+0000] {spark_submit.py:641} INFO - numExecutors            null
[2025-01-03T13:44:58.760+0000] {spark_submit.py:641} INFO - files                   null
[2025-01-03T13:44:58.761+0000] {spark_submit.py:641} INFO - pyFiles                 null
[2025-01-03T13:44:58.761+0000] {spark_submit.py:641} INFO - archives                null
[2025-01-03T13:44:58.762+0000] {spark_submit.py:641} INFO - mainClass               null
[2025-01-03T13:44:58.762+0000] {spark_submit.py:641} INFO - primaryResource         file:/spark_job/printspark.py
[2025-01-03T13:44:58.763+0000] {spark_submit.py:641} INFO - name                    arrow-spark
[2025-01-03T13:44:58.763+0000] {spark_submit.py:641} INFO - childArgs               []
[2025-01-03T13:44:58.763+0000] {spark_submit.py:641} INFO - jars                    null
[2025-01-03T13:44:58.764+0000] {spark_submit.py:641} INFO - packages                null
[2025-01-03T13:44:58.764+0000] {spark_submit.py:641} INFO - packagesExclusions      null
[2025-01-03T13:44:58.764+0000] {spark_submit.py:641} INFO - repositories            null
[2025-01-03T13:44:58.765+0000] {spark_submit.py:641} INFO - verbose                 true
[2025-01-03T13:44:58.765+0000] {spark_submit.py:641} INFO - 
[2025-01-03T13:44:58.766+0000] {spark_submit.py:641} INFO - Spark properties used, including those specified through
[2025-01-03T13:44:58.767+0000] {spark_submit.py:641} INFO - --conf and those from the properties file null:
[2025-01-03T13:44:58.767+0000] {spark_submit.py:641} INFO - (spark.executor.cores,2)
[2025-01-03T13:44:58.768+0000] {spark_submit.py:641} INFO - (spark.executor.memory,2g)
[2025-01-03T13:44:58.768+0000] {spark_submit.py:641} INFO - 
[2025-01-03T13:44:58.768+0000] {spark_submit.py:641} INFO - 
[2025-01-03T13:44:59.068+0000] {spark_submit.py:641} INFO - Main class:
[2025-01-03T13:44:59.069+0000] {spark_submit.py:641} INFO - org.apache.spark.deploy.PythonRunner
[2025-01-03T13:44:59.070+0000] {spark_submit.py:641} INFO - Arguments:
[2025-01-03T13:44:59.070+0000] {spark_submit.py:641} INFO - file:/spark_job/printspark.py
[2025-01-03T13:44:59.071+0000] {spark_submit.py:641} INFO - null
[2025-01-03T13:44:59.071+0000] {spark_submit.py:641} INFO - Spark config:
[2025-01-03T13:44:59.072+0000] {spark_submit.py:641} INFO - (spark.app.name,arrow-spark)
[2025-01-03T13:44:59.072+0000] {spark_submit.py:641} INFO - (spark.app.submitTime,1735911899043)
[2025-01-03T13:44:59.073+0000] {spark_submit.py:641} INFO - (spark.executor.cores,2)
[2025-01-03T13:44:59.074+0000] {spark_submit.py:641} INFO - (spark.executor.memory,2g)
[2025-01-03T13:44:59.075+0000] {spark_submit.py:641} INFO - (spark.kerberos.principal,***)
[2025-01-03T13:44:59.076+0000] {spark_submit.py:641} INFO - (spark.master,spark-master:7077)
[2025-01-03T13:44:59.076+0000] {spark_submit.py:641} INFO - (spark.submit.deployMode,client)
[2025-01-03T13:44:59.077+0000] {spark_submit.py:641} INFO - (spark.submit.pyFiles,)
[2025-01-03T13:44:59.079+0000] {spark_submit.py:641} INFO - Classpath elements:
[2025-01-03T13:44:59.080+0000] {spark_submit.py:641} INFO - 
[2025-01-03T13:44:59.081+0000] {spark_submit.py:641} INFO - 
[2025-01-03T13:44:59.082+0000] {spark_submit.py:641} INFO - 
[2025-01-03T13:45:00.460+0000] {spark_submit.py:641} INFO - 25/01/03 13:45:00 INFO SparkContext: Running Spark version 3.5.4
[2025-01-03T13:45:00.464+0000] {spark_submit.py:641} INFO - 25/01/03 13:45:00 INFO SparkContext: OS info Linux, 5.15.153.1-microsoft-standard-WSL2, amd64
[2025-01-03T13:45:00.465+0000] {spark_submit.py:641} INFO - 25/01/03 13:45:00 INFO SparkContext: Java version 17.0.13
[2025-01-03T13:45:00.546+0000] {spark_submit.py:641} INFO - 25/01/03 13:45:00 WARN NativeCodeLoader: Unable to load native-hadoop library for your platform... using builtin-java classes where applicable
[2025-01-03T13:45:00.670+0000] {spark_submit.py:641} INFO - 25/01/03 13:45:00 INFO ResourceUtils: ==============================================================
[2025-01-03T13:45:00.671+0000] {spark_submit.py:641} INFO - 25/01/03 13:45:00 INFO ResourceUtils: No custom resources configured for spark.driver.
[2025-01-03T13:45:00.673+0000] {spark_submit.py:641} INFO - 25/01/03 13:45:00 INFO ResourceUtils: ==============================================================
[2025-01-03T13:45:00.674+0000] {spark_submit.py:641} INFO - 25/01/03 13:45:00 INFO SparkContext: Submitted application: WordCount
[2025-01-03T13:45:00.710+0000] {spark_submit.py:641} INFO - 25/01/03 13:45:00 INFO ResourceProfile: Default ResourceProfile created, executor resources: Map(cores -> name: cores, amount: 2, script: , vendor: , memory -> name: memory, amount: 2048, script: , vendor: , offHeap -> name: offHeap, amount: 0, script: , vendor: ), task resources: Map(cpus -> name: cpus, amount: 1.0)
[2025-01-03T13:45:00.722+0000] {spark_submit.py:641} INFO - 25/01/03 13:45:00 INFO ResourceProfile: Limiting resource is cpus at 2 tasks per executor
[2025-01-03T13:45:00.725+0000] {spark_submit.py:641} INFO - 25/01/03 13:45:00 INFO ResourceProfileManager: Added ResourceProfile id: 0
[2025-01-03T13:45:00.785+0000] {spark_submit.py:641} INFO - 25/01/03 13:45:00 INFO SecurityManager: Changing view acls to: ***
[2025-01-03T13:45:00.786+0000] {spark_submit.py:641} INFO - 25/01/03 13:45:00 INFO SecurityManager: Changing modify acls to: ***
[2025-01-03T13:45:00.787+0000] {spark_submit.py:641} INFO - 25/01/03 13:45:00 INFO SecurityManager: Changing view acls groups to:
[2025-01-03T13:45:00.788+0000] {spark_submit.py:641} INFO - 25/01/03 13:45:00 INFO SecurityManager: Changing modify acls groups to:
[2025-01-03T13:45:00.788+0000] {spark_submit.py:641} INFO - 25/01/03 13:45:00 INFO SecurityManager: SecurityManager: authentication disabled; ui acls disabled; users with view permissions: ***; groups with view permissions: EMPTY; users with modify permissions: ***; groups with modify permissions: EMPTY
[2025-01-03T13:45:01.073+0000] {spark_submit.py:641} INFO - 25/01/03 13:45:01 INFO Utils: Successfully started service 'sparkDriver' on port 36021.
[2025-01-03T13:45:01.107+0000] {spark_submit.py:641} INFO - 25/01/03 13:45:01 INFO SparkEnv: Registering MapOutputTracker
[2025-01-03T13:45:01.157+0000] {spark_submit.py:641} INFO - 25/01/03 13:45:01 INFO SparkEnv: Registering BlockManagerMaster
[2025-01-03T13:45:01.176+0000] {spark_submit.py:641} INFO - 25/01/03 13:45:01 INFO BlockManagerMasterEndpoint: Using org.apache.spark.storage.DefaultTopologyMapper for getting topology information
[2025-01-03T13:45:01.176+0000] {spark_submit.py:641} INFO - 25/01/03 13:45:01 INFO BlockManagerMasterEndpoint: BlockManagerMasterEndpoint up
[2025-01-03T13:45:01.180+0000] {spark_submit.py:641} INFO - 25/01/03 13:45:01 INFO SparkEnv: Registering BlockManagerMasterHeartbeat
[2025-01-03T13:45:01.206+0000] {spark_submit.py:641} INFO - 25/01/03 13:45:01 INFO DiskBlockManager: Created local directory at /tmp/blockmgr-eb863896-7903-4b54-8e24-fbf4608ae682
[2025-01-03T13:45:01.222+0000] {spark_submit.py:641} INFO - 25/01/03 13:45:01 INFO MemoryStore: MemoryStore started with capacity 434.4 MiB
[2025-01-03T13:45:01.238+0000] {spark_submit.py:641} INFO - 25/01/03 13:45:01 INFO SparkEnv: Registering OutputCommitCoordinator
[2025-01-03T13:45:01.410+0000] {spark_submit.py:641} INFO - 25/01/03 13:45:01 INFO JettyUtils: Start Jetty 0.0.0.0:4040 for SparkUI
[2025-01-03T13:45:01.494+0000] {spark_submit.py:641} INFO - 25/01/03 13:45:01 INFO Utils: Successfully started service 'SparkUI' on port 4040.
[2025-01-03T13:45:01.556+0000] {spark_submit.py:641} INFO - 25/01/03 13:45:01 ERROR SparkContext: Error initializing SparkContext.
[2025-01-03T13:45:01.557+0000] {spark_submit.py:641} INFO - org.apache.spark.SparkException: Could not parse Master URL: 'spark-master:7077'
[2025-01-03T13:45:01.557+0000] {spark_submit.py:641} INFO - at org.apache.spark.SparkContext$.org$apache$spark$SparkContext$$createTaskScheduler(SparkContext.scala:3194)
[2025-01-03T13:45:01.558+0000] {spark_submit.py:641} INFO - at org.apache.spark.SparkContext.<init>(SparkContext.scala:577)
[2025-01-03T13:45:01.559+0000] {spark_submit.py:641} INFO - at org.apache.spark.api.java.JavaSparkContext.<init>(JavaSparkContext.scala:58)
[2025-01-03T13:45:01.559+0000] {spark_submit.py:641} INFO - at java.base/jdk.internal.reflect.NativeConstructorAccessorImpl.newInstance0(Native Method)
[2025-01-03T13:45:01.559+0000] {spark_submit.py:641} INFO - at java.base/jdk.internal.reflect.NativeConstructorAccessorImpl.newInstance(NativeConstructorAccessorImpl.java:77)
[2025-01-03T13:45:01.560+0000] {spark_submit.py:641} INFO - at java.base/jdk.internal.reflect.DelegatingConstructorAccessorImpl.newInstance(DelegatingConstructorAccessorImpl.java:45)
[2025-01-03T13:45:01.560+0000] {spark_submit.py:641} INFO - at java.base/java.lang.reflect.Constructor.newInstanceWithCaller(Constructor.java:500)
[2025-01-03T13:45:01.560+0000] {spark_submit.py:641} INFO - at java.base/java.lang.reflect.Constructor.newInstance(Constructor.java:481)
[2025-01-03T13:45:01.561+0000] {spark_submit.py:641} INFO - at py4j.reflection.MethodInvoker.invoke(MethodInvoker.java:247)
[2025-01-03T13:45:01.561+0000] {spark_submit.py:641} INFO - at py4j.reflection.ReflectionEngine.invoke(ReflectionEngine.java:374)
[2025-01-03T13:45:01.561+0000] {spark_submit.py:641} INFO - at py4j.Gateway.invoke(Gateway.java:238)
[2025-01-03T13:45:01.561+0000] {spark_submit.py:641} INFO - at py4j.commands.ConstructorCommand.invokeConstructor(ConstructorCommand.java:80)
[2025-01-03T13:45:01.562+0000] {spark_submit.py:641} INFO - at py4j.commands.ConstructorCommand.execute(ConstructorCommand.java:69)
[2025-01-03T13:45:01.562+0000] {spark_submit.py:641} INFO - at py4j.ClientServerConnection.waitForCommands(ClientServerConnection.java:182)
[2025-01-03T13:45:01.562+0000] {spark_submit.py:641} INFO - at py4j.ClientServerConnection.run(ClientServerConnection.java:106)
[2025-01-03T13:45:01.563+0000] {spark_submit.py:641} INFO - at java.base/java.lang.Thread.run(Thread.java:840)
[2025-01-03T13:45:01.563+0000] {spark_submit.py:641} INFO - 25/01/03 13:45:01 INFO SparkContext: SparkContext is stopping with exitCode 0.
[2025-01-03T13:45:01.568+0000] {spark_submit.py:641} INFO - 25/01/03 13:45:01 INFO SparkUI: Stopped Spark web UI at http://188e18f30668:4040
[2025-01-03T13:45:01.613+0000] {spark_submit.py:641} INFO - 25/01/03 13:45:01 INFO MapOutputTrackerMasterEndpoint: MapOutputTrackerMasterEndpoint stopped!
[2025-01-03T13:45:01.623+0000] {spark_submit.py:641} INFO - 25/01/03 13:45:01 INFO MemoryStore: MemoryStore cleared
[2025-01-03T13:45:01.624+0000] {spark_submit.py:641} INFO - 25/01/03 13:45:01 INFO BlockManager: BlockManager stopped
[2025-01-03T13:45:01.631+0000] {spark_submit.py:641} INFO - 25/01/03 13:45:01 INFO BlockManagerMaster: BlockManagerMaster stopped
[2025-01-03T13:45:01.632+0000] {spark_submit.py:641} INFO - 25/01/03 13:45:01 WARN MetricsSystem: Stopping a MetricsSystem that is not running
[2025-01-03T13:45:01.634+0000] {spark_submit.py:641} INFO - 25/01/03 13:45:01 INFO OutputCommitCoordinator$OutputCommitCoordinatorEndpoint: OutputCommitCoordinator stopped!
[2025-01-03T13:45:01.646+0000] {spark_submit.py:641} INFO - 25/01/03 13:45:01 INFO SparkContext: Successfully stopped SparkContext
[2025-01-03T13:45:01.647+0000] {spark_submit.py:641} INFO - Traceback (most recent call last):
[2025-01-03T13:45:01.647+0000] {spark_submit.py:641} INFO - File "/spark_job/printspark.py", line 5, in <module>
[2025-01-03T13:45:01.649+0000] {spark_submit.py:641} INFO - spark = SparkSession.builder.appName("WordCount").getOrCreate()
[2025-01-03T13:45:01.649+0000] {spark_submit.py:641} INFO - ^^^^^^^^^^^^^^^^^^^^^^^^^^^^^^^^^^^^^^^^^^^^^^^^^^^^^^^
[2025-01-03T13:45:01.650+0000] {spark_submit.py:641} INFO - File "/home/***/.local/lib/python3.11/site-packages/pyspark/python/lib/pyspark.zip/pyspark/sql/session.py", line 497, in getOrCreate
[2025-01-03T13:45:01.650+0000] {spark_submit.py:641} INFO - File "/home/***/.local/lib/python3.11/site-packages/pyspark/python/lib/pyspark.zip/pyspark/context.py", line 515, in getOrCreate
[2025-01-03T13:45:01.651+0000] {spark_submit.py:641} INFO - File "/home/***/.local/lib/python3.11/site-packages/pyspark/python/lib/pyspark.zip/pyspark/context.py", line 203, in __init__
[2025-01-03T13:45:01.651+0000] {spark_submit.py:641} INFO - File "/home/***/.local/lib/python3.11/site-packages/pyspark/python/lib/pyspark.zip/pyspark/context.py", line 296, in _do_init
[2025-01-03T13:45:01.651+0000] {spark_submit.py:641} INFO - File "/home/***/.local/lib/python3.11/site-packages/pyspark/python/lib/pyspark.zip/pyspark/context.py", line 421, in _initialize_context
[2025-01-03T13:45:01.652+0000] {spark_submit.py:641} INFO - File "/home/***/.local/lib/python3.11/site-packages/pyspark/python/lib/py4j-0.10.9.7-src.zip/py4j/java_gateway.py", line 1587, in __call__
[2025-01-03T13:45:01.652+0000] {spark_submit.py:641} INFO - File "/home/***/.local/lib/python3.11/site-packages/pyspark/python/lib/py4j-0.10.9.7-src.zip/py4j/protocol.py", line 326, in get_return_value
[2025-01-03T13:45:01.653+0000] {spark_submit.py:641} INFO - py4j.protocol.Py4JJavaError: An error occurred while calling None.org.apache.spark.api.java.JavaSparkContext.
[2025-01-03T13:45:01.653+0000] {spark_submit.py:641} INFO - : org.apache.spark.SparkException: Could not parse Master URL: 'spark-master:7077'
[2025-01-03T13:45:01.654+0000] {spark_submit.py:641} INFO - at org.apache.spark.SparkContext$.org$apache$spark$SparkContext$$createTaskScheduler(SparkContext.scala:3194)
[2025-01-03T13:45:01.654+0000] {spark_submit.py:641} INFO - at org.apache.spark.SparkContext.<init>(SparkContext.scala:577)
[2025-01-03T13:45:01.654+0000] {spark_submit.py:641} INFO - at org.apache.spark.api.java.JavaSparkContext.<init>(JavaSparkContext.scala:58)
[2025-01-03T13:45:01.655+0000] {spark_submit.py:641} INFO - at java.base/jdk.internal.reflect.NativeConstructorAccessorImpl.newInstance0(Native Method)
[2025-01-03T13:45:01.655+0000] {spark_submit.py:641} INFO - at java.base/jdk.internal.reflect.NativeConstructorAccessorImpl.newInstance(NativeConstructorAccessorImpl.java:77)
[2025-01-03T13:45:01.655+0000] {spark_submit.py:641} INFO - at java.base/jdk.internal.reflect.DelegatingConstructorAccessorImpl.newInstance(DelegatingConstructorAccessorImpl.java:45)
[2025-01-03T13:45:01.656+0000] {spark_submit.py:641} INFO - at java.base/java.lang.reflect.Constructor.newInstanceWithCaller(Constructor.java:500)
[2025-01-03T13:45:01.656+0000] {spark_submit.py:641} INFO - at java.base/java.lang.reflect.Constructor.newInstance(Constructor.java:481)
[2025-01-03T13:45:01.656+0000] {spark_submit.py:641} INFO - at py4j.reflection.MethodInvoker.invoke(MethodInvoker.java:247)
[2025-01-03T13:45:01.657+0000] {spark_submit.py:641} INFO - at py4j.reflection.ReflectionEngine.invoke(ReflectionEngine.java:374)
[2025-01-03T13:45:01.657+0000] {spark_submit.py:641} INFO - at py4j.Gateway.invoke(Gateway.java:238)
[2025-01-03T13:45:01.657+0000] {spark_submit.py:641} INFO - at py4j.commands.ConstructorCommand.invokeConstructor(ConstructorCommand.java:80)
[2025-01-03T13:45:01.658+0000] {spark_submit.py:641} INFO - at py4j.commands.ConstructorCommand.execute(ConstructorCommand.java:69)
[2025-01-03T13:45:01.659+0000] {spark_submit.py:641} INFO - at py4j.ClientServerConnection.waitForCommands(ClientServerConnection.java:182)
[2025-01-03T13:45:01.660+0000] {spark_submit.py:641} INFO - at py4j.ClientServerConnection.run(ClientServerConnection.java:106)
[2025-01-03T13:45:01.660+0000] {spark_submit.py:641} INFO - at java.base/java.lang.Thread.run(Thread.java:840)
[2025-01-03T13:45:01.661+0000] {spark_submit.py:641} INFO - 
[2025-01-03T13:45:01.750+0000] {spark_submit.py:641} INFO - 25/01/03 13:45:01 INFO ShutdownHookManager: Shutdown hook called
[2025-01-03T13:45:01.751+0000] {spark_submit.py:641} INFO - 25/01/03 13:45:01 INFO ShutdownHookManager: Deleting directory /tmp/spark-c58aa09a-6a6e-461d-a21b-a3959884f5bc
[2025-01-03T13:45:01.757+0000] {spark_submit.py:641} INFO - 25/01/03 13:45:01 INFO ShutdownHookManager: Deleting directory /tmp/spark-ec1ceb12-81d7-4fc4-a148-034eaf956da7
[2025-01-03T13:45:01.801+0000] {taskinstance.py:441} INFO - ::group::Post task execution logs
[2025-01-03T13:45:01.815+0000] {taskinstance.py:2905} ERROR - Task failed with exception
Traceback (most recent call last):
  File "/home/airflow/.local/lib/python3.11/site-packages/airflow/models/taskinstance.py", line 465, in _execute_task
    result = _execute_callable(context=context, **execute_callable_kwargs)
             ^^^^^^^^^^^^^^^^^^^^^^^^^^^^^^^^^^^^^^^^^^^^^^^^^^^^^^^^^^^^^
  File "/home/airflow/.local/lib/python3.11/site-packages/airflow/models/taskinstance.py", line 432, in _execute_callable
    return execute_callable(context=context, **execute_callable_kwargs)
           ^^^^^^^^^^^^^^^^^^^^^^^^^^^^^^^^^^^^^^^^^^^^^^^^^^^^^^^^^^^^
  File "/home/airflow/.local/lib/python3.11/site-packages/airflow/models/baseoperator.py", line 401, in wrapper
    return func(self, *args, **kwargs)
           ^^^^^^^^^^^^^^^^^^^^^^^^^^^
  File "/home/airflow/.local/lib/python3.11/site-packages/airflow/providers/apache/spark/operators/spark_submit.py", line 177, in execute
    self._hook.submit(self.application)
  File "/home/airflow/.local/lib/python3.11/site-packages/airflow/providers/apache/spark/hooks/spark_submit.py", line 567, in submit
    raise AirflowException(
airflow.exceptions.AirflowException: Cannot execute: spark-submit --master spark-master:7077 --conf spark.executor.memory=2g --conf spark.executor.cores=2 --principal *** --name arrow-spark --verbose --deploy-mode client /spark_job/printspark.py. Error code is: 1.
[2025-01-03T13:45:01.819+0000] {taskinstance.py:1206} INFO - Marking task as UP_FOR_RETRY. dag_id=spark_submit_example, task_id=spark_submit_task, run_id=manual__2025-01-03T13:21:19.493025+00:00, execution_date=20250103T132119, start_date=20250103T134456, end_date=20250103T134501
[2025-01-03T13:45:01.872+0000] {standard_task_runner.py:110} ERROR - Failed to execute job 17 for task spark_submit_task (Cannot execute: spark-submit --master spark-master:7077 --conf spark.executor.memory=2g --conf spark.executor.cores=2 --principal *** --name arrow-spark --verbose --deploy-mode client /spark_job/printspark.py. Error code is: 1.; 289)
[2025-01-03T13:45:02.038+0000] {local_task_job_runner.py:240} INFO - Task exited with return code 1
[2025-01-03T13:45:02.060+0000] {taskinstance.py:3503} INFO - 0 downstream tasks scheduled from follow-on schedule check
[2025-01-03T13:45:02.080+0000] {local_task_job_runner.py:222} INFO - ::endgroup::
