[2025-01-03T13:30:26.099+0000] {local_task_job_runner.py:120} INFO - ::group::Pre task execution logs
[2025-01-03T13:30:26.142+0000] {taskinstance.py:2076} INFO - Dependencies all met for dep_context=non-requeueable deps ti=<TaskInstance: spark_submit_example.spark_submit_task manual__2025-01-03T13:21:19.493025+00:00 [queued]>
[2025-01-03T13:30:26.152+0000] {taskinstance.py:2076} INFO - Dependencies all met for dep_context=requeueable deps ti=<TaskInstance: spark_submit_example.spark_submit_task manual__2025-01-03T13:21:19.493025+00:00 [queued]>
[2025-01-03T13:30:26.153+0000] {taskinstance.py:2306} INFO - Starting attempt 5 of 5
[2025-01-03T13:30:26.185+0000] {taskinstance.py:2330} INFO - Executing <Task(SparkSubmitOperator): spark_submit_task> on 2025-01-03 13:21:19.493025+00:00
[2025-01-03T13:30:26.191+0000] {standard_task_runner.py:63} INFO - Started process 696 to run task
[2025-01-03T13:30:26.194+0000] {standard_task_runner.py:90} INFO - Running: ['***', 'tasks', 'run', 'spark_submit_example', 'spark_submit_task', 'manual__2025-01-03T13:21:19.493025+00:00', '--job-id', '9', '--raw', '--subdir', 'DAGS_FOLDER/teste_dag.py', '--cfg-path', '/tmp/tmpauwaou9t']
[2025-01-03T13:30:26.196+0000] {standard_task_runner.py:91} INFO - Job 9: Subtask spark_submit_task
[2025-01-03T13:30:26.428+0000] {task_command.py:426} INFO - Running <TaskInstance: spark_submit_example.spark_submit_task manual__2025-01-03T13:21:19.493025+00:00 [running]> on host e30ed761b3cd
[2025-01-03T13:30:26.528+0000] {taskinstance.py:2648} INFO - Exporting env vars: AIRFLOW_CTX_DAG_OWNER='***' AIRFLOW_CTX_DAG_ID='spark_submit_example' AIRFLOW_CTX_TASK_ID='spark_submit_task' AIRFLOW_CTX_EXECUTION_DATE='2025-01-03T13:21:19.493025+00:00' AIRFLOW_CTX_TRY_NUMBER='5' AIRFLOW_CTX_DAG_RUN_ID='manual__2025-01-03T13:21:19.493025+00:00'
[2025-01-03T13:30:26.529+0000] {taskinstance.py:430} INFO - ::endgroup::
[2025-01-03T13:30:26.553+0000] {base.py:84} INFO - Using connection ID 'spark_default' for task execution.
[2025-01-03T13:30:26.553+0000] {spark_submit.py:328} ERROR - Failed to decode base64 keytab: Incorrect padding
[2025-01-03T13:30:26.554+0000] {spark_submit.py:305} INFO - Could not load connection string spark_default, defaulting to spark-master:7077
[2025-01-03T13:30:26.555+0000] {spark_submit.py:474} INFO - Spark-Submit cmd: spark-submit --master spark-master:7077 --conf spark.executor.memory=2g --conf spark.executor.cores=2 --name arrow-spark --verbose --deploy-mode client /spark_job/printspark.py
[2025-01-03T13:30:26.643+0000] {spark_submit.py:641} INFO - /home/***/.local/lib/python3.11/site-packages/pyspark/bin/load-spark-env.sh: line 68: ps: command not found
[2025-01-03T13:30:27.885+0000] {spark_submit.py:641} INFO - Using properties file: null
[2025-01-03T13:30:28.008+0000] {spark_submit.py:641} INFO - Parsed arguments:
[2025-01-03T13:30:28.009+0000] {spark_submit.py:641} INFO - master                  spark-master:7077
[2025-01-03T13:30:28.009+0000] {spark_submit.py:641} INFO - remote                  null
[2025-01-03T13:30:28.009+0000] {spark_submit.py:641} INFO - deployMode              client
[2025-01-03T13:30:28.010+0000] {spark_submit.py:641} INFO - executorMemory          2g
[2025-01-03T13:30:28.010+0000] {spark_submit.py:641} INFO - executorCores           2
[2025-01-03T13:30:28.010+0000] {spark_submit.py:641} INFO - totalExecutorCores      null
[2025-01-03T13:30:28.010+0000] {spark_submit.py:641} INFO - propertiesFile          null
[2025-01-03T13:30:28.013+0000] {spark_submit.py:641} INFO - driverMemory            null
[2025-01-03T13:30:28.014+0000] {spark_submit.py:641} INFO - driverCores             null
[2025-01-03T13:30:28.014+0000] {spark_submit.py:641} INFO - driverExtraClassPath    null
[2025-01-03T13:30:28.014+0000] {spark_submit.py:641} INFO - driverExtraLibraryPath  null
[2025-01-03T13:30:28.015+0000] {spark_submit.py:641} INFO - driverExtraJavaOptions  null
[2025-01-03T13:30:28.015+0000] {spark_submit.py:641} INFO - supervise               false
[2025-01-03T13:30:28.015+0000] {spark_submit.py:641} INFO - queue                   null
[2025-01-03T13:30:28.016+0000] {spark_submit.py:641} INFO - numExecutors            null
[2025-01-03T13:30:28.016+0000] {spark_submit.py:641} INFO - files                   null
[2025-01-03T13:30:28.016+0000] {spark_submit.py:641} INFO - pyFiles                 null
[2025-01-03T13:30:28.016+0000] {spark_submit.py:641} INFO - archives                null
[2025-01-03T13:30:28.017+0000] {spark_submit.py:641} INFO - mainClass               null
[2025-01-03T13:30:28.020+0000] {spark_submit.py:641} INFO - primaryResource         file:/spark_job/printspark.py
[2025-01-03T13:30:28.020+0000] {spark_submit.py:641} INFO - name                    arrow-spark
[2025-01-03T13:30:28.020+0000] {spark_submit.py:641} INFO - childArgs               []
[2025-01-03T13:30:28.021+0000] {spark_submit.py:641} INFO - jars                    null
[2025-01-03T13:30:28.021+0000] {spark_submit.py:641} INFO - packages                null
[2025-01-03T13:30:28.022+0000] {spark_submit.py:641} INFO - packagesExclusions      null
[2025-01-03T13:30:28.022+0000] {spark_submit.py:641} INFO - repositories            null
[2025-01-03T13:30:28.022+0000] {spark_submit.py:641} INFO - verbose                 true
[2025-01-03T13:30:28.022+0000] {spark_submit.py:641} INFO - 
[2025-01-03T13:30:28.023+0000] {spark_submit.py:641} INFO - Spark properties used, including those specified through
[2025-01-03T13:30:28.023+0000] {spark_submit.py:641} INFO - --conf and those from the properties file null:
[2025-01-03T13:30:28.024+0000] {spark_submit.py:641} INFO - (spark.executor.cores,2)
[2025-01-03T13:30:28.024+0000] {spark_submit.py:641} INFO - (spark.executor.memory,2g)
[2025-01-03T13:30:28.025+0000] {spark_submit.py:641} INFO - 
[2025-01-03T13:30:28.025+0000] {spark_submit.py:641} INFO - 
[2025-01-03T13:30:28.272+0000] {spark_submit.py:641} INFO - Main class:
[2025-01-03T13:30:28.273+0000] {spark_submit.py:641} INFO - org.apache.spark.deploy.PythonRunner
[2025-01-03T13:30:28.273+0000] {spark_submit.py:641} INFO - Arguments:
[2025-01-03T13:30:28.274+0000] {spark_submit.py:641} INFO - file:/spark_job/printspark.py
[2025-01-03T13:30:28.274+0000] {spark_submit.py:641} INFO - null
[2025-01-03T13:30:28.275+0000] {spark_submit.py:641} INFO - Spark config:
[2025-01-03T13:30:28.276+0000] {spark_submit.py:641} INFO - (spark.app.name,arrow-spark)
[2025-01-03T13:30:28.276+0000] {spark_submit.py:641} INFO - (spark.app.submitTime,1735911028253)
[2025-01-03T13:30:28.276+0000] {spark_submit.py:641} INFO - (spark.executor.cores,2)
[2025-01-03T13:30:28.277+0000] {spark_submit.py:641} INFO - (spark.executor.memory,2g)
[2025-01-03T13:30:28.277+0000] {spark_submit.py:641} INFO - (spark.master,spark-master:7077)
[2025-01-03T13:30:28.277+0000] {spark_submit.py:641} INFO - (spark.submit.deployMode,client)
[2025-01-03T13:30:28.278+0000] {spark_submit.py:641} INFO - (spark.submit.pyFiles,)
[2025-01-03T13:30:28.278+0000] {spark_submit.py:641} INFO - Classpath elements:
[2025-01-03T13:30:28.278+0000] {spark_submit.py:641} INFO - 
[2025-01-03T13:30:28.281+0000] {spark_submit.py:641} INFO - 
[2025-01-03T13:30:28.282+0000] {spark_submit.py:641} INFO - 
[2025-01-03T13:30:29.457+0000] {spark_submit.py:641} INFO - 25/01/03 13:30:29 INFO SparkContext: Running Spark version 3.5.4
[2025-01-03T13:30:29.460+0000] {spark_submit.py:641} INFO - 25/01/03 13:30:29 INFO SparkContext: OS info Linux, 5.15.153.1-microsoft-standard-WSL2, amd64
[2025-01-03T13:30:29.461+0000] {spark_submit.py:641} INFO - 25/01/03 13:30:29 INFO SparkContext: Java version 17.0.13
[2025-01-03T13:30:29.514+0000] {spark_submit.py:641} INFO - 25/01/03 13:30:29 WARN NativeCodeLoader: Unable to load native-hadoop library for your platform... using builtin-java classes where applicable
[2025-01-03T13:30:29.599+0000] {spark_submit.py:641} INFO - 25/01/03 13:30:29 INFO ResourceUtils: ==============================================================
[2025-01-03T13:30:29.600+0000] {spark_submit.py:641} INFO - 25/01/03 13:30:29 INFO ResourceUtils: No custom resources configured for spark.driver.
[2025-01-03T13:30:29.600+0000] {spark_submit.py:641} INFO - 25/01/03 13:30:29 INFO ResourceUtils: ==============================================================
[2025-01-03T13:30:29.601+0000] {spark_submit.py:641} INFO - 25/01/03 13:30:29 INFO SparkContext: Submitted application: WordCount
[2025-01-03T13:30:29.624+0000] {spark_submit.py:641} INFO - 25/01/03 13:30:29 INFO ResourceProfile: Default ResourceProfile created, executor resources: Map(cores -> name: cores, amount: 2, script: , vendor: , memory -> name: memory, amount: 2048, script: , vendor: , offHeap -> name: offHeap, amount: 0, script: , vendor: ), task resources: Map(cpus -> name: cpus, amount: 1.0)
[2025-01-03T13:30:29.635+0000] {spark_submit.py:641} INFO - 25/01/03 13:30:29 INFO ResourceProfile: Limiting resource is cpus at 2 tasks per executor
[2025-01-03T13:30:29.637+0000] {spark_submit.py:641} INFO - 25/01/03 13:30:29 INFO ResourceProfileManager: Added ResourceProfile id: 0
[2025-01-03T13:30:29.683+0000] {spark_submit.py:641} INFO - 25/01/03 13:30:29 INFO SecurityManager: Changing view acls to: ***
[2025-01-03T13:30:29.684+0000] {spark_submit.py:641} INFO - 25/01/03 13:30:29 INFO SecurityManager: Changing modify acls to: ***
[2025-01-03T13:30:29.685+0000] {spark_submit.py:641} INFO - 25/01/03 13:30:29 INFO SecurityManager: Changing view acls groups to:
[2025-01-03T13:30:29.685+0000] {spark_submit.py:641} INFO - 25/01/03 13:30:29 INFO SecurityManager: Changing modify acls groups to:
[2025-01-03T13:30:29.685+0000] {spark_submit.py:641} INFO - 25/01/03 13:30:29 INFO SecurityManager: SecurityManager: authentication disabled; ui acls disabled; users with view permissions: ***; groups with view permissions: EMPTY; users with modify permissions: ***; groups with modify permissions: EMPTY
[2025-01-03T13:30:29.916+0000] {spark_submit.py:641} INFO - 25/01/03 13:30:29 INFO Utils: Successfully started service 'sparkDriver' on port 43651.
[2025-01-03T13:30:29.955+0000] {spark_submit.py:641} INFO - 25/01/03 13:30:29 INFO SparkEnv: Registering MapOutputTracker
[2025-01-03T13:30:29.989+0000] {spark_submit.py:641} INFO - 25/01/03 13:30:29 INFO SparkEnv: Registering BlockManagerMaster
[2025-01-03T13:30:30.004+0000] {spark_submit.py:641} INFO - 25/01/03 13:30:30 INFO BlockManagerMasterEndpoint: Using org.apache.spark.storage.DefaultTopologyMapper for getting topology information
[2025-01-03T13:30:30.005+0000] {spark_submit.py:641} INFO - 25/01/03 13:30:30 INFO BlockManagerMasterEndpoint: BlockManagerMasterEndpoint up
[2025-01-03T13:30:30.009+0000] {spark_submit.py:641} INFO - 25/01/03 13:30:30 INFO SparkEnv: Registering BlockManagerMasterHeartbeat
[2025-01-03T13:30:30.029+0000] {spark_submit.py:641} INFO - 25/01/03 13:30:30 INFO DiskBlockManager: Created local directory at /tmp/blockmgr-c8812253-a3e3-4063-bfd0-6ca76603d904
[2025-01-03T13:30:30.042+0000] {spark_submit.py:641} INFO - 25/01/03 13:30:30 INFO MemoryStore: MemoryStore started with capacity 434.4 MiB
[2025-01-03T13:30:30.058+0000] {spark_submit.py:641} INFO - 25/01/03 13:30:30 INFO SparkEnv: Registering OutputCommitCoordinator
[2025-01-03T13:30:30.181+0000] {spark_submit.py:641} INFO - 25/01/03 13:30:30 INFO JettyUtils: Start Jetty 0.0.0.0:4040 for SparkUI
[2025-01-03T13:30:30.245+0000] {spark_submit.py:641} INFO - 25/01/03 13:30:30 INFO Utils: Successfully started service 'SparkUI' on port 4040.
[2025-01-03T13:30:30.302+0000] {spark_submit.py:641} INFO - 25/01/03 13:30:30 ERROR SparkContext: Error initializing SparkContext.
[2025-01-03T13:30:30.302+0000] {spark_submit.py:641} INFO - org.apache.spark.SparkException: Could not parse Master URL: 'spark-master:7077'
[2025-01-03T13:30:30.303+0000] {spark_submit.py:641} INFO - at org.apache.spark.SparkContext$.org$apache$spark$SparkContext$$createTaskScheduler(SparkContext.scala:3194)
[2025-01-03T13:30:30.303+0000] {spark_submit.py:641} INFO - at org.apache.spark.SparkContext.<init>(SparkContext.scala:577)
[2025-01-03T13:30:30.304+0000] {spark_submit.py:641} INFO - at org.apache.spark.api.java.JavaSparkContext.<init>(JavaSparkContext.scala:58)
[2025-01-03T13:30:30.305+0000] {spark_submit.py:641} INFO - at java.base/jdk.internal.reflect.NativeConstructorAccessorImpl.newInstance0(Native Method)
[2025-01-03T13:30:30.305+0000] {spark_submit.py:641} INFO - at java.base/jdk.internal.reflect.NativeConstructorAccessorImpl.newInstance(NativeConstructorAccessorImpl.java:77)
[2025-01-03T13:30:30.306+0000] {spark_submit.py:641} INFO - at java.base/jdk.internal.reflect.DelegatingConstructorAccessorImpl.newInstance(DelegatingConstructorAccessorImpl.java:45)
[2025-01-03T13:30:30.306+0000] {spark_submit.py:641} INFO - at java.base/java.lang.reflect.Constructor.newInstanceWithCaller(Constructor.java:500)
[2025-01-03T13:30:30.307+0000] {spark_submit.py:641} INFO - at java.base/java.lang.reflect.Constructor.newInstance(Constructor.java:481)
[2025-01-03T13:30:30.307+0000] {spark_submit.py:641} INFO - at py4j.reflection.MethodInvoker.invoke(MethodInvoker.java:247)
[2025-01-03T13:30:30.308+0000] {spark_submit.py:641} INFO - at py4j.reflection.ReflectionEngine.invoke(ReflectionEngine.java:374)
[2025-01-03T13:30:30.308+0000] {spark_submit.py:641} INFO - at py4j.Gateway.invoke(Gateway.java:238)
[2025-01-03T13:30:30.309+0000] {spark_submit.py:641} INFO - at py4j.commands.ConstructorCommand.invokeConstructor(ConstructorCommand.java:80)
[2025-01-03T13:30:30.310+0000] {spark_submit.py:641} INFO - at py4j.commands.ConstructorCommand.execute(ConstructorCommand.java:69)
[2025-01-03T13:30:30.310+0000] {spark_submit.py:641} INFO - at py4j.ClientServerConnection.waitForCommands(ClientServerConnection.java:182)
[2025-01-03T13:30:30.310+0000] {spark_submit.py:641} INFO - at py4j.ClientServerConnection.run(ClientServerConnection.java:106)
[2025-01-03T13:30:30.311+0000] {spark_submit.py:641} INFO - at java.base/java.lang.Thread.run(Thread.java:840)
[2025-01-03T13:30:30.311+0000] {spark_submit.py:641} INFO - 25/01/03 13:30:30 INFO SparkContext: SparkContext is stopping with exitCode 0.
[2025-01-03T13:30:30.323+0000] {spark_submit.py:641} INFO - 25/01/03 13:30:30 INFO SparkUI: Stopped Spark web UI at http://e30ed761b3cd:4040
[2025-01-03T13:30:30.362+0000] {spark_submit.py:641} INFO - 25/01/03 13:30:30 INFO MapOutputTrackerMasterEndpoint: MapOutputTrackerMasterEndpoint stopped!
[2025-01-03T13:30:30.380+0000] {spark_submit.py:641} INFO - 25/01/03 13:30:30 INFO MemoryStore: MemoryStore cleared
[2025-01-03T13:30:30.380+0000] {spark_submit.py:641} INFO - 25/01/03 13:30:30 INFO BlockManager: BlockManager stopped
[2025-01-03T13:30:30.389+0000] {spark_submit.py:641} INFO - 25/01/03 13:30:30 INFO BlockManagerMaster: BlockManagerMaster stopped
[2025-01-03T13:30:30.391+0000] {spark_submit.py:641} INFO - 25/01/03 13:30:30 WARN MetricsSystem: Stopping a MetricsSystem that is not running
[2025-01-03T13:30:30.397+0000] {spark_submit.py:641} INFO - 25/01/03 13:30:30 INFO OutputCommitCoordinator$OutputCommitCoordinatorEndpoint: OutputCommitCoordinator stopped!
[2025-01-03T13:30:30.413+0000] {spark_submit.py:641} INFO - 25/01/03 13:30:30 INFO SparkContext: Successfully stopped SparkContext
[2025-01-03T13:30:30.414+0000] {spark_submit.py:641} INFO - Traceback (most recent call last):
[2025-01-03T13:30:30.414+0000] {spark_submit.py:641} INFO - File "/spark_job/printspark.py", line 5, in <module>
[2025-01-03T13:30:30.416+0000] {spark_submit.py:641} INFO - spark = SparkSession.builder.appName("WordCount").getOrCreate()
[2025-01-03T13:30:30.416+0000] {spark_submit.py:641} INFO - ^^^^^^^^^^^^^^^^^^^^^^^^^^^^^^^^^^^^^^^^^^^^^^^^^^^^^^^
[2025-01-03T13:30:30.417+0000] {spark_submit.py:641} INFO - File "/home/***/.local/lib/python3.11/site-packages/pyspark/python/lib/pyspark.zip/pyspark/sql/session.py", line 497, in getOrCreate
[2025-01-03T13:30:30.417+0000] {spark_submit.py:641} INFO - File "/home/***/.local/lib/python3.11/site-packages/pyspark/python/lib/pyspark.zip/pyspark/context.py", line 515, in getOrCreate
[2025-01-03T13:30:30.418+0000] {spark_submit.py:641} INFO - File "/home/***/.local/lib/python3.11/site-packages/pyspark/python/lib/pyspark.zip/pyspark/context.py", line 203, in __init__
[2025-01-03T13:30:30.418+0000] {spark_submit.py:641} INFO - File "/home/***/.local/lib/python3.11/site-packages/pyspark/python/lib/pyspark.zip/pyspark/context.py", line 296, in _do_init
[2025-01-03T13:30:30.419+0000] {spark_submit.py:641} INFO - File "/home/***/.local/lib/python3.11/site-packages/pyspark/python/lib/pyspark.zip/pyspark/context.py", line 421, in _initialize_context
[2025-01-03T13:30:30.419+0000] {spark_submit.py:641} INFO - File "/home/***/.local/lib/python3.11/site-packages/pyspark/python/lib/py4j-0.10.9.7-src.zip/py4j/java_gateway.py", line 1587, in __call__
[2025-01-03T13:30:30.419+0000] {spark_submit.py:641} INFO - File "/home/***/.local/lib/python3.11/site-packages/pyspark/python/lib/py4j-0.10.9.7-src.zip/py4j/protocol.py", line 326, in get_return_value
[2025-01-03T13:30:30.420+0000] {spark_submit.py:641} INFO - py4j.protocol.Py4JJavaError: An error occurred while calling None.org.apache.spark.api.java.JavaSparkContext.
[2025-01-03T13:30:30.421+0000] {spark_submit.py:641} INFO - : org.apache.spark.SparkException: Could not parse Master URL: 'spark-master:7077'
[2025-01-03T13:30:30.421+0000] {spark_submit.py:641} INFO - at org.apache.spark.SparkContext$.org$apache$spark$SparkContext$$createTaskScheduler(SparkContext.scala:3194)
[2025-01-03T13:30:30.421+0000] {spark_submit.py:641} INFO - at org.apache.spark.SparkContext.<init>(SparkContext.scala:577)
[2025-01-03T13:30:30.422+0000] {spark_submit.py:641} INFO - at org.apache.spark.api.java.JavaSparkContext.<init>(JavaSparkContext.scala:58)
[2025-01-03T13:30:30.422+0000] {spark_submit.py:641} INFO - at java.base/jdk.internal.reflect.NativeConstructorAccessorImpl.newInstance0(Native Method)
[2025-01-03T13:30:30.423+0000] {spark_submit.py:641} INFO - at java.base/jdk.internal.reflect.NativeConstructorAccessorImpl.newInstance(NativeConstructorAccessorImpl.java:77)
[2025-01-03T13:30:30.423+0000] {spark_submit.py:641} INFO - at java.base/jdk.internal.reflect.DelegatingConstructorAccessorImpl.newInstance(DelegatingConstructorAccessorImpl.java:45)
[2025-01-03T13:30:30.423+0000] {spark_submit.py:641} INFO - at java.base/java.lang.reflect.Constructor.newInstanceWithCaller(Constructor.java:500)
[2025-01-03T13:30:30.424+0000] {spark_submit.py:641} INFO - at java.base/java.lang.reflect.Constructor.newInstance(Constructor.java:481)
[2025-01-03T13:30:30.424+0000] {spark_submit.py:641} INFO - at py4j.reflection.MethodInvoker.invoke(MethodInvoker.java:247)
[2025-01-03T13:30:30.424+0000] {spark_submit.py:641} INFO - at py4j.reflection.ReflectionEngine.invoke(ReflectionEngine.java:374)
[2025-01-03T13:30:30.425+0000] {spark_submit.py:641} INFO - at py4j.Gateway.invoke(Gateway.java:238)
[2025-01-03T13:30:30.425+0000] {spark_submit.py:641} INFO - at py4j.commands.ConstructorCommand.invokeConstructor(ConstructorCommand.java:80)
[2025-01-03T13:30:30.425+0000] {spark_submit.py:641} INFO - at py4j.commands.ConstructorCommand.execute(ConstructorCommand.java:69)
[2025-01-03T13:30:30.426+0000] {spark_submit.py:641} INFO - at py4j.ClientServerConnection.waitForCommands(ClientServerConnection.java:182)
[2025-01-03T13:30:30.426+0000] {spark_submit.py:641} INFO - at py4j.ClientServerConnection.run(ClientServerConnection.java:106)
[2025-01-03T13:30:30.427+0000] {spark_submit.py:641} INFO - at java.base/java.lang.Thread.run(Thread.java:840)
[2025-01-03T13:30:30.427+0000] {spark_submit.py:641} INFO - 
[2025-01-03T13:30:30.481+0000] {spark_submit.py:641} INFO - 25/01/03 13:30:30 INFO ShutdownHookManager: Shutdown hook called
[2025-01-03T13:30:30.482+0000] {spark_submit.py:641} INFO - 25/01/03 13:30:30 INFO ShutdownHookManager: Deleting directory /tmp/spark-d250fe81-6070-48d5-829c-4b86c0f2366f
[2025-01-03T13:30:30.487+0000] {spark_submit.py:641} INFO - 25/01/03 13:30:30 INFO ShutdownHookManager: Deleting directory /tmp/spark-75bb093a-5e8c-4765-afd6-20a0b7e01c38
[2025-01-03T13:30:30.528+0000] {taskinstance.py:441} INFO - ::group::Post task execution logs
[2025-01-03T13:30:30.542+0000] {taskinstance.py:2905} ERROR - Task failed with exception
Traceback (most recent call last):
  File "/home/airflow/.local/lib/python3.11/site-packages/airflow/models/taskinstance.py", line 465, in _execute_task
    result = _execute_callable(context=context, **execute_callable_kwargs)
             ^^^^^^^^^^^^^^^^^^^^^^^^^^^^^^^^^^^^^^^^^^^^^^^^^^^^^^^^^^^^^
  File "/home/airflow/.local/lib/python3.11/site-packages/airflow/models/taskinstance.py", line 432, in _execute_callable
    return execute_callable(context=context, **execute_callable_kwargs)
           ^^^^^^^^^^^^^^^^^^^^^^^^^^^^^^^^^^^^^^^^^^^^^^^^^^^^^^^^^^^^
  File "/home/airflow/.local/lib/python3.11/site-packages/airflow/models/baseoperator.py", line 401, in wrapper
    return func(self, *args, **kwargs)
           ^^^^^^^^^^^^^^^^^^^^^^^^^^^
  File "/home/airflow/.local/lib/python3.11/site-packages/airflow/providers/apache/spark/operators/spark_submit.py", line 177, in execute
    self._hook.submit(self.application)
  File "/home/airflow/.local/lib/python3.11/site-packages/airflow/providers/apache/spark/hooks/spark_submit.py", line 567, in submit
    raise AirflowException(
airflow.exceptions.AirflowException: Cannot execute: spark-submit --master spark-master:7077 --conf spark.executor.memory=2g --conf spark.executor.cores=2 --name arrow-spark --verbose --deploy-mode client /spark_job/printspark.py. Error code is: 1.
[2025-01-03T13:30:30.546+0000] {taskinstance.py:1206} INFO - Marking task as FAILED. dag_id=spark_submit_example, task_id=spark_submit_task, run_id=manual__2025-01-03T13:21:19.493025+00:00, execution_date=20250103T132119, start_date=20250103T133026, end_date=20250103T133030
[2025-01-03T13:30:30.592+0000] {standard_task_runner.py:110} ERROR - Failed to execute job 9 for task spark_submit_task (Cannot execute: spark-submit --master spark-master:7077 --conf spark.executor.memory=2g --conf spark.executor.cores=2 --name arrow-spark --verbose --deploy-mode client /spark_job/printspark.py. Error code is: 1.; 696)
[2025-01-03T13:30:30.621+0000] {local_task_job_runner.py:240} INFO - Task exited with return code 1
[2025-01-03T13:30:30.773+0000] {taskinstance.py:3503} INFO - 0 downstream tasks scheduled from follow-on schedule check
[2025-01-03T13:30:30.797+0000] {local_task_job_runner.py:222} INFO - ::endgroup::
