[2025-01-03T13:21:22.391+0000] {local_task_job_runner.py:120} INFO - ::group::Pre task execution logs
[2025-01-03T13:21:22.429+0000] {taskinstance.py:2076} INFO - Dependencies all met for dep_context=non-requeueable deps ti=<TaskInstance: spark_submit_example.spark_submit_task manual__2025-01-03T13:21:19.493025+00:00 [queued]>
[2025-01-03T13:21:22.438+0000] {taskinstance.py:2076} INFO - Dependencies all met for dep_context=requeueable deps ti=<TaskInstance: spark_submit_example.spark_submit_task manual__2025-01-03T13:21:19.493025+00:00 [queued]>
[2025-01-03T13:21:22.439+0000] {taskinstance.py:2306} INFO - Starting attempt 1 of 2
[2025-01-03T13:21:22.476+0000] {taskinstance.py:2330} INFO - Executing <Task(SparkSubmitOperator): spark_submit_task> on 2025-01-03 13:21:19.493025+00:00
[2025-01-03T13:21:22.484+0000] {standard_task_runner.py:63} INFO - Started process 213 to run task
[2025-01-03T13:21:22.487+0000] {standard_task_runner.py:90} INFO - Running: ['***', 'tasks', 'run', 'spark_submit_example', 'spark_submit_task', 'manual__2025-01-03T13:21:19.493025+00:00', '--job-id', '4', '--raw', '--subdir', 'DAGS_FOLDER/teste_dag.py', '--cfg-path', '/tmp/tmpoezqsrnj']
[2025-01-03T13:21:22.489+0000] {standard_task_runner.py:91} INFO - Job 4: Subtask spark_submit_task
[2025-01-03T13:21:22.733+0000] {task_command.py:426} INFO - Running <TaskInstance: spark_submit_example.spark_submit_task manual__2025-01-03T13:21:19.493025+00:00 [running]> on host e30ed761b3cd
[2025-01-03T13:21:22.882+0000] {taskinstance.py:2648} INFO - Exporting env vars: AIRFLOW_CTX_DAG_OWNER='***' AIRFLOW_CTX_DAG_ID='spark_submit_example' AIRFLOW_CTX_TASK_ID='spark_submit_task' AIRFLOW_CTX_EXECUTION_DATE='2025-01-03T13:21:19.493025+00:00' AIRFLOW_CTX_TRY_NUMBER='1' AIRFLOW_CTX_DAG_RUN_ID='manual__2025-01-03T13:21:19.493025+00:00'
[2025-01-03T13:21:22.883+0000] {taskinstance.py:430} INFO - ::endgroup::
[2025-01-03T13:21:22.906+0000] {base.py:84} INFO - Using connection ID 'spark_default' for task execution.
[2025-01-03T13:21:22.907+0000] {spark_submit.py:328} ERROR - Failed to decode base64 keytab: Incorrect padding
[2025-01-03T13:21:22.909+0000] {spark_submit.py:305} INFO - Could not load connection string spark_default, defaulting to spark-master:7077
[2025-01-03T13:21:22.910+0000] {spark_submit.py:474} INFO - Spark-Submit cmd: spark-submit --master spark-master:7077 --conf spark.master=spark://spark:7077 --num-executors 2 --executor-cores 2 --executor-memory 2g --driver-memory 2g --name example --verbose --deploy-mode client /spark_job/printspark.py
[2025-01-03T13:21:23.033+0000] {spark_submit.py:641} INFO - /home/***/.local/lib/python3.11/site-packages/pyspark/bin/load-spark-env.sh: line 68: ps: command not found
[2025-01-03T13:21:25.039+0000] {spark_submit.py:641} INFO - Using properties file: null
[2025-01-03T13:21:25.172+0000] {spark_submit.py:641} INFO - Parsed arguments:
[2025-01-03T13:21:25.173+0000] {spark_submit.py:641} INFO - master                  spark-master:7077
[2025-01-03T13:21:25.174+0000] {spark_submit.py:641} INFO - remote                  null
[2025-01-03T13:21:25.174+0000] {spark_submit.py:641} INFO - deployMode              client
[2025-01-03T13:21:25.174+0000] {spark_submit.py:641} INFO - executorMemory          2g
[2025-01-03T13:21:25.174+0000] {spark_submit.py:641} INFO - executorCores           2
[2025-01-03T13:21:25.175+0000] {spark_submit.py:641} INFO - totalExecutorCores      null
[2025-01-03T13:21:25.175+0000] {spark_submit.py:641} INFO - propertiesFile          null
[2025-01-03T13:21:25.176+0000] {spark_submit.py:641} INFO - driverMemory            2g
[2025-01-03T13:21:25.176+0000] {spark_submit.py:641} INFO - driverCores             null
[2025-01-03T13:21:25.176+0000] {spark_submit.py:641} INFO - driverExtraClassPath    null
[2025-01-03T13:21:25.177+0000] {spark_submit.py:641} INFO - driverExtraLibraryPath  null
[2025-01-03T13:21:25.177+0000] {spark_submit.py:641} INFO - driverExtraJavaOptions  null
[2025-01-03T13:21:25.177+0000] {spark_submit.py:641} INFO - supervise               false
[2025-01-03T13:21:25.178+0000] {spark_submit.py:641} INFO - queue                   null
[2025-01-03T13:21:25.178+0000] {spark_submit.py:641} INFO - numExecutors            2
[2025-01-03T13:21:25.179+0000] {spark_submit.py:641} INFO - files                   null
[2025-01-03T13:21:25.179+0000] {spark_submit.py:641} INFO - pyFiles                 null
[2025-01-03T13:21:25.180+0000] {spark_submit.py:641} INFO - archives                null
[2025-01-03T13:21:25.180+0000] {spark_submit.py:641} INFO - mainClass               null
[2025-01-03T13:21:25.181+0000] {spark_submit.py:641} INFO - primaryResource         file:/spark_job/printspark.py
[2025-01-03T13:21:25.181+0000] {spark_submit.py:641} INFO - name                    example
[2025-01-03T13:21:25.181+0000] {spark_submit.py:641} INFO - childArgs               []
[2025-01-03T13:21:25.182+0000] {spark_submit.py:641} INFO - jars                    null
[2025-01-03T13:21:25.182+0000] {spark_submit.py:641} INFO - packages                null
[2025-01-03T13:21:25.182+0000] {spark_submit.py:641} INFO - packagesExclusions      null
[2025-01-03T13:21:25.183+0000] {spark_submit.py:641} INFO - repositories            null
[2025-01-03T13:21:25.183+0000] {spark_submit.py:641} INFO - verbose                 true
[2025-01-03T13:21:25.183+0000] {spark_submit.py:641} INFO - 
[2025-01-03T13:21:25.184+0000] {spark_submit.py:641} INFO - Spark properties used, including those specified through
[2025-01-03T13:21:25.184+0000] {spark_submit.py:641} INFO - --conf and those from the properties file null:
[2025-01-03T13:21:25.184+0000] {spark_submit.py:641} INFO - (spark.driver.memory,2g)
[2025-01-03T13:21:25.185+0000] {spark_submit.py:641} INFO - (spark.master,spark://spark:7077)
[2025-01-03T13:21:25.186+0000] {spark_submit.py:641} INFO - 
[2025-01-03T13:21:25.186+0000] {spark_submit.py:641} INFO - 
[2025-01-03T13:21:25.487+0000] {spark_submit.py:641} INFO - Main class:
[2025-01-03T13:21:25.487+0000] {spark_submit.py:641} INFO - org.apache.spark.deploy.PythonRunner
[2025-01-03T13:21:25.488+0000] {spark_submit.py:641} INFO - Arguments:
[2025-01-03T13:21:25.488+0000] {spark_submit.py:641} INFO - file:/spark_job/printspark.py
[2025-01-03T13:21:25.488+0000] {spark_submit.py:641} INFO - null
[2025-01-03T13:21:25.489+0000] {spark_submit.py:641} INFO - Spark config:
[2025-01-03T13:21:25.490+0000] {spark_submit.py:641} INFO - (spark.app.name,example)
[2025-01-03T13:21:25.490+0000] {spark_submit.py:641} INFO - (spark.app.submitTime,1735910485467)
[2025-01-03T13:21:25.491+0000] {spark_submit.py:641} INFO - (spark.driver.memory,2g)
[2025-01-03T13:21:25.491+0000] {spark_submit.py:641} INFO - (spark.executor.cores,2)
[2025-01-03T13:21:25.492+0000] {spark_submit.py:641} INFO - (spark.executor.memory,2g)
[2025-01-03T13:21:25.492+0000] {spark_submit.py:641} INFO - (spark.master,spark-master:7077)
[2025-01-03T13:21:25.492+0000] {spark_submit.py:641} INFO - (spark.submit.deployMode,client)
[2025-01-03T13:21:25.494+0000] {spark_submit.py:641} INFO - (spark.submit.pyFiles,)
[2025-01-03T13:21:25.494+0000] {spark_submit.py:641} INFO - Classpath elements:
[2025-01-03T13:21:25.496+0000] {spark_submit.py:641} INFO - 
[2025-01-03T13:21:25.497+0000] {spark_submit.py:641} INFO - 
[2025-01-03T13:21:25.498+0000] {spark_submit.py:641} INFO - 
[2025-01-03T13:21:26.665+0000] {spark_submit.py:641} INFO - Traceback (most recent call last):
[2025-01-03T13:21:26.665+0000] {spark_submit.py:641} INFO - File "/spark_job/printspark.py", line 1, in <module>
[2025-01-03T13:21:26.667+0000] {spark_submit.py:641} INFO - from pyspark import SparkSession
[2025-01-03T13:21:26.668+0000] {spark_submit.py:641} INFO - ImportError: cannot import name 'SparkSession' from 'pyspark' (/home/***/.local/lib/python3.11/site-packages/pyspark/python/lib/pyspark.zip/pyspark/__init__.py)
[2025-01-03T13:21:26.724+0000] {spark_submit.py:641} INFO - 25/01/03 13:21:26 INFO ShutdownHookManager: Shutdown hook called
[2025-01-03T13:21:26.733+0000] {spark_submit.py:641} INFO - 25/01/03 13:21:26 INFO ShutdownHookManager: Deleting directory /tmp/spark-87eb5171-b171-42ad-b0d3-b2f18688b371
[2025-01-03T13:21:26.773+0000] {taskinstance.py:441} INFO - ::group::Post task execution logs
[2025-01-03T13:21:26.786+0000] {taskinstance.py:2905} ERROR - Task failed with exception
Traceback (most recent call last):
  File "/home/airflow/.local/lib/python3.11/site-packages/airflow/models/taskinstance.py", line 465, in _execute_task
    result = _execute_callable(context=context, **execute_callable_kwargs)
             ^^^^^^^^^^^^^^^^^^^^^^^^^^^^^^^^^^^^^^^^^^^^^^^^^^^^^^^^^^^^^
  File "/home/airflow/.local/lib/python3.11/site-packages/airflow/models/taskinstance.py", line 432, in _execute_callable
    return execute_callable(context=context, **execute_callable_kwargs)
           ^^^^^^^^^^^^^^^^^^^^^^^^^^^^^^^^^^^^^^^^^^^^^^^^^^^^^^^^^^^^
  File "/home/airflow/.local/lib/python3.11/site-packages/airflow/models/baseoperator.py", line 401, in wrapper
    return func(self, *args, **kwargs)
           ^^^^^^^^^^^^^^^^^^^^^^^^^^^
  File "/home/airflow/.local/lib/python3.11/site-packages/airflow/providers/apache/spark/operators/spark_submit.py", line 177, in execute
    self._hook.submit(self.application)
  File "/home/airflow/.local/lib/python3.11/site-packages/airflow/providers/apache/spark/hooks/spark_submit.py", line 567, in submit
    raise AirflowException(
airflow.exceptions.AirflowException: Cannot execute: spark-submit --master spark-master:7077 --conf spark.master=spark://spark:7077 --num-executors 2 --executor-cores 2 --executor-memory 2g --driver-memory 2g --name example --verbose --deploy-mode client /spark_job/printspark.py. Error code is: 1.
[2025-01-03T13:21:26.791+0000] {taskinstance.py:1206} INFO - Marking task as UP_FOR_RETRY. dag_id=spark_submit_example, task_id=spark_submit_task, run_id=manual__2025-01-03T13:21:19.493025+00:00, execution_date=20250103T132119, start_date=20250103T132122, end_date=20250103T132126
[2025-01-03T13:21:26.833+0000] {standard_task_runner.py:110} ERROR - Failed to execute job 4 for task spark_submit_task (Cannot execute: spark-submit --master spark-master:7077 --conf spark.master=spark://spark:7077 --num-executors 2 --executor-cores 2 --executor-memory 2g --driver-memory 2g --name example --verbose --deploy-mode client /spark_job/printspark.py. Error code is: 1.; 213)
[2025-01-03T13:21:26.877+0000] {local_task_job_runner.py:240} INFO - Task exited with return code 1
[2025-01-03T13:21:27.037+0000] {taskinstance.py:3503} INFO - 0 downstream tasks scheduled from follow-on schedule check
[2025-01-03T13:21:27.057+0000] {local_task_job_runner.py:222} INFO - ::endgroup::
