[2025-01-03T14:04:23.364+0000] {local_task_job_runner.py:120} INFO - ::group::Pre task execution logs
[2025-01-03T14:04:23.401+0000] {taskinstance.py:2076} INFO - Dependencies all met for dep_context=non-requeueable deps ti=<TaskInstance: spark_submit_example.spark_submit_task manual__2025-01-03T13:55:03.540657+00:00 [queued]>
[2025-01-03T14:04:23.411+0000] {taskinstance.py:2076} INFO - Dependencies all met for dep_context=requeueable deps ti=<TaskInstance: spark_submit_example.spark_submit_task manual__2025-01-03T13:55:03.540657+00:00 [queued]>
[2025-01-03T14:04:23.411+0000] {taskinstance.py:2306} INFO - Starting attempt 3 of 4
[2025-01-03T14:04:23.442+0000] {taskinstance.py:2330} INFO - Executing <Task(SparkSubmitOperator): spark_submit_task> on 2025-01-03 13:55:03.540657+00:00
[2025-01-03T14:04:23.447+0000] {standard_task_runner.py:63} INFO - Started process 345 to run task
[2025-01-03T14:04:23.450+0000] {standard_task_runner.py:90} INFO - Running: ['***', 'tasks', 'run', 'spark_submit_example', 'spark_submit_task', 'manual__2025-01-03T13:55:03.540657+00:00', '--job-id', '28', '--raw', '--subdir', 'DAGS_FOLDER/teste_dag.py', '--cfg-path', '/tmp/tmp_kkcdsc8']
[2025-01-03T14:04:23.452+0000] {standard_task_runner.py:91} INFO - Job 28: Subtask spark_submit_task
[2025-01-03T14:04:23.531+0000] {task_command.py:426} INFO - Running <TaskInstance: spark_submit_example.spark_submit_task manual__2025-01-03T13:55:03.540657+00:00 [running]> on host c97300dc4188
[2025-01-03T14:04:23.789+0000] {taskinstance.py:2648} INFO - Exporting env vars: AIRFLOW_CTX_DAG_OWNER='***' AIRFLOW_CTX_DAG_ID='spark_submit_example' AIRFLOW_CTX_TASK_ID='spark_submit_task' AIRFLOW_CTX_EXECUTION_DATE='2025-01-03T13:55:03.540657+00:00' AIRFLOW_CTX_TRY_NUMBER='3' AIRFLOW_CTX_DAG_RUN_ID='manual__2025-01-03T13:55:03.540657+00:00'
[2025-01-03T14:04:23.796+0000] {taskinstance.py:430} INFO - ::endgroup::
[2025-01-03T14:04:23.827+0000] {base.py:84} INFO - Using connection ID 'spark_default' for task execution.
[2025-01-03T14:04:23.839+0000] {spark_submit.py:328} ERROR - Failed to decode base64 keytab: Incorrect padding
[2025-01-03T14:04:23.840+0000] {spark_submit.py:305} INFO - Could not load connection string spark_default, defaulting to spark-master:7077
[2025-01-03T14:04:23.841+0000] {spark_submit.py:474} INFO - Spark-Submit cmd: spark-submit --master spark-master:7077 --conf spark.executor.memory=2g --conf spark.executor.cores=2 --principal *** --name arrow-spark --verbose --deploy-mode client /spark_job/printspark.py
[2025-01-03T14:04:23.989+0000] {spark_submit.py:641} INFO - /home/***/.local/lib/python3.11/site-packages/pyspark/bin/load-spark-env.sh: line 68: ps: command not found
[2025-01-03T14:04:25.561+0000] {spark_submit.py:641} INFO - Using properties file: null
[2025-01-03T14:04:25.698+0000] {spark_submit.py:641} INFO - Parsed arguments:
[2025-01-03T14:04:25.699+0000] {spark_submit.py:641} INFO - master                  spark-master:7077
[2025-01-03T14:04:25.699+0000] {spark_submit.py:641} INFO - remote                  null
[2025-01-03T14:04:25.700+0000] {spark_submit.py:641} INFO - deployMode              client
[2025-01-03T14:04:25.700+0000] {spark_submit.py:641} INFO - executorMemory          2g
[2025-01-03T14:04:25.700+0000] {spark_submit.py:641} INFO - executorCores           2
[2025-01-03T14:04:25.701+0000] {spark_submit.py:641} INFO - totalExecutorCores      null
[2025-01-03T14:04:25.701+0000] {spark_submit.py:641} INFO - propertiesFile          null
[2025-01-03T14:04:25.702+0000] {spark_submit.py:641} INFO - driverMemory            null
[2025-01-03T14:04:25.702+0000] {spark_submit.py:641} INFO - driverCores             null
[2025-01-03T14:04:25.702+0000] {spark_submit.py:641} INFO - driverExtraClassPath    null
[2025-01-03T14:04:25.703+0000] {spark_submit.py:641} INFO - driverExtraLibraryPath  null
[2025-01-03T14:04:25.703+0000] {spark_submit.py:641} INFO - driverExtraJavaOptions  null
[2025-01-03T14:04:25.703+0000] {spark_submit.py:641} INFO - supervise               false
[2025-01-03T14:04:25.704+0000] {spark_submit.py:641} INFO - queue                   null
[2025-01-03T14:04:25.704+0000] {spark_submit.py:641} INFO - numExecutors            null
[2025-01-03T14:04:25.704+0000] {spark_submit.py:641} INFO - files                   null
[2025-01-03T14:04:25.705+0000] {spark_submit.py:641} INFO - pyFiles                 null
[2025-01-03T14:04:25.705+0000] {spark_submit.py:641} INFO - archives                null
[2025-01-03T14:04:25.706+0000] {spark_submit.py:641} INFO - mainClass               null
[2025-01-03T14:04:25.706+0000] {spark_submit.py:641} INFO - primaryResource         file:/spark_job/printspark.py
[2025-01-03T14:04:25.707+0000] {spark_submit.py:641} INFO - name                    arrow-spark
[2025-01-03T14:04:25.707+0000] {spark_submit.py:641} INFO - childArgs               []
[2025-01-03T14:04:25.708+0000] {spark_submit.py:641} INFO - jars                    null
[2025-01-03T14:04:25.708+0000] {spark_submit.py:641} INFO - packages                null
[2025-01-03T14:04:25.711+0000] {spark_submit.py:641} INFO - packagesExclusions      null
[2025-01-03T14:04:25.712+0000] {spark_submit.py:641} INFO - repositories            null
[2025-01-03T14:04:25.712+0000] {spark_submit.py:641} INFO - verbose                 true
[2025-01-03T14:04:25.712+0000] {spark_submit.py:641} INFO - 
[2025-01-03T14:04:25.713+0000] {spark_submit.py:641} INFO - Spark properties used, including those specified through
[2025-01-03T14:04:25.714+0000] {spark_submit.py:641} INFO - --conf and those from the properties file null:
[2025-01-03T14:04:25.715+0000] {spark_submit.py:641} INFO - (spark.executor.cores,2)
[2025-01-03T14:04:25.716+0000] {spark_submit.py:641} INFO - (spark.executor.memory,2g)
[2025-01-03T14:04:25.716+0000] {spark_submit.py:641} INFO - 
[2025-01-03T14:04:25.717+0000] {spark_submit.py:641} INFO - 
[2025-01-03T14:04:26.004+0000] {spark_submit.py:641} INFO - Main class:
[2025-01-03T14:04:26.005+0000] {spark_submit.py:641} INFO - org.apache.spark.deploy.PythonRunner
[2025-01-03T14:04:26.005+0000] {spark_submit.py:641} INFO - Arguments:
[2025-01-03T14:04:26.006+0000] {spark_submit.py:641} INFO - file:/spark_job/printspark.py
[2025-01-03T14:04:26.007+0000] {spark_submit.py:641} INFO - null
[2025-01-03T14:04:26.008+0000] {spark_submit.py:641} INFO - Spark config:
[2025-01-03T14:04:26.008+0000] {spark_submit.py:641} INFO - (spark.app.name,arrow-spark)
[2025-01-03T14:04:26.009+0000] {spark_submit.py:641} INFO - (spark.app.submitTime,1735913065984)
[2025-01-03T14:04:26.009+0000] {spark_submit.py:641} INFO - (spark.executor.cores,2)
[2025-01-03T14:04:26.009+0000] {spark_submit.py:641} INFO - (spark.executor.memory,2g)
[2025-01-03T14:04:26.010+0000] {spark_submit.py:641} INFO - (spark.kerberos.principal,***)
[2025-01-03T14:04:26.010+0000] {spark_submit.py:641} INFO - (spark.master,spark-master:7077)
[2025-01-03T14:04:26.011+0000] {spark_submit.py:641} INFO - (spark.submit.deployMode,client)
[2025-01-03T14:04:26.011+0000] {spark_submit.py:641} INFO - (spark.submit.pyFiles,)
[2025-01-03T14:04:26.012+0000] {spark_submit.py:641} INFO - Classpath elements:
[2025-01-03T14:04:26.012+0000] {spark_submit.py:641} INFO - 
[2025-01-03T14:04:26.013+0000] {spark_submit.py:641} INFO - 
[2025-01-03T14:04:26.013+0000] {spark_submit.py:641} INFO - 
[2025-01-03T14:04:27.410+0000] {spark_submit.py:641} INFO - 25/01/03 14:04:27 INFO SparkContext: Running Spark version 3.5.4
[2025-01-03T14:04:27.413+0000] {spark_submit.py:641} INFO - 25/01/03 14:04:27 INFO SparkContext: OS info Linux, 5.15.153.1-microsoft-standard-WSL2, amd64
[2025-01-03T14:04:27.414+0000] {spark_submit.py:641} INFO - 25/01/03 14:04:27 INFO SparkContext: Java version 17.0.13
[2025-01-03T14:04:27.478+0000] {spark_submit.py:641} INFO - 25/01/03 14:04:27 WARN NativeCodeLoader: Unable to load native-hadoop library for your platform... using builtin-java classes where applicable
[2025-01-03T14:04:27.599+0000] {spark_submit.py:641} INFO - 25/01/03 14:04:27 INFO ResourceUtils: ==============================================================
[2025-01-03T14:04:27.599+0000] {spark_submit.py:641} INFO - 25/01/03 14:04:27 INFO ResourceUtils: No custom resources configured for spark.driver.
[2025-01-03T14:04:27.600+0000] {spark_submit.py:641} INFO - 25/01/03 14:04:27 INFO ResourceUtils: ==============================================================
[2025-01-03T14:04:27.601+0000] {spark_submit.py:641} INFO - 25/01/03 14:04:27 INFO SparkContext: Submitted application: WordCount
[2025-01-03T14:04:27.635+0000] {spark_submit.py:641} INFO - 25/01/03 14:04:27 INFO ResourceProfile: Default ResourceProfile created, executor resources: Map(cores -> name: cores, amount: 2, script: , vendor: , memory -> name: memory, amount: 2048, script: , vendor: , offHeap -> name: offHeap, amount: 0, script: , vendor: ), task resources: Map(cpus -> name: cpus, amount: 1.0)
[2025-01-03T14:04:27.650+0000] {spark_submit.py:641} INFO - 25/01/03 14:04:27 INFO ResourceProfile: Limiting resource is cpus at 2 tasks per executor
[2025-01-03T14:04:27.652+0000] {spark_submit.py:641} INFO - 25/01/03 14:04:27 INFO ResourceProfileManager: Added ResourceProfile id: 0
[2025-01-03T14:04:27.707+0000] {spark_submit.py:641} INFO - 25/01/03 14:04:27 INFO SecurityManager: Changing view acls to: ***
[2025-01-03T14:04:27.707+0000] {spark_submit.py:641} INFO - 25/01/03 14:04:27 INFO SecurityManager: Changing modify acls to: ***
[2025-01-03T14:04:27.708+0000] {spark_submit.py:641} INFO - 25/01/03 14:04:27 INFO SecurityManager: Changing view acls groups to:
[2025-01-03T14:04:27.708+0000] {spark_submit.py:641} INFO - 25/01/03 14:04:27 INFO SecurityManager: Changing modify acls groups to:
[2025-01-03T14:04:27.709+0000] {spark_submit.py:641} INFO - 25/01/03 14:04:27 INFO SecurityManager: SecurityManager: authentication disabled; ui acls disabled; users with view permissions: ***; groups with view permissions: EMPTY; users with modify permissions: ***; groups with modify permissions: EMPTY
[2025-01-03T14:04:28.026+0000] {spark_submit.py:641} INFO - 25/01/03 14:04:28 INFO Utils: Successfully started service 'sparkDriver' on port 35793.
[2025-01-03T14:04:28.074+0000] {spark_submit.py:641} INFO - 25/01/03 14:04:28 INFO SparkEnv: Registering MapOutputTracker
[2025-01-03T14:04:28.122+0000] {spark_submit.py:641} INFO - 25/01/03 14:04:28 INFO SparkEnv: Registering BlockManagerMaster
[2025-01-03T14:04:28.147+0000] {spark_submit.py:641} INFO - 25/01/03 14:04:28 INFO BlockManagerMasterEndpoint: Using org.apache.spark.storage.DefaultTopologyMapper for getting topology information
[2025-01-03T14:04:28.148+0000] {spark_submit.py:641} INFO - 25/01/03 14:04:28 INFO BlockManagerMasterEndpoint: BlockManagerMasterEndpoint up
[2025-01-03T14:04:28.153+0000] {spark_submit.py:641} INFO - 25/01/03 14:04:28 INFO SparkEnv: Registering BlockManagerMasterHeartbeat
[2025-01-03T14:04:28.180+0000] {spark_submit.py:641} INFO - 25/01/03 14:04:28 INFO DiskBlockManager: Created local directory at /tmp/blockmgr-b0d86f9d-c83e-46d7-921b-5d2c7759879c
[2025-01-03T14:04:28.196+0000] {spark_submit.py:641} INFO - 25/01/03 14:04:28 INFO MemoryStore: MemoryStore started with capacity 434.4 MiB
[2025-01-03T14:04:28.214+0000] {spark_submit.py:641} INFO - 25/01/03 14:04:28 INFO SparkEnv: Registering OutputCommitCoordinator
[2025-01-03T14:04:28.477+0000] {spark_submit.py:641} INFO - 25/01/03 14:04:28 INFO JettyUtils: Start Jetty 0.0.0.0:4040 for SparkUI
[2025-01-03T14:04:28.561+0000] {spark_submit.py:641} INFO - 25/01/03 14:04:28 INFO Utils: Successfully started service 'SparkUI' on port 4040.
[2025-01-03T14:04:28.708+0000] {spark_submit.py:641} INFO - 25/01/03 14:04:28 INFO StandaloneAppClient$ClientEndpoint: Connecting to master spark://spark-master:7077...
[2025-01-03T14:04:32.045+0000] {spark_submit.py:641} INFO - 25/01/03 14:04:32 WARN TransportClientFactory: DNS resolution failed for spark-master/<unresolved>:7077 took 3319 ms
[2025-01-03T14:04:32.078+0000] {spark_submit.py:641} INFO - 25/01/03 14:04:32 WARN StandaloneAppClient$ClientEndpoint: Failed to connect to master spark-master:7077
[2025-01-03T14:04:32.078+0000] {spark_submit.py:641} INFO - org.apache.spark.SparkException: Exception thrown in awaitResult:
[2025-01-03T14:04:32.079+0000] {spark_submit.py:641} INFO - at org.apache.spark.util.SparkThreadUtils$.awaitResult(SparkThreadUtils.scala:56)
[2025-01-03T14:04:32.079+0000] {spark_submit.py:641} INFO - at org.apache.spark.util.ThreadUtils$.awaitResult(ThreadUtils.scala:310)
[2025-01-03T14:04:32.080+0000] {spark_submit.py:641} INFO - at org.apache.spark.rpc.RpcTimeout.awaitResult(RpcTimeout.scala:75)
[2025-01-03T14:04:32.080+0000] {spark_submit.py:641} INFO - at org.apache.spark.rpc.RpcEnv.setupEndpointRefByURI(RpcEnv.scala:102)
[2025-01-03T14:04:32.080+0000] {spark_submit.py:641} INFO - at org.apache.spark.rpc.RpcEnv.setupEndpointRef(RpcEnv.scala:110)
[2025-01-03T14:04:32.081+0000] {spark_submit.py:641} INFO - at org.apache.spark.deploy.client.StandaloneAppClient$ClientEndpoint$$anon$1.run(StandaloneAppClient.scala:108)
[2025-01-03T14:04:32.081+0000] {spark_submit.py:641} INFO - at java.base/java.util.concurrent.Executors$RunnableAdapter.call(Executors.java:539)
[2025-01-03T14:04:32.082+0000] {spark_submit.py:641} INFO - at java.base/java.util.concurrent.FutureTask.run(FutureTask.java:264)
[2025-01-03T14:04:32.082+0000] {spark_submit.py:641} INFO - at java.base/java.util.concurrent.ThreadPoolExecutor.runWorker(ThreadPoolExecutor.java:1136)
[2025-01-03T14:04:32.083+0000] {spark_submit.py:641} INFO - at java.base/java.util.concurrent.ThreadPoolExecutor$Worker.run(ThreadPoolExecutor.java:635)
[2025-01-03T14:04:32.083+0000] {spark_submit.py:641} INFO - at java.base/java.lang.Thread.run(Thread.java:840)
[2025-01-03T14:04:32.084+0000] {spark_submit.py:641} INFO - Caused by: java.io.IOException: Failed to connect to spark-master/<unresolved>:7077
[2025-01-03T14:04:32.084+0000] {spark_submit.py:641} INFO - at org.apache.spark.network.client.TransportClientFactory.createClient(TransportClientFactory.java:294)
[2025-01-03T14:04:32.084+0000] {spark_submit.py:641} INFO - at org.apache.spark.network.client.TransportClientFactory.createClient(TransportClientFactory.java:214)
[2025-01-03T14:04:32.085+0000] {spark_submit.py:641} INFO - at org.apache.spark.network.client.TransportClientFactory.createClient(TransportClientFactory.java:226)
[2025-01-03T14:04:32.085+0000] {spark_submit.py:641} INFO - at org.apache.spark.rpc.netty.NettyRpcEnv.createClient(NettyRpcEnv.scala:204)
[2025-01-03T14:04:32.085+0000] {spark_submit.py:641} INFO - at org.apache.spark.rpc.netty.Outbox$$anon$1.call(Outbox.scala:202)
[2025-01-03T14:04:32.086+0000] {spark_submit.py:641} INFO - at org.apache.spark.rpc.netty.Outbox$$anon$1.call(Outbox.scala:198)
[2025-01-03T14:04:32.086+0000] {spark_submit.py:641} INFO - ... 4 more
[2025-01-03T14:04:32.087+0000] {spark_submit.py:641} INFO - Caused by: java.net.UnknownHostException: spark-master
[2025-01-03T14:04:32.087+0000] {spark_submit.py:641} INFO - at java.base/java.net.InetAddress$CachedAddresses.get(InetAddress.java:801)
[2025-01-03T14:04:32.087+0000] {spark_submit.py:641} INFO - at java.base/java.net.InetAddress.getAllByName0(InetAddress.java:1533)
[2025-01-03T14:04:32.088+0000] {spark_submit.py:641} INFO - at java.base/java.net.InetAddress.getAllByName(InetAddress.java:1385)
[2025-01-03T14:04:32.088+0000] {spark_submit.py:641} INFO - at java.base/java.net.InetAddress.getAllByName(InetAddress.java:1306)
[2025-01-03T14:04:32.088+0000] {spark_submit.py:641} INFO - at java.base/java.net.InetAddress.getByName(InetAddress.java:1256)
[2025-01-03T14:04:32.089+0000] {spark_submit.py:641} INFO - at io.netty.util.internal.SocketUtils$8.run(SocketUtils.java:156)
[2025-01-03T14:04:32.089+0000] {spark_submit.py:641} INFO - at io.netty.util.internal.SocketUtils$8.run(SocketUtils.java:153)
[2025-01-03T14:04:32.089+0000] {spark_submit.py:641} INFO - at java.base/java.security.AccessController.doPrivileged(AccessController.java:569)
[2025-01-03T14:04:32.089+0000] {spark_submit.py:641} INFO - at io.netty.util.internal.SocketUtils.addressByName(SocketUtils.java:153)
[2025-01-03T14:04:32.090+0000] {spark_submit.py:641} INFO - at io.netty.resolver.DefaultNameResolver.doResolve(DefaultNameResolver.java:41)
[2025-01-03T14:04:32.090+0000] {spark_submit.py:641} INFO - at io.netty.resolver.SimpleNameResolver.resolve(SimpleNameResolver.java:61)
[2025-01-03T14:04:32.090+0000] {spark_submit.py:641} INFO - at io.netty.resolver.SimpleNameResolver.resolve(SimpleNameResolver.java:53)
[2025-01-03T14:04:32.091+0000] {spark_submit.py:641} INFO - at io.netty.resolver.InetSocketAddressResolver.doResolve(InetSocketAddressResolver.java:55)
[2025-01-03T14:04:32.091+0000] {spark_submit.py:641} INFO - at io.netty.resolver.InetSocketAddressResolver.doResolve(InetSocketAddressResolver.java:31)
[2025-01-03T14:04:32.091+0000] {spark_submit.py:641} INFO - at io.netty.resolver.AbstractAddressResolver.resolve(AbstractAddressResolver.java:106)
[2025-01-03T14:04:32.092+0000] {spark_submit.py:641} INFO - at io.netty.bootstrap.Bootstrap.doResolveAndConnect0(Bootstrap.java:220)
[2025-01-03T14:04:32.092+0000] {spark_submit.py:641} INFO - at io.netty.bootstrap.Bootstrap.access$000(Bootstrap.java:46)
[2025-01-03T14:04:32.092+0000] {spark_submit.py:641} INFO - at io.netty.bootstrap.Bootstrap$1.operationComplete(Bootstrap.java:189)
[2025-01-03T14:04:32.093+0000] {spark_submit.py:641} INFO - at io.netty.bootstrap.Bootstrap$1.operationComplete(Bootstrap.java:175)
[2025-01-03T14:04:32.093+0000] {spark_submit.py:641} INFO - at io.netty.util.concurrent.DefaultPromise.notifyListener0(DefaultPromise.java:590)
[2025-01-03T14:04:32.093+0000] {spark_submit.py:641} INFO - at io.netty.util.concurrent.DefaultPromise.notifyListenersNow(DefaultPromise.java:557)
[2025-01-03T14:04:32.093+0000] {spark_submit.py:641} INFO - at io.netty.util.concurrent.DefaultPromise.notifyListeners(DefaultPromise.java:492)
[2025-01-03T14:04:32.094+0000] {spark_submit.py:641} INFO - at io.netty.util.concurrent.DefaultPromise.setValue0(DefaultPromise.java:636)
[2025-01-03T14:04:32.094+0000] {spark_submit.py:641} INFO - at io.netty.util.concurrent.DefaultPromise.setSuccess0(DefaultPromise.java:625)
[2025-01-03T14:04:32.094+0000] {spark_submit.py:641} INFO - at io.netty.util.concurrent.DefaultPromise.trySuccess(DefaultPromise.java:105)
[2025-01-03T14:04:32.095+0000] {spark_submit.py:641} INFO - at io.netty.channel.DefaultChannelPromise.trySuccess(DefaultChannelPromise.java:84)
[2025-01-03T14:04:32.095+0000] {spark_submit.py:641} INFO - at io.netty.channel.AbstractChannel$AbstractUnsafe.safeSetSuccess(AbstractChannel.java:990)
[2025-01-03T14:04:32.095+0000] {spark_submit.py:641} INFO - at io.netty.channel.AbstractChannel$AbstractUnsafe.register0(AbstractChannel.java:516)
[2025-01-03T14:04:32.096+0000] {spark_submit.py:641} INFO - at io.netty.channel.AbstractChannel$AbstractUnsafe.access$200(AbstractChannel.java:429)
[2025-01-03T14:04:32.096+0000] {spark_submit.py:641} INFO - at io.netty.channel.AbstractChannel$AbstractUnsafe$1.run(AbstractChannel.java:486)
[2025-01-03T14:04:32.096+0000] {spark_submit.py:641} INFO - at io.netty.util.concurrent.AbstractEventExecutor.runTask(AbstractEventExecutor.java:174)
[2025-01-03T14:04:32.096+0000] {spark_submit.py:641} INFO - at io.netty.util.concurrent.AbstractEventExecutor.safeExecute(AbstractEventExecutor.java:167)
[2025-01-03T14:04:32.097+0000] {spark_submit.py:641} INFO - at io.netty.util.concurrent.SingleThreadEventExecutor.runAllTasks(SingleThreadEventExecutor.java:470)
[2025-01-03T14:04:32.097+0000] {spark_submit.py:641} INFO - at io.netty.channel.nio.NioEventLoop.run(NioEventLoop.java:569)
[2025-01-03T14:04:32.097+0000] {spark_submit.py:641} INFO - at io.netty.util.concurrent.SingleThreadEventExecutor$4.run(SingleThreadEventExecutor.java:997)
[2025-01-03T14:04:32.098+0000] {spark_submit.py:641} INFO - at io.netty.util.internal.ThreadExecutorMap$2.run(ThreadExecutorMap.java:74)
[2025-01-03T14:04:32.098+0000] {spark_submit.py:641} INFO - at io.netty.util.concurrent.FastThreadLocalRunnable.run(FastThreadLocalRunnable.java:30)
[2025-01-03T14:04:32.098+0000] {spark_submit.py:641} INFO - ... 1 more
[2025-01-03T14:04:48.709+0000] {spark_submit.py:641} INFO - 25/01/03 14:04:48 INFO StandaloneAppClient$ClientEndpoint: Connecting to master spark://spark-master:7077...
[2025-01-03T14:04:52.029+0000] {spark_submit.py:641} INFO - 25/01/03 14:04:52 WARN TransportClientFactory: DNS resolution failed for spark-master/<unresolved>:7077 took 3318 ms
[2025-01-03T14:04:52.033+0000] {spark_submit.py:641} INFO - 25/01/03 14:04:52 WARN StandaloneAppClient$ClientEndpoint: Failed to connect to master spark-master:7077
[2025-01-03T14:04:52.035+0000] {spark_submit.py:641} INFO - org.apache.spark.SparkException: Exception thrown in awaitResult:
[2025-01-03T14:04:52.036+0000] {spark_submit.py:641} INFO - at org.apache.spark.util.SparkThreadUtils$.awaitResult(SparkThreadUtils.scala:56)
[2025-01-03T14:04:52.036+0000] {spark_submit.py:641} INFO - at org.apache.spark.util.ThreadUtils$.awaitResult(ThreadUtils.scala:310)
[2025-01-03T14:04:52.037+0000] {spark_submit.py:641} INFO - at org.apache.spark.rpc.RpcTimeout.awaitResult(RpcTimeout.scala:75)
[2025-01-03T14:04:52.037+0000] {spark_submit.py:641} INFO - at org.apache.spark.rpc.RpcEnv.setupEndpointRefByURI(RpcEnv.scala:102)
[2025-01-03T14:04:52.038+0000] {spark_submit.py:641} INFO - at org.apache.spark.rpc.RpcEnv.setupEndpointRef(RpcEnv.scala:110)
[2025-01-03T14:04:52.038+0000] {spark_submit.py:641} INFO - at org.apache.spark.deploy.client.StandaloneAppClient$ClientEndpoint$$anon$1.run(StandaloneAppClient.scala:108)
[2025-01-03T14:04:52.039+0000] {spark_submit.py:641} INFO - at java.base/java.util.concurrent.Executors$RunnableAdapter.call(Executors.java:539)
[2025-01-03T14:04:52.040+0000] {spark_submit.py:641} INFO - at java.base/java.util.concurrent.FutureTask.run(FutureTask.java:264)
[2025-01-03T14:04:52.040+0000] {spark_submit.py:641} INFO - at java.base/java.util.concurrent.ThreadPoolExecutor.runWorker(ThreadPoolExecutor.java:1136)
[2025-01-03T14:04:52.043+0000] {spark_submit.py:641} INFO - at java.base/java.util.concurrent.ThreadPoolExecutor$Worker.run(ThreadPoolExecutor.java:635)
[2025-01-03T14:04:52.043+0000] {spark_submit.py:641} INFO - at java.base/java.lang.Thread.run(Thread.java:840)
[2025-01-03T14:04:52.044+0000] {spark_submit.py:641} INFO - Caused by: java.io.IOException: Failed to connect to spark-master/<unresolved>:7077
[2025-01-03T14:04:52.045+0000] {spark_submit.py:641} INFO - at org.apache.spark.network.client.TransportClientFactory.createClient(TransportClientFactory.java:294)
[2025-01-03T14:04:52.047+0000] {spark_submit.py:641} INFO - at org.apache.spark.network.client.TransportClientFactory.createClient(TransportClientFactory.java:214)
[2025-01-03T14:04:52.048+0000] {spark_submit.py:641} INFO - at org.apache.spark.network.client.TransportClientFactory.createClient(TransportClientFactory.java:226)
[2025-01-03T14:04:52.049+0000] {spark_submit.py:641} INFO - at org.apache.spark.rpc.netty.NettyRpcEnv.createClient(NettyRpcEnv.scala:204)
[2025-01-03T14:04:52.049+0000] {spark_submit.py:641} INFO - at org.apache.spark.rpc.netty.Outbox$$anon$1.call(Outbox.scala:202)
[2025-01-03T14:04:52.050+0000] {spark_submit.py:641} INFO - at org.apache.spark.rpc.netty.Outbox$$anon$1.call(Outbox.scala:198)
[2025-01-03T14:04:52.051+0000] {spark_submit.py:641} INFO - ... 4 more
[2025-01-03T14:04:52.052+0000] {spark_submit.py:641} INFO - Caused by: java.net.UnknownHostException: spark-master
[2025-01-03T14:04:52.052+0000] {spark_submit.py:641} INFO - at java.base/java.net.InetAddress$CachedAddresses.get(InetAddress.java:801)
[2025-01-03T14:04:52.053+0000] {spark_submit.py:641} INFO - at java.base/java.net.InetAddress.getAllByName0(InetAddress.java:1533)
[2025-01-03T14:04:52.053+0000] {spark_submit.py:641} INFO - at java.base/java.net.InetAddress.getAllByName(InetAddress.java:1385)
[2025-01-03T14:04:52.054+0000] {spark_submit.py:641} INFO - at java.base/java.net.InetAddress.getAllByName(InetAddress.java:1306)
[2025-01-03T14:04:52.054+0000] {spark_submit.py:641} INFO - at java.base/java.net.InetAddress.getByName(InetAddress.java:1256)
[2025-01-03T14:04:52.055+0000] {spark_submit.py:641} INFO - at io.netty.util.internal.SocketUtils$8.run(SocketUtils.java:156)
[2025-01-03T14:04:52.055+0000] {spark_submit.py:641} INFO - at io.netty.util.internal.SocketUtils$8.run(SocketUtils.java:153)
[2025-01-03T14:04:52.055+0000] {spark_submit.py:641} INFO - at java.base/java.security.AccessController.doPrivileged(AccessController.java:569)
[2025-01-03T14:04:52.056+0000] {spark_submit.py:641} INFO - at io.netty.util.internal.SocketUtils.addressByName(SocketUtils.java:153)
[2025-01-03T14:04:52.056+0000] {spark_submit.py:641} INFO - at io.netty.resolver.DefaultNameResolver.doResolve(DefaultNameResolver.java:41)
[2025-01-03T14:04:52.057+0000] {spark_submit.py:641} INFO - at io.netty.resolver.SimpleNameResolver.resolve(SimpleNameResolver.java:61)
[2025-01-03T14:04:52.057+0000] {spark_submit.py:641} INFO - at io.netty.resolver.SimpleNameResolver.resolve(SimpleNameResolver.java:53)
[2025-01-03T14:04:52.057+0000] {spark_submit.py:641} INFO - at io.netty.resolver.InetSocketAddressResolver.doResolve(InetSocketAddressResolver.java:55)
[2025-01-03T14:04:52.058+0000] {spark_submit.py:641} INFO - at io.netty.resolver.InetSocketAddressResolver.doResolve(InetSocketAddressResolver.java:31)
[2025-01-03T14:04:52.058+0000] {spark_submit.py:641} INFO - at io.netty.resolver.AbstractAddressResolver.resolve(AbstractAddressResolver.java:106)
[2025-01-03T14:04:52.059+0000] {spark_submit.py:641} INFO - at io.netty.bootstrap.Bootstrap.doResolveAndConnect0(Bootstrap.java:220)
[2025-01-03T14:04:52.059+0000] {spark_submit.py:641} INFO - at io.netty.bootstrap.Bootstrap.access$000(Bootstrap.java:46)
[2025-01-03T14:04:52.059+0000] {spark_submit.py:641} INFO - at io.netty.bootstrap.Bootstrap$1.operationComplete(Bootstrap.java:189)
[2025-01-03T14:04:52.059+0000] {spark_submit.py:641} INFO - at io.netty.bootstrap.Bootstrap$1.operationComplete(Bootstrap.java:175)
[2025-01-03T14:04:52.060+0000] {spark_submit.py:641} INFO - at io.netty.util.concurrent.DefaultPromise.notifyListener0(DefaultPromise.java:590)
[2025-01-03T14:04:52.060+0000] {spark_submit.py:641} INFO - at io.netty.util.concurrent.DefaultPromise.notifyListenersNow(DefaultPromise.java:557)
[2025-01-03T14:04:52.060+0000] {spark_submit.py:641} INFO - at io.netty.util.concurrent.DefaultPromise.notifyListeners(DefaultPromise.java:492)
[2025-01-03T14:04:52.061+0000] {spark_submit.py:641} INFO - at io.netty.util.concurrent.DefaultPromise.setValue0(DefaultPromise.java:636)
[2025-01-03T14:04:52.061+0000] {spark_submit.py:641} INFO - at io.netty.util.concurrent.DefaultPromise.setSuccess0(DefaultPromise.java:625)
[2025-01-03T14:04:52.061+0000] {spark_submit.py:641} INFO - at io.netty.util.concurrent.DefaultPromise.trySuccess(DefaultPromise.java:105)
[2025-01-03T14:04:52.062+0000] {spark_submit.py:641} INFO - at io.netty.channel.DefaultChannelPromise.trySuccess(DefaultChannelPromise.java:84)
[2025-01-03T14:04:52.062+0000] {spark_submit.py:641} INFO - at io.netty.channel.AbstractChannel$AbstractUnsafe.safeSetSuccess(AbstractChannel.java:990)
[2025-01-03T14:04:52.062+0000] {spark_submit.py:641} INFO - at io.netty.channel.AbstractChannel$AbstractUnsafe.register0(AbstractChannel.java:516)
[2025-01-03T14:04:52.063+0000] {spark_submit.py:641} INFO - at io.netty.channel.AbstractChannel$AbstractUnsafe.access$200(AbstractChannel.java:429)
[2025-01-03T14:04:52.063+0000] {spark_submit.py:641} INFO - at io.netty.channel.AbstractChannel$AbstractUnsafe$1.run(AbstractChannel.java:486)
[2025-01-03T14:04:52.063+0000] {spark_submit.py:641} INFO - at io.netty.util.concurrent.AbstractEventExecutor.runTask(AbstractEventExecutor.java:174)
[2025-01-03T14:04:52.064+0000] {spark_submit.py:641} INFO - at io.netty.util.concurrent.AbstractEventExecutor.safeExecute(AbstractEventExecutor.java:167)
[2025-01-03T14:04:52.064+0000] {spark_submit.py:641} INFO - at io.netty.util.concurrent.SingleThreadEventExecutor.runAllTasks(SingleThreadEventExecutor.java:470)
[2025-01-03T14:04:52.064+0000] {spark_submit.py:641} INFO - at io.netty.channel.nio.NioEventLoop.run(NioEventLoop.java:569)
[2025-01-03T14:04:52.065+0000] {spark_submit.py:641} INFO - at io.netty.util.concurrent.SingleThreadEventExecutor$4.run(SingleThreadEventExecutor.java:997)
[2025-01-03T14:04:52.065+0000] {spark_submit.py:641} INFO - at io.netty.util.internal.ThreadExecutorMap$2.run(ThreadExecutorMap.java:74)
[2025-01-03T14:04:52.066+0000] {spark_submit.py:641} INFO - at io.netty.util.concurrent.FastThreadLocalRunnable.run(FastThreadLocalRunnable.java:30)
[2025-01-03T14:04:52.066+0000] {spark_submit.py:641} INFO - ... 1 more
[2025-01-03T14:05:08.708+0000] {spark_submit.py:641} INFO - 25/01/03 14:05:08 INFO StandaloneAppClient$ClientEndpoint: Connecting to master spark://spark-master:7077...
[2025-01-03T14:05:12.018+0000] {spark_submit.py:641} INFO - 25/01/03 14:05:12 WARN TransportClientFactory: DNS resolution failed for spark-master/<unresolved>:7077 took 3308 ms
[2025-01-03T14:05:12.022+0000] {spark_submit.py:641} INFO - 25/01/03 14:05:12 WARN StandaloneAppClient$ClientEndpoint: Failed to connect to master spark-master:7077
[2025-01-03T14:05:12.023+0000] {spark_submit.py:641} INFO - org.apache.spark.SparkException: Exception thrown in awaitResult:
[2025-01-03T14:05:12.023+0000] {spark_submit.py:641} INFO - at org.apache.spark.util.SparkThreadUtils$.awaitResult(SparkThreadUtils.scala:56)
[2025-01-03T14:05:12.024+0000] {spark_submit.py:641} INFO - at org.apache.spark.util.ThreadUtils$.awaitResult(ThreadUtils.scala:310)
[2025-01-03T14:05:12.024+0000] {spark_submit.py:641} INFO - at org.apache.spark.rpc.RpcTimeout.awaitResult(RpcTimeout.scala:75)
[2025-01-03T14:05:12.025+0000] {spark_submit.py:641} INFO - at org.apache.spark.rpc.RpcEnv.setupEndpointRefByURI(RpcEnv.scala:102)
[2025-01-03T14:05:12.025+0000] {spark_submit.py:641} INFO - at org.apache.spark.rpc.RpcEnv.setupEndpointRef(RpcEnv.scala:110)
[2025-01-03T14:05:12.026+0000] {spark_submit.py:641} INFO - at org.apache.spark.deploy.client.StandaloneAppClient$ClientEndpoint$$anon$1.run(StandaloneAppClient.scala:108)
[2025-01-03T14:05:12.026+0000] {spark_submit.py:641} INFO - at java.base/java.util.concurrent.Executors$RunnableAdapter.call(Executors.java:539)
[2025-01-03T14:05:12.026+0000] {spark_submit.py:641} INFO - at java.base/java.util.concurrent.FutureTask.run(FutureTask.java:264)
[2025-01-03T14:05:12.027+0000] {spark_submit.py:641} INFO - at java.base/java.util.concurrent.ThreadPoolExecutor.runWorker(ThreadPoolExecutor.java:1136)
[2025-01-03T14:05:12.027+0000] {spark_submit.py:641} INFO - at java.base/java.util.concurrent.ThreadPoolExecutor$Worker.run(ThreadPoolExecutor.java:635)
[2025-01-03T14:05:12.027+0000] {spark_submit.py:641} INFO - at java.base/java.lang.Thread.run(Thread.java:840)
[2025-01-03T14:05:12.028+0000] {spark_submit.py:641} INFO - Caused by: java.io.IOException: Failed to connect to spark-master/<unresolved>:7077
[2025-01-03T14:05:12.028+0000] {spark_submit.py:641} INFO - at org.apache.spark.network.client.TransportClientFactory.createClient(TransportClientFactory.java:294)
[2025-01-03T14:05:12.028+0000] {spark_submit.py:641} INFO - at org.apache.spark.network.client.TransportClientFactory.createClient(TransportClientFactory.java:214)
[2025-01-03T14:05:12.029+0000] {spark_submit.py:641} INFO - at org.apache.spark.network.client.TransportClientFactory.createClient(TransportClientFactory.java:226)
[2025-01-03T14:05:12.029+0000] {spark_submit.py:641} INFO - at org.apache.spark.rpc.netty.NettyRpcEnv.createClient(NettyRpcEnv.scala:204)
[2025-01-03T14:05:12.029+0000] {spark_submit.py:641} INFO - at org.apache.spark.rpc.netty.Outbox$$anon$1.call(Outbox.scala:202)
[2025-01-03T14:05:12.030+0000] {spark_submit.py:641} INFO - at org.apache.spark.rpc.netty.Outbox$$anon$1.call(Outbox.scala:198)
[2025-01-03T14:05:12.030+0000] {spark_submit.py:641} INFO - ... 4 more
[2025-01-03T14:05:12.030+0000] {spark_submit.py:641} INFO - Caused by: java.net.UnknownHostException: spark-master
[2025-01-03T14:05:12.030+0000] {spark_submit.py:641} INFO - at java.base/java.net.InetAddress$CachedAddresses.get(InetAddress.java:801)
[2025-01-03T14:05:12.031+0000] {spark_submit.py:641} INFO - at java.base/java.net.InetAddress.getAllByName0(InetAddress.java:1533)
[2025-01-03T14:05:12.031+0000] {spark_submit.py:641} INFO - at java.base/java.net.InetAddress.getAllByName(InetAddress.java:1385)
[2025-01-03T14:05:12.031+0000] {spark_submit.py:641} INFO - at java.base/java.net.InetAddress.getAllByName(InetAddress.java:1306)
[2025-01-03T14:05:12.032+0000] {spark_submit.py:641} INFO - at java.base/java.net.InetAddress.getByName(InetAddress.java:1256)
[2025-01-03T14:05:12.032+0000] {spark_submit.py:641} INFO - at io.netty.util.internal.SocketUtils$8.run(SocketUtils.java:156)
[2025-01-03T14:05:12.032+0000] {spark_submit.py:641} INFO - at io.netty.util.internal.SocketUtils$8.run(SocketUtils.java:153)
[2025-01-03T14:05:12.033+0000] {spark_submit.py:641} INFO - at java.base/java.security.AccessController.doPrivileged(AccessController.java:569)
[2025-01-03T14:05:12.033+0000] {spark_submit.py:641} INFO - at io.netty.util.internal.SocketUtils.addressByName(SocketUtils.java:153)
[2025-01-03T14:05:12.033+0000] {spark_submit.py:641} INFO - at io.netty.resolver.DefaultNameResolver.doResolve(DefaultNameResolver.java:41)
[2025-01-03T14:05:12.034+0000] {spark_submit.py:641} INFO - at io.netty.resolver.SimpleNameResolver.resolve(SimpleNameResolver.java:61)
[2025-01-03T14:05:12.034+0000] {spark_submit.py:641} INFO - at io.netty.resolver.SimpleNameResolver.resolve(SimpleNameResolver.java:53)
[2025-01-03T14:05:12.034+0000] {spark_submit.py:641} INFO - at io.netty.resolver.InetSocketAddressResolver.doResolve(InetSocketAddressResolver.java:55)
[2025-01-03T14:05:12.035+0000] {spark_submit.py:641} INFO - at io.netty.resolver.InetSocketAddressResolver.doResolve(InetSocketAddressResolver.java:31)
[2025-01-03T14:05:12.035+0000] {spark_submit.py:641} INFO - at io.netty.resolver.AbstractAddressResolver.resolve(AbstractAddressResolver.java:106)
[2025-01-03T14:05:12.036+0000] {spark_submit.py:641} INFO - at io.netty.bootstrap.Bootstrap.doResolveAndConnect0(Bootstrap.java:220)
[2025-01-03T14:05:12.036+0000] {spark_submit.py:641} INFO - at io.netty.bootstrap.Bootstrap.access$000(Bootstrap.java:46)
[2025-01-03T14:05:12.036+0000] {spark_submit.py:641} INFO - at io.netty.bootstrap.Bootstrap$1.operationComplete(Bootstrap.java:189)
[2025-01-03T14:05:12.037+0000] {spark_submit.py:641} INFO - at io.netty.bootstrap.Bootstrap$1.operationComplete(Bootstrap.java:175)
[2025-01-03T14:05:12.037+0000] {spark_submit.py:641} INFO - at io.netty.util.concurrent.DefaultPromise.notifyListener0(DefaultPromise.java:590)
[2025-01-03T14:05:12.037+0000] {spark_submit.py:641} INFO - at io.netty.util.concurrent.DefaultPromise.notifyListenersNow(DefaultPromise.java:557)
[2025-01-03T14:05:12.038+0000] {spark_submit.py:641} INFO - at io.netty.util.concurrent.DefaultPromise.notifyListeners(DefaultPromise.java:492)
[2025-01-03T14:05:12.038+0000] {spark_submit.py:641} INFO - at io.netty.util.concurrent.DefaultPromise.setValue0(DefaultPromise.java:636)
[2025-01-03T14:05:12.038+0000] {spark_submit.py:641} INFO - at io.netty.util.concurrent.DefaultPromise.setSuccess0(DefaultPromise.java:625)
[2025-01-03T14:05:12.039+0000] {spark_submit.py:641} INFO - at io.netty.util.concurrent.DefaultPromise.trySuccess(DefaultPromise.java:105)
[2025-01-03T14:05:12.039+0000] {spark_submit.py:641} INFO - at io.netty.channel.DefaultChannelPromise.trySuccess(DefaultChannelPromise.java:84)
[2025-01-03T14:05:12.040+0000] {spark_submit.py:641} INFO - at io.netty.channel.AbstractChannel$AbstractUnsafe.safeSetSuccess(AbstractChannel.java:990)
[2025-01-03T14:05:12.040+0000] {spark_submit.py:641} INFO - at io.netty.channel.AbstractChannel$AbstractUnsafe.register0(AbstractChannel.java:516)
[2025-01-03T14:05:12.041+0000] {spark_submit.py:641} INFO - at io.netty.channel.AbstractChannel$AbstractUnsafe.access$200(AbstractChannel.java:429)
[2025-01-03T14:05:12.042+0000] {spark_submit.py:641} INFO - at io.netty.channel.AbstractChannel$AbstractUnsafe$1.run(AbstractChannel.java:486)
[2025-01-03T14:05:12.042+0000] {spark_submit.py:641} INFO - at io.netty.util.concurrent.AbstractEventExecutor.runTask(AbstractEventExecutor.java:174)
[2025-01-03T14:05:12.043+0000] {spark_submit.py:641} INFO - at io.netty.util.concurrent.AbstractEventExecutor.safeExecute(AbstractEventExecutor.java:167)
[2025-01-03T14:05:12.043+0000] {spark_submit.py:641} INFO - at io.netty.util.concurrent.SingleThreadEventExecutor.runAllTasks(SingleThreadEventExecutor.java:470)
[2025-01-03T14:05:12.044+0000] {spark_submit.py:641} INFO - at io.netty.channel.nio.NioEventLoop.run(NioEventLoop.java:569)
[2025-01-03T14:05:12.044+0000] {spark_submit.py:641} INFO - at io.netty.util.concurrent.SingleThreadEventExecutor$4.run(SingleThreadEventExecutor.java:997)
[2025-01-03T14:05:12.044+0000] {spark_submit.py:641} INFO - at io.netty.util.internal.ThreadExecutorMap$2.run(ThreadExecutorMap.java:74)
[2025-01-03T14:05:12.045+0000] {spark_submit.py:641} INFO - at io.netty.util.concurrent.FastThreadLocalRunnable.run(FastThreadLocalRunnable.java:30)
[2025-01-03T14:05:12.045+0000] {spark_submit.py:641} INFO - ... 1 more
[2025-01-03T14:05:28.708+0000] {spark_submit.py:641} INFO - 25/01/03 14:05:28 ERROR StandaloneSchedulerBackend: Application has been killed. Reason: All masters are unresponsive! Giving up.
[2025-01-03T14:05:28.708+0000] {spark_submit.py:641} INFO - 25/01/03 14:05:28 WARN StandaloneSchedulerBackend: Application ID is not initialized yet.
[2025-01-03T14:05:28.719+0000] {spark_submit.py:641} INFO - 25/01/03 14:05:28 INFO Utils: Successfully started service 'org.apache.spark.network.netty.NettyBlockTransferService' on port 34423.
[2025-01-03T14:05:28.720+0000] {spark_submit.py:641} INFO - 25/01/03 14:05:28 INFO NettyBlockTransferService: Server created on c97300dc4188:34423
[2025-01-03T14:05:28.722+0000] {spark_submit.py:641} INFO - 25/01/03 14:05:28 INFO BlockManager: Using org.apache.spark.storage.RandomBlockReplicationPolicy for block replication policy
[2025-01-03T14:05:28.730+0000] {spark_submit.py:641} INFO - 25/01/03 14:05:28 INFO BlockManagerMaster: Registering BlockManager BlockManagerId(driver, c97300dc4188, 34423, None)
[2025-01-03T14:05:28.736+0000] {spark_submit.py:641} INFO - 25/01/03 14:05:28 INFO BlockManagerMasterEndpoint: Registering block manager c97300dc4188:34423 with 434.4 MiB RAM, BlockManagerId(driver, c97300dc4188, 34423, None)
[2025-01-03T14:05:28.740+0000] {spark_submit.py:641} INFO - 25/01/03 14:05:28 INFO BlockManagerMaster: Registered BlockManager BlockManagerId(driver, c97300dc4188, 34423, None)
[2025-01-03T14:05:28.743+0000] {spark_submit.py:641} INFO - 25/01/03 14:05:28 INFO BlockManager: Initialized BlockManager: BlockManagerId(driver, c97300dc4188, 34423, None)
[2025-01-03T14:05:29.016+0000] {spark_submit.py:641} INFO - 25/01/03 14:05:29 INFO StandaloneSchedulerBackend: SchedulerBackend is ready for scheduling beginning after reached minRegisteredResourcesRatio: 0.0
[2025-01-03T14:05:29.827+0000] {spark_submit.py:641} INFO - Traceback (most recent call last):
[2025-01-03T14:05:29.827+0000] {spark_submit.py:641} INFO - File "/spark_job/printspark.py", line 21, in <module>
[2025-01-03T14:05:29.833+0000] {spark_submit.py:641} INFO - text_file = spark.read.text(input_path)
[2025-01-03T14:05:29.833+0000] {spark_submit.py:641} INFO - ^^^^^^^^^^
[2025-01-03T14:05:29.834+0000] {spark_submit.py:641} INFO - File "/home/***/.local/lib/python3.11/site-packages/pyspark/python/lib/pyspark.zip/pyspark/sql/session.py", line 1706, in read
[2025-01-03T14:05:29.834+0000] {spark_submit.py:641} INFO - File "/home/***/.local/lib/python3.11/site-packages/pyspark/python/lib/pyspark.zip/pyspark/sql/readwriter.py", line 70, in __init__
[2025-01-03T14:05:29.835+0000] {spark_submit.py:641} INFO - File "/home/***/.local/lib/python3.11/site-packages/pyspark/python/lib/py4j-0.10.9.7-src.zip/py4j/java_gateway.py", line 1322, in __call__
[2025-01-03T14:05:29.835+0000] {spark_submit.py:641} INFO - File "/home/***/.local/lib/python3.11/site-packages/pyspark/python/lib/pyspark.zip/pyspark/errors/exceptions/captured.py", line 179, in deco
[2025-01-03T14:05:29.836+0000] {spark_submit.py:641} INFO - File "/home/***/.local/lib/python3.11/site-packages/pyspark/python/lib/py4j-0.10.9.7-src.zip/py4j/protocol.py", line 326, in get_return_value
[2025-01-03T14:05:29.836+0000] {spark_submit.py:641} INFO - py4j.protocol.Py4JJavaError: An error occurred while calling o27.read.
[2025-01-03T14:05:29.837+0000] {spark_submit.py:641} INFO - : java.lang.IllegalStateException: LiveListenerBus is stopped.
[2025-01-03T14:05:29.837+0000] {spark_submit.py:641} INFO - at org.apache.spark.scheduler.LiveListenerBus.addToQueue(LiveListenerBus.scala:92)
[2025-01-03T14:05:29.837+0000] {spark_submit.py:641} INFO - at org.apache.spark.scheduler.LiveListenerBus.addToStatusQueue(LiveListenerBus.scala:75)
[2025-01-03T14:05:29.838+0000] {spark_submit.py:641} INFO - at org.apache.spark.sql.internal.SharedState.<init>(SharedState.scala:115)
[2025-01-03T14:05:29.838+0000] {spark_submit.py:641} INFO - at org.apache.spark.sql.SparkSession.$anonfun$sharedState$1(SparkSession.scala:143)
[2025-01-03T14:05:29.838+0000] {spark_submit.py:641} INFO - at scala.Option.getOrElse(Option.scala:189)
[2025-01-03T14:05:29.839+0000] {spark_submit.py:641} INFO - at org.apache.spark.sql.SparkSession.sharedState$lzycompute(SparkSession.scala:143)
[2025-01-03T14:05:29.839+0000] {spark_submit.py:641} INFO - at org.apache.spark.sql.SparkSession.sharedState(SparkSession.scala:142)
[2025-01-03T14:05:29.840+0000] {spark_submit.py:641} INFO - at org.apache.spark.sql.SparkSession.$anonfun$sessionState$2(SparkSession.scala:162)
[2025-01-03T14:05:29.840+0000] {spark_submit.py:641} INFO - at scala.Option.getOrElse(Option.scala:189)
[2025-01-03T14:05:29.841+0000] {spark_submit.py:641} INFO - at org.apache.spark.sql.SparkSession.sessionState$lzycompute(SparkSession.scala:160)
[2025-01-03T14:05:29.841+0000] {spark_submit.py:641} INFO - at org.apache.spark.sql.SparkSession.sessionState(SparkSession.scala:157)
[2025-01-03T14:05:29.841+0000] {spark_submit.py:641} INFO - at org.apache.spark.sql.DataFrameReader.<init>(DataFrameReader.scala:699)
[2025-01-03T14:05:29.842+0000] {spark_submit.py:641} INFO - at org.apache.spark.sql.SparkSession.read(SparkSession.scala:783)
[2025-01-03T14:05:29.842+0000] {spark_submit.py:641} INFO - at java.base/jdk.internal.reflect.NativeMethodAccessorImpl.invoke0(Native Method)
[2025-01-03T14:05:29.843+0000] {spark_submit.py:641} INFO - at java.base/jdk.internal.reflect.NativeMethodAccessorImpl.invoke(NativeMethodAccessorImpl.java:77)
[2025-01-03T14:05:29.844+0000] {spark_submit.py:641} INFO - at java.base/jdk.internal.reflect.DelegatingMethodAccessorImpl.invoke(DelegatingMethodAccessorImpl.java:43)
[2025-01-03T14:05:29.844+0000] {spark_submit.py:641} INFO - at java.base/java.lang.reflect.Method.invoke(Method.java:569)
[2025-01-03T14:05:29.845+0000] {spark_submit.py:641} INFO - at py4j.reflection.MethodInvoker.invoke(MethodInvoker.java:244)
[2025-01-03T14:05:29.845+0000] {spark_submit.py:641} INFO - at py4j.reflection.ReflectionEngine.invoke(ReflectionEngine.java:374)
[2025-01-03T14:05:29.846+0000] {spark_submit.py:641} INFO - at py4j.Gateway.invoke(Gateway.java:282)
[2025-01-03T14:05:29.846+0000] {spark_submit.py:641} INFO - at py4j.commands.AbstractCommand.invokeMethod(AbstractCommand.java:132)
[2025-01-03T14:05:29.846+0000] {spark_submit.py:641} INFO - at py4j.commands.CallCommand.execute(CallCommand.java:79)
[2025-01-03T14:05:29.847+0000] {spark_submit.py:641} INFO - at py4j.ClientServerConnection.waitForCommands(ClientServerConnection.java:182)
[2025-01-03T14:05:29.847+0000] {spark_submit.py:641} INFO - at py4j.ClientServerConnection.run(ClientServerConnection.java:106)
[2025-01-03T14:05:29.848+0000] {spark_submit.py:641} INFO - at java.base/java.lang.Thread.run(Thread.java:840)
[2025-01-03T14:05:29.848+0000] {spark_submit.py:641} INFO - 
[2025-01-03T14:05:29.943+0000] {taskinstance.py:441} INFO - ::group::Post task execution logs
[2025-01-03T14:05:29.956+0000] {taskinstance.py:2905} ERROR - Task failed with exception
Traceback (most recent call last):
  File "/home/airflow/.local/lib/python3.11/site-packages/airflow/models/taskinstance.py", line 465, in _execute_task
    result = _execute_callable(context=context, **execute_callable_kwargs)
             ^^^^^^^^^^^^^^^^^^^^^^^^^^^^^^^^^^^^^^^^^^^^^^^^^^^^^^^^^^^^^
  File "/home/airflow/.local/lib/python3.11/site-packages/airflow/models/taskinstance.py", line 432, in _execute_callable
    return execute_callable(context=context, **execute_callable_kwargs)
           ^^^^^^^^^^^^^^^^^^^^^^^^^^^^^^^^^^^^^^^^^^^^^^^^^^^^^^^^^^^^
  File "/home/airflow/.local/lib/python3.11/site-packages/airflow/models/baseoperator.py", line 401, in wrapper
    return func(self, *args, **kwargs)
           ^^^^^^^^^^^^^^^^^^^^^^^^^^^
  File "/home/airflow/.local/lib/python3.11/site-packages/airflow/providers/apache/spark/operators/spark_submit.py", line 177, in execute
    self._hook.submit(self.application)
  File "/home/airflow/.local/lib/python3.11/site-packages/airflow/providers/apache/spark/hooks/spark_submit.py", line 567, in submit
    raise AirflowException(
airflow.exceptions.AirflowException: Cannot execute: spark-submit --master spark-master:7077 --conf spark.executor.memory=2g --conf spark.executor.cores=2 --principal *** --name arrow-spark --verbose --deploy-mode client /spark_job/printspark.py. Error code is: 1.
[2025-01-03T14:05:29.960+0000] {taskinstance.py:1206} INFO - Marking task as UP_FOR_RETRY. dag_id=spark_submit_example, task_id=spark_submit_task, run_id=manual__2025-01-03T13:55:03.540657+00:00, execution_date=20250103T135503, start_date=20250103T140423, end_date=20250103T140529
[2025-01-03T14:05:29.994+0000] {standard_task_runner.py:110} ERROR - Failed to execute job 28 for task spark_submit_task (Cannot execute: spark-submit --master spark-master:7077 --conf spark.executor.memory=2g --conf spark.executor.cores=2 --principal *** --name arrow-spark --verbose --deploy-mode client /spark_job/printspark.py. Error code is: 1.; 345)
[2025-01-03T14:05:30.027+0000] {local_task_job_runner.py:240} INFO - Task exited with return code 1
[2025-01-03T14:05:30.050+0000] {taskinstance.py:3503} INFO - 0 downstream tasks scheduled from follow-on schedule check
[2025-01-03T14:05:30.078+0000] {local_task_job_runner.py:222} INFO - ::endgroup::
