[2025-01-03T14:01:12.818+0000] {local_task_job_runner.py:120} INFO - ::group::Pre task execution logs
[2025-01-03T14:01:12.860+0000] {taskinstance.py:2076} INFO - Dependencies all met for dep_context=non-requeueable deps ti=<TaskInstance: spark_submit_example.spark_submit_task manual__2025-01-03T13:55:03.540657+00:00 [queued]>
[2025-01-03T14:01:12.869+0000] {taskinstance.py:2076} INFO - Dependencies all met for dep_context=requeueable deps ti=<TaskInstance: spark_submit_example.spark_submit_task manual__2025-01-03T13:55:03.540657+00:00 [queued]>
[2025-01-03T14:01:12.870+0000] {taskinstance.py:2306} INFO - Starting attempt 2 of 2
[2025-01-03T14:01:12.902+0000] {taskinstance.py:2330} INFO - Executing <Task(SparkSubmitOperator): spark_submit_task> on 2025-01-03 13:55:03.540657+00:00
[2025-01-03T14:01:12.908+0000] {standard_task_runner.py:63} INFO - Started process 170 to run task
[2025-01-03T14:01:12.912+0000] {standard_task_runner.py:90} INFO - Running: ['***', 'tasks', 'run', 'spark_submit_example', 'spark_submit_task', 'manual__2025-01-03T13:55:03.540657+00:00', '--job-id', '26', '--raw', '--subdir', 'DAGS_FOLDER/teste_dag.py', '--cfg-path', '/tmp/tmp7bnkd3if']
[2025-01-03T14:01:12.914+0000] {standard_task_runner.py:91} INFO - Job 26: Subtask spark_submit_task
[2025-01-03T14:01:13.024+0000] {task_command.py:426} INFO - Running <TaskInstance: spark_submit_example.spark_submit_task manual__2025-01-03T13:55:03.540657+00:00 [running]> on host c97300dc4188
[2025-01-03T14:01:13.411+0000] {taskinstance.py:2648} INFO - Exporting env vars: AIRFLOW_CTX_DAG_OWNER='***' AIRFLOW_CTX_DAG_ID='spark_submit_example' AIRFLOW_CTX_TASK_ID='spark_submit_task' AIRFLOW_CTX_EXECUTION_DATE='2025-01-03T13:55:03.540657+00:00' AIRFLOW_CTX_TRY_NUMBER='2' AIRFLOW_CTX_DAG_RUN_ID='manual__2025-01-03T13:55:03.540657+00:00'
[2025-01-03T14:01:13.415+0000] {taskinstance.py:430} INFO - ::endgroup::
[2025-01-03T14:01:13.515+0000] {base.py:84} INFO - Using connection ID 'spark_default' for task execution.
[2025-01-03T14:01:13.522+0000] {spark_submit.py:328} ERROR - Failed to decode base64 keytab: Incorrect padding
[2025-01-03T14:01:13.532+0000] {spark_submit.py:305} INFO - Could not load connection string spark_default, defaulting to spark-master:7077
[2025-01-03T14:01:13.534+0000] {spark_submit.py:474} INFO - Spark-Submit cmd: spark-submit --master spark-master:7077 --conf spark.executor.memory=2g --conf spark.executor.cores=2 --principal *** --name arrow-spark --verbose --deploy-mode client /spark_job/printspark.py
[2025-01-03T14:01:13.760+0000] {spark_submit.py:641} INFO - /home/***/.local/lib/python3.11/site-packages/pyspark/bin/load-spark-env.sh: line 68: ps: command not found
[2025-01-03T14:01:24.688+0000] {spark_submit.py:641} INFO - Using properties file: null
[2025-01-03T14:01:24.960+0000] {spark_submit.py:641} INFO - Parsed arguments:
[2025-01-03T14:01:24.960+0000] {spark_submit.py:641} INFO - master                  spark-master:7077
[2025-01-03T14:01:24.961+0000] {spark_submit.py:641} INFO - remote                  null
[2025-01-03T14:01:24.961+0000] {spark_submit.py:641} INFO - deployMode              client
[2025-01-03T14:01:24.961+0000] {spark_submit.py:641} INFO - executorMemory          2g
[2025-01-03T14:01:24.962+0000] {spark_submit.py:641} INFO - executorCores           2
[2025-01-03T14:01:24.962+0000] {spark_submit.py:641} INFO - totalExecutorCores      null
[2025-01-03T14:01:24.962+0000] {spark_submit.py:641} INFO - propertiesFile          null
[2025-01-03T14:01:24.963+0000] {spark_submit.py:641} INFO - driverMemory            null
[2025-01-03T14:01:24.963+0000] {spark_submit.py:641} INFO - driverCores             null
[2025-01-03T14:01:24.963+0000] {spark_submit.py:641} INFO - driverExtraClassPath    null
[2025-01-03T14:01:24.964+0000] {spark_submit.py:641} INFO - driverExtraLibraryPath  null
[2025-01-03T14:01:24.964+0000] {spark_submit.py:641} INFO - driverExtraJavaOptions  null
[2025-01-03T14:01:24.964+0000] {spark_submit.py:641} INFO - supervise               false
[2025-01-03T14:01:24.965+0000] {spark_submit.py:641} INFO - queue                   null
[2025-01-03T14:01:24.965+0000] {spark_submit.py:641} INFO - numExecutors            null
[2025-01-03T14:01:24.968+0000] {spark_submit.py:641} INFO - files                   null
[2025-01-03T14:01:24.969+0000] {spark_submit.py:641} INFO - pyFiles                 null
[2025-01-03T14:01:24.969+0000] {spark_submit.py:641} INFO - archives                null
[2025-01-03T14:01:24.970+0000] {spark_submit.py:641} INFO - mainClass               null
[2025-01-03T14:01:24.970+0000] {spark_submit.py:641} INFO - primaryResource         file:/spark_job/printspark.py
[2025-01-03T14:01:24.970+0000] {spark_submit.py:641} INFO - name                    arrow-spark
[2025-01-03T14:01:24.971+0000] {spark_submit.py:641} INFO - childArgs               []
[2025-01-03T14:01:24.971+0000] {spark_submit.py:641} INFO - jars                    null
[2025-01-03T14:01:24.972+0000] {spark_submit.py:641} INFO - packages                null
[2025-01-03T14:01:24.972+0000] {spark_submit.py:641} INFO - packagesExclusions      null
[2025-01-03T14:01:24.972+0000] {spark_submit.py:641} INFO - repositories            null
[2025-01-03T14:01:24.973+0000] {spark_submit.py:641} INFO - verbose                 true
[2025-01-03T14:01:24.973+0000] {spark_submit.py:641} INFO - 
[2025-01-03T14:01:24.974+0000] {spark_submit.py:641} INFO - Spark properties used, including those specified through
[2025-01-03T14:01:24.975+0000] {spark_submit.py:641} INFO - --conf and those from the properties file null:
[2025-01-03T14:01:24.975+0000] {spark_submit.py:641} INFO - (spark.executor.cores,2)
[2025-01-03T14:01:24.976+0000] {spark_submit.py:641} INFO - (spark.executor.memory,2g)
[2025-01-03T14:01:24.977+0000] {spark_submit.py:641} INFO - 
[2025-01-03T14:01:24.977+0000] {spark_submit.py:641} INFO - 
[2025-01-03T14:01:25.887+0000] {spark_submit.py:641} INFO - Main class:
[2025-01-03T14:01:25.888+0000] {spark_submit.py:641} INFO - org.apache.spark.deploy.PythonRunner
[2025-01-03T14:01:25.889+0000] {spark_submit.py:641} INFO - Arguments:
[2025-01-03T14:01:25.890+0000] {spark_submit.py:641} INFO - file:/spark_job/printspark.py
[2025-01-03T14:01:25.890+0000] {spark_submit.py:641} INFO - null
[2025-01-03T14:01:25.891+0000] {spark_submit.py:641} INFO - Spark config:
[2025-01-03T14:01:25.892+0000] {spark_submit.py:641} INFO - (spark.app.name,arrow-spark)
[2025-01-03T14:01:25.893+0000] {spark_submit.py:641} INFO - (spark.app.submitTime,1735912885853)
[2025-01-03T14:01:25.894+0000] {spark_submit.py:641} INFO - (spark.executor.cores,2)
[2025-01-03T14:01:25.894+0000] {spark_submit.py:641} INFO - (spark.executor.memory,2g)
[2025-01-03T14:01:25.895+0000] {spark_submit.py:641} INFO - (spark.kerberos.principal,***)
[2025-01-03T14:01:25.895+0000] {spark_submit.py:641} INFO - (spark.master,spark-master:7077)
[2025-01-03T14:01:25.896+0000] {spark_submit.py:641} INFO - (spark.submit.deployMode,client)
[2025-01-03T14:01:25.896+0000] {spark_submit.py:641} INFO - (spark.submit.pyFiles,)
[2025-01-03T14:01:25.897+0000] {spark_submit.py:641} INFO - Classpath elements:
[2025-01-03T14:01:25.897+0000] {spark_submit.py:641} INFO - 
[2025-01-03T14:01:25.898+0000] {spark_submit.py:641} INFO - 
[2025-01-03T14:01:25.899+0000] {spark_submit.py:641} INFO - 
[2025-01-03T14:01:27.829+0000] {spark_submit.py:641} INFO - 25/01/03 14:01:27 INFO SparkContext: Running Spark version 3.5.4
[2025-01-03T14:01:27.831+0000] {spark_submit.py:641} INFO - 25/01/03 14:01:27 INFO SparkContext: OS info Linux, 5.15.153.1-microsoft-standard-WSL2, amd64
[2025-01-03T14:01:27.832+0000] {spark_submit.py:641} INFO - 25/01/03 14:01:27 INFO SparkContext: Java version 17.0.13
[2025-01-03T14:01:28.271+0000] {spark_submit.py:641} INFO - 25/01/03 14:01:28 WARN NativeCodeLoader: Unable to load native-hadoop library for your platform... using builtin-java classes where applicable
[2025-01-03T14:01:28.593+0000] {spark_submit.py:641} INFO - 25/01/03 14:01:28 INFO ResourceUtils: ==============================================================
[2025-01-03T14:01:28.594+0000] {spark_submit.py:641} INFO - 25/01/03 14:01:28 INFO ResourceUtils: No custom resources configured for spark.driver.
[2025-01-03T14:01:28.594+0000] {spark_submit.py:641} INFO - 25/01/03 14:01:28 INFO ResourceUtils: ==============================================================
[2025-01-03T14:01:28.594+0000] {spark_submit.py:641} INFO - 25/01/03 14:01:28 INFO SparkContext: Submitted application: WordCount
[2025-01-03T14:01:28.685+0000] {spark_submit.py:641} INFO - 25/01/03 14:01:28 INFO ResourceProfile: Default ResourceProfile created, executor resources: Map(cores -> name: cores, amount: 2, script: , vendor: , memory -> name: memory, amount: 2048, script: , vendor: , offHeap -> name: offHeap, amount: 0, script: , vendor: ), task resources: Map(cpus -> name: cpus, amount: 1.0)
[2025-01-03T14:01:28.699+0000] {spark_submit.py:641} INFO - 25/01/03 14:01:28 INFO ResourceProfile: Limiting resource is cpus at 2 tasks per executor
[2025-01-03T14:01:28.703+0000] {spark_submit.py:641} INFO - 25/01/03 14:01:28 INFO ResourceProfileManager: Added ResourceProfile id: 0
[2025-01-03T14:01:28.930+0000] {spark_submit.py:641} INFO - 25/01/03 14:01:28 INFO SecurityManager: Changing view acls to: ***
[2025-01-03T14:01:28.931+0000] {spark_submit.py:641} INFO - 25/01/03 14:01:28 INFO SecurityManager: Changing modify acls to: ***
[2025-01-03T14:01:28.931+0000] {spark_submit.py:641} INFO - 25/01/03 14:01:28 INFO SecurityManager: Changing view acls groups to:
[2025-01-03T14:01:28.931+0000] {spark_submit.py:641} INFO - 25/01/03 14:01:28 INFO SecurityManager: Changing modify acls groups to:
[2025-01-03T14:01:28.932+0000] {spark_submit.py:641} INFO - 25/01/03 14:01:28 INFO SecurityManager: SecurityManager: authentication disabled; ui acls disabled; users with view permissions: ***; groups with view permissions: EMPTY; users with modify permissions: ***; groups with modify permissions: EMPTY
[2025-01-03T14:01:29.596+0000] {spark_submit.py:641} INFO - 25/01/03 14:01:29 INFO Utils: Successfully started service 'sparkDriver' on port 35135.
[2025-01-03T14:01:29.707+0000] {spark_submit.py:641} INFO - 25/01/03 14:01:29 INFO SparkEnv: Registering MapOutputTracker
[2025-01-03T14:01:29.819+0000] {spark_submit.py:641} INFO - 25/01/03 14:01:29 INFO SparkEnv: Registering BlockManagerMaster
[2025-01-03T14:01:29.936+0000] {spark_submit.py:641} INFO - 25/01/03 14:01:29 INFO BlockManagerMasterEndpoint: Using org.apache.spark.storage.DefaultTopologyMapper for getting topology information
[2025-01-03T14:01:29.936+0000] {spark_submit.py:641} INFO - 25/01/03 14:01:29 INFO BlockManagerMasterEndpoint: BlockManagerMasterEndpoint up
[2025-01-03T14:01:29.983+0000] {spark_submit.py:641} INFO - 25/01/03 14:01:29 INFO SparkEnv: Registering BlockManagerMasterHeartbeat
[2025-01-03T14:01:30.045+0000] {spark_submit.py:641} INFO - 25/01/03 14:01:30 INFO DiskBlockManager: Created local directory at /tmp/blockmgr-ff3c815a-21d1-4a6f-9131-6439ccb6828e
[2025-01-03T14:01:30.061+0000] {spark_submit.py:641} INFO - 25/01/03 14:01:30 INFO MemoryStore: MemoryStore started with capacity 434.4 MiB
[2025-01-03T14:01:30.103+0000] {spark_submit.py:641} INFO - 25/01/03 14:01:30 INFO SparkEnv: Registering OutputCommitCoordinator
[2025-01-03T14:01:30.674+0000] {spark_submit.py:641} INFO - 25/01/03 14:01:30 INFO JettyUtils: Start Jetty 0.0.0.0:4040 for SparkUI
[2025-01-03T14:01:30.805+0000] {spark_submit.py:641} INFO - 25/01/03 14:01:30 INFO Utils: Successfully started service 'SparkUI' on port 4040.
[2025-01-03T14:01:31.131+0000] {spark_submit.py:641} INFO - 25/01/03 14:01:31 INFO StandaloneAppClient$ClientEndpoint: Connecting to master spark://spark-master:7077...
[2025-01-03T14:01:34.465+0000] {spark_submit.py:641} INFO - 25/01/03 14:01:34 WARN TransportClientFactory: DNS resolution failed for spark-master/<unresolved>:7077 took 3309 ms
[2025-01-03T14:01:34.545+0000] {spark_submit.py:641} INFO - 25/01/03 14:01:34 WARN StandaloneAppClient$ClientEndpoint: Failed to connect to master spark-master:7077
[2025-01-03T14:01:34.546+0000] {spark_submit.py:641} INFO - org.apache.spark.SparkException: Exception thrown in awaitResult:
[2025-01-03T14:01:34.547+0000] {spark_submit.py:641} INFO - at org.apache.spark.util.SparkThreadUtils$.awaitResult(SparkThreadUtils.scala:56)
[2025-01-03T14:01:34.547+0000] {spark_submit.py:641} INFO - at org.apache.spark.util.ThreadUtils$.awaitResult(ThreadUtils.scala:310)
[2025-01-03T14:01:34.548+0000] {spark_submit.py:641} INFO - at org.apache.spark.rpc.RpcTimeout.awaitResult(RpcTimeout.scala:75)
[2025-01-03T14:01:34.548+0000] {spark_submit.py:641} INFO - at org.apache.spark.rpc.RpcEnv.setupEndpointRefByURI(RpcEnv.scala:102)
[2025-01-03T14:01:34.548+0000] {spark_submit.py:641} INFO - at org.apache.spark.rpc.RpcEnv.setupEndpointRef(RpcEnv.scala:110)
[2025-01-03T14:01:34.549+0000] {spark_submit.py:641} INFO - at org.apache.spark.deploy.client.StandaloneAppClient$ClientEndpoint$$anon$1.run(StandaloneAppClient.scala:108)
[2025-01-03T14:01:34.549+0000] {spark_submit.py:641} INFO - at java.base/java.util.concurrent.Executors$RunnableAdapter.call(Executors.java:539)
[2025-01-03T14:01:34.550+0000] {spark_submit.py:641} INFO - at java.base/java.util.concurrent.FutureTask.run(FutureTask.java:264)
[2025-01-03T14:01:34.550+0000] {spark_submit.py:641} INFO - at java.base/java.util.concurrent.ThreadPoolExecutor.runWorker(ThreadPoolExecutor.java:1136)
[2025-01-03T14:01:34.551+0000] {spark_submit.py:641} INFO - at java.base/java.util.concurrent.ThreadPoolExecutor$Worker.run(ThreadPoolExecutor.java:635)
[2025-01-03T14:01:34.551+0000] {spark_submit.py:641} INFO - at java.base/java.lang.Thread.run(Thread.java:840)
[2025-01-03T14:01:34.551+0000] {spark_submit.py:641} INFO - Caused by: java.io.IOException: Failed to connect to spark-master/<unresolved>:7077
[2025-01-03T14:01:34.552+0000] {spark_submit.py:641} INFO - at org.apache.spark.network.client.TransportClientFactory.createClient(TransportClientFactory.java:294)
[2025-01-03T14:01:34.552+0000] {spark_submit.py:641} INFO - at org.apache.spark.network.client.TransportClientFactory.createClient(TransportClientFactory.java:214)
[2025-01-03T14:01:34.553+0000] {spark_submit.py:641} INFO - at org.apache.spark.network.client.TransportClientFactory.createClient(TransportClientFactory.java:226)
[2025-01-03T14:01:34.553+0000] {spark_submit.py:641} INFO - at org.apache.spark.rpc.netty.NettyRpcEnv.createClient(NettyRpcEnv.scala:204)
[2025-01-03T14:01:34.553+0000] {spark_submit.py:641} INFO - at org.apache.spark.rpc.netty.Outbox$$anon$1.call(Outbox.scala:202)
[2025-01-03T14:01:34.554+0000] {spark_submit.py:641} INFO - at org.apache.spark.rpc.netty.Outbox$$anon$1.call(Outbox.scala:198)
[2025-01-03T14:01:34.557+0000] {spark_submit.py:641} INFO - ... 4 more
[2025-01-03T14:01:34.558+0000] {spark_submit.py:641} INFO - Caused by: java.net.UnknownHostException: spark-master
[2025-01-03T14:01:34.558+0000] {spark_submit.py:641} INFO - at java.base/java.net.InetAddress$CachedAddresses.get(InetAddress.java:801)
[2025-01-03T14:01:34.558+0000] {spark_submit.py:641} INFO - at java.base/java.net.InetAddress.getAllByName0(InetAddress.java:1533)
[2025-01-03T14:01:34.559+0000] {spark_submit.py:641} INFO - at java.base/java.net.InetAddress.getAllByName(InetAddress.java:1385)
[2025-01-03T14:01:34.559+0000] {spark_submit.py:641} INFO - at java.base/java.net.InetAddress.getAllByName(InetAddress.java:1306)
[2025-01-03T14:01:34.559+0000] {spark_submit.py:641} INFO - at java.base/java.net.InetAddress.getByName(InetAddress.java:1256)
[2025-01-03T14:01:34.560+0000] {spark_submit.py:641} INFO - at io.netty.util.internal.SocketUtils$8.run(SocketUtils.java:156)
[2025-01-03T14:01:34.562+0000] {spark_submit.py:641} INFO - at io.netty.util.internal.SocketUtils$8.run(SocketUtils.java:153)
[2025-01-03T14:01:34.565+0000] {spark_submit.py:641} INFO - at java.base/java.security.AccessController.doPrivileged(AccessController.java:569)
[2025-01-03T14:01:34.566+0000] {spark_submit.py:641} INFO - at io.netty.util.internal.SocketUtils.addressByName(SocketUtils.java:153)
[2025-01-03T14:01:34.567+0000] {spark_submit.py:641} INFO - at io.netty.resolver.DefaultNameResolver.doResolve(DefaultNameResolver.java:41)
[2025-01-03T14:01:34.567+0000] {spark_submit.py:641} INFO - at io.netty.resolver.SimpleNameResolver.resolve(SimpleNameResolver.java:61)
[2025-01-03T14:01:34.567+0000] {spark_submit.py:641} INFO - at io.netty.resolver.SimpleNameResolver.resolve(SimpleNameResolver.java:53)
[2025-01-03T14:01:34.568+0000] {spark_submit.py:641} INFO - at io.netty.resolver.InetSocketAddressResolver.doResolve(InetSocketAddressResolver.java:55)
[2025-01-03T14:01:34.568+0000] {spark_submit.py:641} INFO - at io.netty.resolver.InetSocketAddressResolver.doResolve(InetSocketAddressResolver.java:31)
[2025-01-03T14:01:34.568+0000] {spark_submit.py:641} INFO - at io.netty.resolver.AbstractAddressResolver.resolve(AbstractAddressResolver.java:106)
[2025-01-03T14:01:34.569+0000] {spark_submit.py:641} INFO - at io.netty.bootstrap.Bootstrap.doResolveAndConnect0(Bootstrap.java:220)
[2025-01-03T14:01:34.569+0000] {spark_submit.py:641} INFO - at io.netty.bootstrap.Bootstrap.access$000(Bootstrap.java:46)
[2025-01-03T14:01:34.569+0000] {spark_submit.py:641} INFO - at io.netty.bootstrap.Bootstrap$1.operationComplete(Bootstrap.java:189)
[2025-01-03T14:01:34.570+0000] {spark_submit.py:641} INFO - at io.netty.bootstrap.Bootstrap$1.operationComplete(Bootstrap.java:175)
[2025-01-03T14:01:34.570+0000] {spark_submit.py:641} INFO - at io.netty.util.concurrent.DefaultPromise.notifyListener0(DefaultPromise.java:590)
[2025-01-03T14:01:34.572+0000] {spark_submit.py:641} INFO - at io.netty.util.concurrent.DefaultPromise.notifyListenersNow(DefaultPromise.java:557)
[2025-01-03T14:01:34.573+0000] {spark_submit.py:641} INFO - at io.netty.util.concurrent.DefaultPromise.notifyListeners(DefaultPromise.java:492)
[2025-01-03T14:01:34.573+0000] {spark_submit.py:641} INFO - at io.netty.util.concurrent.DefaultPromise.setValue0(DefaultPromise.java:636)
[2025-01-03T14:01:34.574+0000] {spark_submit.py:641} INFO - at io.netty.util.concurrent.DefaultPromise.setSuccess0(DefaultPromise.java:625)
[2025-01-03T14:01:34.574+0000] {spark_submit.py:641} INFO - at io.netty.util.concurrent.DefaultPromise.trySuccess(DefaultPromise.java:105)
[2025-01-03T14:01:34.574+0000] {spark_submit.py:641} INFO - at io.netty.channel.DefaultChannelPromise.trySuccess(DefaultChannelPromise.java:84)
[2025-01-03T14:01:34.575+0000] {spark_submit.py:641} INFO - at io.netty.channel.AbstractChannel$AbstractUnsafe.safeSetSuccess(AbstractChannel.java:990)
[2025-01-03T14:01:34.576+0000] {spark_submit.py:641} INFO - at io.netty.channel.AbstractChannel$AbstractUnsafe.register0(AbstractChannel.java:516)
[2025-01-03T14:01:34.576+0000] {spark_submit.py:641} INFO - at io.netty.channel.AbstractChannel$AbstractUnsafe.access$200(AbstractChannel.java:429)
[2025-01-03T14:01:34.577+0000] {spark_submit.py:641} INFO - at io.netty.channel.AbstractChannel$AbstractUnsafe$1.run(AbstractChannel.java:486)
[2025-01-03T14:01:34.577+0000] {spark_submit.py:641} INFO - at io.netty.util.concurrent.AbstractEventExecutor.runTask(AbstractEventExecutor.java:174)
[2025-01-03T14:01:34.577+0000] {spark_submit.py:641} INFO - at io.netty.util.concurrent.AbstractEventExecutor.safeExecute(AbstractEventExecutor.java:167)
[2025-01-03T14:01:34.577+0000] {spark_submit.py:641} INFO - at io.netty.util.concurrent.SingleThreadEventExecutor.runAllTasks(SingleThreadEventExecutor.java:470)
[2025-01-03T14:01:34.578+0000] {spark_submit.py:641} INFO - at io.netty.channel.nio.NioEventLoop.run(NioEventLoop.java:569)
[2025-01-03T14:01:34.578+0000] {spark_submit.py:641} INFO - at io.netty.util.concurrent.SingleThreadEventExecutor$4.run(SingleThreadEventExecutor.java:997)
[2025-01-03T14:01:34.579+0000] {spark_submit.py:641} INFO - at io.netty.util.internal.ThreadExecutorMap$2.run(ThreadExecutorMap.java:74)
[2025-01-03T14:01:34.579+0000] {spark_submit.py:641} INFO - at io.netty.util.concurrent.FastThreadLocalRunnable.run(FastThreadLocalRunnable.java:30)
[2025-01-03T14:01:34.580+0000] {spark_submit.py:641} INFO - ... 1 more
[2025-01-03T14:01:51.132+0000] {spark_submit.py:641} INFO - 25/01/03 14:01:51 INFO StandaloneAppClient$ClientEndpoint: Connecting to master spark://spark-master:7077...
[2025-01-03T14:01:54.448+0000] {spark_submit.py:641} INFO - 25/01/03 14:01:54 WARN TransportClientFactory: DNS resolution failed for spark-master/<unresolved>:7077 took 3314 ms
[2025-01-03T14:01:54.453+0000] {spark_submit.py:641} INFO - 25/01/03 14:01:54 WARN StandaloneAppClient$ClientEndpoint: Failed to connect to master spark-master:7077
[2025-01-03T14:01:54.453+0000] {spark_submit.py:641} INFO - org.apache.spark.SparkException: Exception thrown in awaitResult:
[2025-01-03T14:01:54.454+0000] {spark_submit.py:641} INFO - at org.apache.spark.util.SparkThreadUtils$.awaitResult(SparkThreadUtils.scala:56)
[2025-01-03T14:01:54.454+0000] {spark_submit.py:641} INFO - at org.apache.spark.util.ThreadUtils$.awaitResult(ThreadUtils.scala:310)
[2025-01-03T14:01:54.455+0000] {spark_submit.py:641} INFO - at org.apache.spark.rpc.RpcTimeout.awaitResult(RpcTimeout.scala:75)
[2025-01-03T14:01:54.455+0000] {spark_submit.py:641} INFO - at org.apache.spark.rpc.RpcEnv.setupEndpointRefByURI(RpcEnv.scala:102)
[2025-01-03T14:01:54.456+0000] {spark_submit.py:641} INFO - at org.apache.spark.rpc.RpcEnv.setupEndpointRef(RpcEnv.scala:110)
[2025-01-03T14:01:54.456+0000] {spark_submit.py:641} INFO - at org.apache.spark.deploy.client.StandaloneAppClient$ClientEndpoint$$anon$1.run(StandaloneAppClient.scala:108)
[2025-01-03T14:01:54.457+0000] {spark_submit.py:641} INFO - at java.base/java.util.concurrent.Executors$RunnableAdapter.call(Executors.java:539)
[2025-01-03T14:01:54.457+0000] {spark_submit.py:641} INFO - at java.base/java.util.concurrent.FutureTask.run(FutureTask.java:264)
[2025-01-03T14:01:54.457+0000] {spark_submit.py:641} INFO - at java.base/java.util.concurrent.ThreadPoolExecutor.runWorker(ThreadPoolExecutor.java:1136)
[2025-01-03T14:01:54.458+0000] {spark_submit.py:641} INFO - at java.base/java.util.concurrent.ThreadPoolExecutor$Worker.run(ThreadPoolExecutor.java:635)
[2025-01-03T14:01:54.458+0000] {spark_submit.py:641} INFO - at java.base/java.lang.Thread.run(Thread.java:840)
[2025-01-03T14:01:54.459+0000] {spark_submit.py:641} INFO - Caused by: java.io.IOException: Failed to connect to spark-master/<unresolved>:7077
[2025-01-03T14:01:54.459+0000] {spark_submit.py:641} INFO - at org.apache.spark.network.client.TransportClientFactory.createClient(TransportClientFactory.java:294)
[2025-01-03T14:01:54.459+0000] {spark_submit.py:641} INFO - at org.apache.spark.network.client.TransportClientFactory.createClient(TransportClientFactory.java:214)
[2025-01-03T14:01:54.460+0000] {spark_submit.py:641} INFO - at org.apache.spark.network.client.TransportClientFactory.createClient(TransportClientFactory.java:226)
[2025-01-03T14:01:54.460+0000] {spark_submit.py:641} INFO - at org.apache.spark.rpc.netty.NettyRpcEnv.createClient(NettyRpcEnv.scala:204)
[2025-01-03T14:01:54.460+0000] {spark_submit.py:641} INFO - at org.apache.spark.rpc.netty.Outbox$$anon$1.call(Outbox.scala:202)
[2025-01-03T14:01:54.461+0000] {spark_submit.py:641} INFO - at org.apache.spark.rpc.netty.Outbox$$anon$1.call(Outbox.scala:198)
[2025-01-03T14:01:54.461+0000] {spark_submit.py:641} INFO - ... 4 more
[2025-01-03T14:01:54.461+0000] {spark_submit.py:641} INFO - Caused by: java.net.UnknownHostException: spark-master
[2025-01-03T14:01:54.461+0000] {spark_submit.py:641} INFO - at java.base/java.net.InetAddress$CachedAddresses.get(InetAddress.java:801)
[2025-01-03T14:01:54.462+0000] {spark_submit.py:641} INFO - at java.base/java.net.InetAddress.getAllByName0(InetAddress.java:1533)
[2025-01-03T14:01:54.463+0000] {spark_submit.py:641} INFO - at java.base/java.net.InetAddress.getAllByName(InetAddress.java:1385)
[2025-01-03T14:01:54.463+0000] {spark_submit.py:641} INFO - at java.base/java.net.InetAddress.getAllByName(InetAddress.java:1306)
[2025-01-03T14:01:54.464+0000] {spark_submit.py:641} INFO - at java.base/java.net.InetAddress.getByName(InetAddress.java:1256)
[2025-01-03T14:01:54.464+0000] {spark_submit.py:641} INFO - at io.netty.util.internal.SocketUtils$8.run(SocketUtils.java:156)
[2025-01-03T14:01:54.465+0000] {spark_submit.py:641} INFO - at io.netty.util.internal.SocketUtils$8.run(SocketUtils.java:153)
[2025-01-03T14:01:54.466+0000] {spark_submit.py:641} INFO - at java.base/java.security.AccessController.doPrivileged(AccessController.java:569)
[2025-01-03T14:01:54.466+0000] {spark_submit.py:641} INFO - at io.netty.util.internal.SocketUtils.addressByName(SocketUtils.java:153)
[2025-01-03T14:01:54.467+0000] {spark_submit.py:641} INFO - at io.netty.resolver.DefaultNameResolver.doResolve(DefaultNameResolver.java:41)
[2025-01-03T14:01:54.467+0000] {spark_submit.py:641} INFO - at io.netty.resolver.SimpleNameResolver.resolve(SimpleNameResolver.java:61)
[2025-01-03T14:01:54.468+0000] {spark_submit.py:641} INFO - at io.netty.resolver.SimpleNameResolver.resolve(SimpleNameResolver.java:53)
[2025-01-03T14:01:54.468+0000] {spark_submit.py:641} INFO - at io.netty.resolver.InetSocketAddressResolver.doResolve(InetSocketAddressResolver.java:55)
[2025-01-03T14:01:54.468+0000] {spark_submit.py:641} INFO - at io.netty.resolver.InetSocketAddressResolver.doResolve(InetSocketAddressResolver.java:31)
[2025-01-03T14:01:54.469+0000] {spark_submit.py:641} INFO - at io.netty.resolver.AbstractAddressResolver.resolve(AbstractAddressResolver.java:106)
[2025-01-03T14:01:54.469+0000] {spark_submit.py:641} INFO - at io.netty.bootstrap.Bootstrap.doResolveAndConnect0(Bootstrap.java:220)
[2025-01-03T14:01:54.469+0000] {spark_submit.py:641} INFO - at io.netty.bootstrap.Bootstrap.access$000(Bootstrap.java:46)
[2025-01-03T14:01:54.469+0000] {spark_submit.py:641} INFO - at io.netty.bootstrap.Bootstrap$1.operationComplete(Bootstrap.java:189)
[2025-01-03T14:01:54.470+0000] {spark_submit.py:641} INFO - at io.netty.bootstrap.Bootstrap$1.operationComplete(Bootstrap.java:175)
[2025-01-03T14:01:54.470+0000] {spark_submit.py:641} INFO - at io.netty.util.concurrent.DefaultPromise.notifyListener0(DefaultPromise.java:590)
[2025-01-03T14:01:54.470+0000] {spark_submit.py:641} INFO - at io.netty.util.concurrent.DefaultPromise.notifyListenersNow(DefaultPromise.java:557)
[2025-01-03T14:01:54.471+0000] {spark_submit.py:641} INFO - at io.netty.util.concurrent.DefaultPromise.notifyListeners(DefaultPromise.java:492)
[2025-01-03T14:01:54.471+0000] {spark_submit.py:641} INFO - at io.netty.util.concurrent.DefaultPromise.setValue0(DefaultPromise.java:636)
[2025-01-03T14:01:54.471+0000] {spark_submit.py:641} INFO - at io.netty.util.concurrent.DefaultPromise.setSuccess0(DefaultPromise.java:625)
[2025-01-03T14:01:54.472+0000] {spark_submit.py:641} INFO - at io.netty.util.concurrent.DefaultPromise.trySuccess(DefaultPromise.java:105)
[2025-01-03T14:01:54.472+0000] {spark_submit.py:641} INFO - at io.netty.channel.DefaultChannelPromise.trySuccess(DefaultChannelPromise.java:84)
[2025-01-03T14:01:54.473+0000] {spark_submit.py:641} INFO - at io.netty.channel.AbstractChannel$AbstractUnsafe.safeSetSuccess(AbstractChannel.java:990)
[2025-01-03T14:01:54.473+0000] {spark_submit.py:641} INFO - at io.netty.channel.AbstractChannel$AbstractUnsafe.register0(AbstractChannel.java:516)
[2025-01-03T14:01:54.474+0000] {spark_submit.py:641} INFO - at io.netty.channel.AbstractChannel$AbstractUnsafe.access$200(AbstractChannel.java:429)
[2025-01-03T14:01:54.474+0000] {spark_submit.py:641} INFO - at io.netty.channel.AbstractChannel$AbstractUnsafe$1.run(AbstractChannel.java:486)
[2025-01-03T14:01:54.474+0000] {spark_submit.py:641} INFO - at io.netty.util.concurrent.AbstractEventExecutor.runTask(AbstractEventExecutor.java:174)
[2025-01-03T14:01:54.475+0000] {spark_submit.py:641} INFO - at io.netty.util.concurrent.AbstractEventExecutor.safeExecute(AbstractEventExecutor.java:167)
[2025-01-03T14:01:54.475+0000] {spark_submit.py:641} INFO - at io.netty.util.concurrent.SingleThreadEventExecutor.runAllTasks(SingleThreadEventExecutor.java:470)
[2025-01-03T14:01:54.475+0000] {spark_submit.py:641} INFO - at io.netty.channel.nio.NioEventLoop.run(NioEventLoop.java:569)
[2025-01-03T14:01:54.475+0000] {spark_submit.py:641} INFO - at io.netty.util.concurrent.SingleThreadEventExecutor$4.run(SingleThreadEventExecutor.java:997)
[2025-01-03T14:01:54.476+0000] {spark_submit.py:641} INFO - at io.netty.util.internal.ThreadExecutorMap$2.run(ThreadExecutorMap.java:74)
[2025-01-03T14:01:54.476+0000] {spark_submit.py:641} INFO - at io.netty.util.concurrent.FastThreadLocalRunnable.run(FastThreadLocalRunnable.java:30)
[2025-01-03T14:01:54.476+0000] {spark_submit.py:641} INFO - ... 1 more
[2025-01-03T14:02:11.132+0000] {spark_submit.py:641} INFO - 25/01/03 14:02:11 INFO StandaloneAppClient$ClientEndpoint: Connecting to master spark://spark-master:7077...
[2025-01-03T14:02:14.464+0000] {spark_submit.py:641} INFO - 25/01/03 14:02:14 WARN TransportClientFactory: DNS resolution failed for spark-master/<unresolved>:7077 took 3330 ms
[2025-01-03T14:02:14.467+0000] {spark_submit.py:641} INFO - 25/01/03 14:02:14 WARN StandaloneAppClient$ClientEndpoint: Failed to connect to master spark-master:7077
[2025-01-03T14:02:14.468+0000] {spark_submit.py:641} INFO - org.apache.spark.SparkException: Exception thrown in awaitResult:
[2025-01-03T14:02:14.468+0000] {spark_submit.py:641} INFO - at org.apache.spark.util.SparkThreadUtils$.awaitResult(SparkThreadUtils.scala:56)
[2025-01-03T14:02:14.469+0000] {spark_submit.py:641} INFO - at org.apache.spark.util.ThreadUtils$.awaitResult(ThreadUtils.scala:310)
[2025-01-03T14:02:14.469+0000] {spark_submit.py:641} INFO - at org.apache.spark.rpc.RpcTimeout.awaitResult(RpcTimeout.scala:75)
[2025-01-03T14:02:14.469+0000] {spark_submit.py:641} INFO - at org.apache.spark.rpc.RpcEnv.setupEndpointRefByURI(RpcEnv.scala:102)
[2025-01-03T14:02:14.469+0000] {spark_submit.py:641} INFO - at org.apache.spark.rpc.RpcEnv.setupEndpointRef(RpcEnv.scala:110)
[2025-01-03T14:02:14.470+0000] {spark_submit.py:641} INFO - at org.apache.spark.deploy.client.StandaloneAppClient$ClientEndpoint$$anon$1.run(StandaloneAppClient.scala:108)
[2025-01-03T14:02:14.470+0000] {spark_submit.py:641} INFO - at java.base/java.util.concurrent.Executors$RunnableAdapter.call(Executors.java:539)
[2025-01-03T14:02:14.470+0000] {spark_submit.py:641} INFO - at java.base/java.util.concurrent.FutureTask.run(FutureTask.java:264)
[2025-01-03T14:02:14.471+0000] {spark_submit.py:641} INFO - at java.base/java.util.concurrent.ThreadPoolExecutor.runWorker(ThreadPoolExecutor.java:1136)
[2025-01-03T14:02:14.471+0000] {spark_submit.py:641} INFO - at java.base/java.util.concurrent.ThreadPoolExecutor$Worker.run(ThreadPoolExecutor.java:635)
[2025-01-03T14:02:14.471+0000] {spark_submit.py:641} INFO - at java.base/java.lang.Thread.run(Thread.java:840)
[2025-01-03T14:02:14.472+0000] {spark_submit.py:641} INFO - Caused by: java.io.IOException: Failed to connect to spark-master/<unresolved>:7077
[2025-01-03T14:02:14.472+0000] {spark_submit.py:641} INFO - at org.apache.spark.network.client.TransportClientFactory.createClient(TransportClientFactory.java:294)
[2025-01-03T14:02:14.472+0000] {spark_submit.py:641} INFO - at org.apache.spark.network.client.TransportClientFactory.createClient(TransportClientFactory.java:214)
[2025-01-03T14:02:14.473+0000] {spark_submit.py:641} INFO - at org.apache.spark.network.client.TransportClientFactory.createClient(TransportClientFactory.java:226)
[2025-01-03T14:02:14.473+0000] {spark_submit.py:641} INFO - at org.apache.spark.rpc.netty.NettyRpcEnv.createClient(NettyRpcEnv.scala:204)
[2025-01-03T14:02:14.473+0000] {spark_submit.py:641} INFO - at org.apache.spark.rpc.netty.Outbox$$anon$1.call(Outbox.scala:202)
[2025-01-03T14:02:14.473+0000] {spark_submit.py:641} INFO - at org.apache.spark.rpc.netty.Outbox$$anon$1.call(Outbox.scala:198)
[2025-01-03T14:02:14.474+0000] {spark_submit.py:641} INFO - ... 4 more
[2025-01-03T14:02:14.474+0000] {spark_submit.py:641} INFO - Caused by: java.net.UnknownHostException: spark-master
[2025-01-03T14:02:14.474+0000] {spark_submit.py:641} INFO - at java.base/java.net.InetAddress$CachedAddresses.get(InetAddress.java:801)
[2025-01-03T14:02:14.475+0000] {spark_submit.py:641} INFO - at java.base/java.net.InetAddress.getAllByName0(InetAddress.java:1533)
[2025-01-03T14:02:14.475+0000] {spark_submit.py:641} INFO - at java.base/java.net.InetAddress.getAllByName(InetAddress.java:1385)
[2025-01-03T14:02:14.475+0000] {spark_submit.py:641} INFO - at java.base/java.net.InetAddress.getAllByName(InetAddress.java:1306)
[2025-01-03T14:02:14.476+0000] {spark_submit.py:641} INFO - at java.base/java.net.InetAddress.getByName(InetAddress.java:1256)
[2025-01-03T14:02:14.476+0000] {spark_submit.py:641} INFO - at io.netty.util.internal.SocketUtils$8.run(SocketUtils.java:156)
[2025-01-03T14:02:14.476+0000] {spark_submit.py:641} INFO - at io.netty.util.internal.SocketUtils$8.run(SocketUtils.java:153)
[2025-01-03T14:02:14.476+0000] {spark_submit.py:641} INFO - at java.base/java.security.AccessController.doPrivileged(AccessController.java:569)
[2025-01-03T14:02:14.477+0000] {spark_submit.py:641} INFO - at io.netty.util.internal.SocketUtils.addressByName(SocketUtils.java:153)
[2025-01-03T14:02:14.477+0000] {spark_submit.py:641} INFO - at io.netty.resolver.DefaultNameResolver.doResolve(DefaultNameResolver.java:41)
[2025-01-03T14:02:14.477+0000] {spark_submit.py:641} INFO - at io.netty.resolver.SimpleNameResolver.resolve(SimpleNameResolver.java:61)
[2025-01-03T14:02:14.478+0000] {spark_submit.py:641} INFO - at io.netty.resolver.SimpleNameResolver.resolve(SimpleNameResolver.java:53)
[2025-01-03T14:02:14.478+0000] {spark_submit.py:641} INFO - at io.netty.resolver.InetSocketAddressResolver.doResolve(InetSocketAddressResolver.java:55)
[2025-01-03T14:02:14.479+0000] {spark_submit.py:641} INFO - at io.netty.resolver.InetSocketAddressResolver.doResolve(InetSocketAddressResolver.java:31)
[2025-01-03T14:02:14.479+0000] {spark_submit.py:641} INFO - at io.netty.resolver.AbstractAddressResolver.resolve(AbstractAddressResolver.java:106)
[2025-01-03T14:02:14.479+0000] {spark_submit.py:641} INFO - at io.netty.bootstrap.Bootstrap.doResolveAndConnect0(Bootstrap.java:220)
[2025-01-03T14:02:14.479+0000] {spark_submit.py:641} INFO - at io.netty.bootstrap.Bootstrap.access$000(Bootstrap.java:46)
[2025-01-03T14:02:14.480+0000] {spark_submit.py:641} INFO - at io.netty.bootstrap.Bootstrap$1.operationComplete(Bootstrap.java:189)
[2025-01-03T14:02:14.480+0000] {spark_submit.py:641} INFO - at io.netty.bootstrap.Bootstrap$1.operationComplete(Bootstrap.java:175)
[2025-01-03T14:02:14.480+0000] {spark_submit.py:641} INFO - at io.netty.util.concurrent.DefaultPromise.notifyListener0(DefaultPromise.java:590)
[2025-01-03T14:02:14.481+0000] {spark_submit.py:641} INFO - at io.netty.util.concurrent.DefaultPromise.notifyListenersNow(DefaultPromise.java:557)
[2025-01-03T14:02:14.481+0000] {spark_submit.py:641} INFO - at io.netty.util.concurrent.DefaultPromise.notifyListeners(DefaultPromise.java:492)
[2025-01-03T14:02:14.481+0000] {spark_submit.py:641} INFO - at io.netty.util.concurrent.DefaultPromise.setValue0(DefaultPromise.java:636)
[2025-01-03T14:02:14.482+0000] {spark_submit.py:641} INFO - at io.netty.util.concurrent.DefaultPromise.setSuccess0(DefaultPromise.java:625)
[2025-01-03T14:02:14.482+0000] {spark_submit.py:641} INFO - at io.netty.util.concurrent.DefaultPromise.trySuccess(DefaultPromise.java:105)
[2025-01-03T14:02:14.482+0000] {spark_submit.py:641} INFO - at io.netty.channel.DefaultChannelPromise.trySuccess(DefaultChannelPromise.java:84)
[2025-01-03T14:02:14.483+0000] {spark_submit.py:641} INFO - at io.netty.channel.AbstractChannel$AbstractUnsafe.safeSetSuccess(AbstractChannel.java:990)
[2025-01-03T14:02:14.483+0000] {spark_submit.py:641} INFO - at io.netty.channel.AbstractChannel$AbstractUnsafe.register0(AbstractChannel.java:516)
[2025-01-03T14:02:14.483+0000] {spark_submit.py:641} INFO - at io.netty.channel.AbstractChannel$AbstractUnsafe.access$200(AbstractChannel.java:429)
[2025-01-03T14:02:14.484+0000] {spark_submit.py:641} INFO - at io.netty.channel.AbstractChannel$AbstractUnsafe$1.run(AbstractChannel.java:486)
[2025-01-03T14:02:14.484+0000] {spark_submit.py:641} INFO - at io.netty.util.concurrent.AbstractEventExecutor.runTask(AbstractEventExecutor.java:174)
[2025-01-03T14:02:14.484+0000] {spark_submit.py:641} INFO - at io.netty.util.concurrent.AbstractEventExecutor.safeExecute(AbstractEventExecutor.java:167)
[2025-01-03T14:02:14.485+0000] {spark_submit.py:641} INFO - at io.netty.util.concurrent.SingleThreadEventExecutor.runAllTasks(SingleThreadEventExecutor.java:470)
[2025-01-03T14:02:14.485+0000] {spark_submit.py:641} INFO - at io.netty.channel.nio.NioEventLoop.run(NioEventLoop.java:569)
[2025-01-03T14:02:14.485+0000] {spark_submit.py:641} INFO - at io.netty.util.concurrent.SingleThreadEventExecutor$4.run(SingleThreadEventExecutor.java:997)
[2025-01-03T14:02:14.486+0000] {spark_submit.py:641} INFO - at io.netty.util.internal.ThreadExecutorMap$2.run(ThreadExecutorMap.java:74)
[2025-01-03T14:02:14.486+0000] {spark_submit.py:641} INFO - at io.netty.util.concurrent.FastThreadLocalRunnable.run(FastThreadLocalRunnable.java:30)
[2025-01-03T14:02:14.486+0000] {spark_submit.py:641} INFO - ... 1 more
[2025-01-03T14:02:31.132+0000] {spark_submit.py:641} INFO - 25/01/03 14:02:31 WARN StandaloneSchedulerBackend: Application ID is not initialized yet.
[2025-01-03T14:02:31.136+0000] {spark_submit.py:641} INFO - 25/01/03 14:02:31 ERROR StandaloneSchedulerBackend: Application has been killed. Reason: All masters are unresponsive! Giving up.
[2025-01-03T14:02:31.199+0000] {spark_submit.py:641} INFO - 25/01/03 14:02:31 INFO Utils: Successfully started service 'org.apache.spark.network.netty.NettyBlockTransferService' on port 45467.
[2025-01-03T14:02:31.200+0000] {spark_submit.py:641} INFO - 25/01/03 14:02:31 INFO NettyBlockTransferService: Server created on c97300dc4188:45467
[2025-01-03T14:02:31.215+0000] {spark_submit.py:641} INFO - 25/01/03 14:02:31 INFO BlockManager: Using org.apache.spark.storage.RandomBlockReplicationPolicy for block replication policy
[2025-01-03T14:02:31.360+0000] {spark_submit.py:641} INFO - 25/01/03 14:02:31 INFO BlockManagerMaster: Registering BlockManager BlockManagerId(driver, c97300dc4188, 45467, None)
[2025-01-03T14:02:31.368+0000] {spark_submit.py:641} INFO - 25/01/03 14:02:31 INFO BlockManagerMasterEndpoint: Registering block manager c97300dc4188:45467 with 434.4 MiB RAM, BlockManagerId(driver, c97300dc4188, 45467, None)
[2025-01-03T14:02:31.371+0000] {spark_submit.py:641} INFO - 25/01/03 14:02:31 INFO BlockManagerMaster: Registered BlockManager BlockManagerId(driver, c97300dc4188, 45467, None)
[2025-01-03T14:02:31.373+0000] {spark_submit.py:641} INFO - 25/01/03 14:02:31 INFO BlockManager: Initialized BlockManager: BlockManagerId(driver, c97300dc4188, 45467, None)
[2025-01-03T14:02:31.801+0000] {spark_submit.py:641} INFO - 25/01/03 14:02:31 INFO StandaloneSchedulerBackend: SchedulerBackend is ready for scheduling beginning after reached minRegisteredResourcesRatio: 0.0
[2025-01-03T14:02:32.514+0000] {spark_submit.py:641} INFO - 25/01/03 14:02:32 INFO SparkContext: SparkContext is stopping with exitCode 0.
[2025-01-03T14:02:32.543+0000] {spark_submit.py:641} INFO - 25/01/03 14:02:32 INFO SparkUI: Stopped Spark web UI at http://c97300dc4188:4040
[2025-01-03T14:02:32.547+0000] {spark_submit.py:641} INFO - 25/01/03 14:02:32 INFO StandaloneSchedulerBackend: Shutting down all executors
[2025-01-03T14:02:32.551+0000] {spark_submit.py:641} INFO - 25/01/03 14:02:32 INFO StandaloneSchedulerBackend$StandaloneDriverEndpoint: Asking each executor to shut down
[2025-01-03T14:02:32.573+0000] {spark_submit.py:641} INFO - 25/01/03 14:02:32 WARN StandaloneAppClient$ClientEndpoint: Drop UnregisterApplication(null) because has not yet connected to master
[2025-01-03T14:02:32.615+0000] {spark_submit.py:641} INFO - 25/01/03 14:02:32 INFO MapOutputTrackerMasterEndpoint: MapOutputTrackerMasterEndpoint stopped!
[2025-01-03T14:02:32.633+0000] {spark_submit.py:641} INFO - Traceback (most recent call last):
[2025-01-03T14:02:32.634+0000] {spark_submit.py:641} INFO - File "/spark_job/printspark.py", line 13, in <module>
[2025-01-03T14:02:32.636+0000] {spark_submit.py:641} INFO - spark = SparkSession.builder.config(conf=conf).getOrCreate()
[2025-01-03T14:02:32.636+0000] {spark_submit.py:641} INFO - ^^^^^^^^^^^^^^^^^^^^^^^^^^^^^^^^^^^^^^^^^^^^^^^^^^^^
[2025-01-03T14:02:32.637+0000] {spark_submit.py:641} INFO - File "/home/***/.local/lib/python3.11/site-packages/pyspark/python/lib/pyspark.zip/pyspark/sql/session.py", line 500, in getOrCreate
[2025-01-03T14:02:32.637+0000] {spark_submit.py:641} INFO - File "/home/***/.local/lib/python3.11/site-packages/pyspark/python/lib/pyspark.zip/pyspark/sql/session.py", line 589, in __init__
[2025-01-03T14:02:32.637+0000] {spark_submit.py:641} INFO - File "/home/***/.local/lib/python3.11/site-packages/pyspark/python/lib/py4j-0.10.9.7-src.zip/py4j/java_gateway.py", line 1587, in __call__
[2025-01-03T14:02:32.638+0000] {spark_submit.py:641} INFO - File "/home/***/.local/lib/python3.11/site-packages/pyspark/python/lib/py4j-0.10.9.7-src.zip/py4j/protocol.py", line 326, in get_return_value
[2025-01-03T14:02:32.639+0000] {spark_submit.py:641} INFO - py4j.protocol.Py4JJavaError: An error occurred while calling None.org.apache.spark.sql.SparkSession.
[2025-01-03T14:02:32.639+0000] {spark_submit.py:641} INFO - : java.lang.IllegalStateException: Cannot call methods on a stopped SparkContext.
[2025-01-03T14:02:32.640+0000] {spark_submit.py:641} INFO - This stopped SparkContext was created at:
[2025-01-03T14:02:32.640+0000] {spark_submit.py:641} INFO - 
[2025-01-03T14:02:32.640+0000] {spark_submit.py:641} INFO - org.apache.spark.api.java.JavaSparkContext.<init>(JavaSparkContext.scala:58)
[2025-01-03T14:02:32.641+0000] {spark_submit.py:641} INFO - java.base/jdk.internal.reflect.NativeConstructorAccessorImpl.newInstance0(Native Method)
[2025-01-03T14:02:32.641+0000] {spark_submit.py:641} INFO - java.base/jdk.internal.reflect.NativeConstructorAccessorImpl.newInstance(NativeConstructorAccessorImpl.java:77)
[2025-01-03T14:02:32.641+0000] {spark_submit.py:641} INFO - java.base/jdk.internal.reflect.DelegatingConstructorAccessorImpl.newInstance(DelegatingConstructorAccessorImpl.java:45)
[2025-01-03T14:02:32.642+0000] {spark_submit.py:641} INFO - java.base/java.lang.reflect.Constructor.newInstanceWithCaller(Constructor.java:500)
[2025-01-03T14:02:32.642+0000] {spark_submit.py:641} INFO - java.base/java.lang.reflect.Constructor.newInstance(Constructor.java:481)
[2025-01-03T14:02:32.642+0000] {spark_submit.py:641} INFO - py4j.reflection.MethodInvoker.invoke(MethodInvoker.java:247)
[2025-01-03T14:02:32.643+0000] {spark_submit.py:641} INFO - py4j.reflection.ReflectionEngine.invoke(ReflectionEngine.java:374)
[2025-01-03T14:02:32.643+0000] {spark_submit.py:641} INFO - py4j.Gateway.invoke(Gateway.java:238)
[2025-01-03T14:02:32.643+0000] {spark_submit.py:641} INFO - py4j.commands.ConstructorCommand.invokeConstructor(ConstructorCommand.java:80)
[2025-01-03T14:02:32.644+0000] {spark_submit.py:641} INFO - py4j.commands.ConstructorCommand.execute(ConstructorCommand.java:69)
[2025-01-03T14:02:32.644+0000] {spark_submit.py:641} INFO - py4j.ClientServerConnection.waitForCommands(ClientServerConnection.java:182)
[2025-01-03T14:02:32.644+0000] {spark_submit.py:641} INFO - py4j.ClientServerConnection.run(ClientServerConnection.java:106)
[2025-01-03T14:02:32.645+0000] {spark_submit.py:641} INFO - java.base/java.lang.Thread.run(Thread.java:840)
[2025-01-03T14:02:32.645+0000] {spark_submit.py:641} INFO - 
[2025-01-03T14:02:32.645+0000] {spark_submit.py:641} INFO - The currently active SparkContext was created at:
[2025-01-03T14:02:32.645+0000] {spark_submit.py:641} INFO - 
[2025-01-03T14:02:32.646+0000] {spark_submit.py:641} INFO - org.apache.spark.api.java.JavaSparkContext.<init>(JavaSparkContext.scala:58)
[2025-01-03T14:02:32.646+0000] {spark_submit.py:641} INFO - java.base/jdk.internal.reflect.NativeConstructorAccessorImpl.newInstance0(Native Method)
[2025-01-03T14:02:32.647+0000] {spark_submit.py:641} INFO - java.base/jdk.internal.reflect.NativeConstructorAccessorImpl.newInstance(NativeConstructorAccessorImpl.java:77)
[2025-01-03T14:02:32.647+0000] {spark_submit.py:641} INFO - java.base/jdk.internal.reflect.DelegatingConstructorAccessorImpl.newInstance(DelegatingConstructorAccessorImpl.java:45)
[2025-01-03T14:02:32.647+0000] {spark_submit.py:641} INFO - java.base/java.lang.reflect.Constructor.newInstanceWithCaller(Constructor.java:500)
[2025-01-03T14:02:32.648+0000] {spark_submit.py:641} INFO - java.base/java.lang.reflect.Constructor.newInstance(Constructor.java:481)
[2025-01-03T14:02:32.648+0000] {spark_submit.py:641} INFO - py4j.reflection.MethodInvoker.invoke(MethodInvoker.java:247)
[2025-01-03T14:02:32.648+0000] {spark_submit.py:641} INFO - py4j.reflection.ReflectionEngine.invoke(ReflectionEngine.java:374)
[2025-01-03T14:02:32.649+0000] {spark_submit.py:641} INFO - py4j.Gateway.invoke(Gateway.java:238)
[2025-01-03T14:02:32.649+0000] {spark_submit.py:641} INFO - py4j.commands.ConstructorCommand.invokeConstructor(ConstructorCommand.java:80)
[2025-01-03T14:02:32.650+0000] {spark_submit.py:641} INFO - py4j.commands.ConstructorCommand.execute(ConstructorCommand.java:69)
[2025-01-03T14:02:32.650+0000] {spark_submit.py:641} INFO - py4j.ClientServerConnection.waitForCommands(ClientServerConnection.java:182)
[2025-01-03T14:02:32.650+0000] {spark_submit.py:641} INFO - py4j.ClientServerConnection.run(ClientServerConnection.java:106)
[2025-01-03T14:02:32.651+0000] {spark_submit.py:641} INFO - java.base/java.lang.Thread.run(Thread.java:840)
[2025-01-03T14:02:32.651+0000] {spark_submit.py:641} INFO - 
[2025-01-03T14:02:32.651+0000] {spark_submit.py:641} INFO - at org.apache.spark.SparkContext.assertNotStopped(SparkContext.scala:122)
[2025-01-03T14:02:32.651+0000] {spark_submit.py:641} INFO - at org.apache.spark.sql.SparkSession.<init>(SparkSession.scala:113)
[2025-01-03T14:02:32.652+0000] {spark_submit.py:641} INFO - at org.apache.spark.sql.SparkSession.<init>(SparkSession.scala:106)
[2025-01-03T14:02:32.652+0000] {spark_submit.py:641} INFO - at java.base/jdk.internal.reflect.NativeConstructorAccessorImpl.newInstance0(Native Method)
[2025-01-03T14:02:32.652+0000] {spark_submit.py:641} INFO - at java.base/jdk.internal.reflect.NativeConstructorAccessorImpl.newInstance(NativeConstructorAccessorImpl.java:77)
[2025-01-03T14:02:32.653+0000] {spark_submit.py:641} INFO - at java.base/jdk.internal.reflect.DelegatingConstructorAccessorImpl.newInstance(DelegatingConstructorAccessorImpl.java:45)
[2025-01-03T14:02:32.653+0000] {spark_submit.py:641} INFO - at java.base/java.lang.reflect.Constructor.newInstanceWithCaller(Constructor.java:500)
[2025-01-03T14:02:32.653+0000] {spark_submit.py:641} INFO - at java.base/java.lang.reflect.Constructor.newInstance(Constructor.java:481)
[2025-01-03T14:02:32.654+0000] {spark_submit.py:641} INFO - at py4j.reflection.MethodInvoker.invoke(MethodInvoker.java:247)
[2025-01-03T14:02:32.654+0000] {spark_submit.py:641} INFO - at py4j.reflection.ReflectionEngine.invoke(ReflectionEngine.java:374)
[2025-01-03T14:02:32.654+0000] {spark_submit.py:641} INFO - at py4j.Gateway.invoke(Gateway.java:238)
[2025-01-03T14:02:32.654+0000] {spark_submit.py:641} INFO - at py4j.commands.ConstructorCommand.invokeConstructor(ConstructorCommand.java:80)
[2025-01-03T14:02:32.655+0000] {spark_submit.py:641} INFO - at py4j.commands.ConstructorCommand.execute(ConstructorCommand.java:69)
[2025-01-03T14:02:32.655+0000] {spark_submit.py:641} INFO - at py4j.ClientServerConnection.waitForCommands(ClientServerConnection.java:182)
[2025-01-03T14:02:32.655+0000] {spark_submit.py:641} INFO - at py4j.ClientServerConnection.run(ClientServerConnection.java:106)
[2025-01-03T14:02:32.656+0000] {spark_submit.py:641} INFO - at java.base/java.lang.Thread.run(Thread.java:840)
[2025-01-03T14:02:32.656+0000] {spark_submit.py:641} INFO - 
[2025-01-03T14:02:32.668+0000] {spark_submit.py:641} INFO - 25/01/03 14:02:32 INFO MemoryStore: MemoryStore cleared
[2025-01-03T14:02:32.669+0000] {spark_submit.py:641} INFO - 25/01/03 14:02:32 INFO BlockManager: BlockManager stopped
[2025-01-03T14:02:32.674+0000] {spark_submit.py:641} INFO - 25/01/03 14:02:32 INFO BlockManagerMaster: BlockManagerMaster stopped
[2025-01-03T14:02:32.677+0000] {spark_submit.py:641} INFO - 25/01/03 14:02:32 INFO OutputCommitCoordinator$OutputCommitCoordinatorEndpoint: OutputCommitCoordinator stopped!
[2025-01-03T14:02:32.688+0000] {spark_submit.py:641} INFO - 25/01/03 14:02:32 INFO SparkContext: Successfully stopped SparkContext
[2025-01-03T14:02:32.703+0000] {spark_submit.py:641} INFO - 25/01/03 14:02:32 INFO ShutdownHookManager: Shutdown hook called
[2025-01-03T14:02:32.704+0000] {spark_submit.py:641} INFO - 25/01/03 14:02:32 INFO ShutdownHookManager: Deleting directory /tmp/spark-83f6ca7c-6444-4485-886c-b53e76ee8dc3
[2025-01-03T14:02:32.709+0000] {spark_submit.py:641} INFO - 25/01/03 14:02:32 INFO ShutdownHookManager: Deleting directory /tmp/spark-39929846-9ef0-4112-b701-8a824f694afd
[2025-01-03T14:02:32.714+0000] {spark_submit.py:641} INFO - 25/01/03 14:02:32 INFO ShutdownHookManager: Deleting directory /tmp/spark-39929846-9ef0-4112-b701-8a824f694afd/pyspark-5aa9e345-f072-439c-91be-c2b3b22a9c91
[2025-01-03T14:02:32.749+0000] {taskinstance.py:441} INFO - ::group::Post task execution logs
[2025-01-03T14:02:32.760+0000] {taskinstance.py:2905} ERROR - Task failed with exception
Traceback (most recent call last):
  File "/home/airflow/.local/lib/python3.11/site-packages/airflow/models/taskinstance.py", line 465, in _execute_task
    result = _execute_callable(context=context, **execute_callable_kwargs)
             ^^^^^^^^^^^^^^^^^^^^^^^^^^^^^^^^^^^^^^^^^^^^^^^^^^^^^^^^^^^^^
  File "/home/airflow/.local/lib/python3.11/site-packages/airflow/models/taskinstance.py", line 432, in _execute_callable
    return execute_callable(context=context, **execute_callable_kwargs)
           ^^^^^^^^^^^^^^^^^^^^^^^^^^^^^^^^^^^^^^^^^^^^^^^^^^^^^^^^^^^^
  File "/home/airflow/.local/lib/python3.11/site-packages/airflow/models/baseoperator.py", line 401, in wrapper
    return func(self, *args, **kwargs)
           ^^^^^^^^^^^^^^^^^^^^^^^^^^^
  File "/home/airflow/.local/lib/python3.11/site-packages/airflow/providers/apache/spark/operators/spark_submit.py", line 177, in execute
    self._hook.submit(self.application)
  File "/home/airflow/.local/lib/python3.11/site-packages/airflow/providers/apache/spark/hooks/spark_submit.py", line 567, in submit
    raise AirflowException(
airflow.exceptions.AirflowException: Cannot execute: spark-submit --master spark-master:7077 --conf spark.executor.memory=2g --conf spark.executor.cores=2 --principal *** --name arrow-spark --verbose --deploy-mode client /spark_job/printspark.py. Error code is: 1.
[2025-01-03T14:02:32.786+0000] {taskinstance.py:1206} INFO - Marking task as FAILED. dag_id=spark_submit_example, task_id=spark_submit_task, run_id=manual__2025-01-03T13:55:03.540657+00:00, execution_date=20250103T135503, start_date=20250103T140112, end_date=20250103T140232
[2025-01-03T14:02:32.902+0000] {standard_task_runner.py:110} ERROR - Failed to execute job 26 for task spark_submit_task (Cannot execute: spark-submit --master spark-master:7077 --conf spark.executor.memory=2g --conf spark.executor.cores=2 --principal *** --name arrow-spark --verbose --deploy-mode client /spark_job/printspark.py. Error code is: 1.; 170)
[2025-01-03T14:02:32.937+0000] {local_task_job_runner.py:240} INFO - Task exited with return code 1
[2025-01-03T14:02:32.958+0000] {taskinstance.py:3503} INFO - 0 downstream tasks scheduled from follow-on schedule check
[2025-01-03T14:02:32.984+0000] {local_task_job_runner.py:222} INFO - ::endgroup::
