[2025-01-03T14:13:05.995+0000] {local_task_job_runner.py:120} INFO - ::group::Pre task execution logs
[2025-01-03T14:13:06.040+0000] {taskinstance.py:2076} INFO - Dependencies all met for dep_context=non-requeueable deps ti=<TaskInstance: spark_submit_example.spark_submit_task manual__2025-01-03T13:55:03.540657+00:00 [queued]>
[2025-01-03T14:13:06.051+0000] {taskinstance.py:2076} INFO - Dependencies all met for dep_context=requeueable deps ti=<TaskInstance: spark_submit_example.spark_submit_task manual__2025-01-03T13:55:03.540657+00:00 [queued]>
[2025-01-03T14:13:06.052+0000] {taskinstance.py:2306} INFO - Starting attempt 4 of 4
[2025-01-03T14:13:06.114+0000] {taskinstance.py:2330} INFO - Executing <Task(SparkSubmitOperator): spark_submit_task> on 2025-01-03 13:55:03.540657+00:00
[2025-01-03T14:13:06.119+0000] {standard_task_runner.py:63} INFO - Started process 170 to run task
[2025-01-03T14:13:06.123+0000] {standard_task_runner.py:90} INFO - Running: ['***', 'tasks', 'run', 'spark_submit_example', 'spark_submit_task', 'manual__2025-01-03T13:55:03.540657+00:00', '--job-id', '30', '--raw', '--subdir', 'DAGS_FOLDER/teste_dag.py', '--cfg-path', '/tmp/tmpehuz3yy7']
[2025-01-03T14:13:06.125+0000] {standard_task_runner.py:91} INFO - Job 30: Subtask spark_submit_task
[2025-01-03T14:13:06.394+0000] {task_command.py:426} INFO - Running <TaskInstance: spark_submit_example.spark_submit_task manual__2025-01-03T13:55:03.540657+00:00 [running]> on host a850abd09b12
[2025-01-03T14:13:06.549+0000] {taskinstance.py:2648} INFO - Exporting env vars: AIRFLOW_CTX_DAG_OWNER='***' AIRFLOW_CTX_DAG_ID='spark_submit_example' AIRFLOW_CTX_TASK_ID='spark_submit_task' AIRFLOW_CTX_EXECUTION_DATE='2025-01-03T13:55:03.540657+00:00' AIRFLOW_CTX_TRY_NUMBER='4' AIRFLOW_CTX_DAG_RUN_ID='manual__2025-01-03T13:55:03.540657+00:00'
[2025-01-03T14:13:06.550+0000] {taskinstance.py:430} INFO - ::endgroup::
[2025-01-03T14:13:06.577+0000] {base.py:84} INFO - Using connection ID 'spark_default' for task execution.
[2025-01-03T14:13:06.578+0000] {spark_submit.py:328} ERROR - Failed to decode base64 keytab: Incorrect padding
[2025-01-03T14:13:06.579+0000] {spark_submit.py:305} INFO - Could not load connection string spark_default, defaulting to spark-master:7077
[2025-01-03T14:13:06.580+0000] {spark_submit.py:474} INFO - Spark-Submit cmd: spark-submit --master spark-master:7077 --conf spark.executor.memory=2g --conf spark.executor.cores=2 --principal *** --name arrow-spark --verbose --deploy-mode client /spark_job/printspark.py
[2025-01-03T14:13:06.686+0000] {spark_submit.py:641} INFO - /home/***/.local/lib/python3.11/site-packages/pyspark/bin/load-spark-env.sh: line 68: ps: command not found
[2025-01-03T14:13:08.167+0000] {spark_submit.py:641} INFO - Using properties file: null
[2025-01-03T14:13:08.301+0000] {spark_submit.py:641} INFO - Parsed arguments:
[2025-01-03T14:13:08.301+0000] {spark_submit.py:641} INFO - master                  spark-master:7077
[2025-01-03T14:13:08.302+0000] {spark_submit.py:641} INFO - remote                  null
[2025-01-03T14:13:08.302+0000] {spark_submit.py:641} INFO - deployMode              client
[2025-01-03T14:13:08.302+0000] {spark_submit.py:641} INFO - executorMemory          2g
[2025-01-03T14:13:08.303+0000] {spark_submit.py:641} INFO - executorCores           2
[2025-01-03T14:13:08.304+0000] {spark_submit.py:641} INFO - totalExecutorCores      null
[2025-01-03T14:13:08.304+0000] {spark_submit.py:641} INFO - propertiesFile          null
[2025-01-03T14:13:08.305+0000] {spark_submit.py:641} INFO - driverMemory            null
[2025-01-03T14:13:08.305+0000] {spark_submit.py:641} INFO - driverCores             null
[2025-01-03T14:13:08.305+0000] {spark_submit.py:641} INFO - driverExtraClassPath    null
[2025-01-03T14:13:08.306+0000] {spark_submit.py:641} INFO - driverExtraLibraryPath  null
[2025-01-03T14:13:08.306+0000] {spark_submit.py:641} INFO - driverExtraJavaOptions  null
[2025-01-03T14:13:08.306+0000] {spark_submit.py:641} INFO - supervise               false
[2025-01-03T14:13:08.307+0000] {spark_submit.py:641} INFO - queue                   null
[2025-01-03T14:13:08.308+0000] {spark_submit.py:641} INFO - numExecutors            null
[2025-01-03T14:13:08.309+0000] {spark_submit.py:641} INFO - files                   null
[2025-01-03T14:13:08.309+0000] {spark_submit.py:641} INFO - pyFiles                 null
[2025-01-03T14:13:08.310+0000] {spark_submit.py:641} INFO - archives                null
[2025-01-03T14:13:08.310+0000] {spark_submit.py:641} INFO - mainClass               null
[2025-01-03T14:13:08.310+0000] {spark_submit.py:641} INFO - primaryResource         file:/spark_job/printspark.py
[2025-01-03T14:13:08.311+0000] {spark_submit.py:641} INFO - name                    arrow-spark
[2025-01-03T14:13:08.311+0000] {spark_submit.py:641} INFO - childArgs               []
[2025-01-03T14:13:08.311+0000] {spark_submit.py:641} INFO - jars                    null
[2025-01-03T14:13:08.312+0000] {spark_submit.py:641} INFO - packages                null
[2025-01-03T14:13:08.312+0000] {spark_submit.py:641} INFO - packagesExclusions      null
[2025-01-03T14:13:08.312+0000] {spark_submit.py:641} INFO - repositories            null
[2025-01-03T14:13:08.313+0000] {spark_submit.py:641} INFO - verbose                 true
[2025-01-03T14:13:08.313+0000] {spark_submit.py:641} INFO - 
[2025-01-03T14:13:08.313+0000] {spark_submit.py:641} INFO - Spark properties used, including those specified through
[2025-01-03T14:13:08.313+0000] {spark_submit.py:641} INFO - --conf and those from the properties file null:
[2025-01-03T14:13:08.314+0000] {spark_submit.py:641} INFO - (spark.executor.cores,2)
[2025-01-03T14:13:08.314+0000] {spark_submit.py:641} INFO - (spark.executor.memory,2g)
[2025-01-03T14:13:08.314+0000] {spark_submit.py:641} INFO - 
[2025-01-03T14:13:08.315+0000] {spark_submit.py:641} INFO - 
[2025-01-03T14:13:08.692+0000] {spark_submit.py:641} INFO - Main class:
[2025-01-03T14:13:08.693+0000] {spark_submit.py:641} INFO - org.apache.spark.deploy.PythonRunner
[2025-01-03T14:13:08.693+0000] {spark_submit.py:641} INFO - Arguments:
[2025-01-03T14:13:08.694+0000] {spark_submit.py:641} INFO - file:/spark_job/printspark.py
[2025-01-03T14:13:08.694+0000] {spark_submit.py:641} INFO - null
[2025-01-03T14:13:08.696+0000] {spark_submit.py:641} INFO - Spark config:
[2025-01-03T14:13:08.697+0000] {spark_submit.py:641} INFO - (spark.app.name,arrow-spark)
[2025-01-03T14:13:08.701+0000] {spark_submit.py:641} INFO - (spark.app.submitTime,1735913588669)
[2025-01-03T14:13:08.702+0000] {spark_submit.py:641} INFO - (spark.executor.cores,2)
[2025-01-03T14:13:08.703+0000] {spark_submit.py:641} INFO - (spark.executor.memory,2g)
[2025-01-03T14:13:08.704+0000] {spark_submit.py:641} INFO - (spark.kerberos.principal,***)
[2025-01-03T14:13:08.705+0000] {spark_submit.py:641} INFO - (spark.master,spark-master:7077)
[2025-01-03T14:13:08.705+0000] {spark_submit.py:641} INFO - (spark.submit.deployMode,client)
[2025-01-03T14:13:08.706+0000] {spark_submit.py:641} INFO - (spark.submit.pyFiles,)
[2025-01-03T14:13:08.706+0000] {spark_submit.py:641} INFO - Classpath elements:
[2025-01-03T14:13:08.706+0000] {spark_submit.py:641} INFO - 
[2025-01-03T14:13:08.707+0000] {spark_submit.py:641} INFO - 
[2025-01-03T14:13:08.707+0000] {spark_submit.py:641} INFO - 
[2025-01-03T14:13:10.076+0000] {spark_submit.py:641} INFO - 25/01/03 14:13:10 INFO SparkContext: Running Spark version 3.5.4
[2025-01-03T14:13:10.078+0000] {spark_submit.py:641} INFO - 25/01/03 14:13:10 INFO SparkContext: OS info Linux, 5.15.153.1-microsoft-standard-WSL2, amd64
[2025-01-03T14:13:10.079+0000] {spark_submit.py:641} INFO - 25/01/03 14:13:10 INFO SparkContext: Java version 17.0.13
[2025-01-03T14:13:10.144+0000] {spark_submit.py:641} INFO - 25/01/03 14:13:10 WARN NativeCodeLoader: Unable to load native-hadoop library for your platform... using builtin-java classes where applicable
[2025-01-03T14:13:10.264+0000] {spark_submit.py:641} INFO - 25/01/03 14:13:10 INFO ResourceUtils: ==============================================================
[2025-01-03T14:13:10.264+0000] {spark_submit.py:641} INFO - 25/01/03 14:13:10 INFO ResourceUtils: No custom resources configured for spark.driver.
[2025-01-03T14:13:10.265+0000] {spark_submit.py:641} INFO - 25/01/03 14:13:10 INFO ResourceUtils: ==============================================================
[2025-01-03T14:13:10.265+0000] {spark_submit.py:641} INFO - 25/01/03 14:13:10 INFO SparkContext: Submitted application: WordCount
[2025-01-03T14:13:10.312+0000] {spark_submit.py:641} INFO - 25/01/03 14:13:10 INFO ResourceProfile: Default ResourceProfile created, executor resources: Map(cores -> name: cores, amount: 2, script: , vendor: , memory -> name: memory, amount: 2048, script: , vendor: , offHeap -> name: offHeap, amount: 0, script: , vendor: ), task resources: Map(cpus -> name: cpus, amount: 1.0)
[2025-01-03T14:13:10.314+0000] {spark_submit.py:641} INFO - 25/01/03 14:13:10 INFO ResourceProfile: Limiting resource is cpus at 2 tasks per executor
[2025-01-03T14:13:10.315+0000] {spark_submit.py:641} INFO - 25/01/03 14:13:10 INFO ResourceProfileManager: Added ResourceProfile id: 0
[2025-01-03T14:13:10.372+0000] {spark_submit.py:641} INFO - 25/01/03 14:13:10 INFO SecurityManager: Changing view acls to: ***
[2025-01-03T14:13:10.382+0000] {spark_submit.py:641} INFO - 25/01/03 14:13:10 INFO SecurityManager: Changing modify acls to: ***
[2025-01-03T14:13:10.392+0000] {spark_submit.py:641} INFO - 25/01/03 14:13:10 INFO SecurityManager: Changing view acls groups to:
[2025-01-03T14:13:10.399+0000] {spark_submit.py:641} INFO - 25/01/03 14:13:10 INFO SecurityManager: Changing modify acls groups to:
[2025-01-03T14:13:10.400+0000] {spark_submit.py:641} INFO - 25/01/03 14:13:10 INFO SecurityManager: SecurityManager: authentication disabled; ui acls disabled; users with view permissions: ***; groups with view permissions: EMPTY; users with modify permissions: ***; groups with modify permissions: EMPTY
[2025-01-03T14:13:10.711+0000] {spark_submit.py:641} INFO - 25/01/03 14:13:10 INFO Utils: Successfully started service 'sparkDriver' on port 36275.
[2025-01-03T14:13:10.737+0000] {spark_submit.py:641} INFO - 25/01/03 14:13:10 INFO SparkEnv: Registering MapOutputTracker
[2025-01-03T14:13:10.778+0000] {spark_submit.py:641} INFO - 25/01/03 14:13:10 INFO SparkEnv: Registering BlockManagerMaster
[2025-01-03T14:13:10.794+0000] {spark_submit.py:641} INFO - 25/01/03 14:13:10 INFO BlockManagerMasterEndpoint: Using org.apache.spark.storage.DefaultTopologyMapper for getting topology information
[2025-01-03T14:13:10.795+0000] {spark_submit.py:641} INFO - 25/01/03 14:13:10 INFO BlockManagerMasterEndpoint: BlockManagerMasterEndpoint up
[2025-01-03T14:13:10.814+0000] {spark_submit.py:641} INFO - 25/01/03 14:13:10 INFO SparkEnv: Registering BlockManagerMasterHeartbeat
[2025-01-03T14:13:10.848+0000] {spark_submit.py:641} INFO - 25/01/03 14:13:10 INFO DiskBlockManager: Created local directory at /tmp/blockmgr-312d5f67-e957-4350-a697-df97c9a43e26
[2025-01-03T14:13:10.880+0000] {spark_submit.py:641} INFO - 25/01/03 14:13:10 INFO MemoryStore: MemoryStore started with capacity 434.4 MiB
[2025-01-03T14:13:10.913+0000] {spark_submit.py:641} INFO - 25/01/03 14:13:10 INFO SparkEnv: Registering OutputCommitCoordinator
[2025-01-03T14:13:11.124+0000] {spark_submit.py:641} INFO - 25/01/03 14:13:11 INFO JettyUtils: Start Jetty 0.0.0.0:4040 for SparkUI
[2025-01-03T14:13:11.213+0000] {spark_submit.py:641} INFO - 25/01/03 14:13:11 INFO Utils: Successfully started service 'SparkUI' on port 4040.
[2025-01-03T14:13:11.400+0000] {spark_submit.py:641} INFO - 25/01/03 14:13:11 INFO StandaloneAppClient$ClientEndpoint: Connecting to master spark://spark-master:7077...
[2025-01-03T14:13:14.738+0000] {spark_submit.py:641} INFO - 25/01/03 14:13:14 WARN TransportClientFactory: DNS resolution failed for spark-master/<unresolved>:7077 took 3308 ms
[2025-01-03T14:13:14.767+0000] {spark_submit.py:641} INFO - 25/01/03 14:13:14 WARN StandaloneAppClient$ClientEndpoint: Failed to connect to master spark-master:7077
[2025-01-03T14:13:14.767+0000] {spark_submit.py:641} INFO - org.apache.spark.SparkException: Exception thrown in awaitResult:
[2025-01-03T14:13:14.768+0000] {spark_submit.py:641} INFO - at org.apache.spark.util.SparkThreadUtils$.awaitResult(SparkThreadUtils.scala:56)
[2025-01-03T14:13:14.769+0000] {spark_submit.py:641} INFO - at org.apache.spark.util.ThreadUtils$.awaitResult(ThreadUtils.scala:310)
[2025-01-03T14:13:14.769+0000] {spark_submit.py:641} INFO - at org.apache.spark.rpc.RpcTimeout.awaitResult(RpcTimeout.scala:75)
[2025-01-03T14:13:14.769+0000] {spark_submit.py:641} INFO - at org.apache.spark.rpc.RpcEnv.setupEndpointRefByURI(RpcEnv.scala:102)
[2025-01-03T14:13:14.770+0000] {spark_submit.py:641} INFO - at org.apache.spark.rpc.RpcEnv.setupEndpointRef(RpcEnv.scala:110)
[2025-01-03T14:13:14.770+0000] {spark_submit.py:641} INFO - at org.apache.spark.deploy.client.StandaloneAppClient$ClientEndpoint$$anon$1.run(StandaloneAppClient.scala:108)
[2025-01-03T14:13:14.771+0000] {spark_submit.py:641} INFO - at java.base/java.util.concurrent.Executors$RunnableAdapter.call(Executors.java:539)
[2025-01-03T14:13:14.771+0000] {spark_submit.py:641} INFO - at java.base/java.util.concurrent.FutureTask.run(FutureTask.java:264)
[2025-01-03T14:13:14.772+0000] {spark_submit.py:641} INFO - at java.base/java.util.concurrent.ThreadPoolExecutor.runWorker(ThreadPoolExecutor.java:1136)
[2025-01-03T14:13:14.772+0000] {spark_submit.py:641} INFO - at java.base/java.util.concurrent.ThreadPoolExecutor$Worker.run(ThreadPoolExecutor.java:635)
[2025-01-03T14:13:14.772+0000] {spark_submit.py:641} INFO - at java.base/java.lang.Thread.run(Thread.java:840)
[2025-01-03T14:13:14.773+0000] {spark_submit.py:641} INFO - Caused by: java.io.IOException: Failed to connect to spark-master/<unresolved>:7077
[2025-01-03T14:13:14.773+0000] {spark_submit.py:641} INFO - at org.apache.spark.network.client.TransportClientFactory.createClient(TransportClientFactory.java:294)
[2025-01-03T14:13:14.773+0000] {spark_submit.py:641} INFO - at org.apache.spark.network.client.TransportClientFactory.createClient(TransportClientFactory.java:214)
[2025-01-03T14:13:14.774+0000] {spark_submit.py:641} INFO - at org.apache.spark.network.client.TransportClientFactory.createClient(TransportClientFactory.java:226)
[2025-01-03T14:13:14.774+0000] {spark_submit.py:641} INFO - at org.apache.spark.rpc.netty.NettyRpcEnv.createClient(NettyRpcEnv.scala:204)
[2025-01-03T14:13:14.774+0000] {spark_submit.py:641} INFO - at org.apache.spark.rpc.netty.Outbox$$anon$1.call(Outbox.scala:202)
[2025-01-03T14:13:14.774+0000] {spark_submit.py:641} INFO - at org.apache.spark.rpc.netty.Outbox$$anon$1.call(Outbox.scala:198)
[2025-01-03T14:13:14.775+0000] {spark_submit.py:641} INFO - ... 4 more
[2025-01-03T14:13:14.775+0000] {spark_submit.py:641} INFO - Caused by: java.net.UnknownHostException: spark-master
[2025-01-03T14:13:14.776+0000] {spark_submit.py:641} INFO - at java.base/java.net.InetAddress$CachedAddresses.get(InetAddress.java:801)
[2025-01-03T14:13:14.776+0000] {spark_submit.py:641} INFO - at java.base/java.net.InetAddress.getAllByName0(InetAddress.java:1533)
[2025-01-03T14:13:14.776+0000] {spark_submit.py:641} INFO - at java.base/java.net.InetAddress.getAllByName(InetAddress.java:1385)
[2025-01-03T14:13:14.777+0000] {spark_submit.py:641} INFO - at java.base/java.net.InetAddress.getAllByName(InetAddress.java:1306)
[2025-01-03T14:13:14.777+0000] {spark_submit.py:641} INFO - at java.base/java.net.InetAddress.getByName(InetAddress.java:1256)
[2025-01-03T14:13:14.777+0000] {spark_submit.py:641} INFO - at io.netty.util.internal.SocketUtils$8.run(SocketUtils.java:156)
[2025-01-03T14:13:14.778+0000] {spark_submit.py:641} INFO - at io.netty.util.internal.SocketUtils$8.run(SocketUtils.java:153)
[2025-01-03T14:13:14.778+0000] {spark_submit.py:641} INFO - at java.base/java.security.AccessController.doPrivileged(AccessController.java:569)
[2025-01-03T14:13:14.778+0000] {spark_submit.py:641} INFO - at io.netty.util.internal.SocketUtils.addressByName(SocketUtils.java:153)
[2025-01-03T14:13:14.779+0000] {spark_submit.py:641} INFO - at io.netty.resolver.DefaultNameResolver.doResolve(DefaultNameResolver.java:41)
[2025-01-03T14:13:14.779+0000] {spark_submit.py:641} INFO - at io.netty.resolver.SimpleNameResolver.resolve(SimpleNameResolver.java:61)
[2025-01-03T14:13:14.779+0000] {spark_submit.py:641} INFO - at io.netty.resolver.SimpleNameResolver.resolve(SimpleNameResolver.java:53)
[2025-01-03T14:13:14.780+0000] {spark_submit.py:641} INFO - at io.netty.resolver.InetSocketAddressResolver.doResolve(InetSocketAddressResolver.java:55)
[2025-01-03T14:13:14.780+0000] {spark_submit.py:641} INFO - at io.netty.resolver.InetSocketAddressResolver.doResolve(InetSocketAddressResolver.java:31)
[2025-01-03T14:13:14.780+0000] {spark_submit.py:641} INFO - at io.netty.resolver.AbstractAddressResolver.resolve(AbstractAddressResolver.java:106)
[2025-01-03T14:13:14.781+0000] {spark_submit.py:641} INFO - at io.netty.bootstrap.Bootstrap.doResolveAndConnect0(Bootstrap.java:220)
[2025-01-03T14:13:14.781+0000] {spark_submit.py:641} INFO - at io.netty.bootstrap.Bootstrap.access$000(Bootstrap.java:46)
[2025-01-03T14:13:14.781+0000] {spark_submit.py:641} INFO - at io.netty.bootstrap.Bootstrap$1.operationComplete(Bootstrap.java:189)
[2025-01-03T14:13:14.781+0000] {spark_submit.py:641} INFO - at io.netty.bootstrap.Bootstrap$1.operationComplete(Bootstrap.java:175)
[2025-01-03T14:13:14.782+0000] {spark_submit.py:641} INFO - at io.netty.util.concurrent.DefaultPromise.notifyListener0(DefaultPromise.java:590)
[2025-01-03T14:13:14.782+0000] {spark_submit.py:641} INFO - at io.netty.util.concurrent.DefaultPromise.notifyListenersNow(DefaultPromise.java:557)
[2025-01-03T14:13:14.782+0000] {spark_submit.py:641} INFO - at io.netty.util.concurrent.DefaultPromise.notifyListeners(DefaultPromise.java:492)
[2025-01-03T14:13:14.783+0000] {spark_submit.py:641} INFO - at io.netty.util.concurrent.DefaultPromise.setValue0(DefaultPromise.java:636)
[2025-01-03T14:13:14.783+0000] {spark_submit.py:641} INFO - at io.netty.util.concurrent.DefaultPromise.setSuccess0(DefaultPromise.java:625)
[2025-01-03T14:13:14.784+0000] {spark_submit.py:641} INFO - at io.netty.util.concurrent.DefaultPromise.trySuccess(DefaultPromise.java:105)
[2025-01-03T14:13:14.784+0000] {spark_submit.py:641} INFO - at io.netty.channel.DefaultChannelPromise.trySuccess(DefaultChannelPromise.java:84)
[2025-01-03T14:13:14.784+0000] {spark_submit.py:641} INFO - at io.netty.channel.AbstractChannel$AbstractUnsafe.safeSetSuccess(AbstractChannel.java:990)
[2025-01-03T14:13:14.785+0000] {spark_submit.py:641} INFO - at io.netty.channel.AbstractChannel$AbstractUnsafe.register0(AbstractChannel.java:516)
[2025-01-03T14:13:14.785+0000] {spark_submit.py:641} INFO - at io.netty.channel.AbstractChannel$AbstractUnsafe.access$200(AbstractChannel.java:429)
[2025-01-03T14:13:14.785+0000] {spark_submit.py:641} INFO - at io.netty.channel.AbstractChannel$AbstractUnsafe$1.run(AbstractChannel.java:486)
[2025-01-03T14:13:14.786+0000] {spark_submit.py:641} INFO - at io.netty.util.concurrent.AbstractEventExecutor.runTask(AbstractEventExecutor.java:174)
[2025-01-03T14:13:14.786+0000] {spark_submit.py:641} INFO - at io.netty.util.concurrent.AbstractEventExecutor.safeExecute(AbstractEventExecutor.java:167)
[2025-01-03T14:13:14.786+0000] {spark_submit.py:641} INFO - at io.netty.util.concurrent.SingleThreadEventExecutor.runAllTasks(SingleThreadEventExecutor.java:470)
[2025-01-03T14:13:14.787+0000] {spark_submit.py:641} INFO - at io.netty.channel.nio.NioEventLoop.run(NioEventLoop.java:569)
[2025-01-03T14:13:14.787+0000] {spark_submit.py:641} INFO - at io.netty.util.concurrent.SingleThreadEventExecutor$4.run(SingleThreadEventExecutor.java:997)
[2025-01-03T14:13:14.787+0000] {spark_submit.py:641} INFO - at io.netty.util.internal.ThreadExecutorMap$2.run(ThreadExecutorMap.java:74)
[2025-01-03T14:13:14.788+0000] {spark_submit.py:641} INFO - at io.netty.util.concurrent.FastThreadLocalRunnable.run(FastThreadLocalRunnable.java:30)
[2025-01-03T14:13:14.788+0000] {spark_submit.py:641} INFO - ... 1 more
[2025-01-03T14:13:31.400+0000] {spark_submit.py:641} INFO - 25/01/03 14:13:31 INFO StandaloneAppClient$ClientEndpoint: Connecting to master spark://spark-master:7077...
[2025-01-03T14:13:34.710+0000] {spark_submit.py:641} INFO - 25/01/03 14:13:34 WARN TransportClientFactory: DNS resolution failed for spark-master/<unresolved>:7077 took 3308 ms
[2025-01-03T14:13:34.714+0000] {spark_submit.py:641} INFO - 25/01/03 14:13:34 WARN StandaloneAppClient$ClientEndpoint: Failed to connect to master spark-master:7077
[2025-01-03T14:13:34.715+0000] {spark_submit.py:641} INFO - org.apache.spark.SparkException: Exception thrown in awaitResult:
[2025-01-03T14:13:34.716+0000] {spark_submit.py:641} INFO - at org.apache.spark.util.SparkThreadUtils$.awaitResult(SparkThreadUtils.scala:56)
[2025-01-03T14:13:34.716+0000] {spark_submit.py:641} INFO - at org.apache.spark.util.ThreadUtils$.awaitResult(ThreadUtils.scala:310)
[2025-01-03T14:13:34.716+0000] {spark_submit.py:641} INFO - at org.apache.spark.rpc.RpcTimeout.awaitResult(RpcTimeout.scala:75)
[2025-01-03T14:13:34.717+0000] {spark_submit.py:641} INFO - at org.apache.spark.rpc.RpcEnv.setupEndpointRefByURI(RpcEnv.scala:102)
[2025-01-03T14:13:34.717+0000] {spark_submit.py:641} INFO - at org.apache.spark.rpc.RpcEnv.setupEndpointRef(RpcEnv.scala:110)
[2025-01-03T14:13:34.717+0000] {spark_submit.py:641} INFO - at org.apache.spark.deploy.client.StandaloneAppClient$ClientEndpoint$$anon$1.run(StandaloneAppClient.scala:108)
[2025-01-03T14:13:34.718+0000] {spark_submit.py:641} INFO - at java.base/java.util.concurrent.Executors$RunnableAdapter.call(Executors.java:539)
[2025-01-03T14:13:34.718+0000] {spark_submit.py:641} INFO - at java.base/java.util.concurrent.FutureTask.run(FutureTask.java:264)
[2025-01-03T14:13:34.718+0000] {spark_submit.py:641} INFO - at java.base/java.util.concurrent.ThreadPoolExecutor.runWorker(ThreadPoolExecutor.java:1136)
[2025-01-03T14:13:34.719+0000] {spark_submit.py:641} INFO - at java.base/java.util.concurrent.ThreadPoolExecutor$Worker.run(ThreadPoolExecutor.java:635)
[2025-01-03T14:13:34.719+0000] {spark_submit.py:641} INFO - at java.base/java.lang.Thread.run(Thread.java:840)
[2025-01-03T14:13:34.720+0000] {spark_submit.py:641} INFO - Caused by: java.io.IOException: Failed to connect to spark-master/<unresolved>:7077
[2025-01-03T14:13:34.720+0000] {spark_submit.py:641} INFO - at org.apache.spark.network.client.TransportClientFactory.createClient(TransportClientFactory.java:294)
[2025-01-03T14:13:34.721+0000] {spark_submit.py:641} INFO - at org.apache.spark.network.client.TransportClientFactory.createClient(TransportClientFactory.java:214)
[2025-01-03T14:13:34.721+0000] {spark_submit.py:641} INFO - at org.apache.spark.network.client.TransportClientFactory.createClient(TransportClientFactory.java:226)
[2025-01-03T14:13:34.721+0000] {spark_submit.py:641} INFO - at org.apache.spark.rpc.netty.NettyRpcEnv.createClient(NettyRpcEnv.scala:204)
[2025-01-03T14:13:34.722+0000] {spark_submit.py:641} INFO - at org.apache.spark.rpc.netty.Outbox$$anon$1.call(Outbox.scala:202)
[2025-01-03T14:13:34.722+0000] {spark_submit.py:641} INFO - at org.apache.spark.rpc.netty.Outbox$$anon$1.call(Outbox.scala:198)
[2025-01-03T14:13:34.722+0000] {spark_submit.py:641} INFO - ... 4 more
[2025-01-03T14:13:34.723+0000] {spark_submit.py:641} INFO - Caused by: java.net.UnknownHostException: spark-master
[2025-01-03T14:13:34.723+0000] {spark_submit.py:641} INFO - at java.base/java.net.InetAddress$CachedAddresses.get(InetAddress.java:801)
[2025-01-03T14:13:34.724+0000] {spark_submit.py:641} INFO - at java.base/java.net.InetAddress.getAllByName0(InetAddress.java:1533)
[2025-01-03T14:13:34.724+0000] {spark_submit.py:641} INFO - at java.base/java.net.InetAddress.getAllByName(InetAddress.java:1385)
[2025-01-03T14:13:34.725+0000] {spark_submit.py:641} INFO - at java.base/java.net.InetAddress.getAllByName(InetAddress.java:1306)
[2025-01-03T14:13:34.725+0000] {spark_submit.py:641} INFO - at java.base/java.net.InetAddress.getByName(InetAddress.java:1256)
[2025-01-03T14:13:34.725+0000] {spark_submit.py:641} INFO - at io.netty.util.internal.SocketUtils$8.run(SocketUtils.java:156)
[2025-01-03T14:13:34.726+0000] {spark_submit.py:641} INFO - at io.netty.util.internal.SocketUtils$8.run(SocketUtils.java:153)
[2025-01-03T14:13:34.726+0000] {spark_submit.py:641} INFO - at java.base/java.security.AccessController.doPrivileged(AccessController.java:569)
[2025-01-03T14:13:34.727+0000] {spark_submit.py:641} INFO - at io.netty.util.internal.SocketUtils.addressByName(SocketUtils.java:153)
[2025-01-03T14:13:34.727+0000] {spark_submit.py:641} INFO - at io.netty.resolver.DefaultNameResolver.doResolve(DefaultNameResolver.java:41)
[2025-01-03T14:13:34.727+0000] {spark_submit.py:641} INFO - at io.netty.resolver.SimpleNameResolver.resolve(SimpleNameResolver.java:61)
[2025-01-03T14:13:34.728+0000] {spark_submit.py:641} INFO - at io.netty.resolver.SimpleNameResolver.resolve(SimpleNameResolver.java:53)
[2025-01-03T14:13:34.729+0000] {spark_submit.py:641} INFO - at io.netty.resolver.InetSocketAddressResolver.doResolve(InetSocketAddressResolver.java:55)
[2025-01-03T14:13:34.729+0000] {spark_submit.py:641} INFO - at io.netty.resolver.InetSocketAddressResolver.doResolve(InetSocketAddressResolver.java:31)
[2025-01-03T14:13:34.730+0000] {spark_submit.py:641} INFO - at io.netty.resolver.AbstractAddressResolver.resolve(AbstractAddressResolver.java:106)
[2025-01-03T14:13:34.730+0000] {spark_submit.py:641} INFO - at io.netty.bootstrap.Bootstrap.doResolveAndConnect0(Bootstrap.java:220)
[2025-01-03T14:13:34.731+0000] {spark_submit.py:641} INFO - at io.netty.bootstrap.Bootstrap.access$000(Bootstrap.java:46)
[2025-01-03T14:13:34.731+0000] {spark_submit.py:641} INFO - at io.netty.bootstrap.Bootstrap$1.operationComplete(Bootstrap.java:189)
[2025-01-03T14:13:34.732+0000] {spark_submit.py:641} INFO - at io.netty.bootstrap.Bootstrap$1.operationComplete(Bootstrap.java:175)
[2025-01-03T14:13:34.732+0000] {spark_submit.py:641} INFO - at io.netty.util.concurrent.DefaultPromise.notifyListener0(DefaultPromise.java:590)
[2025-01-03T14:13:34.732+0000] {spark_submit.py:641} INFO - at io.netty.util.concurrent.DefaultPromise.notifyListenersNow(DefaultPromise.java:557)
[2025-01-03T14:13:34.733+0000] {spark_submit.py:641} INFO - at io.netty.util.concurrent.DefaultPromise.notifyListeners(DefaultPromise.java:492)
[2025-01-03T14:13:34.733+0000] {spark_submit.py:641} INFO - at io.netty.util.concurrent.DefaultPromise.setValue0(DefaultPromise.java:636)
[2025-01-03T14:13:34.734+0000] {spark_submit.py:641} INFO - at io.netty.util.concurrent.DefaultPromise.setSuccess0(DefaultPromise.java:625)
[2025-01-03T14:13:34.734+0000] {spark_submit.py:641} INFO - at io.netty.util.concurrent.DefaultPromise.trySuccess(DefaultPromise.java:105)
[2025-01-03T14:13:34.734+0000] {spark_submit.py:641} INFO - at io.netty.channel.DefaultChannelPromise.trySuccess(DefaultChannelPromise.java:84)
[2025-01-03T14:13:34.735+0000] {spark_submit.py:641} INFO - at io.netty.channel.AbstractChannel$AbstractUnsafe.safeSetSuccess(AbstractChannel.java:990)
[2025-01-03T14:13:34.735+0000] {spark_submit.py:641} INFO - at io.netty.channel.AbstractChannel$AbstractUnsafe.register0(AbstractChannel.java:516)
[2025-01-03T14:13:34.735+0000] {spark_submit.py:641} INFO - at io.netty.channel.AbstractChannel$AbstractUnsafe.access$200(AbstractChannel.java:429)
[2025-01-03T14:13:34.735+0000] {spark_submit.py:641} INFO - at io.netty.channel.AbstractChannel$AbstractUnsafe$1.run(AbstractChannel.java:486)
[2025-01-03T14:13:34.736+0000] {spark_submit.py:641} INFO - at io.netty.util.concurrent.AbstractEventExecutor.runTask(AbstractEventExecutor.java:174)
[2025-01-03T14:13:34.736+0000] {spark_submit.py:641} INFO - at io.netty.util.concurrent.AbstractEventExecutor.safeExecute(AbstractEventExecutor.java:167)
[2025-01-03T14:13:34.736+0000] {spark_submit.py:641} INFO - at io.netty.util.concurrent.SingleThreadEventExecutor.runAllTasks(SingleThreadEventExecutor.java:470)
[2025-01-03T14:13:34.737+0000] {spark_submit.py:641} INFO - at io.netty.channel.nio.NioEventLoop.run(NioEventLoop.java:569)
[2025-01-03T14:13:34.737+0000] {spark_submit.py:641} INFO - at io.netty.util.concurrent.SingleThreadEventExecutor$4.run(SingleThreadEventExecutor.java:997)
[2025-01-03T14:13:34.737+0000] {spark_submit.py:641} INFO - at io.netty.util.internal.ThreadExecutorMap$2.run(ThreadExecutorMap.java:74)
[2025-01-03T14:13:34.738+0000] {spark_submit.py:641} INFO - at io.netty.util.concurrent.FastThreadLocalRunnable.run(FastThreadLocalRunnable.java:30)
[2025-01-03T14:13:34.738+0000] {spark_submit.py:641} INFO - ... 1 more
[2025-01-03T14:13:51.399+0000] {spark_submit.py:641} INFO - 25/01/03 14:13:51 INFO StandaloneAppClient$ClientEndpoint: Connecting to master spark://spark-master:7077...
[2025-01-03T14:13:54.718+0000] {spark_submit.py:641} INFO - 25/01/03 14:13:54 WARN TransportClientFactory: DNS resolution failed for spark-master/<unresolved>:7077 took 3317 ms
[2025-01-03T14:13:54.722+0000] {spark_submit.py:641} INFO - 25/01/03 14:13:54 WARN StandaloneAppClient$ClientEndpoint: Failed to connect to master spark-master:7077
[2025-01-03T14:13:54.723+0000] {spark_submit.py:641} INFO - org.apache.spark.SparkException: Exception thrown in awaitResult:
[2025-01-03T14:13:54.724+0000] {spark_submit.py:641} INFO - at org.apache.spark.util.SparkThreadUtils$.awaitResult(SparkThreadUtils.scala:56)
[2025-01-03T14:13:54.724+0000] {spark_submit.py:641} INFO - at org.apache.spark.util.ThreadUtils$.awaitResult(ThreadUtils.scala:310)
[2025-01-03T14:13:54.724+0000] {spark_submit.py:641} INFO - at org.apache.spark.rpc.RpcTimeout.awaitResult(RpcTimeout.scala:75)
[2025-01-03T14:13:54.725+0000] {spark_submit.py:641} INFO - at org.apache.spark.rpc.RpcEnv.setupEndpointRefByURI(RpcEnv.scala:102)
[2025-01-03T14:13:54.725+0000] {spark_submit.py:641} INFO - at org.apache.spark.rpc.RpcEnv.setupEndpointRef(RpcEnv.scala:110)
[2025-01-03T14:13:54.725+0000] {spark_submit.py:641} INFO - at org.apache.spark.deploy.client.StandaloneAppClient$ClientEndpoint$$anon$1.run(StandaloneAppClient.scala:108)
[2025-01-03T14:13:54.726+0000] {spark_submit.py:641} INFO - at java.base/java.util.concurrent.Executors$RunnableAdapter.call(Executors.java:539)
[2025-01-03T14:13:54.726+0000] {spark_submit.py:641} INFO - at java.base/java.util.concurrent.FutureTask.run(FutureTask.java:264)
[2025-01-03T14:13:54.726+0000] {spark_submit.py:641} INFO - at java.base/java.util.concurrent.ThreadPoolExecutor.runWorker(ThreadPoolExecutor.java:1136)
[2025-01-03T14:13:54.727+0000] {spark_submit.py:641} INFO - at java.base/java.util.concurrent.ThreadPoolExecutor$Worker.run(ThreadPoolExecutor.java:635)
[2025-01-03T14:13:54.727+0000] {spark_submit.py:641} INFO - at java.base/java.lang.Thread.run(Thread.java:840)
[2025-01-03T14:13:54.727+0000] {spark_submit.py:641} INFO - Caused by: java.io.IOException: Failed to connect to spark-master/<unresolved>:7077
[2025-01-03T14:13:54.728+0000] {spark_submit.py:641} INFO - at org.apache.spark.network.client.TransportClientFactory.createClient(TransportClientFactory.java:294)
[2025-01-03T14:13:54.728+0000] {spark_submit.py:641} INFO - at org.apache.spark.network.client.TransportClientFactory.createClient(TransportClientFactory.java:214)
[2025-01-03T14:13:54.728+0000] {spark_submit.py:641} INFO - at org.apache.spark.network.client.TransportClientFactory.createClient(TransportClientFactory.java:226)
[2025-01-03T14:13:54.729+0000] {spark_submit.py:641} INFO - at org.apache.spark.rpc.netty.NettyRpcEnv.createClient(NettyRpcEnv.scala:204)
[2025-01-03T14:13:54.729+0000] {spark_submit.py:641} INFO - at org.apache.spark.rpc.netty.Outbox$$anon$1.call(Outbox.scala:202)
[2025-01-03T14:13:54.729+0000] {spark_submit.py:641} INFO - at org.apache.spark.rpc.netty.Outbox$$anon$1.call(Outbox.scala:198)
[2025-01-03T14:13:54.730+0000] {spark_submit.py:641} INFO - ... 4 more
[2025-01-03T14:13:54.731+0000] {spark_submit.py:641} INFO - Caused by: java.net.UnknownHostException: spark-master
[2025-01-03T14:13:54.732+0000] {spark_submit.py:641} INFO - at java.base/java.net.InetAddress$CachedAddresses.get(InetAddress.java:801)
[2025-01-03T14:13:54.733+0000] {spark_submit.py:641} INFO - at java.base/java.net.InetAddress.getAllByName0(InetAddress.java:1533)
[2025-01-03T14:13:54.733+0000] {spark_submit.py:641} INFO - at java.base/java.net.InetAddress.getAllByName(InetAddress.java:1385)
[2025-01-03T14:13:54.734+0000] {spark_submit.py:641} INFO - at java.base/java.net.InetAddress.getAllByName(InetAddress.java:1306)
[2025-01-03T14:13:54.734+0000] {spark_submit.py:641} INFO - at java.base/java.net.InetAddress.getByName(InetAddress.java:1256)
[2025-01-03T14:13:54.735+0000] {spark_submit.py:641} INFO - at io.netty.util.internal.SocketUtils$8.run(SocketUtils.java:156)
[2025-01-03T14:13:54.736+0000] {spark_submit.py:641} INFO - at io.netty.util.internal.SocketUtils$8.run(SocketUtils.java:153)
[2025-01-03T14:13:54.736+0000] {spark_submit.py:641} INFO - at java.base/java.security.AccessController.doPrivileged(AccessController.java:569)
[2025-01-03T14:13:54.737+0000] {spark_submit.py:641} INFO - at io.netty.util.internal.SocketUtils.addressByName(SocketUtils.java:153)
[2025-01-03T14:13:54.737+0000] {spark_submit.py:641} INFO - at io.netty.resolver.DefaultNameResolver.doResolve(DefaultNameResolver.java:41)
[2025-01-03T14:13:54.737+0000] {spark_submit.py:641} INFO - at io.netty.resolver.SimpleNameResolver.resolve(SimpleNameResolver.java:61)
[2025-01-03T14:13:54.738+0000] {spark_submit.py:641} INFO - at io.netty.resolver.SimpleNameResolver.resolve(SimpleNameResolver.java:53)
[2025-01-03T14:13:54.738+0000] {spark_submit.py:641} INFO - at io.netty.resolver.InetSocketAddressResolver.doResolve(InetSocketAddressResolver.java:55)
[2025-01-03T14:13:54.738+0000] {spark_submit.py:641} INFO - at io.netty.resolver.InetSocketAddressResolver.doResolve(InetSocketAddressResolver.java:31)
[2025-01-03T14:13:54.739+0000] {spark_submit.py:641} INFO - at io.netty.resolver.AbstractAddressResolver.resolve(AbstractAddressResolver.java:106)
[2025-01-03T14:13:54.739+0000] {spark_submit.py:641} INFO - at io.netty.bootstrap.Bootstrap.doResolveAndConnect0(Bootstrap.java:220)
[2025-01-03T14:13:54.739+0000] {spark_submit.py:641} INFO - at io.netty.bootstrap.Bootstrap.access$000(Bootstrap.java:46)
[2025-01-03T14:13:54.740+0000] {spark_submit.py:641} INFO - at io.netty.bootstrap.Bootstrap$1.operationComplete(Bootstrap.java:189)
[2025-01-03T14:13:54.740+0000] {spark_submit.py:641} INFO - at io.netty.bootstrap.Bootstrap$1.operationComplete(Bootstrap.java:175)
[2025-01-03T14:13:54.741+0000] {spark_submit.py:641} INFO - at io.netty.util.concurrent.DefaultPromise.notifyListener0(DefaultPromise.java:590)
[2025-01-03T14:13:54.741+0000] {spark_submit.py:641} INFO - at io.netty.util.concurrent.DefaultPromise.notifyListenersNow(DefaultPromise.java:557)
[2025-01-03T14:13:54.741+0000] {spark_submit.py:641} INFO - at io.netty.util.concurrent.DefaultPromise.notifyListeners(DefaultPromise.java:492)
[2025-01-03T14:13:54.742+0000] {spark_submit.py:641} INFO - at io.netty.util.concurrent.DefaultPromise.setValue0(DefaultPromise.java:636)
[2025-01-03T14:13:54.742+0000] {spark_submit.py:641} INFO - at io.netty.util.concurrent.DefaultPromise.setSuccess0(DefaultPromise.java:625)
[2025-01-03T14:13:54.742+0000] {spark_submit.py:641} INFO - at io.netty.util.concurrent.DefaultPromise.trySuccess(DefaultPromise.java:105)
[2025-01-03T14:13:54.743+0000] {spark_submit.py:641} INFO - at io.netty.channel.DefaultChannelPromise.trySuccess(DefaultChannelPromise.java:84)
[2025-01-03T14:13:54.743+0000] {spark_submit.py:641} INFO - at io.netty.channel.AbstractChannel$AbstractUnsafe.safeSetSuccess(AbstractChannel.java:990)
[2025-01-03T14:13:54.743+0000] {spark_submit.py:641} INFO - at io.netty.channel.AbstractChannel$AbstractUnsafe.register0(AbstractChannel.java:516)
[2025-01-03T14:13:54.744+0000] {spark_submit.py:641} INFO - at io.netty.channel.AbstractChannel$AbstractUnsafe.access$200(AbstractChannel.java:429)
[2025-01-03T14:13:54.744+0000] {spark_submit.py:641} INFO - at io.netty.channel.AbstractChannel$AbstractUnsafe$1.run(AbstractChannel.java:486)
[2025-01-03T14:13:54.744+0000] {spark_submit.py:641} INFO - at io.netty.util.concurrent.AbstractEventExecutor.runTask(AbstractEventExecutor.java:174)
[2025-01-03T14:13:54.745+0000] {spark_submit.py:641} INFO - at io.netty.util.concurrent.AbstractEventExecutor.safeExecute(AbstractEventExecutor.java:167)
[2025-01-03T14:13:54.745+0000] {spark_submit.py:641} INFO - at io.netty.util.concurrent.SingleThreadEventExecutor.runAllTasks(SingleThreadEventExecutor.java:470)
[2025-01-03T14:13:54.745+0000] {spark_submit.py:641} INFO - at io.netty.channel.nio.NioEventLoop.run(NioEventLoop.java:569)
[2025-01-03T14:13:54.746+0000] {spark_submit.py:641} INFO - at io.netty.util.concurrent.SingleThreadEventExecutor$4.run(SingleThreadEventExecutor.java:997)
[2025-01-03T14:13:54.746+0000] {spark_submit.py:641} INFO - at io.netty.util.internal.ThreadExecutorMap$2.run(ThreadExecutorMap.java:74)
[2025-01-03T14:13:54.746+0000] {spark_submit.py:641} INFO - at io.netty.util.concurrent.FastThreadLocalRunnable.run(FastThreadLocalRunnable.java:30)
[2025-01-03T14:13:54.746+0000] {spark_submit.py:641} INFO - ... 1 more
[2025-01-03T14:14:11.401+0000] {spark_submit.py:641} INFO - 25/01/03 14:14:11 WARN StandaloneSchedulerBackend: Application ID is not initialized yet.
[2025-01-03T14:14:11.401+0000] {spark_submit.py:641} INFO - 25/01/03 14:14:11 ERROR StandaloneSchedulerBackend: Application has been killed. Reason: All masters are unresponsive! Giving up.
[2025-01-03T14:14:11.410+0000] {spark_submit.py:641} INFO - 25/01/03 14:14:11 INFO Utils: Successfully started service 'org.apache.spark.network.netty.NettyBlockTransferService' on port 34759.
[2025-01-03T14:14:11.411+0000] {spark_submit.py:641} INFO - 25/01/03 14:14:11 INFO NettyBlockTransferService: Server created on a850abd09b12:34759
[2025-01-03T14:14:11.412+0000] {spark_submit.py:641} INFO - 25/01/03 14:14:11 INFO BlockManager: Using org.apache.spark.storage.RandomBlockReplicationPolicy for block replication policy
[2025-01-03T14:14:11.419+0000] {spark_submit.py:641} INFO - 25/01/03 14:14:11 INFO BlockManagerMaster: Registering BlockManager BlockManagerId(driver, a850abd09b12, 34759, None)
[2025-01-03T14:14:11.424+0000] {spark_submit.py:641} INFO - 25/01/03 14:14:11 INFO BlockManagerMasterEndpoint: Registering block manager a850abd09b12:34759 with 434.4 MiB RAM, BlockManagerId(driver, a850abd09b12, 34759, None)
[2025-01-03T14:14:11.427+0000] {spark_submit.py:641} INFO - 25/01/03 14:14:11 INFO BlockManagerMaster: Registered BlockManager BlockManagerId(driver, a850abd09b12, 34759, None)
[2025-01-03T14:14:11.430+0000] {spark_submit.py:641} INFO - 25/01/03 14:14:11 INFO BlockManager: Initialized BlockManager: BlockManagerId(driver, a850abd09b12, 34759, None)
[2025-01-03T14:14:11.630+0000] {spark_submit.py:641} INFO - 25/01/03 14:14:11 INFO StandaloneSchedulerBackend: SchedulerBackend is ready for scheduling beginning after reached minRegisteredResourcesRatio: 0.0
[2025-01-03T14:14:13.626+0000] {spark_submit.py:641} INFO - Traceback (most recent call last):
[2025-01-03T14:14:13.627+0000] {spark_submit.py:641} INFO - File "/spark_job/printspark.py", line 21, in <module>
[2025-01-03T14:14:13.629+0000] {spark_submit.py:641} INFO - text_file = spark.read.text(input_path)
[2025-01-03T14:14:13.630+0000] {spark_submit.py:641} INFO - ^^^^^^^^^^^^^^^^^^^^^^^^^^^
[2025-01-03T14:14:13.631+0000] {spark_submit.py:641} INFO - File "/home/***/.local/lib/python3.11/site-packages/pyspark/python/lib/pyspark.zip/pyspark/sql/readwriter.py", line 615, in text
[2025-01-03T14:14:13.631+0000] {spark_submit.py:641} INFO - File "/home/***/.local/lib/python3.11/site-packages/pyspark/python/lib/py4j-0.10.9.7-src.zip/py4j/java_gateway.py", line 1322, in __call__
[2025-01-03T14:14:13.632+0000] {spark_submit.py:641} INFO - File "/home/***/.local/lib/python3.11/site-packages/pyspark/python/lib/pyspark.zip/pyspark/errors/exceptions/captured.py", line 185, in deco
[2025-01-03T14:14:13.644+0000] {spark_submit.py:641} INFO - pyspark.errors.exceptions.captured.AnalysisException: [PATH_NOT_FOUND] Path does not exist: file:/opt/input.txt.
[2025-01-03T14:14:13.764+0000] {taskinstance.py:441} INFO - ::group::Post task execution logs
[2025-01-03T14:14:13.779+0000] {taskinstance.py:2905} ERROR - Task failed with exception
Traceback (most recent call last):
  File "/home/airflow/.local/lib/python3.11/site-packages/airflow/models/taskinstance.py", line 465, in _execute_task
    result = _execute_callable(context=context, **execute_callable_kwargs)
             ^^^^^^^^^^^^^^^^^^^^^^^^^^^^^^^^^^^^^^^^^^^^^^^^^^^^^^^^^^^^^
  File "/home/airflow/.local/lib/python3.11/site-packages/airflow/models/taskinstance.py", line 432, in _execute_callable
    return execute_callable(context=context, **execute_callable_kwargs)
           ^^^^^^^^^^^^^^^^^^^^^^^^^^^^^^^^^^^^^^^^^^^^^^^^^^^^^^^^^^^^
  File "/home/airflow/.local/lib/python3.11/site-packages/airflow/models/baseoperator.py", line 401, in wrapper
    return func(self, *args, **kwargs)
           ^^^^^^^^^^^^^^^^^^^^^^^^^^^
  File "/home/airflow/.local/lib/python3.11/site-packages/airflow/providers/apache/spark/operators/spark_submit.py", line 177, in execute
    self._hook.submit(self.application)
  File "/home/airflow/.local/lib/python3.11/site-packages/airflow/providers/apache/spark/hooks/spark_submit.py", line 567, in submit
    raise AirflowException(
airflow.exceptions.AirflowException: Cannot execute: spark-submit --master spark-master:7077 --conf spark.executor.memory=2g --conf spark.executor.cores=2 --principal *** --name arrow-spark --verbose --deploy-mode client /spark_job/printspark.py. Error code is: 1.
[2025-01-03T14:14:13.784+0000] {taskinstance.py:1206} INFO - Marking task as FAILED. dag_id=spark_submit_example, task_id=spark_submit_task, run_id=manual__2025-01-03T13:55:03.540657+00:00, execution_date=20250103T135503, start_date=20250103T141306, end_date=20250103T141413
[2025-01-03T14:14:13.824+0000] {standard_task_runner.py:110} ERROR - Failed to execute job 30 for task spark_submit_task (Cannot execute: spark-submit --master spark-master:7077 --conf spark.executor.memory=2g --conf spark.executor.cores=2 --principal *** --name arrow-spark --verbose --deploy-mode client /spark_job/printspark.py. Error code is: 1.; 170)
[2025-01-03T14:14:13.886+0000] {local_task_job_runner.py:240} INFO - Task exited with return code 1
[2025-01-03T14:14:13.915+0000] {taskinstance.py:3503} INFO - 0 downstream tasks scheduled from follow-on schedule check
[2025-01-03T14:14:13.934+0000] {local_task_job_runner.py:222} INFO - ::endgroup::
