[2025-01-03T14:55:34.177+0000] {local_task_job_runner.py:120} INFO - ::group::Pre task execution logs
[2025-01-03T14:55:34.257+0000] {taskinstance.py:2076} INFO - Dependencies all met for dep_context=non-requeueable deps ti=<TaskInstance: spark_submit_example.spark_submit_task manual__2025-01-03T13:55:03.540657+00:00 [queued]>
[2025-01-03T14:55:34.288+0000] {taskinstance.py:2076} INFO - Dependencies all met for dep_context=requeueable deps ti=<TaskInstance: spark_submit_example.spark_submit_task manual__2025-01-03T13:55:03.540657+00:00 [queued]>
[2025-01-03T14:55:34.292+0000] {taskinstance.py:2306} INFO - Starting attempt 5 of 6
[2025-01-03T14:55:34.400+0000] {taskinstance.py:2330} INFO - Executing <Task(SparkSubmitOperator): spark_submit_task> on 2025-01-03 13:55:03.540657+00:00
[2025-01-03T14:55:34.409+0000] {standard_task_runner.py:63} INFO - Started process 739 to run task
[2025-01-03T14:55:34.413+0000] {standard_task_runner.py:90} INFO - Running: ['***', 'tasks', 'run', 'spark_submit_example', 'spark_submit_task', 'manual__2025-01-03T13:55:03.540657+00:00', '--job-id', '33', '--raw', '--subdir', 'DAGS_FOLDER/teste_dag.py', '--cfg-path', '/tmp/tmpdl3n5yb4']
[2025-01-03T14:55:34.417+0000] {standard_task_runner.py:91} INFO - Job 33: Subtask spark_submit_task
[2025-01-03T14:55:34.694+0000] {task_command.py:426} INFO - Running <TaskInstance: spark_submit_example.spark_submit_task manual__2025-01-03T13:55:03.540657+00:00 [running]> on host a850abd09b12
[2025-01-03T14:55:34.820+0000] {taskinstance.py:2648} INFO - Exporting env vars: AIRFLOW_CTX_DAG_OWNER='***' AIRFLOW_CTX_DAG_ID='spark_submit_example' AIRFLOW_CTX_TASK_ID='spark_submit_task' AIRFLOW_CTX_EXECUTION_DATE='2025-01-03T13:55:03.540657+00:00' AIRFLOW_CTX_TRY_NUMBER='5' AIRFLOW_CTX_DAG_RUN_ID='manual__2025-01-03T13:55:03.540657+00:00'
[2025-01-03T14:55:34.821+0000] {taskinstance.py:430} INFO - ::endgroup::
[2025-01-03T14:55:34.846+0000] {base.py:84} INFO - Using connection ID 'spark_default' for task execution.
[2025-01-03T14:55:34.847+0000] {spark_submit.py:328} ERROR - Failed to decode base64 keytab: Incorrect padding
[2025-01-03T14:55:34.848+0000] {spark_submit.py:305} INFO - Could not load connection string spark_default, defaulting to spark-master:7077
[2025-01-03T14:55:34.849+0000] {spark_submit.py:474} INFO - Spark-Submit cmd: spark-submit --master spark-master:7077 --conf spark.executor.memory=2g --conf spark.executor.cores=2 --principal *** --name arrow-spark --verbose --deploy-mode client /spark_job/printspark.py
[2025-01-03T14:55:34.992+0000] {spark_submit.py:641} INFO - /home/***/.local/lib/python3.11/site-packages/pyspark/bin/load-spark-env.sh: line 68: ps: command not found
[2025-01-03T14:55:37.489+0000] {spark_submit.py:641} INFO - Using properties file: null
[2025-01-03T14:55:37.647+0000] {spark_submit.py:641} INFO - Parsed arguments:
[2025-01-03T14:55:37.647+0000] {spark_submit.py:641} INFO - master                  spark-master:7077
[2025-01-03T14:55:37.648+0000] {spark_submit.py:641} INFO - remote                  null
[2025-01-03T14:55:37.648+0000] {spark_submit.py:641} INFO - deployMode              client
[2025-01-03T14:55:37.648+0000] {spark_submit.py:641} INFO - executorMemory          2g
[2025-01-03T14:55:37.649+0000] {spark_submit.py:641} INFO - executorCores           2
[2025-01-03T14:55:37.649+0000] {spark_submit.py:641} INFO - totalExecutorCores      null
[2025-01-03T14:55:37.649+0000] {spark_submit.py:641} INFO - propertiesFile          null
[2025-01-03T14:55:37.649+0000] {spark_submit.py:641} INFO - driverMemory            null
[2025-01-03T14:55:37.650+0000] {spark_submit.py:641} INFO - driverCores             null
[2025-01-03T14:55:37.650+0000] {spark_submit.py:641} INFO - driverExtraClassPath    null
[2025-01-03T14:55:37.650+0000] {spark_submit.py:641} INFO - driverExtraLibraryPath  null
[2025-01-03T14:55:37.651+0000] {spark_submit.py:641} INFO - driverExtraJavaOptions  null
[2025-01-03T14:55:37.651+0000] {spark_submit.py:641} INFO - supervise               false
[2025-01-03T14:55:37.651+0000] {spark_submit.py:641} INFO - queue                   null
[2025-01-03T14:55:37.652+0000] {spark_submit.py:641} INFO - numExecutors            null
[2025-01-03T14:55:37.652+0000] {spark_submit.py:641} INFO - files                   null
[2025-01-03T14:55:37.652+0000] {spark_submit.py:641} INFO - pyFiles                 null
[2025-01-03T14:55:37.652+0000] {spark_submit.py:641} INFO - archives                null
[2025-01-03T14:55:37.653+0000] {spark_submit.py:641} INFO - mainClass               null
[2025-01-03T14:55:37.653+0000] {spark_submit.py:641} INFO - primaryResource         file:/spark_job/printspark.py
[2025-01-03T14:55:37.653+0000] {spark_submit.py:641} INFO - name                    arrow-spark
[2025-01-03T14:55:37.654+0000] {spark_submit.py:641} INFO - childArgs               []
[2025-01-03T14:55:37.654+0000] {spark_submit.py:641} INFO - jars                    null
[2025-01-03T14:55:37.655+0000] {spark_submit.py:641} INFO - packages                null
[2025-01-03T14:55:37.655+0000] {spark_submit.py:641} INFO - packagesExclusions      null
[2025-01-03T14:55:37.656+0000] {spark_submit.py:641} INFO - repositories            null
[2025-01-03T14:55:37.656+0000] {spark_submit.py:641} INFO - verbose                 true
[2025-01-03T14:55:37.657+0000] {spark_submit.py:641} INFO - 
[2025-01-03T14:55:37.657+0000] {spark_submit.py:641} INFO - Spark properties used, including those specified through
[2025-01-03T14:55:37.657+0000] {spark_submit.py:641} INFO - --conf and those from the properties file null:
[2025-01-03T14:55:37.658+0000] {spark_submit.py:641} INFO - (spark.executor.cores,2)
[2025-01-03T14:55:37.658+0000] {spark_submit.py:641} INFO - (spark.executor.memory,2g)
[2025-01-03T14:55:37.658+0000] {spark_submit.py:641} INFO - 
[2025-01-03T14:55:37.659+0000] {spark_submit.py:641} INFO - 
[2025-01-03T14:55:38.011+0000] {spark_submit.py:641} INFO - Main class:
[2025-01-03T14:55:38.011+0000] {spark_submit.py:641} INFO - org.apache.spark.deploy.PythonRunner
[2025-01-03T14:55:38.012+0000] {spark_submit.py:641} INFO - Arguments:
[2025-01-03T14:55:38.012+0000] {spark_submit.py:641} INFO - file:/spark_job/printspark.py
[2025-01-03T14:55:38.012+0000] {spark_submit.py:641} INFO - null
[2025-01-03T14:55:38.018+0000] {spark_submit.py:641} INFO - Spark config:
[2025-01-03T14:55:38.018+0000] {spark_submit.py:641} INFO - (spark.app.name,arrow-spark)
[2025-01-03T14:55:38.019+0000] {spark_submit.py:641} INFO - (spark.app.submitTime,1735916137979)
[2025-01-03T14:55:38.019+0000] {spark_submit.py:641} INFO - (spark.executor.cores,2)
[2025-01-03T14:55:38.019+0000] {spark_submit.py:641} INFO - (spark.executor.memory,2g)
[2025-01-03T14:55:38.020+0000] {spark_submit.py:641} INFO - (spark.kerberos.principal,***)
[2025-01-03T14:55:38.020+0000] {spark_submit.py:641} INFO - (spark.master,spark-master:7077)
[2025-01-03T14:55:38.020+0000] {spark_submit.py:641} INFO - (spark.submit.deployMode,client)
[2025-01-03T14:55:38.021+0000] {spark_submit.py:641} INFO - (spark.submit.pyFiles,)
[2025-01-03T14:55:38.022+0000] {spark_submit.py:641} INFO - Classpath elements:
[2025-01-03T14:55:38.022+0000] {spark_submit.py:641} INFO - 
[2025-01-03T14:55:38.022+0000] {spark_submit.py:641} INFO - 
[2025-01-03T14:55:38.023+0000] {spark_submit.py:641} INFO - 
[2025-01-03T14:55:39.519+0000] {spark_submit.py:641} INFO - 25/01/03 14:55:39 INFO SparkContext: Running Spark version 3.5.4
[2025-01-03T14:55:39.522+0000] {spark_submit.py:641} INFO - 25/01/03 14:55:39 INFO SparkContext: OS info Linux, 5.15.153.1-microsoft-standard-WSL2, amd64
[2025-01-03T14:55:39.523+0000] {spark_submit.py:641} INFO - 25/01/03 14:55:39 INFO SparkContext: Java version 17.0.13
[2025-01-03T14:55:39.650+0000] {spark_submit.py:641} INFO - 25/01/03 14:55:39 WARN NativeCodeLoader: Unable to load native-hadoop library for your platform... using builtin-java classes where applicable
[2025-01-03T14:55:39.869+0000] {spark_submit.py:641} INFO - 25/01/03 14:55:39 INFO ResourceUtils: ==============================================================
[2025-01-03T14:55:39.870+0000] {spark_submit.py:641} INFO - 25/01/03 14:55:39 INFO ResourceUtils: No custom resources configured for spark.driver.
[2025-01-03T14:55:39.871+0000] {spark_submit.py:641} INFO - 25/01/03 14:55:39 INFO ResourceUtils: ==============================================================
[2025-01-03T14:55:39.871+0000] {spark_submit.py:641} INFO - 25/01/03 14:55:39 INFO SparkContext: Submitted application: WordCount
[2025-01-03T14:55:39.907+0000] {spark_submit.py:641} INFO - 25/01/03 14:55:39 INFO ResourceProfile: Default ResourceProfile created, executor resources: Map(cores -> name: cores, amount: 2, script: , vendor: , memory -> name: memory, amount: 2048, script: , vendor: , offHeap -> name: offHeap, amount: 0, script: , vendor: ), task resources: Map(cpus -> name: cpus, amount: 1.0)
[2025-01-03T14:55:39.919+0000] {spark_submit.py:641} INFO - 25/01/03 14:55:39 INFO ResourceProfile: Limiting resource is cpus at 2 tasks per executor
[2025-01-03T14:55:39.922+0000] {spark_submit.py:641} INFO - 25/01/03 14:55:39 INFO ResourceProfileManager: Added ResourceProfile id: 0
[2025-01-03T14:55:40.094+0000] {spark_submit.py:641} INFO - 25/01/03 14:55:40 INFO SecurityManager: Changing view acls to: ***
[2025-01-03T14:55:40.110+0000] {spark_submit.py:641} INFO - 25/01/03 14:55:40 INFO SecurityManager: Changing modify acls to: ***
[2025-01-03T14:55:40.111+0000] {spark_submit.py:641} INFO - 25/01/03 14:55:40 INFO SecurityManager: Changing view acls groups to:
[2025-01-03T14:55:40.111+0000] {spark_submit.py:641} INFO - 25/01/03 14:55:40 INFO SecurityManager: Changing modify acls groups to:
[2025-01-03T14:55:40.112+0000] {spark_submit.py:641} INFO - 25/01/03 14:55:40 INFO SecurityManager: SecurityManager: authentication disabled; ui acls disabled; users with view permissions: ***; groups with view permissions: EMPTY; users with modify permissions: ***; groups with modify permissions: EMPTY
[2025-01-03T14:55:40.530+0000] {spark_submit.py:641} INFO - 25/01/03 14:55:40 INFO Utils: Successfully started service 'sparkDriver' on port 38491.
[2025-01-03T14:55:40.621+0000] {spark_submit.py:641} INFO - 25/01/03 14:55:40 INFO SparkEnv: Registering MapOutputTracker
[2025-01-03T14:55:40.717+0000] {spark_submit.py:641} INFO - 25/01/03 14:55:40 INFO SparkEnv: Registering BlockManagerMaster
[2025-01-03T14:55:40.741+0000] {spark_submit.py:641} INFO - 25/01/03 14:55:40 INFO BlockManagerMasterEndpoint: Using org.apache.spark.storage.DefaultTopologyMapper for getting topology information
[2025-01-03T14:55:40.743+0000] {spark_submit.py:641} INFO - 25/01/03 14:55:40 INFO BlockManagerMasterEndpoint: BlockManagerMasterEndpoint up
[2025-01-03T14:55:40.763+0000] {spark_submit.py:641} INFO - 25/01/03 14:55:40 INFO SparkEnv: Registering BlockManagerMasterHeartbeat
[2025-01-03T14:55:40.796+0000] {spark_submit.py:641} INFO - 25/01/03 14:55:40 INFO DiskBlockManager: Created local directory at /tmp/blockmgr-6a12569c-732b-4d06-924a-f52da33cbb38
[2025-01-03T14:55:40.818+0000] {spark_submit.py:641} INFO - 25/01/03 14:55:40 INFO MemoryStore: MemoryStore started with capacity 434.4 MiB
[2025-01-03T14:55:40.904+0000] {spark_submit.py:641} INFO - 25/01/03 14:55:40 INFO SparkEnv: Registering OutputCommitCoordinator
[2025-01-03T14:55:41.116+0000] {spark_submit.py:641} INFO - 25/01/03 14:55:41 INFO JettyUtils: Start Jetty 0.0.0.0:4040 for SparkUI
[2025-01-03T14:55:41.218+0000] {spark_submit.py:641} INFO - 25/01/03 14:55:41 INFO Utils: Successfully started service 'SparkUI' on port 4040.
[2025-01-03T14:55:41.466+0000] {spark_submit.py:641} INFO - 25/01/03 14:55:41 INFO StandaloneAppClient$ClientEndpoint: Connecting to master spark://spark-master:7077...
[2025-01-03T14:55:41.604+0000] {spark_submit.py:641} INFO - 25/01/03 14:55:41 INFO TransportClientFactory: Successfully created connection to spark-master/172.18.0.7:7077 after 105 ms (0 ms spent in bootstraps)
[2025-01-03T14:55:41.975+0000] {spark_submit.py:641} INFO - 25/01/03 14:55:41 INFO StandaloneSchedulerBackend: Connected to Spark cluster with app ID app-20250103145541-0000
[2025-01-03T14:55:42.006+0000] {spark_submit.py:641} INFO - 25/01/03 14:55:41 INFO Utils: Successfully started service 'org.apache.spark.network.netty.NettyBlockTransferService' on port 40533.
[2025-01-03T14:55:42.012+0000] {spark_submit.py:641} INFO - 25/01/03 14:55:41 INFO NettyBlockTransferService: Server created on a850abd09b12:40533
[2025-01-03T14:55:42.013+0000] {spark_submit.py:641} INFO - 25/01/03 14:55:41 INFO BlockManager: Using org.apache.spark.storage.RandomBlockReplicationPolicy for block replication policy
[2025-01-03T14:55:42.013+0000] {spark_submit.py:641} INFO - 25/01/03 14:55:42 INFO BlockManagerMaster: Registering BlockManager BlockManagerId(driver, a850abd09b12, 40533, None)
[2025-01-03T14:55:42.014+0000] {spark_submit.py:641} INFO - 25/01/03 14:55:42 INFO BlockManagerMasterEndpoint: Registering block manager a850abd09b12:40533 with 434.4 MiB RAM, BlockManagerId(driver, a850abd09b12, 40533, None)
[2025-01-03T14:55:42.016+0000] {spark_submit.py:641} INFO - 25/01/03 14:55:42 INFO BlockManagerMaster: Registered BlockManager BlockManagerId(driver, a850abd09b12, 40533, None)
[2025-01-03T14:55:42.019+0000] {spark_submit.py:641} INFO - 25/01/03 14:55:42 INFO BlockManager: Initialized BlockManager: BlockManagerId(driver, a850abd09b12, 40533, None)
[2025-01-03T14:55:42.075+0000] {spark_submit.py:641} INFO - 25/01/03 14:55:42 INFO StandaloneAppClient$ClientEndpoint: Executor added: app-20250103145541-0000/0 on worker-20250103145208-172.18.0.6-45559 (172.18.0.6:45559) with 2 core(s)
[2025-01-03T14:55:42.076+0000] {spark_submit.py:641} INFO - 25/01/03 14:55:42 INFO StandaloneSchedulerBackend: Granted executor ID app-20250103145541-0000/0 on hostPort 172.18.0.6:45559 with 2 core(s), 2.0 GiB RAM
[2025-01-03T14:55:42.077+0000] {spark_submit.py:641} INFO - 25/01/03 14:55:42 INFO StandaloneAppClient$ClientEndpoint: Executor added: app-20250103145541-0000/1 on worker-20250103145208-172.18.0.4-33891 (172.18.0.4:33891) with 2 core(s)
[2025-01-03T14:55:42.078+0000] {spark_submit.py:641} INFO - 25/01/03 14:55:42 INFO StandaloneSchedulerBackend: Granted executor ID app-20250103145541-0000/1 on hostPort 172.18.0.4:33891 with 2 core(s), 2.0 GiB RAM
[2025-01-03T14:55:42.466+0000] {spark_submit.py:641} INFO - 25/01/03 14:55:42 INFO StandaloneAppClient$ClientEndpoint: Executor updated: app-20250103145541-0000/0 is now RUNNING
[2025-01-03T14:55:42.510+0000] {spark_submit.py:641} INFO - 25/01/03 14:55:42 INFO StandaloneAppClient$ClientEndpoint: Executor updated: app-20250103145541-0000/1 is now RUNNING
[2025-01-03T14:55:42.796+0000] {spark_submit.py:641} INFO - 25/01/03 14:55:42 INFO StandaloneSchedulerBackend: SchedulerBackend is ready for scheduling beginning after reached minRegisteredResourcesRatio: 0.0
[2025-01-03T14:55:48.256+0000] {spark_submit.py:641} INFO - Traceback (most recent call last):
[2025-01-03T14:55:48.257+0000] {spark_submit.py:641} INFO - File "/spark_job/printspark.py", line 21, in <module>
[2025-01-03T14:55:48.258+0000] {spark_submit.py:641} INFO - text_file = spark.read.text(input_path)
[2025-01-03T14:55:48.258+0000] {spark_submit.py:641} INFO - ^^^^^^^^^^^^^^^^^^^^^^^^^^^
[2025-01-03T14:55:48.258+0000] {spark_submit.py:641} INFO - File "/home/***/.local/lib/python3.11/site-packages/pyspark/python/lib/pyspark.zip/pyspark/sql/readwriter.py", line 615, in text
[2025-01-03T14:55:48.259+0000] {spark_submit.py:641} INFO - File "/home/***/.local/lib/python3.11/site-packages/pyspark/python/lib/py4j-0.10.9.7-src.zip/py4j/java_gateway.py", line 1322, in __call__
[2025-01-03T14:55:48.266+0000] {spark_submit.py:641} INFO - File "/home/***/.local/lib/python3.11/site-packages/pyspark/python/lib/pyspark.zip/pyspark/errors/exceptions/captured.py", line 185, in deco
[2025-01-03T14:55:48.288+0000] {spark_submit.py:641} INFO - pyspark.errors.exceptions.captured.AnalysisException: [PATH_NOT_FOUND] Path does not exist: file:/opt/input.txt.
[2025-01-03T14:55:49.008+0000] {taskinstance.py:441} INFO - ::group::Post task execution logs
[2025-01-03T14:55:49.023+0000] {taskinstance.py:2905} ERROR - Task failed with exception
Traceback (most recent call last):
  File "/home/airflow/.local/lib/python3.11/site-packages/airflow/models/taskinstance.py", line 465, in _execute_task
    result = _execute_callable(context=context, **execute_callable_kwargs)
             ^^^^^^^^^^^^^^^^^^^^^^^^^^^^^^^^^^^^^^^^^^^^^^^^^^^^^^^^^^^^^
  File "/home/airflow/.local/lib/python3.11/site-packages/airflow/models/taskinstance.py", line 432, in _execute_callable
    return execute_callable(context=context, **execute_callable_kwargs)
           ^^^^^^^^^^^^^^^^^^^^^^^^^^^^^^^^^^^^^^^^^^^^^^^^^^^^^^^^^^^^
  File "/home/airflow/.local/lib/python3.11/site-packages/airflow/models/baseoperator.py", line 401, in wrapper
    return func(self, *args, **kwargs)
           ^^^^^^^^^^^^^^^^^^^^^^^^^^^
  File "/home/airflow/.local/lib/python3.11/site-packages/airflow/providers/apache/spark/operators/spark_submit.py", line 177, in execute
    self._hook.submit(self.application)
  File "/home/airflow/.local/lib/python3.11/site-packages/airflow/providers/apache/spark/hooks/spark_submit.py", line 567, in submit
    raise AirflowException(
airflow.exceptions.AirflowException: Cannot execute: spark-submit --master spark-master:7077 --conf spark.executor.memory=2g --conf spark.executor.cores=2 --principal *** --name arrow-spark --verbose --deploy-mode client /spark_job/printspark.py. Error code is: 1.
[2025-01-03T14:55:49.030+0000] {taskinstance.py:1206} INFO - Marking task as UP_FOR_RETRY. dag_id=spark_submit_example, task_id=spark_submit_task, run_id=manual__2025-01-03T13:55:03.540657+00:00, execution_date=20250103T135503, start_date=20250103T145534, end_date=20250103T145549
[2025-01-03T14:55:49.141+0000] {standard_task_runner.py:110} ERROR - Failed to execute job 33 for task spark_submit_task (Cannot execute: spark-submit --master spark-master:7077 --conf spark.executor.memory=2g --conf spark.executor.cores=2 --principal *** --name arrow-spark --verbose --deploy-mode client /spark_job/printspark.py. Error code is: 1.; 739)
[2025-01-03T14:55:49.184+0000] {local_task_job_runner.py:240} INFO - Task exited with return code 1
[2025-01-03T14:55:49.206+0000] {taskinstance.py:3503} INFO - 0 downstream tasks scheduled from follow-on schedule check
[2025-01-03T14:55:49.232+0000] {local_task_job_runner.py:222} INFO - ::endgroup::
