[2025-01-03T13:55:05.334+0000] {local_task_job_runner.py:120} INFO - ::group::Pre task execution logs
[2025-01-03T13:55:05.370+0000] {taskinstance.py:2076} INFO - Dependencies all met for dep_context=non-requeueable deps ti=<TaskInstance: spark_submit_example.spark_submit_task manual__2025-01-03T13:55:03.540657+00:00 [queued]>
[2025-01-03T13:55:05.380+0000] {taskinstance.py:2076} INFO - Dependencies all met for dep_context=requeueable deps ti=<TaskInstance: spark_submit_example.spark_submit_task manual__2025-01-03T13:55:03.540657+00:00 [queued]>
[2025-01-03T13:55:05.381+0000] {taskinstance.py:2306} INFO - Starting attempt 1 of 2
[2025-01-03T13:55:05.415+0000] {taskinstance.py:2330} INFO - Executing <Task(SparkSubmitOperator): spark_submit_task> on 2025-01-03 13:55:03.540657+00:00
[2025-01-03T13:55:05.420+0000] {standard_task_runner.py:63} INFO - Started process 446 to run task
[2025-01-03T13:55:05.423+0000] {standard_task_runner.py:90} INFO - Running: ['***', 'tasks', 'run', 'spark_submit_example', 'spark_submit_task', 'manual__2025-01-03T13:55:03.540657+00:00', '--job-id', '24', '--raw', '--subdir', 'DAGS_FOLDER/teste_dag.py', '--cfg-path', '/tmp/tmpoqhrva0v']
[2025-01-03T13:55:05.425+0000] {standard_task_runner.py:91} INFO - Job 24: Subtask spark_submit_task
[2025-01-03T13:55:05.641+0000] {task_command.py:426} INFO - Running <TaskInstance: spark_submit_example.spark_submit_task manual__2025-01-03T13:55:03.540657+00:00 [running]> on host c97300dc4188
[2025-01-03T13:55:05.780+0000] {taskinstance.py:2648} INFO - Exporting env vars: AIRFLOW_CTX_DAG_OWNER='***' AIRFLOW_CTX_DAG_ID='spark_submit_example' AIRFLOW_CTX_TASK_ID='spark_submit_task' AIRFLOW_CTX_EXECUTION_DATE='2025-01-03T13:55:03.540657+00:00' AIRFLOW_CTX_TRY_NUMBER='1' AIRFLOW_CTX_DAG_RUN_ID='manual__2025-01-03T13:55:03.540657+00:00'
[2025-01-03T13:55:05.782+0000] {taskinstance.py:430} INFO - ::endgroup::
[2025-01-03T13:55:05.806+0000] {base.py:84} INFO - Using connection ID 'spark_default' for task execution.
[2025-01-03T13:55:05.807+0000] {spark_submit.py:328} ERROR - Failed to decode base64 keytab: Incorrect padding
[2025-01-03T13:55:05.807+0000] {spark_submit.py:305} INFO - Could not load connection string spark_default, defaulting to spark-master:7077
[2025-01-03T13:55:05.808+0000] {spark_submit.py:474} INFO - Spark-Submit cmd: spark-submit --master spark-master:7077 --conf spark.executor.memory=2g --conf spark.executor.cores=2 --principal *** --name arrow-spark --verbose --deploy-mode client /spark_job/printspark.py
[2025-01-03T13:55:05.898+0000] {spark_submit.py:641} INFO - /home/***/.local/lib/python3.11/site-packages/pyspark/bin/load-spark-env.sh: line 68: ps: command not found
[2025-01-03T13:55:07.538+0000] {spark_submit.py:641} INFO - Using properties file: null
[2025-01-03T13:55:07.673+0000] {spark_submit.py:641} INFO - Parsed arguments:
[2025-01-03T13:55:07.674+0000] {spark_submit.py:641} INFO - master                  spark-master:7077
[2025-01-03T13:55:07.674+0000] {spark_submit.py:641} INFO - remote                  null
[2025-01-03T13:55:07.675+0000] {spark_submit.py:641} INFO - deployMode              client
[2025-01-03T13:55:07.675+0000] {spark_submit.py:641} INFO - executorMemory          2g
[2025-01-03T13:55:07.675+0000] {spark_submit.py:641} INFO - executorCores           2
[2025-01-03T13:55:07.676+0000] {spark_submit.py:641} INFO - totalExecutorCores      null
[2025-01-03T13:55:07.676+0000] {spark_submit.py:641} INFO - propertiesFile          null
[2025-01-03T13:55:07.676+0000] {spark_submit.py:641} INFO - driverMemory            null
[2025-01-03T13:55:07.677+0000] {spark_submit.py:641} INFO - driverCores             null
[2025-01-03T13:55:07.677+0000] {spark_submit.py:641} INFO - driverExtraClassPath    null
[2025-01-03T13:55:07.678+0000] {spark_submit.py:641} INFO - driverExtraLibraryPath  null
[2025-01-03T13:55:07.678+0000] {spark_submit.py:641} INFO - driverExtraJavaOptions  null
[2025-01-03T13:55:07.679+0000] {spark_submit.py:641} INFO - supervise               false
[2025-01-03T13:55:07.679+0000] {spark_submit.py:641} INFO - queue                   null
[2025-01-03T13:55:07.679+0000] {spark_submit.py:641} INFO - numExecutors            null
[2025-01-03T13:55:07.680+0000] {spark_submit.py:641} INFO - files                   null
[2025-01-03T13:55:07.680+0000] {spark_submit.py:641} INFO - pyFiles                 null
[2025-01-03T13:55:07.680+0000] {spark_submit.py:641} INFO - archives                null
[2025-01-03T13:55:07.681+0000] {spark_submit.py:641} INFO - mainClass               null
[2025-01-03T13:55:07.681+0000] {spark_submit.py:641} INFO - primaryResource         file:/spark_job/printspark.py
[2025-01-03T13:55:07.682+0000] {spark_submit.py:641} INFO - name                    arrow-spark
[2025-01-03T13:55:07.682+0000] {spark_submit.py:641} INFO - childArgs               []
[2025-01-03T13:55:07.682+0000] {spark_submit.py:641} INFO - jars                    null
[2025-01-03T13:55:07.683+0000] {spark_submit.py:641} INFO - packages                null
[2025-01-03T13:55:07.684+0000] {spark_submit.py:641} INFO - packagesExclusions      null
[2025-01-03T13:55:07.685+0000] {spark_submit.py:641} INFO - repositories            null
[2025-01-03T13:55:07.685+0000] {spark_submit.py:641} INFO - verbose                 true
[2025-01-03T13:55:07.685+0000] {spark_submit.py:641} INFO - 
[2025-01-03T13:55:07.686+0000] {spark_submit.py:641} INFO - Spark properties used, including those specified through
[2025-01-03T13:55:07.686+0000] {spark_submit.py:641} INFO - --conf and those from the properties file null:
[2025-01-03T13:55:07.686+0000] {spark_submit.py:641} INFO - (spark.executor.cores,2)
[2025-01-03T13:55:07.686+0000] {spark_submit.py:641} INFO - (spark.executor.memory,2g)
[2025-01-03T13:55:07.687+0000] {spark_submit.py:641} INFO - 
[2025-01-03T13:55:07.687+0000] {spark_submit.py:641} INFO - 
[2025-01-03T13:55:07.997+0000] {spark_submit.py:641} INFO - Main class:
[2025-01-03T13:55:07.997+0000] {spark_submit.py:641} INFO - org.apache.spark.deploy.PythonRunner
[2025-01-03T13:55:07.998+0000] {spark_submit.py:641} INFO - Arguments:
[2025-01-03T13:55:07.998+0000] {spark_submit.py:641} INFO - file:/spark_job/printspark.py
[2025-01-03T13:55:07.999+0000] {spark_submit.py:641} INFO - null
[2025-01-03T13:55:08.000+0000] {spark_submit.py:641} INFO - Spark config:
[2025-01-03T13:55:08.001+0000] {spark_submit.py:641} INFO - (spark.app.name,arrow-spark)
[2025-01-03T13:55:08.002+0000] {spark_submit.py:641} INFO - (spark.app.submitTime,1735912507951)
[2025-01-03T13:55:08.002+0000] {spark_submit.py:641} INFO - (spark.executor.cores,2)
[2025-01-03T13:55:08.003+0000] {spark_submit.py:641} INFO - (spark.executor.memory,2g)
[2025-01-03T13:55:08.003+0000] {spark_submit.py:641} INFO - (spark.kerberos.principal,***)
[2025-01-03T13:55:08.003+0000] {spark_submit.py:641} INFO - (spark.master,spark-master:7077)
[2025-01-03T13:55:08.004+0000] {spark_submit.py:641} INFO - (spark.submit.deployMode,client)
[2025-01-03T13:55:08.004+0000] {spark_submit.py:641} INFO - (spark.submit.pyFiles,)
[2025-01-03T13:55:08.005+0000] {spark_submit.py:641} INFO - Classpath elements:
[2025-01-03T13:55:08.005+0000] {spark_submit.py:641} INFO - 
[2025-01-03T13:55:08.006+0000] {spark_submit.py:641} INFO - 
[2025-01-03T13:55:08.006+0000] {spark_submit.py:641} INFO - 
[2025-01-03T13:55:09.498+0000] {spark_submit.py:641} INFO - 25/01/03 13:55:09 INFO SparkContext: Running Spark version 3.5.4
[2025-01-03T13:55:09.503+0000] {spark_submit.py:641} INFO - 25/01/03 13:55:09 INFO SparkContext: OS info Linux, 5.15.153.1-microsoft-standard-WSL2, amd64
[2025-01-03T13:55:09.504+0000] {spark_submit.py:641} INFO - 25/01/03 13:55:09 INFO SparkContext: Java version 17.0.13
[2025-01-03T13:55:09.570+0000] {spark_submit.py:641} INFO - 25/01/03 13:55:09 WARN NativeCodeLoader: Unable to load native-hadoop library for your platform... using builtin-java classes where applicable
[2025-01-03T13:55:09.666+0000] {spark_submit.py:641} INFO - 25/01/03 13:55:09 INFO ResourceUtils: ==============================================================
[2025-01-03T13:55:09.667+0000] {spark_submit.py:641} INFO - 25/01/03 13:55:09 INFO ResourceUtils: No custom resources configured for spark.driver.
[2025-01-03T13:55:09.668+0000] {spark_submit.py:641} INFO - 25/01/03 13:55:09 INFO ResourceUtils: ==============================================================
[2025-01-03T13:55:09.669+0000] {spark_submit.py:641} INFO - 25/01/03 13:55:09 INFO SparkContext: Submitted application: WordCount
[2025-01-03T13:55:09.694+0000] {spark_submit.py:641} INFO - 25/01/03 13:55:09 INFO ResourceProfile: Default ResourceProfile created, executor resources: Map(cores -> name: cores, amount: 2, script: , vendor: , memory -> name: memory, amount: 2048, script: , vendor: , offHeap -> name: offHeap, amount: 0, script: , vendor: ), task resources: Map(cpus -> name: cpus, amount: 1.0)
[2025-01-03T13:55:09.706+0000] {spark_submit.py:641} INFO - 25/01/03 13:55:09 INFO ResourceProfile: Limiting resource is cpus at 2 tasks per executor
[2025-01-03T13:55:09.709+0000] {spark_submit.py:641} INFO - 25/01/03 13:55:09 INFO ResourceProfileManager: Added ResourceProfile id: 0
[2025-01-03T13:55:09.764+0000] {spark_submit.py:641} INFO - 25/01/03 13:55:09 INFO SecurityManager: Changing view acls to: ***
[2025-01-03T13:55:09.765+0000] {spark_submit.py:641} INFO - 25/01/03 13:55:09 INFO SecurityManager: Changing modify acls to: ***
[2025-01-03T13:55:09.766+0000] {spark_submit.py:641} INFO - 25/01/03 13:55:09 INFO SecurityManager: Changing view acls groups to:
[2025-01-03T13:55:09.766+0000] {spark_submit.py:641} INFO - 25/01/03 13:55:09 INFO SecurityManager: Changing modify acls groups to:
[2025-01-03T13:55:09.767+0000] {spark_submit.py:641} INFO - 25/01/03 13:55:09 INFO SecurityManager: SecurityManager: authentication disabled; ui acls disabled; users with view permissions: ***; groups with view permissions: EMPTY; users with modify permissions: ***; groups with modify permissions: EMPTY
[2025-01-03T13:55:10.029+0000] {spark_submit.py:641} INFO - 25/01/03 13:55:10 INFO Utils: Successfully started service 'sparkDriver' on port 36663.
[2025-01-03T13:55:10.070+0000] {spark_submit.py:641} INFO - 25/01/03 13:55:10 INFO SparkEnv: Registering MapOutputTracker
[2025-01-03T13:55:10.113+0000] {spark_submit.py:641} INFO - 25/01/03 13:55:10 INFO SparkEnv: Registering BlockManagerMaster
[2025-01-03T13:55:10.133+0000] {spark_submit.py:641} INFO - 25/01/03 13:55:10 INFO BlockManagerMasterEndpoint: Using org.apache.spark.storage.DefaultTopologyMapper for getting topology information
[2025-01-03T13:55:10.134+0000] {spark_submit.py:641} INFO - 25/01/03 13:55:10 INFO BlockManagerMasterEndpoint: BlockManagerMasterEndpoint up
[2025-01-03T13:55:10.139+0000] {spark_submit.py:641} INFO - 25/01/03 13:55:10 INFO SparkEnv: Registering BlockManagerMasterHeartbeat
[2025-01-03T13:55:10.167+0000] {spark_submit.py:641} INFO - 25/01/03 13:55:10 INFO DiskBlockManager: Created local directory at /tmp/blockmgr-9b71c53b-d5dc-4b1b-af57-87a93db67d22
[2025-01-03T13:55:10.184+0000] {spark_submit.py:641} INFO - 25/01/03 13:55:10 INFO MemoryStore: MemoryStore started with capacity 434.4 MiB
[2025-01-03T13:55:10.203+0000] {spark_submit.py:641} INFO - 25/01/03 13:55:10 INFO SparkEnv: Registering OutputCommitCoordinator
[2025-01-03T13:55:10.338+0000] {spark_submit.py:641} INFO - 25/01/03 13:55:10 INFO JettyUtils: Start Jetty 0.0.0.0:4040 for SparkUI
[2025-01-03T13:55:10.458+0000] {spark_submit.py:641} INFO - 25/01/03 13:55:10 INFO Utils: Successfully started service 'SparkUI' on port 4040.
[2025-01-03T13:55:10.744+0000] {spark_submit.py:641} INFO - 25/01/03 13:55:10 INFO StandaloneAppClient$ClientEndpoint: Connecting to master spark://spark-master:7077...
[2025-01-03T13:55:14.084+0000] {spark_submit.py:641} INFO - 25/01/03 13:55:14 WARN TransportClientFactory: DNS resolution failed for spark-master/<unresolved>:7077 took 3313 ms
[2025-01-03T13:55:14.117+0000] {spark_submit.py:641} INFO - 25/01/03 13:55:14 WARN StandaloneAppClient$ClientEndpoint: Failed to connect to master spark-master:7077
[2025-01-03T13:55:14.117+0000] {spark_submit.py:641} INFO - org.apache.spark.SparkException: Exception thrown in awaitResult:
[2025-01-03T13:55:14.118+0000] {spark_submit.py:641} INFO - at org.apache.spark.util.SparkThreadUtils$.awaitResult(SparkThreadUtils.scala:56)
[2025-01-03T13:55:14.118+0000] {spark_submit.py:641} INFO - at org.apache.spark.util.ThreadUtils$.awaitResult(ThreadUtils.scala:310)
[2025-01-03T13:55:14.119+0000] {spark_submit.py:641} INFO - at org.apache.spark.rpc.RpcTimeout.awaitResult(RpcTimeout.scala:75)
[2025-01-03T13:55:14.119+0000] {spark_submit.py:641} INFO - at org.apache.spark.rpc.RpcEnv.setupEndpointRefByURI(RpcEnv.scala:102)
[2025-01-03T13:55:14.119+0000] {spark_submit.py:641} INFO - at org.apache.spark.rpc.RpcEnv.setupEndpointRef(RpcEnv.scala:110)
[2025-01-03T13:55:14.120+0000] {spark_submit.py:641} INFO - at org.apache.spark.deploy.client.StandaloneAppClient$ClientEndpoint$$anon$1.run(StandaloneAppClient.scala:108)
[2025-01-03T13:55:14.120+0000] {spark_submit.py:641} INFO - at java.base/java.util.concurrent.Executors$RunnableAdapter.call(Executors.java:539)
[2025-01-03T13:55:14.120+0000] {spark_submit.py:641} INFO - at java.base/java.util.concurrent.FutureTask.run(FutureTask.java:264)
[2025-01-03T13:55:14.121+0000] {spark_submit.py:641} INFO - at java.base/java.util.concurrent.ThreadPoolExecutor.runWorker(ThreadPoolExecutor.java:1136)
[2025-01-03T13:55:14.121+0000] {spark_submit.py:641} INFO - at java.base/java.util.concurrent.ThreadPoolExecutor$Worker.run(ThreadPoolExecutor.java:635)
[2025-01-03T13:55:14.121+0000] {spark_submit.py:641} INFO - at java.base/java.lang.Thread.run(Thread.java:840)
[2025-01-03T13:55:14.122+0000] {spark_submit.py:641} INFO - Caused by: java.io.IOException: Failed to connect to spark-master/<unresolved>:7077
[2025-01-03T13:55:14.122+0000] {spark_submit.py:641} INFO - at org.apache.spark.network.client.TransportClientFactory.createClient(TransportClientFactory.java:294)
[2025-01-03T13:55:14.123+0000] {spark_submit.py:641} INFO - at org.apache.spark.network.client.TransportClientFactory.createClient(TransportClientFactory.java:214)
[2025-01-03T13:55:14.123+0000] {spark_submit.py:641} INFO - at org.apache.spark.network.client.TransportClientFactory.createClient(TransportClientFactory.java:226)
[2025-01-03T13:55:14.123+0000] {spark_submit.py:641} INFO - at org.apache.spark.rpc.netty.NettyRpcEnv.createClient(NettyRpcEnv.scala:204)
[2025-01-03T13:55:14.124+0000] {spark_submit.py:641} INFO - at org.apache.spark.rpc.netty.Outbox$$anon$1.call(Outbox.scala:202)
[2025-01-03T13:55:14.124+0000] {spark_submit.py:641} INFO - at org.apache.spark.rpc.netty.Outbox$$anon$1.call(Outbox.scala:198)
[2025-01-03T13:55:14.124+0000] {spark_submit.py:641} INFO - ... 4 more
[2025-01-03T13:55:14.125+0000] {spark_submit.py:641} INFO - Caused by: java.net.UnknownHostException: spark-master
[2025-01-03T13:55:14.125+0000] {spark_submit.py:641} INFO - at java.base/java.net.InetAddress$CachedAddresses.get(InetAddress.java:801)
[2025-01-03T13:55:14.125+0000] {spark_submit.py:641} INFO - at java.base/java.net.InetAddress.getAllByName0(InetAddress.java:1533)
[2025-01-03T13:55:14.126+0000] {spark_submit.py:641} INFO - at java.base/java.net.InetAddress.getAllByName(InetAddress.java:1385)
[2025-01-03T13:55:14.126+0000] {spark_submit.py:641} INFO - at java.base/java.net.InetAddress.getAllByName(InetAddress.java:1306)
[2025-01-03T13:55:14.126+0000] {spark_submit.py:641} INFO - at java.base/java.net.InetAddress.getByName(InetAddress.java:1256)
[2025-01-03T13:55:14.127+0000] {spark_submit.py:641} INFO - at io.netty.util.internal.SocketUtils$8.run(SocketUtils.java:156)
[2025-01-03T13:55:14.127+0000] {spark_submit.py:641} INFO - at io.netty.util.internal.SocketUtils$8.run(SocketUtils.java:153)
[2025-01-03T13:55:14.127+0000] {spark_submit.py:641} INFO - at java.base/java.security.AccessController.doPrivileged(AccessController.java:569)
[2025-01-03T13:55:14.127+0000] {spark_submit.py:641} INFO - at io.netty.util.internal.SocketUtils.addressByName(SocketUtils.java:153)
[2025-01-03T13:55:14.128+0000] {spark_submit.py:641} INFO - at io.netty.resolver.DefaultNameResolver.doResolve(DefaultNameResolver.java:41)
[2025-01-03T13:55:14.128+0000] {spark_submit.py:641} INFO - at io.netty.resolver.SimpleNameResolver.resolve(SimpleNameResolver.java:61)
[2025-01-03T13:55:14.128+0000] {spark_submit.py:641} INFO - at io.netty.resolver.SimpleNameResolver.resolve(SimpleNameResolver.java:53)
[2025-01-03T13:55:14.129+0000] {spark_submit.py:641} INFO - at io.netty.resolver.InetSocketAddressResolver.doResolve(InetSocketAddressResolver.java:55)
[2025-01-03T13:55:14.129+0000] {spark_submit.py:641} INFO - at io.netty.resolver.InetSocketAddressResolver.doResolve(InetSocketAddressResolver.java:31)
[2025-01-03T13:55:14.129+0000] {spark_submit.py:641} INFO - at io.netty.resolver.AbstractAddressResolver.resolve(AbstractAddressResolver.java:106)
[2025-01-03T13:55:14.130+0000] {spark_submit.py:641} INFO - at io.netty.bootstrap.Bootstrap.doResolveAndConnect0(Bootstrap.java:220)
[2025-01-03T13:55:14.130+0000] {spark_submit.py:641} INFO - at io.netty.bootstrap.Bootstrap.access$000(Bootstrap.java:46)
[2025-01-03T13:55:14.130+0000] {spark_submit.py:641} INFO - at io.netty.bootstrap.Bootstrap$1.operationComplete(Bootstrap.java:189)
[2025-01-03T13:55:14.131+0000] {spark_submit.py:641} INFO - at io.netty.bootstrap.Bootstrap$1.operationComplete(Bootstrap.java:175)
[2025-01-03T13:55:14.131+0000] {spark_submit.py:641} INFO - at io.netty.util.concurrent.DefaultPromise.notifyListener0(DefaultPromise.java:590)
[2025-01-03T13:55:14.131+0000] {spark_submit.py:641} INFO - at io.netty.util.concurrent.DefaultPromise.notifyListenersNow(DefaultPromise.java:557)
[2025-01-03T13:55:14.132+0000] {spark_submit.py:641} INFO - at io.netty.util.concurrent.DefaultPromise.notifyListeners(DefaultPromise.java:492)
[2025-01-03T13:55:14.132+0000] {spark_submit.py:641} INFO - at io.netty.util.concurrent.DefaultPromise.setValue0(DefaultPromise.java:636)
[2025-01-03T13:55:14.132+0000] {spark_submit.py:641} INFO - at io.netty.util.concurrent.DefaultPromise.setSuccess0(DefaultPromise.java:625)
[2025-01-03T13:55:14.132+0000] {spark_submit.py:641} INFO - at io.netty.util.concurrent.DefaultPromise.trySuccess(DefaultPromise.java:105)
[2025-01-03T13:55:14.133+0000] {spark_submit.py:641} INFO - at io.netty.channel.DefaultChannelPromise.trySuccess(DefaultChannelPromise.java:84)
[2025-01-03T13:55:14.133+0000] {spark_submit.py:641} INFO - at io.netty.channel.AbstractChannel$AbstractUnsafe.safeSetSuccess(AbstractChannel.java:990)
[2025-01-03T13:55:14.133+0000] {spark_submit.py:641} INFO - at io.netty.channel.AbstractChannel$AbstractUnsafe.register0(AbstractChannel.java:516)
[2025-01-03T13:55:14.134+0000] {spark_submit.py:641} INFO - at io.netty.channel.AbstractChannel$AbstractUnsafe.access$200(AbstractChannel.java:429)
[2025-01-03T13:55:14.134+0000] {spark_submit.py:641} INFO - at io.netty.channel.AbstractChannel$AbstractUnsafe$1.run(AbstractChannel.java:486)
[2025-01-03T13:55:14.134+0000] {spark_submit.py:641} INFO - at io.netty.util.concurrent.AbstractEventExecutor.runTask(AbstractEventExecutor.java:174)
[2025-01-03T13:55:14.135+0000] {spark_submit.py:641} INFO - at io.netty.util.concurrent.AbstractEventExecutor.safeExecute(AbstractEventExecutor.java:167)
[2025-01-03T13:55:14.135+0000] {spark_submit.py:641} INFO - at io.netty.util.concurrent.SingleThreadEventExecutor.runAllTasks(SingleThreadEventExecutor.java:470)
[2025-01-03T13:55:14.135+0000] {spark_submit.py:641} INFO - at io.netty.channel.nio.NioEventLoop.run(NioEventLoop.java:569)
[2025-01-03T13:55:14.136+0000] {spark_submit.py:641} INFO - at io.netty.util.concurrent.SingleThreadEventExecutor$4.run(SingleThreadEventExecutor.java:997)
[2025-01-03T13:55:14.136+0000] {spark_submit.py:641} INFO - at io.netty.util.internal.ThreadExecutorMap$2.run(ThreadExecutorMap.java:74)
[2025-01-03T13:55:14.136+0000] {spark_submit.py:641} INFO - at io.netty.util.concurrent.FastThreadLocalRunnable.run(FastThreadLocalRunnable.java:30)
[2025-01-03T13:55:14.137+0000] {spark_submit.py:641} INFO - ... 1 more
[2025-01-03T13:55:30.743+0000] {spark_submit.py:641} INFO - 25/01/03 13:55:30 INFO StandaloneAppClient$ClientEndpoint: Connecting to master spark://spark-master:7077...
[2025-01-03T13:55:34.046+0000] {spark_submit.py:641} INFO - 25/01/03 13:55:34 WARN TransportClientFactory: DNS resolution failed for spark-master/<unresolved>:7077 took 3301 ms
[2025-01-03T13:55:34.050+0000] {spark_submit.py:641} INFO - 25/01/03 13:55:34 WARN StandaloneAppClient$ClientEndpoint: Failed to connect to master spark-master:7077
[2025-01-03T13:55:34.050+0000] {spark_submit.py:641} INFO - org.apache.spark.SparkException: Exception thrown in awaitResult:
[2025-01-03T13:55:34.051+0000] {spark_submit.py:641} INFO - at org.apache.spark.util.SparkThreadUtils$.awaitResult(SparkThreadUtils.scala:56)
[2025-01-03T13:55:34.051+0000] {spark_submit.py:641} INFO - at org.apache.spark.util.ThreadUtils$.awaitResult(ThreadUtils.scala:310)
[2025-01-03T13:55:34.052+0000] {spark_submit.py:641} INFO - at org.apache.spark.rpc.RpcTimeout.awaitResult(RpcTimeout.scala:75)
[2025-01-03T13:55:34.052+0000] {spark_submit.py:641} INFO - at org.apache.spark.rpc.RpcEnv.setupEndpointRefByURI(RpcEnv.scala:102)
[2025-01-03T13:55:34.052+0000] {spark_submit.py:641} INFO - at org.apache.spark.rpc.RpcEnv.setupEndpointRef(RpcEnv.scala:110)
[2025-01-03T13:55:34.053+0000] {spark_submit.py:641} INFO - at org.apache.spark.deploy.client.StandaloneAppClient$ClientEndpoint$$anon$1.run(StandaloneAppClient.scala:108)
[2025-01-03T13:55:34.053+0000] {spark_submit.py:641} INFO - at java.base/java.util.concurrent.Executors$RunnableAdapter.call(Executors.java:539)
[2025-01-03T13:55:34.054+0000] {spark_submit.py:641} INFO - at java.base/java.util.concurrent.FutureTask.run(FutureTask.java:264)
[2025-01-03T13:55:34.054+0000] {spark_submit.py:641} INFO - at java.base/java.util.concurrent.ThreadPoolExecutor.runWorker(ThreadPoolExecutor.java:1136)
[2025-01-03T13:55:34.054+0000] {spark_submit.py:641} INFO - at java.base/java.util.concurrent.ThreadPoolExecutor$Worker.run(ThreadPoolExecutor.java:635)
[2025-01-03T13:55:34.055+0000] {spark_submit.py:641} INFO - at java.base/java.lang.Thread.run(Thread.java:840)
[2025-01-03T13:55:34.055+0000] {spark_submit.py:641} INFO - Caused by: java.io.IOException: Failed to connect to spark-master/<unresolved>:7077
[2025-01-03T13:55:34.055+0000] {spark_submit.py:641} INFO - at org.apache.spark.network.client.TransportClientFactory.createClient(TransportClientFactory.java:294)
[2025-01-03T13:55:34.056+0000] {spark_submit.py:641} INFO - at org.apache.spark.network.client.TransportClientFactory.createClient(TransportClientFactory.java:214)
[2025-01-03T13:55:34.056+0000] {spark_submit.py:641} INFO - at org.apache.spark.network.client.TransportClientFactory.createClient(TransportClientFactory.java:226)
[2025-01-03T13:55:34.056+0000] {spark_submit.py:641} INFO - at org.apache.spark.rpc.netty.NettyRpcEnv.createClient(NettyRpcEnv.scala:204)
[2025-01-03T13:55:34.057+0000] {spark_submit.py:641} INFO - at org.apache.spark.rpc.netty.Outbox$$anon$1.call(Outbox.scala:202)
[2025-01-03T13:55:34.057+0000] {spark_submit.py:641} INFO - at org.apache.spark.rpc.netty.Outbox$$anon$1.call(Outbox.scala:198)
[2025-01-03T13:55:34.057+0000] {spark_submit.py:641} INFO - ... 4 more
[2025-01-03T13:55:34.058+0000] {spark_submit.py:641} INFO - Caused by: java.net.UnknownHostException: spark-master
[2025-01-03T13:55:34.058+0000] {spark_submit.py:641} INFO - at java.base/java.net.InetAddress$CachedAddresses.get(InetAddress.java:801)
[2025-01-03T13:55:34.059+0000] {spark_submit.py:641} INFO - at java.base/java.net.InetAddress.getAllByName0(InetAddress.java:1533)
[2025-01-03T13:55:34.059+0000] {spark_submit.py:641} INFO - at java.base/java.net.InetAddress.getAllByName(InetAddress.java:1385)
[2025-01-03T13:55:34.059+0000] {spark_submit.py:641} INFO - at java.base/java.net.InetAddress.getAllByName(InetAddress.java:1306)
[2025-01-03T13:55:34.060+0000] {spark_submit.py:641} INFO - at java.base/java.net.InetAddress.getByName(InetAddress.java:1256)
[2025-01-03T13:55:34.060+0000] {spark_submit.py:641} INFO - at io.netty.util.internal.SocketUtils$8.run(SocketUtils.java:156)
[2025-01-03T13:55:34.060+0000] {spark_submit.py:641} INFO - at io.netty.util.internal.SocketUtils$8.run(SocketUtils.java:153)
[2025-01-03T13:55:34.061+0000] {spark_submit.py:641} INFO - at java.base/java.security.AccessController.doPrivileged(AccessController.java:569)
[2025-01-03T13:55:34.061+0000] {spark_submit.py:641} INFO - at io.netty.util.internal.SocketUtils.addressByName(SocketUtils.java:153)
[2025-01-03T13:55:34.061+0000] {spark_submit.py:641} INFO - at io.netty.resolver.DefaultNameResolver.doResolve(DefaultNameResolver.java:41)
[2025-01-03T13:55:34.062+0000] {spark_submit.py:641} INFO - at io.netty.resolver.SimpleNameResolver.resolve(SimpleNameResolver.java:61)
[2025-01-03T13:55:34.062+0000] {spark_submit.py:641} INFO - at io.netty.resolver.SimpleNameResolver.resolve(SimpleNameResolver.java:53)
[2025-01-03T13:55:34.062+0000] {spark_submit.py:641} INFO - at io.netty.resolver.InetSocketAddressResolver.doResolve(InetSocketAddressResolver.java:55)
[2025-01-03T13:55:34.063+0000] {spark_submit.py:641} INFO - at io.netty.resolver.InetSocketAddressResolver.doResolve(InetSocketAddressResolver.java:31)
[2025-01-03T13:55:34.063+0000] {spark_submit.py:641} INFO - at io.netty.resolver.AbstractAddressResolver.resolve(AbstractAddressResolver.java:106)
[2025-01-03T13:55:34.063+0000] {spark_submit.py:641} INFO - at io.netty.bootstrap.Bootstrap.doResolveAndConnect0(Bootstrap.java:220)
[2025-01-03T13:55:34.064+0000] {spark_submit.py:641} INFO - at io.netty.bootstrap.Bootstrap.access$000(Bootstrap.java:46)
[2025-01-03T13:55:34.064+0000] {spark_submit.py:641} INFO - at io.netty.bootstrap.Bootstrap$1.operationComplete(Bootstrap.java:189)
[2025-01-03T13:55:34.064+0000] {spark_submit.py:641} INFO - at io.netty.bootstrap.Bootstrap$1.operationComplete(Bootstrap.java:175)
[2025-01-03T13:55:34.065+0000] {spark_submit.py:641} INFO - at io.netty.util.concurrent.DefaultPromise.notifyListener0(DefaultPromise.java:590)
[2025-01-03T13:55:34.065+0000] {spark_submit.py:641} INFO - at io.netty.util.concurrent.DefaultPromise.notifyListenersNow(DefaultPromise.java:557)
[2025-01-03T13:55:34.065+0000] {spark_submit.py:641} INFO - at io.netty.util.concurrent.DefaultPromise.notifyListeners(DefaultPromise.java:492)
[2025-01-03T13:55:34.066+0000] {spark_submit.py:641} INFO - at io.netty.util.concurrent.DefaultPromise.setValue0(DefaultPromise.java:636)
[2025-01-03T13:55:34.066+0000] {spark_submit.py:641} INFO - at io.netty.util.concurrent.DefaultPromise.setSuccess0(DefaultPromise.java:625)
[2025-01-03T13:55:34.066+0000] {spark_submit.py:641} INFO - at io.netty.util.concurrent.DefaultPromise.trySuccess(DefaultPromise.java:105)
[2025-01-03T13:55:34.066+0000] {spark_submit.py:641} INFO - at io.netty.channel.DefaultChannelPromise.trySuccess(DefaultChannelPromise.java:84)
[2025-01-03T13:55:34.067+0000] {spark_submit.py:641} INFO - at io.netty.channel.AbstractChannel$AbstractUnsafe.safeSetSuccess(AbstractChannel.java:990)
[2025-01-03T13:55:34.067+0000] {spark_submit.py:641} INFO - at io.netty.channel.AbstractChannel$AbstractUnsafe.register0(AbstractChannel.java:516)
[2025-01-03T13:55:34.067+0000] {spark_submit.py:641} INFO - at io.netty.channel.AbstractChannel$AbstractUnsafe.access$200(AbstractChannel.java:429)
[2025-01-03T13:55:34.068+0000] {spark_submit.py:641} INFO - at io.netty.channel.AbstractChannel$AbstractUnsafe$1.run(AbstractChannel.java:486)
[2025-01-03T13:55:34.068+0000] {spark_submit.py:641} INFO - at io.netty.util.concurrent.AbstractEventExecutor.runTask(AbstractEventExecutor.java:174)
[2025-01-03T13:55:34.068+0000] {spark_submit.py:641} INFO - at io.netty.util.concurrent.AbstractEventExecutor.safeExecute(AbstractEventExecutor.java:167)
[2025-01-03T13:55:34.069+0000] {spark_submit.py:641} INFO - at io.netty.util.concurrent.SingleThreadEventExecutor.runAllTasks(SingleThreadEventExecutor.java:470)
[2025-01-03T13:55:34.069+0000] {spark_submit.py:641} INFO - at io.netty.channel.nio.NioEventLoop.run(NioEventLoop.java:569)
[2025-01-03T13:55:34.069+0000] {spark_submit.py:641} INFO - at io.netty.util.concurrent.SingleThreadEventExecutor$4.run(SingleThreadEventExecutor.java:997)
[2025-01-03T13:55:34.069+0000] {spark_submit.py:641} INFO - at io.netty.util.internal.ThreadExecutorMap$2.run(ThreadExecutorMap.java:74)
[2025-01-03T13:55:34.070+0000] {spark_submit.py:641} INFO - at io.netty.util.concurrent.FastThreadLocalRunnable.run(FastThreadLocalRunnable.java:30)
[2025-01-03T13:55:34.070+0000] {spark_submit.py:641} INFO - ... 1 more
[2025-01-03T13:55:50.743+0000] {spark_submit.py:641} INFO - 25/01/03 13:55:50 INFO StandaloneAppClient$ClientEndpoint: Connecting to master spark://spark-master:7077...
[2025-01-03T13:55:54.063+0000] {spark_submit.py:641} INFO - 25/01/03 13:55:54 WARN TransportClientFactory: DNS resolution failed for spark-master/<unresolved>:7077 took 3317 ms
[2025-01-03T13:55:54.068+0000] {spark_submit.py:641} INFO - 25/01/03 13:55:54 WARN StandaloneAppClient$ClientEndpoint: Failed to connect to master spark-master:7077
[2025-01-03T13:55:54.069+0000] {spark_submit.py:641} INFO - org.apache.spark.SparkException: Exception thrown in awaitResult:
[2025-01-03T13:55:54.069+0000] {spark_submit.py:641} INFO - at org.apache.spark.util.SparkThreadUtils$.awaitResult(SparkThreadUtils.scala:56)
[2025-01-03T13:55:54.069+0000] {spark_submit.py:641} INFO - at org.apache.spark.util.ThreadUtils$.awaitResult(ThreadUtils.scala:310)
[2025-01-03T13:55:54.070+0000] {spark_submit.py:641} INFO - at org.apache.spark.rpc.RpcTimeout.awaitResult(RpcTimeout.scala:75)
[2025-01-03T13:55:54.071+0000] {spark_submit.py:641} INFO - at org.apache.spark.rpc.RpcEnv.setupEndpointRefByURI(RpcEnv.scala:102)
[2025-01-03T13:55:54.071+0000] {spark_submit.py:641} INFO - at org.apache.spark.rpc.RpcEnv.setupEndpointRef(RpcEnv.scala:110)
[2025-01-03T13:55:54.072+0000] {spark_submit.py:641} INFO - at org.apache.spark.deploy.client.StandaloneAppClient$ClientEndpoint$$anon$1.run(StandaloneAppClient.scala:108)
[2025-01-03T13:55:54.072+0000] {spark_submit.py:641} INFO - at java.base/java.util.concurrent.Executors$RunnableAdapter.call(Executors.java:539)
[2025-01-03T13:55:54.073+0000] {spark_submit.py:641} INFO - at java.base/java.util.concurrent.FutureTask.run(FutureTask.java:264)
[2025-01-03T13:55:54.073+0000] {spark_submit.py:641} INFO - at java.base/java.util.concurrent.ThreadPoolExecutor.runWorker(ThreadPoolExecutor.java:1136)
[2025-01-03T13:55:54.074+0000] {spark_submit.py:641} INFO - at java.base/java.util.concurrent.ThreadPoolExecutor$Worker.run(ThreadPoolExecutor.java:635)
[2025-01-03T13:55:54.074+0000] {spark_submit.py:641} INFO - at java.base/java.lang.Thread.run(Thread.java:840)
[2025-01-03T13:55:54.074+0000] {spark_submit.py:641} INFO - Caused by: java.io.IOException: Failed to connect to spark-master/<unresolved>:7077
[2025-01-03T13:55:54.075+0000] {spark_submit.py:641} INFO - at org.apache.spark.network.client.TransportClientFactory.createClient(TransportClientFactory.java:294)
[2025-01-03T13:55:54.075+0000] {spark_submit.py:641} INFO - at org.apache.spark.network.client.TransportClientFactory.createClient(TransportClientFactory.java:214)
[2025-01-03T13:55:54.076+0000] {spark_submit.py:641} INFO - at org.apache.spark.network.client.TransportClientFactory.createClient(TransportClientFactory.java:226)
[2025-01-03T13:55:54.076+0000] {spark_submit.py:641} INFO - at org.apache.spark.rpc.netty.NettyRpcEnv.createClient(NettyRpcEnv.scala:204)
[2025-01-03T13:55:54.076+0000] {spark_submit.py:641} INFO - at org.apache.spark.rpc.netty.Outbox$$anon$1.call(Outbox.scala:202)
[2025-01-03T13:55:54.077+0000] {spark_submit.py:641} INFO - at org.apache.spark.rpc.netty.Outbox$$anon$1.call(Outbox.scala:198)
[2025-01-03T13:55:54.077+0000] {spark_submit.py:641} INFO - ... 4 more
[2025-01-03T13:55:54.077+0000] {spark_submit.py:641} INFO - Caused by: java.net.UnknownHostException: spark-master
[2025-01-03T13:55:54.078+0000] {spark_submit.py:641} INFO - at java.base/java.net.InetAddress$CachedAddresses.get(InetAddress.java:801)
[2025-01-03T13:55:54.078+0000] {spark_submit.py:641} INFO - at java.base/java.net.InetAddress.getAllByName0(InetAddress.java:1533)
[2025-01-03T13:55:54.079+0000] {spark_submit.py:641} INFO - at java.base/java.net.InetAddress.getAllByName(InetAddress.java:1385)
[2025-01-03T13:55:54.079+0000] {spark_submit.py:641} INFO - at java.base/java.net.InetAddress.getAllByName(InetAddress.java:1306)
[2025-01-03T13:55:54.080+0000] {spark_submit.py:641} INFO - at java.base/java.net.InetAddress.getByName(InetAddress.java:1256)
[2025-01-03T13:55:54.080+0000] {spark_submit.py:641} INFO - at io.netty.util.internal.SocketUtils$8.run(SocketUtils.java:156)
[2025-01-03T13:55:54.081+0000] {spark_submit.py:641} INFO - at io.netty.util.internal.SocketUtils$8.run(SocketUtils.java:153)
[2025-01-03T13:55:54.081+0000] {spark_submit.py:641} INFO - at java.base/java.security.AccessController.doPrivileged(AccessController.java:569)
[2025-01-03T13:55:54.081+0000] {spark_submit.py:641} INFO - at io.netty.util.internal.SocketUtils.addressByName(SocketUtils.java:153)
[2025-01-03T13:55:54.082+0000] {spark_submit.py:641} INFO - at io.netty.resolver.DefaultNameResolver.doResolve(DefaultNameResolver.java:41)
[2025-01-03T13:55:54.082+0000] {spark_submit.py:641} INFO - at io.netty.resolver.SimpleNameResolver.resolve(SimpleNameResolver.java:61)
[2025-01-03T13:55:54.082+0000] {spark_submit.py:641} INFO - at io.netty.resolver.SimpleNameResolver.resolve(SimpleNameResolver.java:53)
[2025-01-03T13:55:54.083+0000] {spark_submit.py:641} INFO - at io.netty.resolver.InetSocketAddressResolver.doResolve(InetSocketAddressResolver.java:55)
[2025-01-03T13:55:54.083+0000] {spark_submit.py:641} INFO - at io.netty.resolver.InetSocketAddressResolver.doResolve(InetSocketAddressResolver.java:31)
[2025-01-03T13:55:54.083+0000] {spark_submit.py:641} INFO - at io.netty.resolver.AbstractAddressResolver.resolve(AbstractAddressResolver.java:106)
[2025-01-03T13:55:54.084+0000] {spark_submit.py:641} INFO - at io.netty.bootstrap.Bootstrap.doResolveAndConnect0(Bootstrap.java:220)
[2025-01-03T13:55:54.084+0000] {spark_submit.py:641} INFO - at io.netty.bootstrap.Bootstrap.access$000(Bootstrap.java:46)
[2025-01-03T13:55:54.084+0000] {spark_submit.py:641} INFO - at io.netty.bootstrap.Bootstrap$1.operationComplete(Bootstrap.java:189)
[2025-01-03T13:55:54.085+0000] {spark_submit.py:641} INFO - at io.netty.bootstrap.Bootstrap$1.operationComplete(Bootstrap.java:175)
[2025-01-03T13:55:54.085+0000] {spark_submit.py:641} INFO - at io.netty.util.concurrent.DefaultPromise.notifyListener0(DefaultPromise.java:590)
[2025-01-03T13:55:54.085+0000] {spark_submit.py:641} INFO - at io.netty.util.concurrent.DefaultPromise.notifyListenersNow(DefaultPromise.java:557)
[2025-01-03T13:55:54.086+0000] {spark_submit.py:641} INFO - at io.netty.util.concurrent.DefaultPromise.notifyListeners(DefaultPromise.java:492)
[2025-01-03T13:55:54.086+0000] {spark_submit.py:641} INFO - at io.netty.util.concurrent.DefaultPromise.setValue0(DefaultPromise.java:636)
[2025-01-03T13:55:54.086+0000] {spark_submit.py:641} INFO - at io.netty.util.concurrent.DefaultPromise.setSuccess0(DefaultPromise.java:625)
[2025-01-03T13:55:54.087+0000] {spark_submit.py:641} INFO - at io.netty.util.concurrent.DefaultPromise.trySuccess(DefaultPromise.java:105)
[2025-01-03T13:55:54.087+0000] {spark_submit.py:641} INFO - at io.netty.channel.DefaultChannelPromise.trySuccess(DefaultChannelPromise.java:84)
[2025-01-03T13:55:54.087+0000] {spark_submit.py:641} INFO - at io.netty.channel.AbstractChannel$AbstractUnsafe.safeSetSuccess(AbstractChannel.java:990)
[2025-01-03T13:55:54.088+0000] {spark_submit.py:641} INFO - at io.netty.channel.AbstractChannel$AbstractUnsafe.register0(AbstractChannel.java:516)
[2025-01-03T13:55:54.088+0000] {spark_submit.py:641} INFO - at io.netty.channel.AbstractChannel$AbstractUnsafe.access$200(AbstractChannel.java:429)
[2025-01-03T13:55:54.089+0000] {spark_submit.py:641} INFO - at io.netty.channel.AbstractChannel$AbstractUnsafe$1.run(AbstractChannel.java:486)
[2025-01-03T13:55:54.089+0000] {spark_submit.py:641} INFO - at io.netty.util.concurrent.AbstractEventExecutor.runTask(AbstractEventExecutor.java:174)
[2025-01-03T13:55:54.090+0000] {spark_submit.py:641} INFO - at io.netty.util.concurrent.AbstractEventExecutor.safeExecute(AbstractEventExecutor.java:167)
[2025-01-03T13:55:54.090+0000] {spark_submit.py:641} INFO - at io.netty.util.concurrent.SingleThreadEventExecutor.runAllTasks(SingleThreadEventExecutor.java:470)
[2025-01-03T13:55:54.090+0000] {spark_submit.py:641} INFO - at io.netty.channel.nio.NioEventLoop.run(NioEventLoop.java:569)
[2025-01-03T13:55:54.091+0000] {spark_submit.py:641} INFO - at io.netty.util.concurrent.SingleThreadEventExecutor$4.run(SingleThreadEventExecutor.java:997)
[2025-01-03T13:55:54.091+0000] {spark_submit.py:641} INFO - at io.netty.util.internal.ThreadExecutorMap$2.run(ThreadExecutorMap.java:74)
[2025-01-03T13:55:54.092+0000] {spark_submit.py:641} INFO - at io.netty.util.concurrent.FastThreadLocalRunnable.run(FastThreadLocalRunnable.java:30)
[2025-01-03T13:55:54.092+0000] {spark_submit.py:641} INFO - ... 1 more
[2025-01-03T13:56:10.743+0000] {spark_submit.py:641} INFO - 25/01/03 13:56:10 WARN StandaloneSchedulerBackend: Application ID is not initialized yet.
[2025-01-03T13:56:10.745+0000] {spark_submit.py:641} INFO - 25/01/03 13:56:10 ERROR StandaloneSchedulerBackend: Application has been killed. Reason: All masters are unresponsive! Giving up.
[2025-01-03T13:56:10.754+0000] {spark_submit.py:641} INFO - 25/01/03 13:56:10 INFO Utils: Successfully started service 'org.apache.spark.network.netty.NettyBlockTransferService' on port 33833.
[2025-01-03T13:56:10.755+0000] {spark_submit.py:641} INFO - 25/01/03 13:56:10 INFO NettyBlockTransferService: Server created on c97300dc4188:33833
[2025-01-03T13:56:10.757+0000] {spark_submit.py:641} INFO - 25/01/03 13:56:10 INFO BlockManager: Using org.apache.spark.storage.RandomBlockReplicationPolicy for block replication policy
[2025-01-03T13:56:10.766+0000] {spark_submit.py:641} INFO - 25/01/03 13:56:10 INFO BlockManagerMaster: Registering BlockManager BlockManagerId(driver, c97300dc4188, 33833, None)
[2025-01-03T13:56:10.771+0000] {spark_submit.py:641} INFO - 25/01/03 13:56:10 INFO BlockManagerMasterEndpoint: Registering block manager c97300dc4188:33833 with 434.4 MiB RAM, BlockManagerId(driver, c97300dc4188, 33833, None)
[2025-01-03T13:56:10.774+0000] {spark_submit.py:641} INFO - 25/01/03 13:56:10 INFO BlockManagerMaster: Registered BlockManager BlockManagerId(driver, c97300dc4188, 33833, None)
[2025-01-03T13:56:10.776+0000] {spark_submit.py:641} INFO - 25/01/03 13:56:10 INFO BlockManager: Initialized BlockManager: BlockManagerId(driver, c97300dc4188, 33833, None)
[2025-01-03T13:56:11.017+0000] {spark_submit.py:641} INFO - 25/01/03 13:56:11 INFO StandaloneSchedulerBackend: SchedulerBackend is ready for scheduling beginning after reached minRegisteredResourcesRatio: 0.0
[2025-01-03T13:56:11.522+0000] {spark_submit.py:641} INFO - Traceback (most recent call last):
[2025-01-03T13:56:11.522+0000] {spark_submit.py:641} INFO - File "/spark_job/printspark.py", line 21, in <module>
[2025-01-03T13:56:11.524+0000] {spark_submit.py:641} INFO - text_file = spark.read.text(input_path)
[2025-01-03T13:56:11.525+0000] {spark_submit.py:641} INFO - ^^^^^^^^^^
[2025-01-03T13:56:11.525+0000] {spark_submit.py:641} INFO - File "/home/***/.local/lib/python3.11/site-packages/pyspark/python/lib/pyspark.zip/pyspark/sql/session.py", line 1706, in read
[2025-01-03T13:56:11.526+0000] {spark_submit.py:641} INFO - File "/home/***/.local/lib/python3.11/site-packages/pyspark/python/lib/pyspark.zip/pyspark/sql/readwriter.py", line 70, in __init__
[2025-01-03T13:56:11.526+0000] {spark_submit.py:641} INFO - File "/home/***/.local/lib/python3.11/site-packages/pyspark/python/lib/py4j-0.10.9.7-src.zip/py4j/java_gateway.py", line 1322, in __call__
[2025-01-03T13:56:11.527+0000] {spark_submit.py:641} INFO - File "/home/***/.local/lib/python3.11/site-packages/pyspark/python/lib/pyspark.zip/pyspark/errors/exceptions/captured.py", line 179, in deco
[2025-01-03T13:56:11.527+0000] {spark_submit.py:641} INFO - File "/home/***/.local/lib/python3.11/site-packages/pyspark/python/lib/py4j-0.10.9.7-src.zip/py4j/protocol.py", line 326, in get_return_value
[2025-01-03T13:56:11.529+0000] {spark_submit.py:641} INFO - py4j.protocol.Py4JJavaError: An error occurred while calling o27.read.
[2025-01-03T13:56:11.530+0000] {spark_submit.py:641} INFO - : java.lang.IllegalStateException: LiveListenerBus is stopped.
[2025-01-03T13:56:11.530+0000] {spark_submit.py:641} INFO - at org.apache.spark.scheduler.LiveListenerBus.addToQueue(LiveListenerBus.scala:92)
[2025-01-03T13:56:11.531+0000] {spark_submit.py:641} INFO - at org.apache.spark.scheduler.LiveListenerBus.addToStatusQueue(LiveListenerBus.scala:75)
[2025-01-03T13:56:11.531+0000] {spark_submit.py:641} INFO - at org.apache.spark.sql.internal.SharedState.<init>(SharedState.scala:115)
[2025-01-03T13:56:11.531+0000] {spark_submit.py:641} INFO - at org.apache.spark.sql.SparkSession.$anonfun$sharedState$1(SparkSession.scala:143)
[2025-01-03T13:56:11.532+0000] {spark_submit.py:641} INFO - at scala.Option.getOrElse(Option.scala:189)
[2025-01-03T13:56:11.532+0000] {spark_submit.py:641} INFO - at org.apache.spark.sql.SparkSession.sharedState$lzycompute(SparkSession.scala:143)
[2025-01-03T13:56:11.533+0000] {spark_submit.py:641} INFO - at org.apache.spark.sql.SparkSession.sharedState(SparkSession.scala:142)
[2025-01-03T13:56:11.533+0000] {spark_submit.py:641} INFO - at org.apache.spark.sql.SparkSession.$anonfun$sessionState$2(SparkSession.scala:162)
[2025-01-03T13:56:11.533+0000] {spark_submit.py:641} INFO - at scala.Option.getOrElse(Option.scala:189)
[2025-01-03T13:56:11.534+0000] {spark_submit.py:641} INFO - at org.apache.spark.sql.SparkSession.sessionState$lzycompute(SparkSession.scala:160)
[2025-01-03T13:56:11.534+0000] {spark_submit.py:641} INFO - at org.apache.spark.sql.SparkSession.sessionState(SparkSession.scala:157)
[2025-01-03T13:56:11.534+0000] {spark_submit.py:641} INFO - at org.apache.spark.sql.DataFrameReader.<init>(DataFrameReader.scala:699)
[2025-01-03T13:56:11.535+0000] {spark_submit.py:641} INFO - at org.apache.spark.sql.SparkSession.read(SparkSession.scala:783)
[2025-01-03T13:56:11.535+0000] {spark_submit.py:641} INFO - at java.base/jdk.internal.reflect.NativeMethodAccessorImpl.invoke0(Native Method)
[2025-01-03T13:56:11.536+0000] {spark_submit.py:641} INFO - at java.base/jdk.internal.reflect.NativeMethodAccessorImpl.invoke(NativeMethodAccessorImpl.java:77)
[2025-01-03T13:56:11.536+0000] {spark_submit.py:641} INFO - at java.base/jdk.internal.reflect.DelegatingMethodAccessorImpl.invoke(DelegatingMethodAccessorImpl.java:43)
[2025-01-03T13:56:11.536+0000] {spark_submit.py:641} INFO - at java.base/java.lang.reflect.Method.invoke(Method.java:569)
[2025-01-03T13:56:11.537+0000] {spark_submit.py:641} INFO - at py4j.reflection.MethodInvoker.invoke(MethodInvoker.java:244)
[2025-01-03T13:56:11.537+0000] {spark_submit.py:641} INFO - at py4j.reflection.ReflectionEngine.invoke(ReflectionEngine.java:374)
[2025-01-03T13:56:11.537+0000] {spark_submit.py:641} INFO - at py4j.Gateway.invoke(Gateway.java:282)
[2025-01-03T13:56:11.538+0000] {spark_submit.py:641} INFO - at py4j.commands.AbstractCommand.invokeMethod(AbstractCommand.java:132)
[2025-01-03T13:56:11.538+0000] {spark_submit.py:641} INFO - at py4j.commands.CallCommand.execute(CallCommand.java:79)
[2025-01-03T13:56:11.538+0000] {spark_submit.py:641} INFO - at py4j.ClientServerConnection.waitForCommands(ClientServerConnection.java:182)
[2025-01-03T13:56:11.539+0000] {spark_submit.py:641} INFO - at py4j.ClientServerConnection.run(ClientServerConnection.java:106)
[2025-01-03T13:56:11.539+0000] {spark_submit.py:641} INFO - at java.base/java.lang.Thread.run(Thread.java:840)
[2025-01-03T13:56:11.539+0000] {spark_submit.py:641} INFO - 
[2025-01-03T13:56:11.631+0000] {taskinstance.py:441} INFO - ::group::Post task execution logs
[2025-01-03T13:56:11.644+0000] {taskinstance.py:2905} ERROR - Task failed with exception
Traceback (most recent call last):
  File "/home/airflow/.local/lib/python3.11/site-packages/airflow/models/taskinstance.py", line 465, in _execute_task
    result = _execute_callable(context=context, **execute_callable_kwargs)
             ^^^^^^^^^^^^^^^^^^^^^^^^^^^^^^^^^^^^^^^^^^^^^^^^^^^^^^^^^^^^^
  File "/home/airflow/.local/lib/python3.11/site-packages/airflow/models/taskinstance.py", line 432, in _execute_callable
    return execute_callable(context=context, **execute_callable_kwargs)
           ^^^^^^^^^^^^^^^^^^^^^^^^^^^^^^^^^^^^^^^^^^^^^^^^^^^^^^^^^^^^
  File "/home/airflow/.local/lib/python3.11/site-packages/airflow/models/baseoperator.py", line 401, in wrapper
    return func(self, *args, **kwargs)
           ^^^^^^^^^^^^^^^^^^^^^^^^^^^
  File "/home/airflow/.local/lib/python3.11/site-packages/airflow/providers/apache/spark/operators/spark_submit.py", line 177, in execute
    self._hook.submit(self.application)
  File "/home/airflow/.local/lib/python3.11/site-packages/airflow/providers/apache/spark/hooks/spark_submit.py", line 567, in submit
    raise AirflowException(
airflow.exceptions.AirflowException: Cannot execute: spark-submit --master spark-master:7077 --conf spark.executor.memory=2g --conf spark.executor.cores=2 --principal *** --name arrow-spark --verbose --deploy-mode client /spark_job/printspark.py. Error code is: 1.
[2025-01-03T13:56:11.648+0000] {taskinstance.py:1206} INFO - Marking task as UP_FOR_RETRY. dag_id=spark_submit_example, task_id=spark_submit_task, run_id=manual__2025-01-03T13:55:03.540657+00:00, execution_date=20250103T135503, start_date=20250103T135505, end_date=20250103T135611
[2025-01-03T13:56:11.696+0000] {standard_task_runner.py:110} ERROR - Failed to execute job 24 for task spark_submit_task (Cannot execute: spark-submit --master spark-master:7077 --conf spark.executor.memory=2g --conf spark.executor.cores=2 --principal *** --name arrow-spark --verbose --deploy-mode client /spark_job/printspark.py. Error code is: 1.; 446)
[2025-01-03T13:56:11.713+0000] {local_task_job_runner.py:240} INFO - Task exited with return code 1
[2025-01-03T13:56:11.735+0000] {taskinstance.py:3503} INFO - 0 downstream tasks scheduled from follow-on schedule check
[2025-01-03T13:56:11.760+0000] {local_task_job_runner.py:222} INFO - ::endgroup::
